[0.000000] (-) TimerEvent: {}
[0.000088] (grpe_larm_mother) JobQueued: {'identifier': 'grpe_larm_mother', 'dependencies': OrderedDict()}
[0.000119] (grpe_larm_mother) JobStarted: {'identifier': 'grpe_larm_mother'}
[0.030048] (grpe_larm_mother) JobProgress: {'identifier': 'grpe_larm_mother', 'progress': 'cmake'}
[0.034134] (grpe_larm_mother) Command: {'cmd': ['/usr/bin/cmake', '/home/imtld.local/niranjan.kulkarni/git/grpe_larm_mother', '-DCMAKE_INSTALL_PREFIX=/home/imtld.local/niranjan.kulkarni/git/grpe_larm_mother/install/grpe_larm_mother'], 'cwd': '/home/imtld.local/niranjan.kulkarni/git/grpe_larm_mother/build/grpe_larm_mother', 'env': OrderedDict([('ROS_WORSPACE', '/home/imtld.local/niranjan.kulkarni/ros_ws'), ('USER', 'niranjan.kulkarni'), ('XDG_SESSION_TYPE', 'wayland'), ('SHLVL', '1'), ('LD_LIBRARY_PATH', '/usr/lib/x86_64-linux-gnu/gazebo-11/plugins:/opt/ros/iron/opt/rviz_ogre_vendor/lib:/opt/ros/iron/lib/x86_64-linux-gnu:/opt/ros/iron/lib'), ('HOME', '/home/imtld.local/niranjan.kulkarni'), ('OLDPWD', '/home/imtld.local/niranjan.kulkarni/git'), ('DESKTOP_SESSION', 'ubuntu'), ('ROS_PYTHON_VERSION', '3'), ('GNOME_SHELL_SESSION_MODE', 'ubuntu'), ('GTK_MODULES', 'gail:atk-bridge'), ('DBUS_STARTER_BUS_TYPE', 'session'), ('SYSTEMD_EXEC_PID', '2399'), ('DBUS_SESSION_BUS_ADDRESS', 'unix:path=/run/user/876417573/bus,guid=4985e290d0dc091e554f6fb765a4dfe1'), ('COLORTERM', 'truecolor'), ('IM_CONFIG_PHASE', '1'), ('WAYLAND_DISPLAY', 'wayland-0'), ('COLCON_PREFIX_PATH', '/home/imtld.local/niranjan.kulkarni/git/install:/home/imtld.local/niranjan.kulkarni/ros_ws/install'), ('ROS_DISTRO', 'iron'), ('LOGNAME', 'niranjan.kulkarni'), ('_', '/usr/bin/colcon'), ('ROS_VERSION', '2'), ('XDG_SESSION_CLASS', 'user'), ('USERNAME', 'niranjan.kulkarni'), ('TERM', 'xterm-256color'), ('GNOME_DESKTOP_SESSION_ID', 'this-is-deprecated'), ('PATH', '/home/imtld.local/niranjan.kulkarni/bin:/opt/ros/iron/bin:/usr/local/sbin:/usr/local/bin:/usr/sbin:/usr/bin:/sbin:/bin:/usr/games:/usr/local/games:/snap/bin:/snap/bin'), ('SESSION_MANAGER', 'local/DEVELTER-U-10:@/tmp/.ICE-unix/2399,unix/DEVELTER-U-10:/tmp/.ICE-unix/2399'), ('XDG_MENU_PREFIX', 'gnome-'), ('GNOME_TERMINAL_SCREEN', '/org/gnome/Terminal/screen/d4c4d9a8_0e6f_4131_8495_638591042543'), ('GNOME_SETUP_DISPLAY', ':1'), ('XDG_RUNTIME_DIR', '/run/user/876417573'), ('ZEITGEIST_DATA_PATH', '/home/imtld.local/niranjan.kulkarni/.local/share/zeitgeist'), ('DISPLAY', ':0'), ('LANG', 'fr_FR.UTF-8'), ('XDG_CURRENT_DESKTOP', 'ubuntu:GNOME'), ('XMODIFIERS', '@im=ibus'), ('XDG_SESSION_DESKTOP', 'ubuntu'), ('XAUTHORITY', '/run/user/876417573/.mutter-Xwaylandauth.HAPNH2'), ('GNOME_TERMINAL_SERVICE', ':1.254'), ('SSH_AGENT_LAUNCHER', 'gnome-keyring'), ('SSH_AUTH_SOCK', '/run/user/876417573/keyring/ssh'), ('ROS_DOMAIN_ID', '107'), ('AMENT_PREFIX_PATH', '/home/imtld.local/niranjan.kulkarni/git/install/tbot_sim:/home/imtld.local/niranjan.kulkarni/git/install/grpe_larm_mother:/home/imtld.local/niranjan.kulkarni/ros_ws/install/tbot_sim:/opt/ros/iron'), ('SHELL', '/bin/bash'), ('KRB5CCNAME', 'FILE:/tmp/krb5cc_876417573_MSWOBM'), ('QT_ACCESSIBILITY', '1'), ('GDMSESSION', 'ubuntu'), ('ROS_AUTOMATIC_DISCOVERY_RANGE', 'SUBNET'), ('QT_IM_MODULE', 'ibus'), ('PWD', '/home/imtld.local/niranjan.kulkarni/git/grpe_larm_mother/build/grpe_larm_mother'), ('XDG_CONFIG_DIRS', '/etc/xdg/xdg-ubuntu:/etc/xdg'), ('DBUS_STARTER_ADDRESS', 'unix:path=/run/user/876417573/bus,guid=4985e290d0dc091e554f6fb765a4dfe1'), ('XDG_DATA_DIRS', '/usr/share/ubuntu:/usr/local/share/:/usr/share/:/var/lib/snapd/desktop'), ('PYTHONPATH', '/opt/ros/iron/lib/python3.10/site-packages'), ('COLCON', '1'), ('VTE_VERSION', '6800'), ('CMAKE_PREFIX_PATH', '/home/imtld.local/niranjan.kulkarni/git/install/tbot_sim:/home/imtld.local/niranjan.kulkarni/git/install/grpe_larm_mother:/home/imtld.local/niranjan.kulkarni/ros_ws/install/tbot_sim:/opt/ros/iron')]), 'shell': False}
[0.093287] (-) TimerEvent: {}
[0.193551] (-) TimerEvent: {}
[0.223949] (grpe_larm_mother) StdoutLine: {'line': b'-- The C compiler identification is GNU 11.4.0\n'}
[0.293647] (-) TimerEvent: {}
[0.338484] (grpe_larm_mother) StdoutLine: {'line': b'-- The CXX compiler identification is GNU 11.4.0\n'}
[0.367417] (grpe_larm_mother) StdoutLine: {'line': b'-- Detecting C compiler ABI info\n'}
[0.393970] (-) TimerEvent: {}
[0.494794] (-) TimerEvent: {}
[0.595035] (-) TimerEvent: {}
[0.643231] (grpe_larm_mother) StdoutLine: {'line': b'-- Detecting C compiler ABI info - done\n'}
[0.674877] (grpe_larm_mother) StdoutLine: {'line': b'-- Check for working C compiler: /usr/bin/cc - skipped\n'}
[0.675093] (grpe_larm_mother) StdoutLine: {'line': b'-- Detecting C compile features\n'}
[0.681996] (grpe_larm_mother) StdoutLine: {'line': b'-- Detecting C compile features - done\n'}
[0.695255] (-) TimerEvent: {}
[0.708957] (grpe_larm_mother) StdoutLine: {'line': b'-- Detecting CXX compiler ABI info\n'}
[0.795461] (-) TimerEvent: {}
[0.895719] (-) TimerEvent: {}
[0.996001] (-) TimerEvent: {}
[1.011309] (grpe_larm_mother) StdoutLine: {'line': b'-- Detecting CXX compiler ABI info - done\n'}
[1.072942] (grpe_larm_mother) StdoutLine: {'line': b'-- Check for working CXX compiler: /usr/bin/c++ - skipped\n'}
[1.073134] (grpe_larm_mother) StdoutLine: {'line': b'-- Detecting CXX compile features\n'}
[1.082554] (grpe_larm_mother) StdoutLine: {'line': b'-- Detecting CXX compile features - done\n'}
[1.096118] (-) TimerEvent: {}
[1.122867] (grpe_larm_mother) StdoutLine: {'line': b'-- Found ament_cmake: 2.0.3 (/opt/ros/iron/share/ament_cmake/cmake)\n'}
[1.196184] (-) TimerEvent: {}
[1.281755] (grpe_larm_mother) StdoutLine: {'line': b'-- Found Python3: /usr/bin/python3.10 (found version "3.10.12") found components: Interpreter \n'}
[1.296296] (-) TimerEvent: {}
[1.396654] (-) TimerEvent: {}
[1.496980] (-) TimerEvent: {}
[1.597246] (-) TimerEvent: {}
[1.681070] (grpe_larm_mother) StdoutLine: {'line': b'-- Found ament_lint_auto: 0.14.2 (/opt/ros/iron/share/ament_lint_auto/cmake)\n'}
[1.697421] (-) TimerEvent: {}
[1.797608] (-) TimerEvent: {}
[1.897885] (-) TimerEvent: {}
[1.998093] (-) TimerEvent: {}
[2.065694] (grpe_larm_mother) StdoutLine: {'line': b"-- Added test 'cppcheck' to perform static code analysis on C / C++ code\n"}
[2.065943] (grpe_larm_mother) StdoutLine: {'line': b'-- Configured cppcheck include dirs: \n'}
[2.067804] (grpe_larm_mother) StdoutLine: {'line': b'-- Configured cppcheck exclude dirs and/or files: \n'}
[2.091524] (grpe_larm_mother) StdoutLine: {'line': b"-- Added test 'flake8' to check Python code syntax and style conventions\n"}
[2.091620] (grpe_larm_mother) StdoutLine: {'line': b"-- Configured 'flake8' exclude dirs and/or files: \n"}
[2.098224] (-) TimerEvent: {}
[2.128770] (grpe_larm_mother) StdoutLine: {'line': b"-- Added test 'lint_cmake' to check CMake code style\n"}
[2.152568] (grpe_larm_mother) StdoutLine: {'line': b"-- Added test 'pep257' to check Python code against some of the docstring style conventions in PEP 257\n"}
[2.198271] (-) TimerEvent: {}
[2.274163] (grpe_larm_mother) StdoutLine: {'line': b"-- Added test 'uncrustify' to check C / C++ code style\n"}
[2.274305] (grpe_larm_mother) StdoutLine: {'line': b'-- Configured uncrustify additional arguments: \n'}
[2.298369] (-) TimerEvent: {}
[2.304758] (grpe_larm_mother) StdoutLine: {'line': b"-- Added test 'xmllint' to check XML markup files\n"}
[2.396828] (grpe_larm_mother) StdoutLine: {'line': b'-- Configuring done\n'}
[2.398535] (-) TimerEvent: {}
[2.504321] (-) TimerEvent: {}
[2.604606] (-) TimerEvent: {}
[2.662541] (grpe_larm_mother) StdoutLine: {'line': b'-- Generating done\n'}
[2.704754] (-) TimerEvent: {}
[2.722852] (grpe_larm_mother) StdoutLine: {'line': b'-- Build files have been written to: /home/imtld.local/niranjan.kulkarni/git/grpe_larm_mother/build/grpe_larm_mother\n'}
[2.725716] (grpe_larm_mother) CommandEnded: {'returncode': 0}
[2.726903] (grpe_larm_mother) JobProgress: {'identifier': 'grpe_larm_mother', 'progress': 'build'}
[2.734087] (grpe_larm_mother) Command: {'cmd': ['/usr/bin/cmake', '--build', '/home/imtld.local/niranjan.kulkarni/git/grpe_larm_mother/build/grpe_larm_mother', '--', '-j12', '-l12'], 'cwd': '/home/imtld.local/niranjan.kulkarni/git/grpe_larm_mother/build/grpe_larm_mother', 'env': OrderedDict([('ROS_WORSPACE', '/home/imtld.local/niranjan.kulkarni/ros_ws'), ('USER', 'niranjan.kulkarni'), ('XDG_SESSION_TYPE', 'wayland'), ('SHLVL', '1'), ('LD_LIBRARY_PATH', '/usr/lib/x86_64-linux-gnu/gazebo-11/plugins:/opt/ros/iron/opt/rviz_ogre_vendor/lib:/opt/ros/iron/lib/x86_64-linux-gnu:/opt/ros/iron/lib'), ('HOME', '/home/imtld.local/niranjan.kulkarni'), ('OLDPWD', '/home/imtld.local/niranjan.kulkarni/git'), ('DESKTOP_SESSION', 'ubuntu'), ('ROS_PYTHON_VERSION', '3'), ('GNOME_SHELL_SESSION_MODE', 'ubuntu'), ('GTK_MODULES', 'gail:atk-bridge'), ('DBUS_STARTER_BUS_TYPE', 'session'), ('SYSTEMD_EXEC_PID', '2399'), ('DBUS_SESSION_BUS_ADDRESS', 'unix:path=/run/user/876417573/bus,guid=4985e290d0dc091e554f6fb765a4dfe1'), ('COLORTERM', 'truecolor'), ('IM_CONFIG_PHASE', '1'), ('WAYLAND_DISPLAY', 'wayland-0'), ('COLCON_PREFIX_PATH', '/home/imtld.local/niranjan.kulkarni/git/install:/home/imtld.local/niranjan.kulkarni/ros_ws/install'), ('ROS_DISTRO', 'iron'), ('LOGNAME', 'niranjan.kulkarni'), ('_', '/usr/bin/colcon'), ('ROS_VERSION', '2'), ('XDG_SESSION_CLASS', 'user'), ('USERNAME', 'niranjan.kulkarni'), ('TERM', 'xterm-256color'), ('GNOME_DESKTOP_SESSION_ID', 'this-is-deprecated'), ('PATH', '/home/imtld.local/niranjan.kulkarni/bin:/opt/ros/iron/bin:/usr/local/sbin:/usr/local/bin:/usr/sbin:/usr/bin:/sbin:/bin:/usr/games:/usr/local/games:/snap/bin:/snap/bin'), ('SESSION_MANAGER', 'local/DEVELTER-U-10:@/tmp/.ICE-unix/2399,unix/DEVELTER-U-10:/tmp/.ICE-unix/2399'), ('XDG_MENU_PREFIX', 'gnome-'), ('GNOME_TERMINAL_SCREEN', '/org/gnome/Terminal/screen/d4c4d9a8_0e6f_4131_8495_638591042543'), ('GNOME_SETUP_DISPLAY', ':1'), ('XDG_RUNTIME_DIR', '/run/user/876417573'), ('ZEITGEIST_DATA_PATH', '/home/imtld.local/niranjan.kulkarni/.local/share/zeitgeist'), ('DISPLAY', ':0'), ('LANG', 'fr_FR.UTF-8'), ('XDG_CURRENT_DESKTOP', 'ubuntu:GNOME'), ('XMODIFIERS', '@im=ibus'), ('XDG_SESSION_DESKTOP', 'ubuntu'), ('XAUTHORITY', '/run/user/876417573/.mutter-Xwaylandauth.HAPNH2'), ('GNOME_TERMINAL_SERVICE', ':1.254'), ('SSH_AGENT_LAUNCHER', 'gnome-keyring'), ('SSH_AUTH_SOCK', '/run/user/876417573/keyring/ssh'), ('ROS_DOMAIN_ID', '107'), ('AMENT_PREFIX_PATH', '/home/imtld.local/niranjan.kulkarni/git/install/tbot_sim:/home/imtld.local/niranjan.kulkarni/git/install/grpe_larm_mother:/home/imtld.local/niranjan.kulkarni/ros_ws/install/tbot_sim:/opt/ros/iron'), ('SHELL', '/bin/bash'), ('KRB5CCNAME', 'FILE:/tmp/krb5cc_876417573_MSWOBM'), ('QT_ACCESSIBILITY', '1'), ('GDMSESSION', 'ubuntu'), ('ROS_AUTOMATIC_DISCOVERY_RANGE', 'SUBNET'), ('QT_IM_MODULE', 'ibus'), ('PWD', '/home/imtld.local/niranjan.kulkarni/git/grpe_larm_mother/build/grpe_larm_mother'), ('XDG_CONFIG_DIRS', '/etc/xdg/xdg-ubuntu:/etc/xdg'), ('DBUS_STARTER_ADDRESS', 'unix:path=/run/user/876417573/bus,guid=4985e290d0dc091e554f6fb765a4dfe1'), ('XDG_DATA_DIRS', '/usr/share/ubuntu:/usr/local/share/:/usr/share/:/var/lib/snapd/desktop'), ('PYTHONPATH', '/opt/ros/iron/lib/python3.10/site-packages'), ('COLCON', '1'), ('VTE_VERSION', '6800'), ('CMAKE_PREFIX_PATH', '/home/imtld.local/niranjan.kulkarni/git/install/tbot_sim:/home/imtld.local/niranjan.kulkarni/git/install/grpe_larm_mother:/home/imtld.local/niranjan.kulkarni/ros_ws/install/tbot_sim:/opt/ros/iron')]), 'shell': False}
[2.776913] (grpe_larm_mother) CommandEnded: {'returncode': 0}
[2.794635] (grpe_larm_mother) JobProgress: {'identifier': 'grpe_larm_mother', 'progress': 'install'}
[2.802187] (grpe_larm_mother) Command: {'cmd': ['/usr/bin/cmake', '--install', '/home/imtld.local/niranjan.kulkarni/git/grpe_larm_mother/build/grpe_larm_mother'], 'cwd': '/home/imtld.local/niranjan.kulkarni/git/grpe_larm_mother/build/grpe_larm_mother', 'env': OrderedDict([('ROS_WORSPACE', '/home/imtld.local/niranjan.kulkarni/ros_ws'), ('USER', 'niranjan.kulkarni'), ('XDG_SESSION_TYPE', 'wayland'), ('SHLVL', '1'), ('LD_LIBRARY_PATH', '/usr/lib/x86_64-linux-gnu/gazebo-11/plugins:/opt/ros/iron/opt/rviz_ogre_vendor/lib:/opt/ros/iron/lib/x86_64-linux-gnu:/opt/ros/iron/lib'), ('HOME', '/home/imtld.local/niranjan.kulkarni'), ('OLDPWD', '/home/imtld.local/niranjan.kulkarni/git'), ('DESKTOP_SESSION', 'ubuntu'), ('ROS_PYTHON_VERSION', '3'), ('GNOME_SHELL_SESSION_MODE', 'ubuntu'), ('GTK_MODULES', 'gail:atk-bridge'), ('DBUS_STARTER_BUS_TYPE', 'session'), ('SYSTEMD_EXEC_PID', '2399'), ('DBUS_SESSION_BUS_ADDRESS', 'unix:path=/run/user/876417573/bus,guid=4985e290d0dc091e554f6fb765a4dfe1'), ('COLORTERM', 'truecolor'), ('IM_CONFIG_PHASE', '1'), ('WAYLAND_DISPLAY', 'wayland-0'), ('COLCON_PREFIX_PATH', '/home/imtld.local/niranjan.kulkarni/git/install:/home/imtld.local/niranjan.kulkarni/ros_ws/install'), ('ROS_DISTRO', 'iron'), ('LOGNAME', 'niranjan.kulkarni'), ('_', '/usr/bin/colcon'), ('ROS_VERSION', '2'), ('XDG_SESSION_CLASS', 'user'), ('USERNAME', 'niranjan.kulkarni'), ('TERM', 'xterm-256color'), ('GNOME_DESKTOP_SESSION_ID', 'this-is-deprecated'), ('PATH', '/home/imtld.local/niranjan.kulkarni/bin:/opt/ros/iron/bin:/usr/local/sbin:/usr/local/bin:/usr/sbin:/usr/bin:/sbin:/bin:/usr/games:/usr/local/games:/snap/bin:/snap/bin'), ('SESSION_MANAGER', 'local/DEVELTER-U-10:@/tmp/.ICE-unix/2399,unix/DEVELTER-U-10:/tmp/.ICE-unix/2399'), ('XDG_MENU_PREFIX', 'gnome-'), ('GNOME_TERMINAL_SCREEN', '/org/gnome/Terminal/screen/d4c4d9a8_0e6f_4131_8495_638591042543'), ('GNOME_SETUP_DISPLAY', ':1'), ('XDG_RUNTIME_DIR', '/run/user/876417573'), ('ZEITGEIST_DATA_PATH', '/home/imtld.local/niranjan.kulkarni/.local/share/zeitgeist'), ('DISPLAY', ':0'), ('LANG', 'fr_FR.UTF-8'), ('XDG_CURRENT_DESKTOP', 'ubuntu:GNOME'), ('XMODIFIERS', '@im=ibus'), ('XDG_SESSION_DESKTOP', 'ubuntu'), ('XAUTHORITY', '/run/user/876417573/.mutter-Xwaylandauth.HAPNH2'), ('GNOME_TERMINAL_SERVICE', ':1.254'), ('SSH_AGENT_LAUNCHER', 'gnome-keyring'), ('SSH_AUTH_SOCK', '/run/user/876417573/keyring/ssh'), ('ROS_DOMAIN_ID', '107'), ('AMENT_PREFIX_PATH', '/home/imtld.local/niranjan.kulkarni/git/install/tbot_sim:/home/imtld.local/niranjan.kulkarni/git/install/grpe_larm_mother:/home/imtld.local/niranjan.kulkarni/ros_ws/install/tbot_sim:/opt/ros/iron'), ('SHELL', '/bin/bash'), ('KRB5CCNAME', 'FILE:/tmp/krb5cc_876417573_MSWOBM'), ('QT_ACCESSIBILITY', '1'), ('GDMSESSION', 'ubuntu'), ('ROS_AUTOMATIC_DISCOVERY_RANGE', 'SUBNET'), ('QT_IM_MODULE', 'ibus'), ('PWD', '/home/imtld.local/niranjan.kulkarni/git/grpe_larm_mother/build/grpe_larm_mother'), ('XDG_CONFIG_DIRS', '/etc/xdg/xdg-ubuntu:/etc/xdg'), ('DBUS_STARTER_ADDRESS', 'unix:path=/run/user/876417573/bus,guid=4985e290d0dc091e554f6fb765a4dfe1'), ('XDG_DATA_DIRS', '/usr/share/ubuntu:/usr/local/share/:/usr/share/:/var/lib/snapd/desktop'), ('PYTHONPATH', '/opt/ros/iron/lib/python3.10/site-packages'), ('COLCON', '1'), ('VTE_VERSION', '6800'), ('CMAKE_PREFIX_PATH', '/home/imtld.local/niranjan.kulkarni/git/install/tbot_sim:/home/imtld.local/niranjan.kulkarni/git/install/grpe_larm_mother:/home/imtld.local/niranjan.kulkarni/ros_ws/install/tbot_sim:/opt/ros/iron')]), 'shell': False}
[2.804796] (-) TimerEvent: {}
[2.809462] (grpe_larm_mother) StdoutLine: {'line': b'-- Install configuration: ""\n'}
[2.811669] (grpe_larm_mother) StdoutLine: {'line': b'-- Installing: /home/imtld.local/niranjan.kulkarni/git/grpe_larm_mother/install/grpe_larm_mother/share/grpe_larm_mother//launch\n'}
[2.828670] (grpe_larm_mother) StdoutLine: {'line': b'-- Installing: /home/imtld.local/niranjan.kulkarni/git/grpe_larm_mother/install/grpe_larm_mother/share/grpe_larm_mother//launch/minimal_launch.yaml\n'}
[2.862703] (grpe_larm_mother) StdoutLine: {'line': b'-- Installing: /home/imtld.local/niranjan.kulkarni/git/grpe_larm_mother/install/grpe_larm_mother/share/grpe_larm_mother//launch/challenge1.yaml\n'}
[2.889256] (grpe_larm_mother) StdoutLine: {'line': b'-- Installing: /home/imtld.local/niranjan.kulkarni/git/grpe_larm_mother/install/grpe_larm_mother/share/grpe_larm_mother//scripts\n'}
[2.898375] (grpe_larm_mother) StdoutLine: {'line': b'-- Installing: /home/imtld.local/niranjan.kulkarni/git/grpe_larm_mother/install/grpe_larm_mother/share/grpe_larm_mother//scripts/__init__.py\n'}
[2.904970] (-) TimerEvent: {}
[2.943568] (grpe_larm_mother) StdoutLine: {'line': b'-- Installing: /home/imtld.local/niranjan.kulkarni/git/grpe_larm_mother/install/grpe_larm_mother/share/grpe_larm_mother//scripts/__pycache__\n'}
[2.966407] (grpe_larm_mother) StdoutLine: {'line': b'-- Installing: /home/imtld.local/niranjan.kulkarni/git/grpe_larm_mother/install/grpe_larm_mother/share/grpe_larm_mother//scripts/__pycache__/__init__.cpython-310.pyc\n'}
[3.005144] (-) TimerEvent: {}
[3.016462] (grpe_larm_mother) StdoutLine: {'line': b'-- Installing: /home/imtld.local/niranjan.kulkarni/git/grpe_larm_mother/install/grpe_larm_mother/share/grpe_larm_mother//scripts/__pycache__/classifier.cpython-310.pyc\n'}
[3.037178] (grpe_larm_mother) StdoutLine: {'line': b'-- Installing: /home/imtld.local/niranjan.kulkarni/git/grpe_larm_mother/install/grpe_larm_mother/share/grpe_larm_mother//scripts/__pycache__/classifierCircle.cpython-310.pyc\n'}
[3.058960] (grpe_larm_mother) StdoutLine: {'line': b'-- Installing: /home/imtld.local/niranjan.kulkarni/git/grpe_larm_mother/install/grpe_larm_mother/share/grpe_larm_mother//scripts/__pycache__/test_class.cpython-310-pytest-6.2.5.pyc\n'}
[3.082475] (grpe_larm_mother) StdoutLine: {'line': b'-- Installing: /home/imtld.local/niranjan.kulkarni/git/grpe_larm_mother/install/grpe_larm_mother/share/grpe_larm_mother//scripts/simulation.py\n'}
[3.105381] (-) TimerEvent: {}
[3.121921] (grpe_larm_mother) StdoutLine: {'line': b'-- Installing: /home/imtld.local/niranjan.kulkarni/git/grpe_larm_mother/install/grpe_larm_mother/share/grpe_larm_mother//scripts/camera_driver.py\n'}
[3.153112] (grpe_larm_mother) StdoutLine: {'line': b'-- Installing: /home/imtld.local/niranjan.kulkarni/git/grpe_larm_mother/install/grpe_larm_mother/share/grpe_larm_mother//scripts/reactive_move.py\n'}
[3.187684] (grpe_larm_mother) StdoutLine: {'line': b'-- Installing: /home/imtld.local/niranjan.kulkarni/git/grpe_larm_mother/install/grpe_larm_mother/lib/grpe_larm_mother/reactive_move.py\n'}
[3.205158] (grpe_larm_mother) StdoutLine: {'line': b'-- Installing: /home/imtld.local/niranjan.kulkarni/git/grpe_larm_mother/install/grpe_larm_mother/lib/grpe_larm_mother/camera_driver.py\n'}
[3.205353] (-) TimerEvent: {}
[3.238173] (grpe_larm_mother) StdoutLine: {'line': b'-- Installing: /home/imtld.local/niranjan.kulkarni/git/grpe_larm_mother/install/grpe_larm_mother/lib/grpe_larm_mother/simulation.py\n'}
[3.271729] (grpe_larm_mother) StdoutLine: {'line': b'-- Installing: /home/imtld.local/niranjan.kulkarni/git/grpe_larm_mother/install/grpe_larm_mother/share/ament_index/resource_index/package_run_dependencies/grpe_larm_mother\n'}
[3.301754] (grpe_larm_mother) StdoutLine: {'line': b'-- Installing: /home/imtld.local/niranjan.kulkarni/git/grpe_larm_mother/install/grpe_larm_mother/share/ament_index/resource_index/parent_prefix_path/grpe_larm_mother\n'}
[3.305408] (-) TimerEvent: {}
[3.334974] (grpe_larm_mother) StdoutLine: {'line': b'-- Installing: /home/imtld.local/niranjan.kulkarni/git/grpe_larm_mother/install/grpe_larm_mother/share/grpe_larm_mother/environment/ament_prefix_path.sh\n'}
[3.356339] (grpe_larm_mother) StdoutLine: {'line': b'-- Installing: /home/imtld.local/niranjan.kulkarni/git/grpe_larm_mother/install/grpe_larm_mother/share/grpe_larm_mother/environment/ament_prefix_path.dsv\n'}
[3.378120] (grpe_larm_mother) StdoutLine: {'line': b'-- Installing: /home/imtld.local/niranjan.kulkarni/git/grpe_larm_mother/install/grpe_larm_mother/share/grpe_larm_mother/environment/path.sh\n'}
[3.399861] (grpe_larm_mother) StdoutLine: {'line': b'-- Installing: /home/imtld.local/niranjan.kulkarni/git/grpe_larm_mother/install/grpe_larm_mother/share/grpe_larm_mother/environment/path.dsv\n'}
[3.405506] (-) TimerEvent: {}
[3.437380] (grpe_larm_mother) StdoutLine: {'line': b'-- Installing: /home/imtld.local/niranjan.kulkarni/git/grpe_larm_mother/install/grpe_larm_mother/share/grpe_larm_mother/local_setup.bash\n'}
[3.463326] (grpe_larm_mother) StdoutLine: {'line': b'-- Installing: /home/imtld.local/niranjan.kulkarni/git/grpe_larm_mother/install/grpe_larm_mother/share/grpe_larm_mother/local_setup.sh\n'}
[3.484344] (grpe_larm_mother) StdoutLine: {'line': b'-- Installing: /home/imtld.local/niranjan.kulkarni/git/grpe_larm_mother/install/grpe_larm_mother/share/grpe_larm_mother/local_setup.zsh\n'}
[3.505604] (-) TimerEvent: {}
[3.505842] (grpe_larm_mother) StdoutLine: {'line': b'-- Installing: /home/imtld.local/niranjan.kulkarni/git/grpe_larm_mother/install/grpe_larm_mother/share/grpe_larm_mother/local_setup.dsv\n'}
[3.550738] (grpe_larm_mother) StdoutLine: {'line': b'-- Installing: /home/imtld.local/niranjan.kulkarni/git/grpe_larm_mother/install/grpe_larm_mother/share/grpe_larm_mother/package.dsv\n'}
[3.587623] (grpe_larm_mother) StdoutLine: {'line': b'-- Installing: /home/imtld.local/niranjan.kulkarni/git/grpe_larm_mother/install/grpe_larm_mother/share/ament_index/resource_index/packages/grpe_larm_mother\n'}
[3.605706] (-) TimerEvent: {}
[3.626110] (grpe_larm_mother) StdoutLine: {'line': b'-- Installing: /home/imtld.local/niranjan.kulkarni/git/grpe_larm_mother/install/grpe_larm_mother/share/grpe_larm_mother/cmake/grpe_larm_motherConfig.cmake\n'}
[3.653448] (grpe_larm_mother) StdoutLine: {'line': b'-- Installing: /home/imtld.local/niranjan.kulkarni/git/grpe_larm_mother/install/grpe_larm_mother/share/grpe_larm_mother/cmake/grpe_larm_motherConfig-version.cmake\n'}
[3.687067] (grpe_larm_mother) StdoutLine: {'line': b'-- Installing: /home/imtld.local/niranjan.kulkarni/git/grpe_larm_mother/install/grpe_larm_mother/share/grpe_larm_mother/package.xml\n'}
[3.705886] (-) TimerEvent: {}
[3.718250] (grpe_larm_mother) CommandEnded: {'returncode': 0}
[3.805953] (-) TimerEvent: {}
[3.906135] (-) TimerEvent: {}
[3.963062] (grpe_larm_mother) JobEnded: {'identifier': 'grpe_larm_mother', 'rc': 0}
[3.967375] (-) EventReactorShutdown: {}
