[0.293s] DEBUG:colcon:Command line arguments: ['/usr/bin/colcon', 'build']
[0.293s] DEBUG:colcon:Parsed command line arguments: Namespace(log_base=None, log_level=None, verb_name='build', build_base='build', install_base='install', merge_install=False, symlink_install=False, test_result_base=None, continue_on_error=False, executor='parallel', parallel_workers=12, event_handlers=None, ignore_user_meta=False, metas=['./colcon.meta'], base_paths=['.'], packages_ignore=None, packages_ignore_regex=None, paths=None, packages_up_to=None, packages_up_to_regex=None, packages_above=None, packages_above_and_dependencies=None, packages_above_depth=None, packages_select_by_dep=None, packages_skip_by_dep=None, packages_skip_up_to=None, packages_select_build_failed=False, packages_skip_build_finished=False, packages_select_test_failures=False, packages_skip_test_passed=False, packages_select=None, packages_skip=None, packages_select_regex=None, packages_skip_regex=None, packages_start=None, packages_end=None, allow_overriding=[], cmake_args=None, cmake_target=None, cmake_target_skip_unavailable=False, cmake_clean_cache=False, cmake_clean_first=False, cmake_force_configure=False, ament_cmake_args=None, catkin_cmake_args=None, catkin_skip_building_tests=False, verb_parser=<colcon_defaults.argument_parser.defaults.DefaultArgumentsDecorator object at 0x7f0f8ffebeb0>, verb_extension=<colcon_core.verb.build.BuildVerb object at 0x7f0f908648b0>, main=<bound method BuildVerb.main of <colcon_core.verb.build.BuildVerb object at 0x7f0f908648b0>>)
[0.347s] Level 1:colcon.colcon_core.package_discovery:discover_packages(colcon_meta) check parameters
[0.348s] Level 1:colcon.colcon_core.package_discovery:discover_packages(recursive) check parameters
[0.358s] Level 1:colcon.colcon_core.package_discovery:discover_packages(ignore) check parameters
[0.382s] Level 1:colcon.colcon_core.package_discovery:discover_packages(path) check parameters
[0.384s] Level 1:colcon.colcon_core.package_discovery:discover_packages(colcon_meta) discover
[0.385s] Level 1:colcon.colcon_core.package_discovery:discover_packages(recursive) discover
[0.387s] INFO:colcon.colcon_core.package_discovery:Crawling recursively for packages in '/home/imtld.local/niranjan.kulkarni/git/grpe_larm_mother'
[0.389s] Level 1:colcon.colcon_core.package_identification:_identify(.) by extensions ['ignore', 'ignore_ament_install']
[0.389s] Level 1:colcon.colcon_core.package_identification:_identify(.) by extension 'ignore'
[0.390s] Level 1:colcon.colcon_core.package_identification:_identify(.) by extension 'ignore_ament_install'
[0.390s] Level 1:colcon.colcon_core.package_identification:_identify(.) by extensions ['colcon_pkg']
[0.392s] Level 1:colcon.colcon_core.package_identification:_identify(.) by extension 'colcon_pkg'
[0.392s] Level 1:colcon.colcon_core.package_identification:_identify(.) by extensions ['colcon_meta']
[0.394s] Level 1:colcon.colcon_core.package_identification:_identify(.) by extension 'colcon_meta'
[0.394s] Level 1:colcon.colcon_core.package_identification:_identify(.) by extensions ['ros']
[0.394s] Level 1:colcon.colcon_core.package_identification:_identify(.) by extension 'ros'
[0.411s] DEBUG:colcon.colcon_core.package_identification:Package '.' with type 'ros.ament_cmake' and name 'grpe_larm_mother'
[0.411s] Level 1:colcon.colcon_core.package_discovery:discover_packages(recursive) using defaults
[0.411s] Level 1:colcon.colcon_core.package_discovery:discover_packages(ignore) discover
[0.413s] Level 1:colcon.colcon_core.package_discovery:discover_packages(ignore) using defaults
[0.413s] Level 1:colcon.colcon_core.package_discovery:discover_packages(path) discover
[0.413s] Level 1:colcon.colcon_core.package_discovery:discover_packages(path) using defaults
[0.432s] Level 1:colcon.colcon_core.package_discovery:discover_packages(prefix_path) check parameters
[0.432s] Level 1:colcon.colcon_core.package_discovery:discover_packages(prefix_path) discover
[0.442s] DEBUG:colcon.colcon_installed_package_information.package_discovery:Found 2 installed packages in /home/imtld.local/niranjan.kulkarni/git/install
[0.453s] DEBUG:colcon.colcon_installed_package_information.package_discovery:Found 1 installed packages in /home/imtld.local/niranjan.kulkarni/ros_ws/install
[0.455s] DEBUG:colcon.colcon_installed_package_information.package_discovery:Found 340 installed packages in /opt/ros/iron
[0.457s] Level 1:colcon.colcon_core.package_discovery:discover_packages(prefix_path) using defaults
[0.503s] Level 5:colcon.colcon_core.verb:set package 'grpe_larm_mother' build argument 'cmake_args' from command line to 'None'
[0.503s] Level 5:colcon.colcon_core.verb:set package 'grpe_larm_mother' build argument 'cmake_target' from command line to 'None'
[0.503s] Level 5:colcon.colcon_core.verb:set package 'grpe_larm_mother' build argument 'cmake_target_skip_unavailable' from command line to 'False'
[0.504s] Level 5:colcon.colcon_core.verb:set package 'grpe_larm_mother' build argument 'cmake_clean_cache' from command line to 'False'
[0.504s] Level 5:colcon.colcon_core.verb:set package 'grpe_larm_mother' build argument 'cmake_clean_first' from command line to 'False'
[0.505s] Level 5:colcon.colcon_core.verb:set package 'grpe_larm_mother' build argument 'cmake_force_configure' from command line to 'False'
[0.505s] Level 5:colcon.colcon_core.verb:set package 'grpe_larm_mother' build argument 'ament_cmake_args' from command line to 'None'
[0.505s] Level 5:colcon.colcon_core.verb:set package 'grpe_larm_mother' build argument 'catkin_cmake_args' from command line to 'None'
[0.505s] Level 5:colcon.colcon_core.verb:set package 'grpe_larm_mother' build argument 'catkin_skip_building_tests' from command line to 'False'
[0.507s] DEBUG:colcon.colcon_core.verb:Building package 'grpe_larm_mother' with the following arguments: {'ament_cmake_args': None, 'build_base': '/home/imtld.local/niranjan.kulkarni/git/grpe_larm_mother/build/grpe_larm_mother', 'catkin_cmake_args': None, 'catkin_skip_building_tests': False, 'cmake_args': None, 'cmake_clean_cache': False, 'cmake_clean_first': False, 'cmake_force_configure': False, 'cmake_target': None, 'cmake_target_skip_unavailable': False, 'install_base': '/home/imtld.local/niranjan.kulkarni/git/grpe_larm_mother/install/grpe_larm_mother', 'merge_install': False, 'path': '/home/imtld.local/niranjan.kulkarni/git/grpe_larm_mother', 'symlink_install': False, 'test_result_base': None}
[0.508s] INFO:colcon.colcon_core.executor:Executing jobs using 'parallel' executor
[0.511s] DEBUG:colcon.colcon_parallel_executor.executor.parallel:run_until_complete
[0.511s] INFO:colcon.colcon_ros.task.ament_cmake.build:Building ROS package in '/home/imtld.local/niranjan.kulkarni/git/grpe_larm_mother' with build type 'ament_cmake'
[0.518s] INFO:colcon.colcon_cmake.task.cmake.build:Building CMake package in '/home/imtld.local/niranjan.kulkarni/git/grpe_larm_mother'
[0.521s] INFO:colcon.colcon_core.plugin_system:Skipping extension 'colcon_core.shell.bat': Not used on non-Windows systems
[0.521s] INFO:colcon.colcon_core.shell:Skip shell extension 'powershell' for command environment: Not usable outside of PowerShell
[0.523s] DEBUG:colcon.colcon_core.shell:Skip shell extension 'dsv' for command environment
[0.568s] DEBUG:colcon.colcon_core.event_handler.log_command:Invoking command in '/home/imtld.local/niranjan.kulkarni/git/grpe_larm_mother/build/grpe_larm_mother': CMAKE_PREFIX_PATH=${CMAKE_PREFIX_PATH}:/opt/ros/iron /usr/bin/cmake /home/imtld.local/niranjan.kulkarni/git/grpe_larm_mother -DCMAKE_INSTALL_PREFIX=/home/imtld.local/niranjan.kulkarni/git/grpe_larm_mother/install/grpe_larm_mother
[3.244s] DEBUG:colcon.colcon_core.event_handler.log_command:Invoked command in '/home/imtld.local/niranjan.kulkarni/git/grpe_larm_mother/build/grpe_larm_mother' returned '0': CMAKE_PREFIX_PATH=${CMAKE_PREFIX_PATH}:/opt/ros/iron /usr/bin/cmake /home/imtld.local/niranjan.kulkarni/git/grpe_larm_mother -DCMAKE_INSTALL_PREFIX=/home/imtld.local/niranjan.kulkarni/git/grpe_larm_mother/install/grpe_larm_mother
[3.252s] DEBUG:colcon.colcon_core.event_handler.log_command:Invoking command in '/home/imtld.local/niranjan.kulkarni/git/grpe_larm_mother/build/grpe_larm_mother': CMAKE_PREFIX_PATH=${CMAKE_PREFIX_PATH}:/opt/ros/iron /usr/bin/cmake --build /home/imtld.local/niranjan.kulkarni/git/grpe_larm_mother/build/grpe_larm_mother -- -j12 -l12
[3.295s] DEBUG:colcon.colcon_core.event_handler.log_command:Invoked command in '/home/imtld.local/niranjan.kulkarni/git/grpe_larm_mother/build/grpe_larm_mother' returned '0': CMAKE_PREFIX_PATH=${CMAKE_PREFIX_PATH}:/opt/ros/iron /usr/bin/cmake --build /home/imtld.local/niranjan.kulkarni/git/grpe_larm_mother/build/grpe_larm_mother -- -j12 -l12
[3.320s] DEBUG:colcon.colcon_core.event_handler.log_command:Invoking command in '/home/imtld.local/niranjan.kulkarni/git/grpe_larm_mother/build/grpe_larm_mother': CMAKE_PREFIX_PATH=${CMAKE_PREFIX_PATH}:/opt/ros/iron /usr/bin/cmake --install /home/imtld.local/niranjan.kulkarni/git/grpe_larm_mother/build/grpe_larm_mother
[4.235s] Level 1:colcon.colcon_core.environment:create_environment_scripts_only(grpe_larm_mother)
[4.237s] DEBUG:colcon.colcon_core.event_handler.log_command:Invoked command in '/home/imtld.local/niranjan.kulkarni/git/grpe_larm_mother/build/grpe_larm_mother' returned '0': CMAKE_PREFIX_PATH=${CMAKE_PREFIX_PATH}:/opt/ros/iron /usr/bin/cmake --install /home/imtld.local/niranjan.kulkarni/git/grpe_larm_mother/build/grpe_larm_mother
[4.239s] Level 1:colcon.colcon_core.environment:checking '/home/imtld.local/niranjan.kulkarni/git/grpe_larm_mother/install/grpe_larm_mother' for CMake module files
[4.247s] Level 1:colcon.colcon_core.environment:checking '/home/imtld.local/niranjan.kulkarni/git/grpe_larm_mother/install/grpe_larm_mother' for CMake config files
[4.255s] Level 1:colcon.colcon_core.shell:create_environment_hook('grpe_larm_mother', 'cmake_prefix_path')
[4.256s] INFO:colcon.colcon_core.shell:Creating environment hook '/home/imtld.local/niranjan.kulkarni/git/grpe_larm_mother/install/grpe_larm_mother/share/grpe_larm_mother/hook/cmake_prefix_path.ps1'
[4.268s] INFO:colcon.colcon_core.shell:Creating environment descriptor '/home/imtld.local/niranjan.kulkarni/git/grpe_larm_mother/install/grpe_larm_mother/share/grpe_larm_mother/hook/cmake_prefix_path.dsv'
[4.281s] INFO:colcon.colcon_core.shell:Creating environment hook '/home/imtld.local/niranjan.kulkarni/git/grpe_larm_mother/install/grpe_larm_mother/share/grpe_larm_mother/hook/cmake_prefix_path.sh'
[4.298s] Level 1:colcon.colcon_core.environment:checking '/home/imtld.local/niranjan.kulkarni/git/grpe_larm_mother/install/grpe_larm_mother/lib'
[4.299s] Level 1:colcon.colcon_core.environment:checking '/home/imtld.local/niranjan.kulkarni/git/grpe_larm_mother/install/grpe_larm_mother/bin'
[4.300s] Level 1:colcon.colcon_core.environment:checking '/home/imtld.local/niranjan.kulkarni/git/grpe_larm_mother/install/grpe_larm_mother/lib/pkgconfig/grpe_larm_mother.pc'
[4.302s] Level 1:colcon.colcon_core.environment:checking '/home/imtld.local/niranjan.kulkarni/git/grpe_larm_mother/install/grpe_larm_mother/lib/python3.10/site-packages'
[4.304s] Level 1:colcon.colcon_core.environment:checking '/home/imtld.local/niranjan.kulkarni/git/grpe_larm_mother/install/grpe_larm_mother/bin'
[4.306s] INFO:colcon.colcon_core.shell:Creating package script '/home/imtld.local/niranjan.kulkarni/git/grpe_larm_mother/install/grpe_larm_mother/share/grpe_larm_mother/package.ps1'
[4.311s] INFO:colcon.colcon_core.shell:Creating package descriptor '/home/imtld.local/niranjan.kulkarni/git/grpe_larm_mother/install/grpe_larm_mother/share/grpe_larm_mother/package.dsv'
[4.316s] INFO:colcon.colcon_core.shell:Creating package script '/home/imtld.local/niranjan.kulkarni/git/grpe_larm_mother/install/grpe_larm_mother/share/grpe_larm_mother/package.sh'
[4.321s] INFO:colcon.colcon_core.shell:Creating package script '/home/imtld.local/niranjan.kulkarni/git/grpe_larm_mother/install/grpe_larm_mother/share/grpe_larm_mother/package.bash'
[4.326s] INFO:colcon.colcon_core.shell:Creating package script '/home/imtld.local/niranjan.kulkarni/git/grpe_larm_mother/install/grpe_larm_mother/share/grpe_larm_mother/package.zsh'
[4.331s] Level 1:colcon.colcon_core.environment:create_file_with_runtime_dependencies(/home/imtld.local/niranjan.kulkarni/git/grpe_larm_mother/install/grpe_larm_mother/share/colcon-core/packages/grpe_larm_mother)
[4.366s] Level 1:colcon.colcon_core.environment:create_environment_scripts_only(grpe_larm_mother)
[4.368s] Level 1:colcon.colcon_core.environment:checking '/home/imtld.local/niranjan.kulkarni/git/grpe_larm_mother/install/grpe_larm_mother' for CMake module files
[4.371s] Level 1:colcon.colcon_core.environment:checking '/home/imtld.local/niranjan.kulkarni/git/grpe_larm_mother/install/grpe_larm_mother' for CMake config files
[4.375s] Level 1:colcon.colcon_core.shell:create_environment_hook('grpe_larm_mother', 'cmake_prefix_path')
[4.376s] INFO:colcon.colcon_core.shell:Creating environment hook '/home/imtld.local/niranjan.kulkarni/git/grpe_larm_mother/install/grpe_larm_mother/share/grpe_larm_mother/hook/cmake_prefix_path.ps1'
[4.381s] INFO:colcon.colcon_core.shell:Creating environment descriptor '/home/imtld.local/niranjan.kulkarni/git/grpe_larm_mother/install/grpe_larm_mother/share/grpe_larm_mother/hook/cmake_prefix_path.dsv'
[4.399s] INFO:colcon.colcon_core.shell:Creating environment hook '/home/imtld.local/niranjan.kulkarni/git/grpe_larm_mother/install/grpe_larm_mother/share/grpe_larm_mother/hook/cmake_prefix_path.sh'
[4.417s] Level 1:colcon.colcon_core.environment:checking '/home/imtld.local/niranjan.kulkarni/git/grpe_larm_mother/install/grpe_larm_mother/lib'
[4.417s] Level 1:colcon.colcon_core.environment:checking '/home/imtld.local/niranjan.kulkarni/git/grpe_larm_mother/install/grpe_larm_mother/bin'
[4.428s] Level 1:colcon.colcon_core.environment:checking '/home/imtld.local/niranjan.kulkarni/git/grpe_larm_mother/install/grpe_larm_mother/lib/pkgconfig/grpe_larm_mother.pc'
[4.428s] Level 1:colcon.colcon_core.environment:checking '/home/imtld.local/niranjan.kulkarni/git/grpe_larm_mother/install/grpe_larm_mother/lib/python3.10/site-packages'
[4.428s] Level 1:colcon.colcon_core.environment:checking '/home/imtld.local/niranjan.kulkarni/git/grpe_larm_mother/install/grpe_larm_mother/bin'
[4.430s] INFO:colcon.colcon_core.shell:Creating package script '/home/imtld.local/niranjan.kulkarni/git/grpe_larm_mother/install/grpe_larm_mother/share/grpe_larm_mother/package.ps1'
[4.450s] INFO:colcon.colcon_core.shell:Creating package descriptor '/home/imtld.local/niranjan.kulkarni/git/grpe_larm_mother/install/grpe_larm_mother/share/grpe_larm_mother/package.dsv'
[4.461s] INFO:colcon.colcon_core.shell:Creating package script '/home/imtld.local/niranjan.kulkarni/git/grpe_larm_mother/install/grpe_larm_mother/share/grpe_larm_mother/package.sh'
[4.465s] INFO:colcon.colcon_core.shell:Creating package script '/home/imtld.local/niranjan.kulkarni/git/grpe_larm_mother/install/grpe_larm_mother/share/grpe_larm_mother/package.bash'
[4.471s] INFO:colcon.colcon_core.shell:Creating package script '/home/imtld.local/niranjan.kulkarni/git/grpe_larm_mother/install/grpe_larm_mother/share/grpe_larm_mother/package.zsh'
[4.476s] Level 1:colcon.colcon_core.environment:create_file_with_runtime_dependencies(/home/imtld.local/niranjan.kulkarni/git/grpe_larm_mother/install/grpe_larm_mother/share/colcon-core/packages/grpe_larm_mother)
[4.481s] DEBUG:colcon.colcon_parallel_executor.executor.parallel:closing loop
[4.481s] DEBUG:colcon.colcon_parallel_executor.executor.parallel:loop closed
[4.482s] DEBUG:colcon.colcon_parallel_executor.executor.parallel:run_until_complete finished with '0'
[4.482s] DEBUG:colcon.colcon_core.event_reactor:joining thread
[4.492s] INFO:colcon.colcon_core.plugin_system:Skipping extension 'colcon_notification.desktop_notification.terminal_notifier': Not used on non-Darwin systems
[4.492s] INFO:colcon.colcon_core.plugin_system:Skipping extension 'colcon_notification.desktop_notification.win32': Not used on non-Windows systems
[4.492s] INFO:colcon.colcon_notification.desktop_notification:Sending desktop notification using 'notify2'
[4.502s] DEBUG:colcon.colcon_core.event_reactor:joined thread
[4.504s] INFO:colcon.colcon_core.shell:Creating prefix script '/home/imtld.local/niranjan.kulkarni/git/grpe_larm_mother/install/local_setup.ps1'
[4.508s] INFO:colcon.colcon_core.shell:Creating prefix util module '/home/imtld.local/niranjan.kulkarni/git/grpe_larm_mother/install/_local_setup_util_ps1.py'
[4.515s] INFO:colcon.colcon_core.shell:Creating prefix chain script '/home/imtld.local/niranjan.kulkarni/git/grpe_larm_mother/install/setup.ps1'
[4.521s] INFO:colcon.colcon_core.shell:Creating prefix script '/home/imtld.local/niranjan.kulkarni/git/grpe_larm_mother/install/local_setup.sh'
[4.531s] INFO:colcon.colcon_core.shell:Creating prefix util module '/home/imtld.local/niranjan.kulkarni/git/grpe_larm_mother/install/_local_setup_util_sh.py'
[4.540s] INFO:colcon.colcon_core.shell:Creating prefix chain script '/home/imtld.local/niranjan.kulkarni/git/grpe_larm_mother/install/setup.sh'
[4.554s] INFO:colcon.colcon_core.shell:Creating prefix script '/home/imtld.local/niranjan.kulkarni/git/grpe_larm_mother/install/local_setup.bash'
[4.559s] INFO:colcon.colcon_core.shell:Creating prefix chain script '/home/imtld.local/niranjan.kulkarni/git/grpe_larm_mother/install/setup.bash'
[4.573s] INFO:colcon.colcon_core.shell:Creating prefix script '/home/imtld.local/niranjan.kulkarni/git/grpe_larm_mother/install/local_setup.zsh'
[4.595s] INFO:colcon.colcon_core.shell:Creating prefix chain script '/home/imtld.local/niranjan.kulkarni/git/grpe_larm_mother/install/setup.zsh'
