[0.173s] Invoking command in '/home/imtld.local/aristide.dossou-yovo/ros2_ws/build/tuto_kickoff': CMAKE_PREFIX_PATH=${CMAKE_PREFIX_PATH}:/opt/ros/iron /usr/bin/cmake --build /home/imtld.local/aristide.dossou-yovo/ros2_ws/build/tuto_kickoff -- -j12 -l12
[0.352s] Invoked command in '/home/imtld.local/aristide.dossou-yovo/ros2_ws/build/tuto_kickoff' returned '0': CMAKE_PREFIX_PATH=${CMAKE_PREFIX_PATH}:/opt/ros/iron /usr/bin/cmake --build /home/imtld.local/aristide.dossou-yovo/ros2_ws/build/tuto_kickoff -- -j12 -l12
[0.510s] Invoking command in '/home/imtld.local/aristide.dossou-yovo/ros2_ws/build/tuto_kickoff': CMAKE_PREFIX_PATH=${CMAKE_PREFIX_PATH}:/opt/ros/iron /usr/bin/cmake --install /home/imtld.local/aristide.dossou-yovo/ros2_ws/build/tuto_kickoff
[0.539s] -- Install configuration: ""
[0.542s] -- Up-to-date: /home/imtld.local/aristide.dossou-yovo/ros2_ws/install/tuto_kickoff/share/tuto_kickoff//scripts
[0.550s] -- Up-to-date: /home/imtld.local/aristide.dossou-yovo/ros2_ws/install/tuto_kickoff/share/tuto_kickoff//scripts/code_tuto_move.py
[0.552s] -- Up-to-date: /home/imtld.local/aristide.dossou-yovo/ros2_ws/install/tuto_kickoff/share/tuto_kickoff//scripts/__init__.py
[0.553s] -- Installing: /home/imtld.local/aristide.dossou-yovo/ros2_ws/install/tuto_kickoff/share/tuto_kickoff//scripts/reactive_move.py
[0.593s] -- Up-to-date: /home/imtld.local/aristide.dossou-yovo/ros2_ws/install/tuto_kickoff/share/tuto_kickoff//scripts/MinimalPublisher.py
[0.596s] -- Up-to-date: /home/imtld.local/aristide.dossou-yovo/ros2_ws/install/tuto_kickoff/share/tuto_kickoff//scripts/MinimalSuscriber.py
[0.597s] -- Up-to-date: /home/imtld.local/aristide.dossou-yovo/ros2_ws/install/tuto_kickoff/share/tuto_kickoff//scripts/__pycache__
[0.603s] -- Up-to-date: /home/imtld.local/aristide.dossou-yovo/ros2_ws/install/tuto_kickoff/share/tuto_kickoff//scripts/__pycache__/classifier.cpython-310.pyc
[0.607s] -- Up-to-date: /home/imtld.local/aristide.dossou-yovo/ros2_ws/install/tuto_kickoff/share/tuto_kickoff//scripts/__pycache__/test_class.cpython-310-pytest-6.2.5.pyc
[0.611s] -- Up-to-date: /home/imtld.local/aristide.dossou-yovo/ros2_ws/install/tuto_kickoff/share/tuto_kickoff//scripts/__pycache__/__init__.cpython-310.pyc
[0.613s] -- Up-to-date: /home/imtld.local/aristide.dossou-yovo/ros2_ws/install/tuto_kickoff/share/tuto_kickoff//scripts/__pycache__/classifierCircle.cpython-310.pyc
[0.616s] -- Installing: /home/imtld.local/aristide.dossou-yovo/ros2_ws/install/tuto_kickoff/share/tuto_kickoff//scripts/tuto_scan_echo.py
[0.657s] -- Up-to-date: /home/imtld.local/aristide.dossou-yovo/ros2_ws/install/tuto_kickoff/share/tuto_kickoff//launch
[0.664s] -- Up-to-date: /home/imtld.local/aristide.dossou-yovo/ros2_ws/install/tuto_kickoff/share/tuto_kickoff//launch/tutosim_launch.yaml
[0.668s] -- Installing: /home/imtld.local/aristide.dossou-yovo/ros2_ws/install/tuto_kickoff/lib/tuto_kickoff/reactive_move.py
[0.695s] -- Up-to-date: /home/imtld.local/aristide.dossou-yovo/ros2_ws/install/tuto_kickoff/share/ament_index/resource_index/package_run_dependencies/tuto_kickoff
[0.699s] -- Up-to-date: /home/imtld.local/aristide.dossou-yovo/ros2_ws/install/tuto_kickoff/share/ament_index/resource_index/parent_prefix_path/tuto_kickoff
[0.703s] -- Up-to-date: /home/imtld.local/aristide.dossou-yovo/ros2_ws/install/tuto_kickoff/share/tuto_kickoff/environment/ament_prefix_path.sh
[0.706s] -- Up-to-date: /home/imtld.local/aristide.dossou-yovo/ros2_ws/install/tuto_kickoff/share/tuto_kickoff/environment/ament_prefix_path.dsv
[0.707s] -- Up-to-date: /home/imtld.local/aristide.dossou-yovo/ros2_ws/install/tuto_kickoff/share/tuto_kickoff/environment/path.sh
[0.709s] -- Up-to-date: /home/imtld.local/aristide.dossou-yovo/ros2_ws/install/tuto_kickoff/share/tuto_kickoff/environment/path.dsv
[0.712s] -- Up-to-date: /home/imtld.local/aristide.dossou-yovo/ros2_ws/install/tuto_kickoff/share/tuto_kickoff/local_setup.bash
[0.714s] -- Up-to-date: /home/imtld.local/aristide.dossou-yovo/ros2_ws/install/tuto_kickoff/share/tuto_kickoff/local_setup.sh
[0.714s] -- Up-to-date: /home/imtld.local/aristide.dossou-yovo/ros2_ws/install/tuto_kickoff/share/tuto_kickoff/local_setup.zsh
[0.716s] -- Up-to-date: /home/imtld.local/aristide.dossou-yovo/ros2_ws/install/tuto_kickoff/share/tuto_kickoff/local_setup.dsv
[0.720s] -- Installing: /home/imtld.local/aristide.dossou-yovo/ros2_ws/install/tuto_kickoff/share/tuto_kickoff/package.dsv
[0.757s] -- Up-to-date: /home/imtld.local/aristide.dossou-yovo/ros2_ws/install/tuto_kickoff/share/ament_index/resource_index/packages/tuto_kickoff
[0.761s] -- Up-to-date: /home/imtld.local/aristide.dossou-yovo/ros2_ws/install/tuto_kickoff/share/tuto_kickoff/cmake/tuto_kickoffConfig.cmake
[0.763s] -- Up-to-date: /home/imtld.local/aristide.dossou-yovo/ros2_ws/install/tuto_kickoff/share/tuto_kickoff/cmake/tuto_kickoffConfig-version.cmake
[0.764s] -- Up-to-date: /home/imtld.local/aristide.dossou-yovo/ros2_ws/install/tuto_kickoff/share/tuto_kickoff/package.xml
[0.795s] Invoked command in '/home/imtld.local/aristide.dossou-yovo/ros2_ws/build/tuto_kickoff' returned '0': CMAKE_PREFIX_PATH=${CMAKE_PREFIX_PATH}:/opt/ros/iron /usr/bin/cmake --install /home/imtld.local/aristide.dossou-yovo/ros2_ws/build/tuto_kickoff
