-- Install configuration: ""
-- Up-to-date: /home/imtld.local/niranjan.kulkarni/git/install/mb6_basic/share/mb6_basic//launch
-- Up-to-date: /home/imtld.local/niranjan.kulkarni/git/install/mb6_basic/share/mb6_basic//launch/parasit_launch.yaml
-- Up-to-date: /home/imtld.local/niranjan.kulkarni/git/install/mb6_basic/lib/mb6_basic/basic
-- Up-to-date: /home/imtld.local/niranjan.kulkarni/git/install/mb6_basic/lib/mb6_basic/basic/__init__.py
-- Up-to-date: /home/imtld.local/niranjan.kulkarni/git/install/mb6_basic/lib/mb6_basic/multiplexer
-- Up-to-date: /home/imtld.local/niranjan.kulkarni/git/install/mb6_basic/lib/mb6_basic/parasit
-- Up-to-date: /home/imtld.local/niranjan.kulkarni/git/install/mb6_basic/lib/mb6_basic/pulse_monitor
-- Up-to-date: /home/imtld.local/niranjan.kulkarni/git/install/mb6_basic/share/ament_index/resource_index/package_run_dependencies/mb6_basic
-- Up-to-date: /home/imtld.local/niranjan.kulkarni/git/install/mb6_basic/share/ament_index/resource_index/parent_prefix_path/mb6_basic
-- Up-to-date: /home/imtld.local/niranjan.kulkarni/git/install/mb6_basic/share/mb6_basic/environment/ament_prefix_path.sh
-- Up-to-date: /home/imtld.local/niranjan.kulkarni/git/install/mb6_basic/share/mb6_basic/environment/ament_prefix_path.dsv
-- Up-to-date: /home/imtld.local/niranjan.kulkarni/git/install/mb6_basic/share/mb6_basic/environment/path.sh
-- Up-to-date: /home/imtld.local/niranjan.kulkarni/git/install/mb6_basic/share/mb6_basic/environment/path.dsv
-- Up-to-date: /home/imtld.local/niranjan.kulkarni/git/install/mb6_basic/share/mb6_basic/local_setup.bash
-- Up-to-date: /home/imtld.local/niranjan.kulkarni/git/install/mb6_basic/share/mb6_basic/local_setup.sh
-- Up-to-date: /home/imtld.local/niranjan.kulkarni/git/install/mb6_basic/share/mb6_basic/local_setup.zsh
-- Up-to-date: /home/imtld.local/niranjan.kulkarni/git/install/mb6_basic/share/mb6_basic/local_setup.dsv
-- Installing: /home/imtld.local/niranjan.kulkarni/git/install/mb6_basic/share/mb6_basic/package.dsv
-- Up-to-date: /home/imtld.local/niranjan.kulkarni/git/install/mb6_basic/share/ament_index/resource_index/packages/mb6_basic
-- Up-to-date: /home/imtld.local/niranjan.kulkarni/git/install/mb6_basic/share/mb6_basic/cmake/mb6_basicConfig.cmake
-- Up-to-date: /home/imtld.local/niranjan.kulkarni/git/install/mb6_basic/share/mb6_basic/cmake/mb6_basicConfig-version.cmake
-- Up-to-date: /home/imtld.local/niranjan.kulkarni/git/install/mb6_basic/share/mb6_basic/package.xml
