[0.097s] Invoking command in '/home/imtld.local/niranjan.kulkarni/git/build/mb6_basic': CMAKE_PREFIX_PATH=${CMAKE_PREFIX_PATH}:/opt/ros/iron /usr/bin/cmake --build /home/imtld.local/niranjan.kulkarni/git/build/mb6_basic -- -j12 -l12
[0.125s] Invoked command in '/home/imtld.local/niranjan.kulkarni/git/build/mb6_basic' returned '0': CMAKE_PREFIX_PATH=${CMAKE_PREFIX_PATH}:/opt/ros/iron /usr/bin/cmake --build /home/imtld.local/niranjan.kulkarni/git/build/mb6_basic -- -j12 -l12
[0.152s] Invoking command in '/home/imtld.local/niranjan.kulkarni/git/build/mb6_basic': CMAKE_PREFIX_PATH=${CMAKE_PREFIX_PATH}:/opt/ros/iron /usr/bin/cmake --install /home/imtld.local/niranjan.kulkarni/git/build/mb6_basic
[0.157s] -- Install configuration: ""
[0.164s] -- Up-to-date: /home/imtld.local/niranjan.kulkarni/git/install/mb6_basic/share/mb6_basic//launch
[0.166s] -- Up-to-date: /home/imtld.local/niranjan.kulkarni/git/install/mb6_basic/share/mb6_basic//launch/parasit_launch.yaml
[0.167s] -- Up-to-date: /home/imtld.local/niranjan.kulkarni/git/install/mb6_basic/lib/mb6_basic/basic
[0.172s] -- Up-to-date: /home/imtld.local/niranjan.kulkarni/git/install/mb6_basic/lib/mb6_basic/basic/__init__.py
[0.174s] -- Up-to-date: /home/imtld.local/niranjan.kulkarni/git/install/mb6_basic/lib/mb6_basic/multiplexer
[0.175s] -- Up-to-date: /home/imtld.local/niranjan.kulkarni/git/install/mb6_basic/lib/mb6_basic/parasit
[0.175s] -- Up-to-date: /home/imtld.local/niranjan.kulkarni/git/install/mb6_basic/lib/mb6_basic/pulse_monitor
[0.178s] -- Up-to-date: /home/imtld.local/niranjan.kulkarni/git/install/mb6_basic/share/ament_index/resource_index/package_run_dependencies/mb6_basic
[0.191s] -- Up-to-date: /home/imtld.local/niranjan.kulkarni/git/install/mb6_basic/share/ament_index/resource_index/parent_prefix_path/mb6_basic
[0.193s] -- Up-to-date: /home/imtld.local/niranjan.kulkarni/git/install/mb6_basic/share/mb6_basic/environment/ament_prefix_path.sh
[0.194s] -- Up-to-date: /home/imtld.local/niranjan.kulkarni/git/install/mb6_basic/share/mb6_basic/environment/ament_prefix_path.dsv
[0.194s] -- Up-to-date: /home/imtld.local/niranjan.kulkarni/git/install/mb6_basic/share/mb6_basic/environment/path.sh
[0.196s] -- Up-to-date: /home/imtld.local/niranjan.kulkarni/git/install/mb6_basic/share/mb6_basic/environment/path.dsv
[0.198s] -- Up-to-date: /home/imtld.local/niranjan.kulkarni/git/install/mb6_basic/share/mb6_basic/local_setup.bash
[0.204s] -- Up-to-date: /home/imtld.local/niranjan.kulkarni/git/install/mb6_basic/share/mb6_basic/local_setup.sh
[0.216s] -- Up-to-date: /home/imtld.local/niranjan.kulkarni/git/install/mb6_basic/share/mb6_basic/local_setup.zsh
[0.216s] -- Up-to-date: /home/imtld.local/niranjan.kulkarni/git/install/mb6_basic/share/mb6_basic/local_setup.dsv
[0.219s] -- Installing: /home/imtld.local/niranjan.kulkarni/git/install/mb6_basic/share/mb6_basic/package.dsv
[0.254s] -- Up-to-date: /home/imtld.local/niranjan.kulkarni/git/install/mb6_basic/share/ament_index/resource_index/packages/mb6_basic
[0.256s] -- Up-to-date: /home/imtld.local/niranjan.kulkarni/git/install/mb6_basic/share/mb6_basic/cmake/mb6_basicConfig.cmake
[0.258s] -- Up-to-date: /home/imtld.local/niranjan.kulkarni/git/install/mb6_basic/share/mb6_basic/cmake/mb6_basicConfig-version.cmake
[0.265s] -- Up-to-date: /home/imtld.local/niranjan.kulkarni/git/install/mb6_basic/share/mb6_basic/package.xml
[0.276s] Invoked command in '/home/imtld.local/niranjan.kulkarni/git/build/mb6_basic' returned '0': CMAKE_PREFIX_PATH=${CMAKE_PREFIX_PATH}:/opt/ros/iron /usr/bin/cmake --install /home/imtld.local/niranjan.kulkarni/git/build/mb6_basic
