[0.136s] Invoking command in '/home/imtld.local/niranjan.kulkarni/git/build/tbot_sim': CMAKE_PREFIX_PATH=${CMAKE_PREFIX_PATH}:/opt/ros/iron /usr/bin/cmake --build /home/imtld.local/niranjan.kulkarni/git/build/tbot_sim -- -j12 -l12
[0.170s] Invoked command in '/home/imtld.local/niranjan.kulkarni/git/build/tbot_sim' returned '0': CMAKE_PREFIX_PATH=${CMAKE_PREFIX_PATH}:/opt/ros/iron /usr/bin/cmake --build /home/imtld.local/niranjan.kulkarni/git/build/tbot_sim -- -j12 -l12
[0.201s] Invoking command in '/home/imtld.local/niranjan.kulkarni/git/build/tbot_sim': CMAKE_PREFIX_PATH=${CMAKE_PREFIX_PATH}:/opt/ros/iron /usr/bin/cmake --install /home/imtld.local/niranjan.kulkarni/git/build/tbot_sim
[0.206s] -- Install configuration: ""
[0.206s] -- Up-to-date: /home/imtld.local/niranjan.kulkarni/git/install/tbot_sim/share/tbot_sim/launch
[0.208s] -- Up-to-date: /home/imtld.local/niranjan.kulkarni/git/install/tbot_sim/share/tbot_sim/launch/challenge-1.launch.py
[0.210s] -- Up-to-date: /home/imtld.local/niranjan.kulkarni/git/install/tbot_sim/share/tbot_sim/launch/challenge-2.launch.py
[0.217s] -- Up-to-date: /home/imtld.local/niranjan.kulkarni/git/install/tbot_sim/share/tbot_sim/launch/challenge-3.launch.py
[0.220s] -- Up-to-date: /home/imtld.local/niranjan.kulkarni/git/install/tbot_sim/share/tbot_sim/launch/code_tuto_move.py
[0.220s] -- Up-to-date: /home/imtld.local/niranjan.kulkarni/git/install/tbot_sim/share/tbot_sim/launch/__pycache__
[0.222s] -- Up-to-date: /home/imtld.local/niranjan.kulkarni/git/install/tbot_sim/share/tbot_sim/launch/__pycache__/challenge-1.launch.cpython-310.pyc
[0.223s] -- Installing: /home/imtld.local/niranjan.kulkarni/git/install/tbot_sim/share/tbot_sim/launch/tutosim_launch.yaml
[0.253s] -- Up-to-date: /home/imtld.local/niranjan.kulkarni/git/install/tbot_sim/share/tbot_sim/launch/includes
[0.269s] -- Up-to-date: /home/imtld.local/niranjan.kulkarni/git/install/tbot_sim/share/tbot_sim/launch/includes/challenge.launch.py
[0.270s] -- Up-to-date: /home/imtld.local/niranjan.kulkarni/git/install/tbot_sim/share/tbot_sim/launch/includes/gazebo.launch.py
[0.281s] -- Up-to-date: /home/imtld.local/niranjan.kulkarni/git/install/tbot_sim/share/tbot_sim/launch/includes/spawn_create.launch.py
[0.291s] -- Up-to-date: /home/imtld.local/niranjan.kulkarni/git/install/tbot_sim/share/tbot_sim/launch/includes/spawn_entity.launch.py
[0.298s] -- Up-to-date: /home/imtld.local/niranjan.kulkarni/git/install/tbot_sim/share/tbot_sim/launch/includes/spawn_kobuki.launch.py
[0.300s] -- Up-to-date: /home/imtld.local/niranjan.kulkarni/git/install/tbot_sim/share/tbot_sim/launch/includes/spawn_tbot.launch.py
[0.300s] -- Up-to-date: /home/imtld.local/niranjan.kulkarni/git/install/tbot_sim/share/tbot_sim/models
[0.302s] -- Up-to-date: /home/imtld.local/niranjan.kulkarni/git/install/tbot_sim/share/tbot_sim/models/tbot
[0.309s] -- Up-to-date: /home/imtld.local/niranjan.kulkarni/git/install/tbot_sim/share/tbot_sim/models/tbot/model.config
[0.309s] -- Up-to-date: /home/imtld.local/niranjan.kulkarni/git/install/tbot_sim/share/tbot_sim/models/tbot/model.sdf
[0.309s] -- Up-to-date: /home/imtld.local/niranjan.kulkarni/git/install/tbot_sim/share/tbot_sim/models/tbot/materials
[0.309s] -- Up-to-date: /home/imtld.local/niranjan.kulkarni/git/install/tbot_sim/share/tbot_sim/models/tbot/materials/textures
[0.310s] -- Up-to-date: /home/imtld.local/niranjan.kulkarni/git/install/tbot_sim/share/tbot_sim/models/tbot/materials/textures/1f_stack.jpg
[0.310s] -- Up-to-date: /home/imtld.local/niranjan.kulkarni/git/install/tbot_sim/share/tbot_sim/models/tbot/materials/textures/2f_stack.jpg
[0.313s] -- Up-to-date: /home/imtld.local/niranjan.kulkarni/git/install/tbot_sim/share/tbot_sim/models/tbot/materials/textures/3f_stack.jpg
[0.313s] -- Up-to-date: /home/imtld.local/niranjan.kulkarni/git/install/tbot_sim/share/tbot_sim/models/tbot/meshes
[0.318s] -- Up-to-date: /home/imtld.local/niranjan.kulkarni/git/install/tbot_sim/share/tbot_sim/models/tbot/meshes/plate_bottom.dae
[0.321s] -- Up-to-date: /home/imtld.local/niranjan.kulkarni/git/install/tbot_sim/share/tbot_sim/models/tbot/meshes/plate_middle.dae
[0.330s] -- Up-to-date: /home/imtld.local/niranjan.kulkarni/git/install/tbot_sim/share/tbot_sim/models/tbot/meshes/plate_top.dae
[0.330s] -- Up-to-date: /home/imtld.local/niranjan.kulkarni/git/install/tbot_sim/share/tbot_sim/models/willowgarage
[0.338s] -- Up-to-date: /home/imtld.local/niranjan.kulkarni/git/install/tbot_sim/share/tbot_sim/models/willowgarage/model-1_2.sdf
[0.340s] -- Up-to-date: /home/imtld.local/niranjan.kulkarni/git/install/tbot_sim/share/tbot_sim/models/willowgarage/model-1_3.sdf
[0.340s] -- Up-to-date: /home/imtld.local/niranjan.kulkarni/git/install/tbot_sim/share/tbot_sim/models/willowgarage/model-1_4.sdf
[0.342s] -- Up-to-date: /home/imtld.local/niranjan.kulkarni/git/install/tbot_sim/share/tbot_sim/models/willowgarage/model.config
[0.349s] -- Up-to-date: /home/imtld.local/niranjan.kulkarni/git/install/tbot_sim/share/tbot_sim/models/willowgarage/model.sdf
[0.351s] -- Up-to-date: /home/imtld.local/niranjan.kulkarni/git/install/tbot_sim/share/tbot_sim/models/willowgarage/materials
[0.359s] -- Up-to-date: /home/imtld.local/niranjan.kulkarni/git/install/tbot_sim/share/tbot_sim/models/willowgarage/materials/textures
[0.359s] -- Up-to-date: /home/imtld.local/niranjan.kulkarni/git/install/tbot_sim/share/tbot_sim/models/willowgarage/materials/textures/Carpet_Berber_Pattern_Gray_.png
[0.369s] -- Up-to-date: /home/imtld.local/niranjan.kulkarni/git/install/tbot_sim/share/tbot_sim/models/willowgarage/materials/textures/Stone_Brushed_Khaki_.png
[0.371s] -- Up-to-date: /home/imtld.local/niranjan.kulkarni/git/install/tbot_sim/share/tbot_sim/models/willowgarage/materials/textures/Wood_Bamboo_Medium_.png
[0.373s] -- Up-to-date: /home/imtld.local/niranjan.kulkarni/git/install/tbot_sim/share/tbot_sim/models/willowgarage/materials/textures/Wood_Cherry_Original_.png
[0.384s] -- Up-to-date: /home/imtld.local/niranjan.kulkarni/git/install/tbot_sim/share/tbot_sim/models/willowgarage/materials/textures/__Wood_Bamboo_Medium_1.png
[0.394s] -- Up-to-date: /home/imtld.local/niranjan.kulkarni/git/install/tbot_sim/share/tbot_sim/models/willowgarage/materials/textures/__auto_12.png
[0.398s] -- Up-to-date: /home/imtld.local/niranjan.kulkarni/git/install/tbot_sim/share/tbot_sim/models/willowgarage/materials/textures/__auto_2.png
[0.398s] -- Up-to-date: /home/imtld.local/niranjan.kulkarni/git/install/tbot_sim/share/tbot_sim/models/willowgarage/meshes
[0.401s] -- Up-to-date: /home/imtld.local/niranjan.kulkarni/git/install/tbot_sim/share/tbot_sim/models/willowgarage/meshes/willowgarage_collision.dae
[0.413s] -- Up-to-date: /home/imtld.local/niranjan.kulkarni/git/install/tbot_sim/share/tbot_sim/models/willowgarage/meshes/willowgarage_visual.dae
[0.413s] -- Up-to-date: /home/imtld.local/niranjan.kulkarni/git/install/tbot_sim/share/tbot_sim/models/kobuki_model
[0.420s] -- Up-to-date: /home/imtld.local/niranjan.kulkarni/git/install/tbot_sim/share/tbot_sim/models/kobuki_model/model.config
[0.431s] -- Up-to-date: /home/imtld.local/niranjan.kulkarni/git/install/tbot_sim/share/tbot_sim/models/kobuki_model/model.sdf
[0.431s] -- Up-to-date: /home/imtld.local/niranjan.kulkarni/git/install/tbot_sim/share/tbot_sim/models/kobuki_model/meshes
[0.438s] -- Up-to-date: /home/imtld.local/niranjan.kulkarni/git/install/tbot_sim/share/tbot_sim/models/kobuki_model/meshes/hokuyo.dae
[0.438s] -- Up-to-date: /home/imtld.local/niranjan.kulkarni/git/install/tbot_sim/share/tbot_sim/models/kobuki_model/meshes/main_body.dae
[0.440s] -- Up-to-date: /home/imtld.local/niranjan.kulkarni/git/install/tbot_sim/share/tbot_sim/models/kobuki_model/meshes/wheel.dae
[0.440s] -- Up-to-date: /home/imtld.local/niranjan.kulkarni/git/install/tbot_sim/share/tbot_sim/models/kobuki_model/meshes/images
[0.441s] -- Up-to-date: /home/imtld.local/niranjan.kulkarni/git/install/tbot_sim/share/tbot_sim/models/kobuki_model/meshes/images/main_body.jpg
[0.446s] -- Up-to-date: /home/imtld.local/niranjan.kulkarni/git/install/tbot_sim/share/tbot_sim/models/kobuki_model/meshes/images/wheel.jpg
[0.453s] -- Up-to-date: /home/imtld.local/niranjan.kulkarni/git/install/tbot_sim/share/tbot_sim/models/SYV_office_chairs
[0.456s] -- Up-to-date: /home/imtld.local/niranjan.kulkarni/git/install/tbot_sim/share/tbot_sim/models/SYV_office_chairs/model.config
[0.460s] -- Up-to-date: /home/imtld.local/niranjan.kulkarni/git/install/tbot_sim/share/tbot_sim/models/SYV_office_chairs/model.sdf
[0.462s] -- Up-to-date: /home/imtld.local/niranjan.kulkarni/git/install/tbot_sim/share/tbot_sim/models/SYV_office_chairs/meshes
[0.464s] -- Up-to-date: /home/imtld.local/niranjan.kulkarni/git/install/tbot_sim/share/tbot_sim/models/SYV_office_chairs/meshes/chair.dae
[0.471s] -- Up-to-date: /home/imtld.local/niranjan.kulkarni/git/install/tbot_sim/share/tbot_sim/models/SYV_office_desks
[0.472s] -- Up-to-date: /home/imtld.local/niranjan.kulkarni/git/install/tbot_sim/share/tbot_sim/models/SYV_office_desks/model.config
[0.497s] -- Up-to-date: /home/imtld.local/niranjan.kulkarni/git/install/tbot_sim/share/tbot_sim/models/SYV_office_desks/model.sdf
[0.498s] -- Up-to-date: /home/imtld.local/niranjan.kulkarni/git/install/tbot_sim/share/tbot_sim/models/SYV_office_desks/meshes
[0.498s] -- Up-to-date: /home/imtld.local/niranjan.kulkarni/git/install/tbot_sim/share/tbot_sim/models/SYV_office_desks/meshes/woodfurn.dae
[0.500s] -- Up-to-date: /home/imtld.local/niranjan.kulkarni/git/install/tbot_sim/share/tbot_sim/models/turtlebot
[0.517s] -- Up-to-date: /home/imtld.local/niranjan.kulkarni/git/install/tbot_sim/share/tbot_sim/models/turtlebot/model-1_2.sdf
[0.520s] -- Up-to-date: /home/imtld.local/niranjan.kulkarni/git/install/tbot_sim/share/tbot_sim/models/turtlebot/model-1_3.sdf
[0.524s] -- Up-to-date: /home/imtld.local/niranjan.kulkarni/git/install/tbot_sim/share/tbot_sim/models/turtlebot/model-1_4.sdf
[0.524s] -- Up-to-date: /home/imtld.local/niranjan.kulkarni/git/install/tbot_sim/share/tbot_sim/models/turtlebot/model.config
[0.526s] -- Up-to-date: /home/imtld.local/niranjan.kulkarni/git/install/tbot_sim/share/tbot_sim/models/turtlebot/model.sdf
[0.528s] -- Up-to-date: /home/imtld.local/niranjan.kulkarni/git/install/tbot_sim/share/tbot_sim/models/turtlebot/materials
[0.535s] -- Up-to-date: /home/imtld.local/niranjan.kulkarni/git/install/tbot_sim/share/tbot_sim/models/turtlebot/materials/textures
[0.541s] -- Up-to-date: /home/imtld.local/niranjan.kulkarni/git/install/tbot_sim/share/tbot_sim/models/turtlebot/materials/textures/68-02421-8000-RA_Turtlebot_F-F_Standoff_color.png
[0.541s] -- Up-to-date: /home/imtld.local/niranjan.kulkarni/git/install/tbot_sim/share/tbot_sim/models/turtlebot/materials/textures/68-04552-1000-RA_Turtlebot_M-F_Standoff_color.png
[0.543s] -- Up-to-date: /home/imtld.local/niranjan.kulkarni/git/install/tbot_sim/share/tbot_sim/models/turtlebot/materials/textures/68-04552-2000-RA_Turtlebot_M-F_Standoff_color.png
[0.545s] -- Up-to-date: /home/imtld.local/niranjan.kulkarni/git/install/tbot_sim/share/tbot_sim/models/turtlebot/materials/textures/create_body.png
[0.552s] -- Up-to-date: /home/imtld.local/niranjan.kulkarni/git/install/tbot_sim/share/tbot_sim/models/turtlebot/materials/textures/plate_0_logo.png
[0.559s] -- Up-to-date: /home/imtld.local/niranjan.kulkarni/git/install/tbot_sim/share/tbot_sim/models/turtlebot/materials/textures/plate_1_logo.png
[0.561s] -- Up-to-date: /home/imtld.local/niranjan.kulkarni/git/install/tbot_sim/share/tbot_sim/models/turtlebot/materials/textures/plate_2_logo.png
[0.568s] -- Up-to-date: /home/imtld.local/niranjan.kulkarni/git/install/tbot_sim/share/tbot_sim/models/turtlebot/meshes
[0.572s] -- Up-to-date: /home/imtld.local/niranjan.kulkarni/git/install/tbot_sim/share/tbot_sim/models/turtlebot/meshes/68-02403-125_Spacer.dae
[0.580s] -- Up-to-date: /home/imtld.local/niranjan.kulkarni/git/install/tbot_sim/share/tbot_sim/models/turtlebot/meshes/68-02421-8000-RA_Turtlebot_F-F_Standoff.dae
[0.582s] -- Up-to-date: /home/imtld.local/niranjan.kulkarni/git/install/tbot_sim/share/tbot_sim/models/turtlebot/meshes/68-04552-1000-RA_Turtlebot_M-F_Standoff.dae
[0.585s] -- Up-to-date: /home/imtld.local/niranjan.kulkarni/git/install/tbot_sim/share/tbot_sim/models/turtlebot/meshes/68-04552-2000-RA_Turtlebot_M-F_Standoff.dae
[0.593s] -- Up-to-date: /home/imtld.local/niranjan.kulkarni/git/install/tbot_sim/share/tbot_sim/models/turtlebot/meshes/68-04556-RA_Kinect_Standoff_Assy.dae
[0.593s] -- Up-to-date: /home/imtld.local/niranjan.kulkarni/git/install/tbot_sim/share/tbot_sim/models/turtlebot/meshes/create_body.dae
[0.607s] -- Up-to-date: /home/imtld.local/niranjan.kulkarni/git/install/tbot_sim/share/tbot_sim/models/turtlebot/meshes/plate_0_logo.dae
[0.609s] -- Up-to-date: /home/imtld.local/niranjan.kulkarni/git/install/tbot_sim/share/tbot_sim/models/turtlebot/meshes/plate_1_logo.dae
[0.611s] -- Up-to-date: /home/imtld.local/niranjan.kulkarni/git/install/tbot_sim/share/tbot_sim/models/turtlebot/meshes/plate_2_logo.dae
[0.622s] -- Up-to-date: /home/imtld.local/niranjan.kulkarni/git/install/tbot_sim/share/tbot_sim/models/kobuki
[0.638s] -- Up-to-date: /home/imtld.local/niranjan.kulkarni/git/install/tbot_sim/share/tbot_sim/models/kobuki/model.config
[0.646s] -- Up-to-date: /home/imtld.local/niranjan.kulkarni/git/install/tbot_sim/share/tbot_sim/models/kobuki/model.sdf
[0.653s] -- Up-to-date: /home/imtld.local/niranjan.kulkarni/git/install/tbot_sim/share/tbot_sim/models/kobuki/materials
[0.653s] -- Up-to-date: /home/imtld.local/niranjan.kulkarni/git/install/tbot_sim/share/tbot_sim/models/kobuki/materials/textures
[0.657s] -- Up-to-date: /home/imtld.local/niranjan.kulkarni/git/install/tbot_sim/share/tbot_sim/models/kobuki/materials/textures/main_body.jpg
[0.664s] -- Up-to-date: /home/imtld.local/niranjan.kulkarni/git/install/tbot_sim/share/tbot_sim/models/kobuki/materials/textures/wheel.jpg
[0.669s] -- Up-to-date: /home/imtld.local/niranjan.kulkarni/git/install/tbot_sim/share/tbot_sim/models/kobuki/meshes
[0.669s] -- Up-to-date: /home/imtld.local/niranjan.kulkarni/git/install/tbot_sim/share/tbot_sim/models/kobuki/meshes/main_body.dae
[0.672s] -- Up-to-date: /home/imtld.local/niranjan.kulkarni/git/install/tbot_sim/share/tbot_sim/models/kobuki/meshes/wheel.dae
[0.674s] -- Up-to-date: /home/imtld.local/niranjan.kulkarni/git/install/tbot_sim/share/tbot_sim/models/SYV_office_walls
[0.679s] -- Up-to-date: /home/imtld.local/niranjan.kulkarni/git/install/tbot_sim/share/tbot_sim/models/SYV_office_walls/model.config
[0.680s] -- Up-to-date: /home/imtld.local/niranjan.kulkarni/git/install/tbot_sim/share/tbot_sim/models/SYV_office_walls/model.sdf
[0.681s] -- Up-to-date: /home/imtld.local/niranjan.kulkarni/git/install/tbot_sim/share/tbot_sim/models/SYV_office_walls/meshes
[0.686s] -- Up-to-date: /home/imtld.local/niranjan.kulkarni/git/install/tbot_sim/share/tbot_sim/models/SYV_office_walls/meshes/walls.dae
[0.687s] -- Up-to-date: /home/imtld.local/niranjan.kulkarni/git/install/tbot_sim/share/tbot_sim/models/nuka_cola
[0.695s] -- Up-to-date: /home/imtld.local/niranjan.kulkarni/git/install/tbot_sim/share/tbot_sim/models/nuka_cola/model.config
[0.696s] -- Up-to-date: /home/imtld.local/niranjan.kulkarni/git/install/tbot_sim/share/tbot_sim/models/nuka_cola/model.sdf
[0.704s] -- Up-to-date: /home/imtld.local/niranjan.kulkarni/git/install/tbot_sim/share/tbot_sim/models/nuka_cola/materials
[0.706s] -- Up-to-date: /home/imtld.local/niranjan.kulkarni/git/install/tbot_sim/share/tbot_sim/models/nuka_cola/materials/textures
[0.708s] -- Up-to-date: /home/imtld.local/niranjan.kulkarni/git/install/tbot_sim/share/tbot_sim/models/nuka_cola/materials/textures/nuka_cola.png
[0.710s] -- Up-to-date: /home/imtld.local/niranjan.kulkarni/git/install/tbot_sim/share/tbot_sim/models/nuka_cola/meshes
[0.714s] -- Up-to-date: /home/imtld.local/niranjan.kulkarni/git/install/tbot_sim/share/tbot_sim/models/nuka_cola/meshes/can.dae
[0.721s] -- Up-to-date: /home/imtld.local/niranjan.kulkarni/git/install/tbot_sim/share/tbot_sim/models/hokuyo
[0.724s] -- Up-to-date: /home/imtld.local/niranjan.kulkarni/git/install/tbot_sim/share/tbot_sim/models/hokuyo/model-1_2.sdf
[0.726s] -- Up-to-date: /home/imtld.local/niranjan.kulkarni/git/install/tbot_sim/share/tbot_sim/models/hokuyo/model-1_3.sdf
[0.730s] -- Up-to-date: /home/imtld.local/niranjan.kulkarni/git/install/tbot_sim/share/tbot_sim/models/hokuyo/model-1_4.sdf
[0.732s] -- Up-to-date: /home/imtld.local/niranjan.kulkarni/git/install/tbot_sim/share/tbot_sim/models/hokuyo/model.config
[0.734s] -- Up-to-date: /home/imtld.local/niranjan.kulkarni/git/install/tbot_sim/share/tbot_sim/models/hokuyo/model.sdf
[0.736s] -- Up-to-date: /home/imtld.local/niranjan.kulkarni/git/install/tbot_sim/share/tbot_sim/models/hokuyo/meshes
[0.744s] -- Up-to-date: /home/imtld.local/niranjan.kulkarni/git/install/tbot_sim/share/tbot_sim/models/hokuyo/meshes/hokuyo.dae
[0.751s] -- Up-to-date: /home/imtld.local/niranjan.kulkarni/git/install/tbot_sim/share/tbot_sim/models/hokuyo/meshes/hokuyo_convex.stl
[0.751s] -- Up-to-date: /home/imtld.local/niranjan.kulkarni/git/install/tbot_sim/share/tbot_sim/models/create
[0.755s] -- Up-to-date: /home/imtld.local/niranjan.kulkarni/git/install/tbot_sim/share/tbot_sim/models/create/model-1_3.sdf
[0.757s] -- Up-to-date: /home/imtld.local/niranjan.kulkarni/git/install/tbot_sim/share/tbot_sim/models/create/model-1_4.sdf
[0.759s] -- Up-to-date: /home/imtld.local/niranjan.kulkarni/git/install/tbot_sim/share/tbot_sim/models/create/model.config
[0.767s] -- Up-to-date: /home/imtld.local/niranjan.kulkarni/git/install/tbot_sim/share/tbot_sim/models/create/model.sdf
[0.768s] -- Up-to-date: /home/imtld.local/niranjan.kulkarni/git/install/tbot_sim/share/tbot_sim/models/create/model-1_2.sdf
[0.776s] -- Up-to-date: /home/imtld.local/niranjan.kulkarni/git/install/tbot_sim/share/tbot_sim/models/create/materials
[0.776s] -- Up-to-date: /home/imtld.local/niranjan.kulkarni/git/install/tbot_sim/share/tbot_sim/models/create/materials/textures
[0.787s] -- Up-to-date: /home/imtld.local/niranjan.kulkarni/git/install/tbot_sim/share/tbot_sim/models/create/materials/textures/create_body.png
[0.792s] -- Up-to-date: /home/imtld.local/niranjan.kulkarni/git/install/tbot_sim/share/tbot_sim/models/create/meshes
[0.794s] -- Up-to-date: /home/imtld.local/niranjan.kulkarni/git/install/tbot_sim/share/tbot_sim/models/create/meshes/create_body.dae
[0.797s] -- Up-to-date: /home/imtld.local/niranjan.kulkarni/git/install/tbot_sim/share/tbot_sim/models/kinect
[0.797s] -- Up-to-date: /home/imtld.local/niranjan.kulkarni/git/install/tbot_sim/share/tbot_sim/models/kinect/model-1_2.sdf
[0.799s] -- Up-to-date: /home/imtld.local/niranjan.kulkarni/git/install/tbot_sim/share/tbot_sim/models/kinect/model-1_3.sdf
[0.799s] -- Up-to-date: /home/imtld.local/niranjan.kulkarni/git/install/tbot_sim/share/tbot_sim/models/kinect/model-1_4.sdf
[0.801s] -- Up-to-date: /home/imtld.local/niranjan.kulkarni/git/install/tbot_sim/share/tbot_sim/models/kinect/model.config
[0.804s] -- Up-to-date: /home/imtld.local/niranjan.kulkarni/git/install/tbot_sim/share/tbot_sim/models/kinect/model.sdf
[0.807s] -- Up-to-date: /home/imtld.local/niranjan.kulkarni/git/install/tbot_sim/share/tbot_sim/models/kinect/materials
[0.807s] -- Up-to-date: /home/imtld.local/niranjan.kulkarni/git/install/tbot_sim/share/tbot_sim/models/kinect/materials/textures
[0.812s] -- Up-to-date: /home/imtld.local/niranjan.kulkarni/git/install/tbot_sim/share/tbot_sim/models/kinect/materials/textures/kinect.png
[0.817s] -- Up-to-date: /home/imtld.local/niranjan.kulkarni/git/install/tbot_sim/share/tbot_sim/models/kinect/meshes
[0.821s] -- Up-to-date: /home/imtld.local/niranjan.kulkarni/git/install/tbot_sim/share/tbot_sim/models/kinect/meshes/kinect.dae
[0.821s] -- Up-to-date: /home/imtld.local/niranjan.kulkarni/git/install/tbot_sim/share/tbot_sim/urdf
[0.831s] -- Up-to-date: /home/imtld.local/niranjan.kulkarni/git/install/tbot_sim/share/tbot_sim/urdf/create.urdf
[0.832s] -- Up-to-date: /home/imtld.local/niranjan.kulkarni/git/install/tbot_sim/share/tbot_sim/urdf/kobuki_standalone.urdf
[0.834s] -- Up-to-date: /home/imtld.local/niranjan.kulkarni/git/install/tbot_sim/share/tbot_sim/urdf/tbot.urdf
[0.834s] -- Up-to-date: /home/imtld.local/niranjan.kulkarni/git/install/tbot_sim/share/tbot_sim/worlds
[0.836s] -- Up-to-date: /home/imtld.local/niranjan.kulkarni/git/install/tbot_sim/share/tbot_sim/worlds/challenge-1.world
[0.840s] -- Up-to-date: /home/imtld.local/niranjan.kulkarni/git/install/tbot_sim/share/tbot_sim/worlds/challenge-2.world
[0.847s] -- Up-to-date: /home/imtld.local/niranjan.kulkarni/git/install/tbot_sim/share/tbot_sim/worlds/challenge-3.world
[0.848s] -- Up-to-date: /home/imtld.local/niranjan.kulkarni/git/install/tbot_sim/share/tbot_sim/worlds/empty.world
[0.861s] -- Up-to-date: /home/imtld.local/niranjan.kulkarni/git/install/tbot_sim/share/ament_index/resource_index/package_run_dependencies/tbot_sim
[0.868s] -- Up-to-date: /home/imtld.local/niranjan.kulkarni/git/install/tbot_sim/share/ament_index/resource_index/parent_prefix_path/tbot_sim
[0.875s] -- Up-to-date: /home/imtld.local/niranjan.kulkarni/git/install/tbot_sim/share/tbot_sim/environment/ament_prefix_path.sh
[0.882s] -- Up-to-date: /home/imtld.local/niranjan.kulkarni/git/install/tbot_sim/share/tbot_sim/environment/ament_prefix_path.dsv
[0.882s] -- Up-to-date: /home/imtld.local/niranjan.kulkarni/git/install/tbot_sim/share/tbot_sim/environment/path.sh
[0.885s] -- Up-to-date: /home/imtld.local/niranjan.kulkarni/git/install/tbot_sim/share/tbot_sim/environment/path.dsv
[0.893s] -- Up-to-date: /home/imtld.local/niranjan.kulkarni/git/install/tbot_sim/share/tbot_sim/local_setup.bash
[0.895s] -- Up-to-date: /home/imtld.local/niranjan.kulkarni/git/install/tbot_sim/share/tbot_sim/local_setup.sh
[0.896s] -- Up-to-date: /home/imtld.local/niranjan.kulkarni/git/install/tbot_sim/share/tbot_sim/local_setup.zsh
[0.896s] -- Up-to-date: /home/imtld.local/niranjan.kulkarni/git/install/tbot_sim/share/tbot_sim/local_setup.dsv
[0.898s] -- Installing: /home/imtld.local/niranjan.kulkarni/git/install/tbot_sim/share/tbot_sim/package.dsv
[0.915s] -- Up-to-date: /home/imtld.local/niranjan.kulkarni/git/install/tbot_sim/share/ament_index/resource_index/packages/tbot_sim
[0.923s] -- Up-to-date: /home/imtld.local/niranjan.kulkarni/git/install/tbot_sim/share/tbot_sim/cmake/tbot_simConfig.cmake
[0.930s] -- Up-to-date: /home/imtld.local/niranjan.kulkarni/git/install/tbot_sim/share/tbot_sim/cmake/tbot_simConfig-version.cmake
[0.930s] -- Up-to-date: /home/imtld.local/niranjan.kulkarni/git/install/tbot_sim/share/tbot_sim/package.xml
[0.956s] Invoked command in '/home/imtld.local/niranjan.kulkarni/git/build/tbot_sim' returned '0': CMAKE_PREFIX_PATH=${CMAKE_PREFIX_PATH}:/opt/ros/iron /usr/bin/cmake --install /home/imtld.local/niranjan.kulkarni/git/build/tbot_sim
