[0.000000] (-) TimerEvent: {}
[0.000138] (grpe_larm_mother) JobQueued: {'identifier': 'grpe_larm_mother', 'dependencies': OrderedDict()}
[0.000172] (mb6_basic) JobQueued: {'identifier': 'mb6_basic', 'dependencies': OrderedDict()}
[0.000200] (grpe_larm_mother) JobStarted: {'identifier': 'grpe_larm_mother'}
[0.037742] (mb6_basic) JobStarted: {'identifier': 'mb6_basic'}
[0.063095] (grpe_larm_mother) JobProgress: {'identifier': 'grpe_larm_mother', 'progress': 'cmake'}
[0.080467] (grpe_larm_mother) JobProgress: {'identifier': 'grpe_larm_mother', 'progress': 'build'}
[0.081296] (grpe_larm_mother) Command: {'cmd': ['/usr/bin/cmake', '--build', '/home/imtld.local/niranjan.kulkarni/git/build/grpe_larm_mother', '--', '-j12', '-l12'], 'cwd': '/home/imtld.local/niranjan.kulkarni/git/build/grpe_larm_mother', 'env': OrderedDict([('ROS_WORSPACE', '/home/imtld.local/niranjan.kulkarni/ros_ws'), ('USER', 'niranjan.kulkarni'), ('XDG_SESSION_TYPE', 'wayland'), ('SHLVL', '1'), ('LD_LIBRARY_PATH', '/usr/lib/x86_64-linux-gnu/gazebo-11/plugins:/opt/ros/iron/opt/rviz_ogre_vendor/lib:/opt/ros/iron/lib/x86_64-linux-gnu:/opt/ros/iron/lib'), ('HOME', '/home/imtld.local/niranjan.kulkarni'), ('OLDPWD', '/home/imtld.local/niranjan.kulkarni/git/grpe_larm_mother'), ('DESKTOP_SESSION', 'ubuntu'), ('ROS_PYTHON_VERSION', '3'), ('GNOME_SHELL_SESSION_MODE', 'ubuntu'), ('GTK_MODULES', 'gail:atk-bridge'), ('DBUS_STARTER_BUS_TYPE', 'session'), ('SYSTEMD_EXEC_PID', '2399'), ('DBUS_SESSION_BUS_ADDRESS', 'unix:path=/run/user/876417573/bus,guid=4985e290d0dc091e554f6fb765a4dfe1'), ('COLORTERM', 'truecolor'), ('IM_CONFIG_PHASE', '1'), ('WAYLAND_DISPLAY', 'wayland-0'), ('COLCON_PREFIX_PATH', '/home/imtld.local/niranjan.kulkarni/git/install:/home/imtld.local/niranjan.kulkarni/git/grpe_larm_mother/install:/home/imtld.local/niranjan.kulkarni/ros_ws/install'), ('ROS_DISTRO', 'iron'), ('LOGNAME', 'niranjan.kulkarni'), ('_', '/usr/bin/colcon'), ('ROS_VERSION', '2'), ('XDG_SESSION_CLASS', 'user'), ('USERNAME', 'niranjan.kulkarni'), ('TERM', 'xterm-256color'), ('GNOME_DESKTOP_SESSION_ID', 'this-is-deprecated'), ('PATH', '/home/imtld.local/niranjan.kulkarni/bin:/opt/ros/iron/bin:/usr/local/sbin:/usr/local/bin:/usr/sbin:/usr/bin:/sbin:/bin:/usr/games:/usr/local/games:/snap/bin:/snap/bin'), ('SESSION_MANAGER', 'local/DEVELTER-U-10:@/tmp/.ICE-unix/2399,unix/DEVELTER-U-10:/tmp/.ICE-unix/2399'), ('XDG_MENU_PREFIX', 'gnome-'), ('GNOME_TERMINAL_SCREEN', '/org/gnome/Terminal/screen/d4c4d9a8_0e6f_4131_8495_638591042543'), ('GNOME_SETUP_DISPLAY', ':1'), ('XDG_RUNTIME_DIR', '/run/user/876417573'), ('ZEITGEIST_DATA_PATH', '/home/imtld.local/niranjan.kulkarni/.local/share/zeitgeist'), ('DISPLAY', ':0'), ('LANG', 'fr_FR.UTF-8'), ('XDG_CURRENT_DESKTOP', 'ubuntu:GNOME'), ('XMODIFIERS', '@im=ibus'), ('XDG_SESSION_DESKTOP', 'ubuntu'), ('XAUTHORITY', '/run/user/876417573/.mutter-Xwaylandauth.HAPNH2'), ('GNOME_TERMINAL_SERVICE', ':1.254'), ('SSH_AGENT_LAUNCHER', 'gnome-keyring'), ('SSH_AUTH_SOCK', '/run/user/876417573/keyring/ssh'), ('ROS_DOMAIN_ID', '107'), ('AMENT_PREFIX_PATH', '/home/imtld.local/niranjan.kulkarni/git/grpe_larm_mother/install/grpe_larm_mother:/home/imtld.local/niranjan.kulkarni/git/install/tbot_sim:/home/imtld.local/niranjan.kulkarni/git/install/grpe_larm_mother:/home/imtld.local/niranjan.kulkarni/ros_ws/install/tbot_sim:/opt/ros/iron'), ('SHELL', '/bin/bash'), ('KRB5CCNAME', 'FILE:/tmp/krb5cc_876417573_MSWOBM'), ('QT_ACCESSIBILITY', '1'), ('GDMSESSION', 'ubuntu'), ('ROS_AUTOMATIC_DISCOVERY_RANGE', 'SUBNET'), ('QT_IM_MODULE', 'ibus'), ('PWD', '/home/imtld.local/niranjan.kulkarni/git/build/grpe_larm_mother'), ('XDG_CONFIG_DIRS', '/etc/xdg/xdg-ubuntu:/etc/xdg'), ('DBUS_STARTER_ADDRESS', 'unix:path=/run/user/876417573/bus,guid=4985e290d0dc091e554f6fb765a4dfe1'), ('XDG_DATA_DIRS', '/usr/share/ubuntu:/usr/local/share/:/usr/share/:/var/lib/snapd/desktop'), ('PYTHONPATH', '/opt/ros/iron/lib/python3.10/site-packages'), ('COLCON', '1'), ('VTE_VERSION', '6800'), ('CMAKE_PREFIX_PATH', '/home/imtld.local/niranjan.kulkarni/git/grpe_larm_mother/install/grpe_larm_mother:/home/imtld.local/niranjan.kulkarni/git/install/tbot_sim:/home/imtld.local/niranjan.kulkarni/git/install/grpe_larm_mother:/home/imtld.local/niranjan.kulkarni/ros_ws/install/tbot_sim:/opt/ros/iron')]), 'shell': False}
[0.108855] (-) TimerEvent: {}
[0.108937] (mb6_basic) JobProgress: {'identifier': 'mb6_basic', 'progress': 'cmake'}
[0.112775] (grpe_larm_mother) StdoutLine: {'line': b'-- Found ament_cmake: 2.0.3 (/opt/ros/iron/share/ament_cmake/cmake)\n'}
[0.117565] (mb6_basic) JobProgress: {'identifier': 'mb6_basic', 'progress': 'build'}
[0.124632] (mb6_basic) Command: {'cmd': ['/usr/bin/cmake', '--build', '/home/imtld.local/niranjan.kulkarni/git/build/mb6_basic', '--', '-j12', '-l12'], 'cwd': '/home/imtld.local/niranjan.kulkarni/git/build/mb6_basic', 'env': OrderedDict([('ROS_WORSPACE', '/home/imtld.local/niranjan.kulkarni/ros_ws'), ('USER', 'niranjan.kulkarni'), ('XDG_SESSION_TYPE', 'wayland'), ('SHLVL', '1'), ('LD_LIBRARY_PATH', '/usr/lib/x86_64-linux-gnu/gazebo-11/plugins:/opt/ros/iron/opt/rviz_ogre_vendor/lib:/opt/ros/iron/lib/x86_64-linux-gnu:/opt/ros/iron/lib'), ('HOME', '/home/imtld.local/niranjan.kulkarni'), ('OLDPWD', '/home/imtld.local/niranjan.kulkarni/git/grpe_larm_mother'), ('DESKTOP_SESSION', 'ubuntu'), ('ROS_PYTHON_VERSION', '3'), ('GNOME_SHELL_SESSION_MODE', 'ubuntu'), ('GTK_MODULES', 'gail:atk-bridge'), ('DBUS_STARTER_BUS_TYPE', 'session'), ('SYSTEMD_EXEC_PID', '2399'), ('DBUS_SESSION_BUS_ADDRESS', 'unix:path=/run/user/876417573/bus,guid=4985e290d0dc091e554f6fb765a4dfe1'), ('COLORTERM', 'truecolor'), ('IM_CONFIG_PHASE', '1'), ('WAYLAND_DISPLAY', 'wayland-0'), ('COLCON_PREFIX_PATH', '/home/imtld.local/niranjan.kulkarni/git/install:/home/imtld.local/niranjan.kulkarni/git/grpe_larm_mother/install:/home/imtld.local/niranjan.kulkarni/ros_ws/install'), ('ROS_DISTRO', 'iron'), ('LOGNAME', 'niranjan.kulkarni'), ('_', '/usr/bin/colcon'), ('ROS_VERSION', '2'), ('XDG_SESSION_CLASS', 'user'), ('USERNAME', 'niranjan.kulkarni'), ('TERM', 'xterm-256color'), ('GNOME_DESKTOP_SESSION_ID', 'this-is-deprecated'), ('PATH', '/home/imtld.local/niranjan.kulkarni/bin:/opt/ros/iron/bin:/usr/local/sbin:/usr/local/bin:/usr/sbin:/usr/bin:/sbin:/bin:/usr/games:/usr/local/games:/snap/bin:/snap/bin'), ('SESSION_MANAGER', 'local/DEVELTER-U-10:@/tmp/.ICE-unix/2399,unix/DEVELTER-U-10:/tmp/.ICE-unix/2399'), ('XDG_MENU_PREFIX', 'gnome-'), ('GNOME_TERMINAL_SCREEN', '/org/gnome/Terminal/screen/d4c4d9a8_0e6f_4131_8495_638591042543'), ('GNOME_SETUP_DISPLAY', ':1'), ('XDG_RUNTIME_DIR', '/run/user/876417573'), ('ZEITGEIST_DATA_PATH', '/home/imtld.local/niranjan.kulkarni/.local/share/zeitgeist'), ('DISPLAY', ':0'), ('LANG', 'fr_FR.UTF-8'), ('XDG_CURRENT_DESKTOP', 'ubuntu:GNOME'), ('XMODIFIERS', '@im=ibus'), ('XDG_SESSION_DESKTOP', 'ubuntu'), ('XAUTHORITY', '/run/user/876417573/.mutter-Xwaylandauth.HAPNH2'), ('GNOME_TERMINAL_SERVICE', ':1.254'), ('SSH_AGENT_LAUNCHER', 'gnome-keyring'), ('SSH_AUTH_SOCK', '/run/user/876417573/keyring/ssh'), ('ROS_DOMAIN_ID', '107'), ('AMENT_PREFIX_PATH', '/home/imtld.local/niranjan.kulkarni/git/grpe_larm_mother/install/grpe_larm_mother:/home/imtld.local/niranjan.kulkarni/git/install/tbot_sim:/home/imtld.local/niranjan.kulkarni/git/install/grpe_larm_mother:/home/imtld.local/niranjan.kulkarni/ros_ws/install/tbot_sim:/opt/ros/iron'), ('SHELL', '/bin/bash'), ('KRB5CCNAME', 'FILE:/tmp/krb5cc_876417573_MSWOBM'), ('QT_ACCESSIBILITY', '1'), ('GDMSESSION', 'ubuntu'), ('ROS_AUTOMATIC_DISCOVERY_RANGE', 'SUBNET'), ('QT_IM_MODULE', 'ibus'), ('PWD', '/home/imtld.local/niranjan.kulkarni/git/build/mb6_basic'), ('XDG_CONFIG_DIRS', '/etc/xdg/xdg-ubuntu:/etc/xdg'), ('DBUS_STARTER_ADDRESS', 'unix:path=/run/user/876417573/bus,guid=4985e290d0dc091e554f6fb765a4dfe1'), ('XDG_DATA_DIRS', '/usr/share/ubuntu:/usr/local/share/:/usr/share/:/var/lib/snapd/desktop'), ('PYTHONPATH', '/opt/ros/iron/lib/python3.10/site-packages'), ('COLCON', '1'), ('VTE_VERSION', '6800'), ('CMAKE_PREFIX_PATH', '/home/imtld.local/niranjan.kulkarni/git/grpe_larm_mother/install/grpe_larm_mother:/home/imtld.local/niranjan.kulkarni/git/install/tbot_sim:/home/imtld.local/niranjan.kulkarni/git/install/grpe_larm_mother:/home/imtld.local/niranjan.kulkarni/ros_ws/install/tbot_sim:/opt/ros/iron')]), 'shell': False}
[0.162886] (mb6_basic) CommandEnded: {'returncode': 0}
[0.179701] (mb6_basic) JobProgress: {'identifier': 'mb6_basic', 'progress': 'install'}
[0.187044] (mb6_basic) Command: {'cmd': ['/usr/bin/cmake', '--install', '/home/imtld.local/niranjan.kulkarni/git/build/mb6_basic'], 'cwd': '/home/imtld.local/niranjan.kulkarni/git/build/mb6_basic', 'env': OrderedDict([('ROS_WORSPACE', '/home/imtld.local/niranjan.kulkarni/ros_ws'), ('USER', 'niranjan.kulkarni'), ('XDG_SESSION_TYPE', 'wayland'), ('SHLVL', '1'), ('LD_LIBRARY_PATH', '/usr/lib/x86_64-linux-gnu/gazebo-11/plugins:/opt/ros/iron/opt/rviz_ogre_vendor/lib:/opt/ros/iron/lib/x86_64-linux-gnu:/opt/ros/iron/lib'), ('HOME', '/home/imtld.local/niranjan.kulkarni'), ('OLDPWD', '/home/imtld.local/niranjan.kulkarni/git/grpe_larm_mother'), ('DESKTOP_SESSION', 'ubuntu'), ('ROS_PYTHON_VERSION', '3'), ('GNOME_SHELL_SESSION_MODE', 'ubuntu'), ('GTK_MODULES', 'gail:atk-bridge'), ('DBUS_STARTER_BUS_TYPE', 'session'), ('SYSTEMD_EXEC_PID', '2399'), ('DBUS_SESSION_BUS_ADDRESS', 'unix:path=/run/user/876417573/bus,guid=4985e290d0dc091e554f6fb765a4dfe1'), ('COLORTERM', 'truecolor'), ('IM_CONFIG_PHASE', '1'), ('WAYLAND_DISPLAY', 'wayland-0'), ('COLCON_PREFIX_PATH', '/home/imtld.local/niranjan.kulkarni/git/install:/home/imtld.local/niranjan.kulkarni/git/grpe_larm_mother/install:/home/imtld.local/niranjan.kulkarni/ros_ws/install'), ('ROS_DISTRO', 'iron'), ('LOGNAME', 'niranjan.kulkarni'), ('_', '/usr/bin/colcon'), ('ROS_VERSION', '2'), ('XDG_SESSION_CLASS', 'user'), ('USERNAME', 'niranjan.kulkarni'), ('TERM', 'xterm-256color'), ('GNOME_DESKTOP_SESSION_ID', 'this-is-deprecated'), ('PATH', '/home/imtld.local/niranjan.kulkarni/bin:/opt/ros/iron/bin:/usr/local/sbin:/usr/local/bin:/usr/sbin:/usr/bin:/sbin:/bin:/usr/games:/usr/local/games:/snap/bin:/snap/bin'), ('SESSION_MANAGER', 'local/DEVELTER-U-10:@/tmp/.ICE-unix/2399,unix/DEVELTER-U-10:/tmp/.ICE-unix/2399'), ('XDG_MENU_PREFIX', 'gnome-'), ('GNOME_TERMINAL_SCREEN', '/org/gnome/Terminal/screen/d4c4d9a8_0e6f_4131_8495_638591042543'), ('GNOME_SETUP_DISPLAY', ':1'), ('XDG_RUNTIME_DIR', '/run/user/876417573'), ('ZEITGEIST_DATA_PATH', '/home/imtld.local/niranjan.kulkarni/.local/share/zeitgeist'), ('DISPLAY', ':0'), ('LANG', 'fr_FR.UTF-8'), ('XDG_CURRENT_DESKTOP', 'ubuntu:GNOME'), ('XMODIFIERS', '@im=ibus'), ('XDG_SESSION_DESKTOP', 'ubuntu'), ('XAUTHORITY', '/run/user/876417573/.mutter-Xwaylandauth.HAPNH2'), ('GNOME_TERMINAL_SERVICE', ':1.254'), ('SSH_AGENT_LAUNCHER', 'gnome-keyring'), ('SSH_AUTH_SOCK', '/run/user/876417573/keyring/ssh'), ('ROS_DOMAIN_ID', '107'), ('AMENT_PREFIX_PATH', '/home/imtld.local/niranjan.kulkarni/git/grpe_larm_mother/install/grpe_larm_mother:/home/imtld.local/niranjan.kulkarni/git/install/tbot_sim:/home/imtld.local/niranjan.kulkarni/git/install/grpe_larm_mother:/home/imtld.local/niranjan.kulkarni/ros_ws/install/tbot_sim:/opt/ros/iron'), ('SHELL', '/bin/bash'), ('KRB5CCNAME', 'FILE:/tmp/krb5cc_876417573_MSWOBM'), ('QT_ACCESSIBILITY', '1'), ('GDMSESSION', 'ubuntu'), ('ROS_AUTOMATIC_DISCOVERY_RANGE', 'SUBNET'), ('QT_IM_MODULE', 'ibus'), ('PWD', '/home/imtld.local/niranjan.kulkarni/git/build/mb6_basic'), ('XDG_CONFIG_DIRS', '/etc/xdg/xdg-ubuntu:/etc/xdg'), ('DBUS_STARTER_ADDRESS', 'unix:path=/run/user/876417573/bus,guid=4985e290d0dc091e554f6fb765a4dfe1'), ('XDG_DATA_DIRS', '/usr/share/ubuntu:/usr/local/share/:/usr/share/:/var/lib/snapd/desktop'), ('PYTHONPATH', '/opt/ros/iron/lib/python3.10/site-packages'), ('COLCON', '1'), ('VTE_VERSION', '6800'), ('CMAKE_PREFIX_PATH', '/home/imtld.local/niranjan.kulkarni/git/grpe_larm_mother/install/grpe_larm_mother:/home/imtld.local/niranjan.kulkarni/git/install/tbot_sim:/home/imtld.local/niranjan.kulkarni/git/install/grpe_larm_mother:/home/imtld.local/niranjan.kulkarni/ros_ws/install/tbot_sim:/opt/ros/iron')]), 'shell': False}
[0.194650] (mb6_basic) StdoutLine: {'line': b'-- Install configuration: ""\n'}
[0.195211] (mb6_basic) StdoutLine: {'line': b'-- Up-to-date: /home/imtld.local/niranjan.kulkarni/git/install/mb6_basic/share/mb6_basic//launch\n'}
[0.202868] (mb6_basic) StdoutLine: {'line': b'-- Up-to-date: /home/imtld.local/niranjan.kulkarni/git/install/mb6_basic/share/mb6_basic//launch/parasit_launch.yaml\n'}
[0.204603] (mb6_basic) StdoutLine: {'line': b'-- Up-to-date: /home/imtld.local/niranjan.kulkarni/git/install/mb6_basic/lib/mb6_basic/basic\n'}
[0.206698] (mb6_basic) StdoutLine: {'line': b'-- Up-to-date: /home/imtld.local/niranjan.kulkarni/git/install/mb6_basic/lib/mb6_basic/basic/__init__.py\n'}
[0.210248] (-) TimerEvent: {}
[0.210323] (mb6_basic) StdoutLine: {'line': b'-- Up-to-date: /home/imtld.local/niranjan.kulkarni/git/install/mb6_basic/lib/mb6_basic/multiplexer\n'}
[0.211663] (mb6_basic) StdoutLine: {'line': b'-- Up-to-date: /home/imtld.local/niranjan.kulkarni/git/install/mb6_basic/lib/mb6_basic/parasit\n'}
[0.213089] (mb6_basic) StdoutLine: {'line': b'-- Up-to-date: /home/imtld.local/niranjan.kulkarni/git/install/mb6_basic/lib/mb6_basic/pulse_monitor\n'}
[0.215739] (mb6_basic) StdoutLine: {'line': b'-- Up-to-date: /home/imtld.local/niranjan.kulkarni/git/install/mb6_basic/share/ament_index/resource_index/package_run_dependencies/mb6_basic\n'}
[0.215812] (mb6_basic) StdoutLine: {'line': b'-- Up-to-date: /home/imtld.local/niranjan.kulkarni/git/install/mb6_basic/share/ament_index/resource_index/parent_prefix_path/mb6_basic\n'}
[0.228441] (mb6_basic) StdoutLine: {'line': b'-- Up-to-date: /home/imtld.local/niranjan.kulkarni/git/install/mb6_basic/share/mb6_basic/environment/ament_prefix_path.sh\n'}
[0.230332] (mb6_basic) StdoutLine: {'line': b'-- Up-to-date: /home/imtld.local/niranjan.kulkarni/git/install/mb6_basic/share/mb6_basic/environment/ament_prefix_path.dsv\n'}
[0.232125] (mb6_basic) StdoutLine: {'line': b'-- Up-to-date: /home/imtld.local/niranjan.kulkarni/git/install/mb6_basic/share/mb6_basic/environment/path.sh\n'}
[0.233524] (mb6_basic) StdoutLine: {'line': b'-- Up-to-date: /home/imtld.local/niranjan.kulkarni/git/install/mb6_basic/share/mb6_basic/environment/path.dsv\n'}
[0.233595] (mb6_basic) StdoutLine: {'line': b'-- Up-to-date: /home/imtld.local/niranjan.kulkarni/git/install/mb6_basic/share/mb6_basic/local_setup.bash\n'}
[0.235325] (mb6_basic) StdoutLine: {'line': b'-- Up-to-date: /home/imtld.local/niranjan.kulkarni/git/install/mb6_basic/share/mb6_basic/local_setup.sh\n'}
[0.242256] (mb6_basic) StdoutLine: {'line': b'-- Up-to-date: /home/imtld.local/niranjan.kulkarni/git/install/mb6_basic/share/mb6_basic/local_setup.zsh\n'}
[0.254126] (mb6_basic) StdoutLine: {'line': b'-- Up-to-date: /home/imtld.local/niranjan.kulkarni/git/install/mb6_basic/share/mb6_basic/local_setup.dsv\n'}
[0.256917] (mb6_basic) StdoutLine: {'line': b'-- Installing: /home/imtld.local/niranjan.kulkarni/git/install/mb6_basic/share/mb6_basic/package.dsv\n'}
[0.291940] (mb6_basic) StdoutLine: {'line': b'-- Up-to-date: /home/imtld.local/niranjan.kulkarni/git/install/mb6_basic/share/ament_index/resource_index/packages/mb6_basic\n'}
[0.293225] (mb6_basic) StdoutLine: {'line': b'-- Up-to-date: /home/imtld.local/niranjan.kulkarni/git/install/mb6_basic/share/mb6_basic/cmake/mb6_basicConfig.cmake\n'}
[0.294694] (mb6_basic) StdoutLine: {'line': b'-- Up-to-date: /home/imtld.local/niranjan.kulkarni/git/install/mb6_basic/share/mb6_basic/cmake/mb6_basicConfig-version.cmake\n'}
[0.296703] (mb6_basic) StdoutLine: {'line': b'-- Up-to-date: /home/imtld.local/niranjan.kulkarni/git/install/mb6_basic/share/mb6_basic/package.xml\n'}
[0.303001] (grpe_larm_mother) StdoutLine: {'line': b'-- Found ament_lint_auto: 0.14.2 (/opt/ros/iron/share/ament_lint_auto/cmake)\n'}
[0.310356] (-) TimerEvent: {}
[0.312956] (mb6_basic) CommandEnded: {'returncode': 0}
[0.410482] (-) TimerEvent: {}
[0.510678] (-) TimerEvent: {}
[0.530326] (mb6_basic) JobEnded: {'identifier': 'mb6_basic', 'rc': 0}
[0.610809] (-) TimerEvent: {}
[0.652855] (grpe_larm_mother) StdoutLine: {'line': b"-- Added test 'cppcheck' to perform static code analysis on C / C++ code\n"}
[0.653004] (grpe_larm_mother) StdoutLine: {'line': b'-- Configured cppcheck include dirs: \n'}
[0.656055] (grpe_larm_mother) StdoutLine: {'line': b'-- Configured cppcheck exclude dirs and/or files: \n'}
[0.675921] (grpe_larm_mother) StdoutLine: {'line': b"-- Added test 'flake8' to check Python code syntax and style conventions\n"}
[0.676059] (grpe_larm_mother) StdoutLine: {'line': b"-- Configured 'flake8' exclude dirs and/or files: \n"}
[0.710867] (-) TimerEvent: {}
[0.731688] (grpe_larm_mother) StdoutLine: {'line': b"-- Added test 'lint_cmake' to check CMake code style\n"}
[0.758659] (grpe_larm_mother) StdoutLine: {'line': b"-- Added test 'pep257' to check Python code against some of the docstring style conventions in PEP 257\n"}
[0.810935] (-) TimerEvent: {}
[0.911137] (-) TimerEvent: {}
[0.934433] (grpe_larm_mother) StdoutLine: {'line': b"-- Added test 'uncrustify' to check C / C++ code style\n"}
[0.934537] (grpe_larm_mother) StdoutLine: {'line': b'-- Configured uncrustify additional arguments: \n'}
[0.961333] (grpe_larm_mother) StdoutLine: {'line': b"-- Added test 'xmllint' to check XML markup files\n"}
[0.996578] (grpe_larm_mother) StdoutLine: {'line': b'-- Configuring done\n'}
[1.011362] (-) TimerEvent: {}
[1.111672] (-) TimerEvent: {}
[1.211952] (-) TimerEvent: {}
[1.245875] (grpe_larm_mother) StdoutLine: {'line': b'-- Generating done\n'}
[1.312109] (-) TimerEvent: {}
[1.316653] (grpe_larm_mother) StdoutLine: {'line': b'-- Build files have been written to: /home/imtld.local/niranjan.kulkarni/git/build/grpe_larm_mother\n'}
[1.331506] (grpe_larm_mother) CommandEnded: {'returncode': 0}
[1.350383] (grpe_larm_mother) JobProgress: {'identifier': 'grpe_larm_mother', 'progress': 'install'}
[1.351189] (grpe_larm_mother) Command: {'cmd': ['/usr/bin/cmake', '--install', '/home/imtld.local/niranjan.kulkarni/git/build/grpe_larm_mother'], 'cwd': '/home/imtld.local/niranjan.kulkarni/git/build/grpe_larm_mother', 'env': OrderedDict([('ROS_WORSPACE', '/home/imtld.local/niranjan.kulkarni/ros_ws'), ('USER', 'niranjan.kulkarni'), ('XDG_SESSION_TYPE', 'wayland'), ('SHLVL', '1'), ('LD_LIBRARY_PATH', '/usr/lib/x86_64-linux-gnu/gazebo-11/plugins:/opt/ros/iron/opt/rviz_ogre_vendor/lib:/opt/ros/iron/lib/x86_64-linux-gnu:/opt/ros/iron/lib'), ('HOME', '/home/imtld.local/niranjan.kulkarni'), ('OLDPWD', '/home/imtld.local/niranjan.kulkarni/git/grpe_larm_mother'), ('DESKTOP_SESSION', 'ubuntu'), ('ROS_PYTHON_VERSION', '3'), ('GNOME_SHELL_SESSION_MODE', 'ubuntu'), ('GTK_MODULES', 'gail:atk-bridge'), ('DBUS_STARTER_BUS_TYPE', 'session'), ('SYSTEMD_EXEC_PID', '2399'), ('DBUS_SESSION_BUS_ADDRESS', 'unix:path=/run/user/876417573/bus,guid=4985e290d0dc091e554f6fb765a4dfe1'), ('COLORTERM', 'truecolor'), ('IM_CONFIG_PHASE', '1'), ('WAYLAND_DISPLAY', 'wayland-0'), ('COLCON_PREFIX_PATH', '/home/imtld.local/niranjan.kulkarni/git/install:/home/imtld.local/niranjan.kulkarni/git/grpe_larm_mother/install:/home/imtld.local/niranjan.kulkarni/ros_ws/install'), ('ROS_DISTRO', 'iron'), ('LOGNAME', 'niranjan.kulkarni'), ('_', '/usr/bin/colcon'), ('ROS_VERSION', '2'), ('XDG_SESSION_CLASS', 'user'), ('USERNAME', 'niranjan.kulkarni'), ('TERM', 'xterm-256color'), ('GNOME_DESKTOP_SESSION_ID', 'this-is-deprecated'), ('PATH', '/home/imtld.local/niranjan.kulkarni/bin:/opt/ros/iron/bin:/usr/local/sbin:/usr/local/bin:/usr/sbin:/usr/bin:/sbin:/bin:/usr/games:/usr/local/games:/snap/bin:/snap/bin'), ('SESSION_MANAGER', 'local/DEVELTER-U-10:@/tmp/.ICE-unix/2399,unix/DEVELTER-U-10:/tmp/.ICE-unix/2399'), ('XDG_MENU_PREFIX', 'gnome-'), ('GNOME_TERMINAL_SCREEN', '/org/gnome/Terminal/screen/d4c4d9a8_0e6f_4131_8495_638591042543'), ('GNOME_SETUP_DISPLAY', ':1'), ('XDG_RUNTIME_DIR', '/run/user/876417573'), ('ZEITGEIST_DATA_PATH', '/home/imtld.local/niranjan.kulkarni/.local/share/zeitgeist'), ('DISPLAY', ':0'), ('LANG', 'fr_FR.UTF-8'), ('XDG_CURRENT_DESKTOP', 'ubuntu:GNOME'), ('XMODIFIERS', '@im=ibus'), ('XDG_SESSION_DESKTOP', 'ubuntu'), ('XAUTHORITY', '/run/user/876417573/.mutter-Xwaylandauth.HAPNH2'), ('GNOME_TERMINAL_SERVICE', ':1.254'), ('SSH_AGENT_LAUNCHER', 'gnome-keyring'), ('SSH_AUTH_SOCK', '/run/user/876417573/keyring/ssh'), ('ROS_DOMAIN_ID', '107'), ('AMENT_PREFIX_PATH', '/home/imtld.local/niranjan.kulkarni/git/grpe_larm_mother/install/grpe_larm_mother:/home/imtld.local/niranjan.kulkarni/git/install/tbot_sim:/home/imtld.local/niranjan.kulkarni/git/install/grpe_larm_mother:/home/imtld.local/niranjan.kulkarni/ros_ws/install/tbot_sim:/opt/ros/iron'), ('SHELL', '/bin/bash'), ('KRB5CCNAME', 'FILE:/tmp/krb5cc_876417573_MSWOBM'), ('QT_ACCESSIBILITY', '1'), ('GDMSESSION', 'ubuntu'), ('ROS_AUTOMATIC_DISCOVERY_RANGE', 'SUBNET'), ('QT_IM_MODULE', 'ibus'), ('PWD', '/home/imtld.local/niranjan.kulkarni/git/build/grpe_larm_mother'), ('XDG_CONFIG_DIRS', '/etc/xdg/xdg-ubuntu:/etc/xdg'), ('DBUS_STARTER_ADDRESS', 'unix:path=/run/user/876417573/bus,guid=4985e290d0dc091e554f6fb765a4dfe1'), ('XDG_DATA_DIRS', '/usr/share/ubuntu:/usr/local/share/:/usr/share/:/var/lib/snapd/desktop'), ('PYTHONPATH', '/opt/ros/iron/lib/python3.10/site-packages'), ('COLCON', '1'), ('VTE_VERSION', '6800'), ('CMAKE_PREFIX_PATH', '/home/imtld.local/niranjan.kulkarni/git/grpe_larm_mother/install/grpe_larm_mother:/home/imtld.local/niranjan.kulkarni/git/install/tbot_sim:/home/imtld.local/niranjan.kulkarni/git/install/grpe_larm_mother:/home/imtld.local/niranjan.kulkarni/ros_ws/install/tbot_sim:/opt/ros/iron')]), 'shell': False}
[1.358402] (grpe_larm_mother) StdoutLine: {'line': b'-- Install configuration: ""\n'}
[1.358585] (grpe_larm_mother) StdoutLine: {'line': b'-- Up-to-date: /home/imtld.local/niranjan.kulkarni/git/install/grpe_larm_mother/share/grpe_larm_mother//launch\n'}
[1.360686] (grpe_larm_mother) StdoutLine: {'line': b'-- Up-to-date: /home/imtld.local/niranjan.kulkarni/git/install/grpe_larm_mother/share/grpe_larm_mother//launch/minimal_launch.yaml\n'}
[1.361549] (grpe_larm_mother) StdoutLine: {'line': b'-- Installing: /home/imtld.local/niranjan.kulkarni/git/install/grpe_larm_mother/share/grpe_larm_mother//launch/challenge1.yaml\n'}
[1.390551] (grpe_larm_mother) StdoutLine: {'line': b'-- Installing: /home/imtld.local/niranjan.kulkarni/git/install/grpe_larm_mother/share/grpe_larm_mother//launch/simulation.yaml\n'}
[1.412307] (-) TimerEvent: {}
[1.430058] (grpe_larm_mother) StdoutLine: {'line': b'-- Up-to-date: /home/imtld.local/niranjan.kulkarni/git/install/grpe_larm_mother/share/grpe_larm_mother//scripts\n'}
[1.432825] (grpe_larm_mother) StdoutLine: {'line': b'-- Up-to-date: /home/imtld.local/niranjan.kulkarni/git/install/grpe_larm_mother/share/grpe_larm_mother//scripts/__init__.py\n'}
[1.436418] (grpe_larm_mother) StdoutLine: {'line': b'-- Up-to-date: /home/imtld.local/niranjan.kulkarni/git/install/grpe_larm_mother/share/grpe_larm_mother//scripts/__pycache__\n'}
[1.438075] (grpe_larm_mother) StdoutLine: {'line': b'-- Up-to-date: /home/imtld.local/niranjan.kulkarni/git/install/grpe_larm_mother/share/grpe_larm_mother//scripts/__pycache__/__init__.cpython-310.pyc\n'}
[1.445380] (grpe_larm_mother) StdoutLine: {'line': b'-- Up-to-date: /home/imtld.local/niranjan.kulkarni/git/install/grpe_larm_mother/share/grpe_larm_mother//scripts/__pycache__/classifier.cpython-310.pyc\n'}
[1.454237] (grpe_larm_mother) StdoutLine: {'line': b'-- Up-to-date: /home/imtld.local/niranjan.kulkarni/git/install/grpe_larm_mother/share/grpe_larm_mother//scripts/__pycache__/classifierCircle.cpython-310.pyc\n'}
[1.456245] (grpe_larm_mother) StdoutLine: {'line': b'-- Up-to-date: /home/imtld.local/niranjan.kulkarni/git/install/grpe_larm_mother/share/grpe_larm_mother//scripts/__pycache__/test_class.cpython-310-pytest-6.2.5.pyc\n'}
[1.458719] (grpe_larm_mother) StdoutLine: {'line': b'-- Up-to-date: /home/imtld.local/niranjan.kulkarni/git/install/grpe_larm_mother/share/grpe_larm_mother//scripts/simulation.py\n'}
[1.471392] (grpe_larm_mother) StdoutLine: {'line': b'-- Up-to-date: /home/imtld.local/niranjan.kulkarni/git/install/grpe_larm_mother/share/grpe_larm_mother//scripts/camera_driver.py\n'}
[1.486074] (grpe_larm_mother) StdoutLine: {'line': b'-- Installing: /home/imtld.local/niranjan.kulkarni/git/install/grpe_larm_mother/share/grpe_larm_mother//scripts/reactive_move.py\n'}
[1.489661] (grpe_larm_mother) StdoutLine: {'line': b'-- Up-to-date: /home/imtld.local/niranjan.kulkarni/git/install/grpe_larm_mother/share/grpe_larm_mother//scripts/challenge-1.launch.py\n'}
[1.491838] (grpe_larm_mother) StdoutLine: {'line': b'-- Installing: /home/imtld.local/niranjan.kulkarni/git/install/grpe_larm_mother/lib/grpe_larm_mother/reactive_move.py\n'}
[1.512483] (-) TimerEvent: {}
[1.515866] (grpe_larm_mother) StdoutLine: {'line': b'-- Up-to-date: /home/imtld.local/niranjan.kulkarni/git/install/grpe_larm_mother/lib/grpe_larm_mother/camera_driver.py\n'}
[1.516629] (grpe_larm_mother) StdoutLine: {'line': b'-- Up-to-date: /home/imtld.local/niranjan.kulkarni/git/install/grpe_larm_mother/lib/grpe_larm_mother/challenge-1.launch.py\n'}
[1.523177] (grpe_larm_mother) StdoutLine: {'line': b'-- Up-to-date: /home/imtld.local/niranjan.kulkarni/git/install/grpe_larm_mother/share/ament_index/resource_index/package_run_dependencies/grpe_larm_mother\n'}
[1.525597] (grpe_larm_mother) StdoutLine: {'line': b'-- Up-to-date: /home/imtld.local/niranjan.kulkarni/git/install/grpe_larm_mother/share/ament_index/resource_index/parent_prefix_path/grpe_larm_mother\n'}
[1.527420] (grpe_larm_mother) StdoutLine: {'line': b'-- Up-to-date: /home/imtld.local/niranjan.kulkarni/git/install/grpe_larm_mother/share/grpe_larm_mother/environment/ament_prefix_path.sh\n'}
[1.534440] (grpe_larm_mother) StdoutLine: {'line': b'-- Up-to-date: /home/imtld.local/niranjan.kulkarni/git/install/grpe_larm_mother/share/grpe_larm_mother/environment/ament_prefix_path.dsv\n'}
[1.537255] (grpe_larm_mother) StdoutLine: {'line': b'-- Up-to-date: /home/imtld.local/niranjan.kulkarni/git/install/grpe_larm_mother/share/grpe_larm_mother/environment/path.sh\n'}
[1.537338] (grpe_larm_mother) StdoutLine: {'line': b'-- Up-to-date: /home/imtld.local/niranjan.kulkarni/git/install/grpe_larm_mother/share/grpe_larm_mother/environment/path.dsv\n'}
[1.544464] (grpe_larm_mother) StdoutLine: {'line': b'-- Up-to-date: /home/imtld.local/niranjan.kulkarni/git/install/grpe_larm_mother/share/grpe_larm_mother/local_setup.bash\n'}
[1.546679] (grpe_larm_mother) StdoutLine: {'line': b'-- Up-to-date: /home/imtld.local/niranjan.kulkarni/git/install/grpe_larm_mother/share/grpe_larm_mother/local_setup.sh\n'}
[1.554314] (grpe_larm_mother) StdoutLine: {'line': b'-- Up-to-date: /home/imtld.local/niranjan.kulkarni/git/install/grpe_larm_mother/share/grpe_larm_mother/local_setup.zsh\n'}
[1.561388] (grpe_larm_mother) StdoutLine: {'line': b'-- Up-to-date: /home/imtld.local/niranjan.kulkarni/git/install/grpe_larm_mother/share/grpe_larm_mother/local_setup.dsv\n'}
[1.568446] (grpe_larm_mother) StdoutLine: {'line': b'-- Installing: /home/imtld.local/niranjan.kulkarni/git/install/grpe_larm_mother/share/grpe_larm_mother/package.dsv\n'}
[1.579501] (grpe_larm_mother) StdoutLine: {'line': b'-- Up-to-date: /home/imtld.local/niranjan.kulkarni/git/install/grpe_larm_mother/share/ament_index/resource_index/packages/grpe_larm_mother\n'}
[1.581321] (grpe_larm_mother) StdoutLine: {'line': b'-- Up-to-date: /home/imtld.local/niranjan.kulkarni/git/install/grpe_larm_mother/share/grpe_larm_mother/cmake/grpe_larm_motherConfig.cmake\n'}
[1.581870] (grpe_larm_mother) StdoutLine: {'line': b'-- Up-to-date: /home/imtld.local/niranjan.kulkarni/git/install/grpe_larm_mother/share/grpe_larm_mother/cmake/grpe_larm_motherConfig-version.cmake\n'}
[1.588597] (grpe_larm_mother) StdoutLine: {'line': b'-- Up-to-date: /home/imtld.local/niranjan.kulkarni/git/install/grpe_larm_mother/share/grpe_larm_mother/package.xml\n'}
[1.608590] (grpe_larm_mother) CommandEnded: {'returncode': 0}
[1.612451] (-) TimerEvent: {}
[1.712660] (-) TimerEvent: {}
[1.800021] (grpe_larm_mother) JobEnded: {'identifier': 'grpe_larm_mother', 'rc': 0}
[1.804386] (-) EventReactorShutdown: {}
