[1.234s] DEBUG:colcon:Command line arguments: ['/usr/bin/colcon', 'build']
[1.234s] DEBUG:colcon:Parsed command line arguments: Namespace(log_base=None, log_level=None, verb_name='build', build_base='build', install_base='install', merge_install=False, symlink_install=False, test_result_base=None, continue_on_error=False, executor='parallel', parallel_workers=4, event_handlers=None, ignore_user_meta=False, metas=['./colcon.meta'], base_paths=['.'], packages_ignore=None, packages_ignore_regex=None, paths=None, packages_up_to=None, packages_up_to_regex=None, packages_above=None, packages_above_and_dependencies=None, packages_above_depth=None, packages_select_by_dep=None, packages_skip_by_dep=None, packages_skip_up_to=None, packages_select_build_failed=False, packages_skip_build_finished=False, packages_select_test_failures=False, packages_skip_test_passed=False, packages_select=None, packages_skip=None, packages_select_regex=None, packages_skip_regex=None, packages_start=None, packages_end=None, allow_overriding=[], cmake_args=None, cmake_target=None, cmake_target_skip_unavailable=False, cmake_clean_cache=False, cmake_clean_first=False, cmake_force_configure=False, ament_cmake_args=None, catkin_cmake_args=None, catkin_skip_building_tests=False, verb_parser=<colcon_defaults.argument_parser.defaults.DefaultArgumentsDecorator object at 0x77f300a54e50>, verb_extension=<colcon_core.verb.build.BuildVerb object at 0x77f300a67340>, main=<bound method BuildVerb.main of <colcon_core.verb.build.BuildVerb object at 0x77f300a67340>>)
[1.293s] Level 1:colcon.colcon_core.package_discovery:discover_packages(colcon_meta) check parameters
[1.294s] Level 1:colcon.colcon_core.package_discovery:discover_packages(recursive) check parameters
[1.294s] Level 1:colcon.colcon_core.package_discovery:discover_packages(ignore) check parameters
[1.294s] Level 1:colcon.colcon_core.package_discovery:discover_packages(path) check parameters
[1.294s] Level 1:colcon.colcon_core.package_discovery:discover_packages(colcon_meta) discover
[1.294s] Level 1:colcon.colcon_core.package_discovery:discover_packages(recursive) discover
[1.294s] INFO:colcon.colcon_core.package_discovery:Crawling recursively for packages in '/home/bot/mb6-space/larm-bb8'
[1.294s] Level 1:colcon.colcon_core.package_identification:_identify(.) by extensions ['ignore', 'ignore_ament_install']
[1.294s] Level 1:colcon.colcon_core.package_identification:_identify(.) by extension 'ignore'
[1.294s] Level 1:colcon.colcon_core.package_identification:_identify(.) by extension 'ignore_ament_install'
[1.294s] Level 1:colcon.colcon_core.package_identification:_identify(.) by extensions ['colcon_pkg']
[1.294s] Level 1:colcon.colcon_core.package_identification:_identify(.) by extension 'colcon_pkg'
[1.294s] Level 1:colcon.colcon_core.package_identification:_identify(.) by extensions ['colcon_meta']
[1.294s] Level 1:colcon.colcon_core.package_identification:_identify(.) by extension 'colcon_meta'
[1.294s] Level 1:colcon.colcon_core.package_identification:_identify(.) by extensions ['ros']
[1.294s] Level 1:colcon.colcon_core.package_identification:_identify(.) by extension 'ros'
[1.305s] Level 1:colcon.colcon_core.package_identification:_identify(.) by extensions ['cmake', 'python']
[1.305s] Level 1:colcon.colcon_core.package_identification:_identify(.) by extension 'cmake'
[1.306s] Level 1:colcon.colcon_core.package_identification:_identify(.) by extension 'python'
[1.306s] Level 1:colcon.colcon_core.package_identification:_identify(.) by extensions ['python_setup_py']
[1.306s] Level 1:colcon.colcon_core.package_identification:_identify(.) by extension 'python_setup_py'
[1.306s] Level 1:colcon.colcon_core.package_identification:_identify(build) by extensions ['ignore', 'ignore_ament_install']
[1.306s] Level 1:colcon.colcon_core.package_identification:_identify(build) by extension 'ignore'
[1.306s] Level 1:colcon.colcon_core.package_identification:_identify(build) ignored
[1.306s] Level 1:colcon.colcon_core.package_identification:_identify(grpe_Larm_Mother) by extensions ['ignore', 'ignore_ament_install']
[1.306s] Level 1:colcon.colcon_core.package_identification:_identify(grpe_Larm_Mother) by extension 'ignore'
[1.306s] Level 1:colcon.colcon_core.package_identification:_identify(grpe_Larm_Mother) by extension 'ignore_ament_install'
[1.306s] Level 1:colcon.colcon_core.package_identification:_identify(grpe_Larm_Mother) by extensions ['colcon_pkg']
[1.306s] Level 1:colcon.colcon_core.package_identification:_identify(grpe_Larm_Mother) by extension 'colcon_pkg'
[1.306s] Level 1:colcon.colcon_core.package_identification:_identify(grpe_Larm_Mother) by extensions ['colcon_meta']
[1.306s] Level 1:colcon.colcon_core.package_identification:_identify(grpe_Larm_Mother) by extension 'colcon_meta'
[1.306s] Level 1:colcon.colcon_core.package_identification:_identify(grpe_Larm_Mother) by extensions ['ros']
[1.306s] Level 1:colcon.colcon_core.package_identification:_identify(grpe_Larm_Mother) by extension 'ros'
[1.310s] DEBUG:colcon.colcon_core.package_identification:Package 'grpe_Larm_Mother' with type 'ros.ament_cmake' and name 'tuto_kickoff'
[1.310s] Level 1:colcon.colcon_core.package_identification:_identify(install) by extensions ['ignore', 'ignore_ament_install']
[1.310s] Level 1:colcon.colcon_core.package_identification:_identify(install) by extension 'ignore'
[1.310s] Level 1:colcon.colcon_core.package_identification:_identify(install) ignored
[1.310s] Level 1:colcon.colcon_core.package_identification:_identify(log) by extensions ['ignore', 'ignore_ament_install']
[1.311s] Level 1:colcon.colcon_core.package_identification:_identify(log) by extension 'ignore'
[1.311s] Level 1:colcon.colcon_core.package_identification:_identify(log) ignored
[1.311s] Level 1:colcon.colcon_core.package_discovery:discover_packages(recursive) using defaults
[1.311s] Level 1:colcon.colcon_core.package_discovery:discover_packages(ignore) discover
[1.311s] Level 1:colcon.colcon_core.package_discovery:discover_packages(ignore) using defaults
[1.311s] Level 1:colcon.colcon_core.package_discovery:discover_packages(path) discover
[1.311s] Level 1:colcon.colcon_core.package_discovery:discover_packages(path) using defaults
[1.439s] Level 1:colcon.colcon_core.package_discovery:discover_packages(prefix_path) check parameters
[1.439s] Level 1:colcon.colcon_core.package_discovery:discover_packages(prefix_path) discover
[1.478s] DEBUG:colcon.colcon_installed_package_information.package_discovery:Found 7 installed packages in /home/bot/mb6-space/install
[1.498s] DEBUG:colcon.colcon_installed_package_information.package_discovery:Found 366 installed packages in /opt/ros/iron
[1.500s] Level 1:colcon.colcon_core.package_discovery:discover_packages(prefix_path) using defaults
[1.598s] Level 5:colcon.colcon_core.verb:set package 'tuto_kickoff' build argument 'cmake_args' from command line to 'None'
[1.598s] Level 5:colcon.colcon_core.verb:set package 'tuto_kickoff' build argument 'cmake_target' from command line to 'None'
[1.598s] Level 5:colcon.colcon_core.verb:set package 'tuto_kickoff' build argument 'cmake_target_skip_unavailable' from command line to 'False'
[1.598s] Level 5:colcon.colcon_core.verb:set package 'tuto_kickoff' build argument 'cmake_clean_cache' from command line to 'False'
[1.598s] Level 5:colcon.colcon_core.verb:set package 'tuto_kickoff' build argument 'cmake_clean_first' from command line to 'False'
[1.598s] Level 5:colcon.colcon_core.verb:set package 'tuto_kickoff' build argument 'cmake_force_configure' from command line to 'False'
[1.598s] Level 5:colcon.colcon_core.verb:set package 'tuto_kickoff' build argument 'ament_cmake_args' from command line to 'None'
[1.598s] Level 5:colcon.colcon_core.verb:set package 'tuto_kickoff' build argument 'catkin_cmake_args' from command line to 'None'
[1.598s] Level 5:colcon.colcon_core.verb:set package 'tuto_kickoff' build argument 'catkin_skip_building_tests' from command line to 'False'
[1.598s] DEBUG:colcon.colcon_core.verb:Building package 'tuto_kickoff' with the following arguments: {'ament_cmake_args': None, 'build_base': '/home/bot/mb6-space/larm-bb8/build/tuto_kickoff', 'catkin_cmake_args': None, 'catkin_skip_building_tests': False, 'cmake_args': None, 'cmake_clean_cache': False, 'cmake_clean_first': False, 'cmake_force_configure': False, 'cmake_target': None, 'cmake_target_skip_unavailable': False, 'install_base': '/home/bot/mb6-space/larm-bb8/install/tuto_kickoff', 'merge_install': False, 'path': '/home/bot/mb6-space/larm-bb8/grpe_Larm_Mother', 'symlink_install': False, 'test_result_base': None}
[1.618s] INFO:colcon.colcon_core.executor:Executing jobs using 'parallel' executor
[1.638s] DEBUG:colcon.colcon_parallel_executor.executor.parallel:run_until_complete
[1.638s] INFO:colcon.colcon_ros.task.ament_cmake.build:Building ROS package in '/home/bot/mb6-space/larm-bb8/grpe_Larm_Mother' with build type 'ament_cmake'
[1.638s] INFO:colcon.colcon_cmake.task.cmake.build:Building CMake package in '/home/bot/mb6-space/larm-bb8/grpe_Larm_Mother'
[1.662s] INFO:colcon.colcon_core.plugin_system:Skipping extension 'colcon_core.shell.bat': Not used on non-Windows systems
[1.662s] INFO:colcon.colcon_core.shell:Skip shell extension 'powershell' for command environment: Not usable outside of PowerShell
[1.662s] DEBUG:colcon.colcon_core.shell:Skip shell extension 'dsv' for command environment
[1.731s] DEBUG:colcon.colcon_core.event_handler.log_command:Invoking command in '/home/bot/mb6-space/larm-bb8/build/tuto_kickoff': CMAKE_PREFIX_PATH=${CMAKE_PREFIX_PATH}:/opt/ros/iron /usr/bin/cmake /home/bot/mb6-space/larm-bb8/grpe_Larm_Mother -DCMAKE_INSTALL_PREFIX=/home/bot/mb6-space/larm-bb8/install/tuto_kickoff
[2.446s] DEBUG:colcon.colcon_core.event_handler.log_command:Invoked command in '/home/bot/mb6-space/larm-bb8/build/tuto_kickoff' returned '0': CMAKE_PREFIX_PATH=${CMAKE_PREFIX_PATH}:/opt/ros/iron /usr/bin/cmake /home/bot/mb6-space/larm-bb8/grpe_Larm_Mother -DCMAKE_INSTALL_PREFIX=/home/bot/mb6-space/larm-bb8/install/tuto_kickoff
[2.449s] DEBUG:colcon.colcon_core.event_handler.log_command:Invoking command in '/home/bot/mb6-space/larm-bb8/build/tuto_kickoff': CMAKE_PREFIX_PATH=${CMAKE_PREFIX_PATH}:/opt/ros/iron /usr/bin/cmake --build /home/bot/mb6-space/larm-bb8/build/tuto_kickoff -- -j4 -l4
[2.495s] DEBUG:colcon.colcon_core.event_handler.log_command:Invoked command in '/home/bot/mb6-space/larm-bb8/build/tuto_kickoff' returned '0': CMAKE_PREFIX_PATH=${CMAKE_PREFIX_PATH}:/opt/ros/iron /usr/bin/cmake --build /home/bot/mb6-space/larm-bb8/build/tuto_kickoff -- -j4 -l4
[2.534s] DEBUG:colcon.colcon_core.event_handler.log_command:Invoking command in '/home/bot/mb6-space/larm-bb8/build/tuto_kickoff': CMAKE_PREFIX_PATH=${CMAKE_PREFIX_PATH}:/opt/ros/iron /usr/bin/cmake --install /home/bot/mb6-space/larm-bb8/build/tuto_kickoff
[2.549s] Level 1:colcon.colcon_core.environment:create_environment_scripts_only(tuto_kickoff)
[2.550s] DEBUG:colcon.colcon_core.event_handler.log_command:Invoked command in '/home/bot/mb6-space/larm-bb8/build/tuto_kickoff' returned '0': CMAKE_PREFIX_PATH=${CMAKE_PREFIX_PATH}:/opt/ros/iron /usr/bin/cmake --install /home/bot/mb6-space/larm-bb8/build/tuto_kickoff
[2.572s] Level 1:colcon.colcon_core.environment:checking '/home/bot/mb6-space/larm-bb8/install/tuto_kickoff' for CMake module files
[2.573s] Level 1:colcon.colcon_core.environment:checking '/home/bot/mb6-space/larm-bb8/install/tuto_kickoff' for CMake config files
[2.573s] Level 1:colcon.colcon_core.shell:create_environment_hook('tuto_kickoff', 'cmake_prefix_path')
[2.592s] INFO:colcon.colcon_core.shell:Creating environment hook '/home/bot/mb6-space/larm-bb8/install/tuto_kickoff/share/tuto_kickoff/hook/cmake_prefix_path.ps1'
[2.592s] INFO:colcon.colcon_core.shell:Creating environment descriptor '/home/bot/mb6-space/larm-bb8/install/tuto_kickoff/share/tuto_kickoff/hook/cmake_prefix_path.dsv'
[2.592s] INFO:colcon.colcon_core.shell:Creating environment hook '/home/bot/mb6-space/larm-bb8/install/tuto_kickoff/share/tuto_kickoff/hook/cmake_prefix_path.sh'
[2.593s] Level 1:colcon.colcon_core.environment:checking '/home/bot/mb6-space/larm-bb8/install/tuto_kickoff/lib'
[2.593s] Level 1:colcon.colcon_core.environment:checking '/home/bot/mb6-space/larm-bb8/install/tuto_kickoff/bin'
[2.593s] Level 1:colcon.colcon_core.environment:checking '/home/bot/mb6-space/larm-bb8/install/tuto_kickoff/lib/pkgconfig/tuto_kickoff.pc'
[2.594s] Level 1:colcon.colcon_core.environment:checking '/home/bot/mb6-space/larm-bb8/install/tuto_kickoff/lib/python3.10/site-packages'
[2.594s] Level 1:colcon.colcon_core.environment:checking '/home/bot/mb6-space/larm-bb8/install/tuto_kickoff/bin'
[2.612s] INFO:colcon.colcon_core.shell:Creating package script '/home/bot/mb6-space/larm-bb8/install/tuto_kickoff/share/tuto_kickoff/package.ps1'
[2.613s] INFO:colcon.colcon_core.shell:Creating package descriptor '/home/bot/mb6-space/larm-bb8/install/tuto_kickoff/share/tuto_kickoff/package.dsv'
[2.613s] INFO:colcon.colcon_core.shell:Creating package script '/home/bot/mb6-space/larm-bb8/install/tuto_kickoff/share/tuto_kickoff/package.sh'
[2.614s] INFO:colcon.colcon_core.shell:Creating package script '/home/bot/mb6-space/larm-bb8/install/tuto_kickoff/share/tuto_kickoff/package.bash'
[2.614s] INFO:colcon.colcon_core.shell:Creating package script '/home/bot/mb6-space/larm-bb8/install/tuto_kickoff/share/tuto_kickoff/package.zsh'
[2.615s] Level 1:colcon.colcon_core.environment:create_file_with_runtime_dependencies(/home/bot/mb6-space/larm-bb8/install/tuto_kickoff/share/colcon-core/packages/tuto_kickoff)
[2.657s] Level 1:colcon.colcon_core.environment:create_environment_scripts_only(tuto_kickoff)
[2.676s] Level 1:colcon.colcon_core.environment:checking '/home/bot/mb6-space/larm-bb8/install/tuto_kickoff' for CMake module files
[2.677s] Level 1:colcon.colcon_core.environment:checking '/home/bot/mb6-space/larm-bb8/install/tuto_kickoff' for CMake config files
[2.677s] Level 1:colcon.colcon_core.shell:create_environment_hook('tuto_kickoff', 'cmake_prefix_path')
[2.695s] INFO:colcon.colcon_core.shell:Creating environment hook '/home/bot/mb6-space/larm-bb8/install/tuto_kickoff/share/tuto_kickoff/hook/cmake_prefix_path.ps1'
[2.695s] INFO:colcon.colcon_core.shell:Creating environment descriptor '/home/bot/mb6-space/larm-bb8/install/tuto_kickoff/share/tuto_kickoff/hook/cmake_prefix_path.dsv'
[2.695s] INFO:colcon.colcon_core.shell:Creating environment hook '/home/bot/mb6-space/larm-bb8/install/tuto_kickoff/share/tuto_kickoff/hook/cmake_prefix_path.sh'
[2.696s] Level 1:colcon.colcon_core.environment:checking '/home/bot/mb6-space/larm-bb8/install/tuto_kickoff/lib'
[2.696s] Level 1:colcon.colcon_core.environment:checking '/home/bot/mb6-space/larm-bb8/install/tuto_kickoff/bin'
[2.696s] Level 1:colcon.colcon_core.environment:checking '/home/bot/mb6-space/larm-bb8/install/tuto_kickoff/lib/pkgconfig/tuto_kickoff.pc'
[2.696s] Level 1:colcon.colcon_core.environment:checking '/home/bot/mb6-space/larm-bb8/install/tuto_kickoff/lib/python3.10/site-packages'
[2.696s] Level 1:colcon.colcon_core.environment:checking '/home/bot/mb6-space/larm-bb8/install/tuto_kickoff/bin'
[2.714s] INFO:colcon.colcon_core.shell:Creating package script '/home/bot/mb6-space/larm-bb8/install/tuto_kickoff/share/tuto_kickoff/package.ps1'
[2.715s] INFO:colcon.colcon_core.shell:Creating package descriptor '/home/bot/mb6-space/larm-bb8/install/tuto_kickoff/share/tuto_kickoff/package.dsv'
[2.715s] INFO:colcon.colcon_core.shell:Creating package script '/home/bot/mb6-space/larm-bb8/install/tuto_kickoff/share/tuto_kickoff/package.sh'
[2.716s] INFO:colcon.colcon_core.shell:Creating package script '/home/bot/mb6-space/larm-bb8/install/tuto_kickoff/share/tuto_kickoff/package.bash'
[2.716s] INFO:colcon.colcon_core.shell:Creating package script '/home/bot/mb6-space/larm-bb8/install/tuto_kickoff/share/tuto_kickoff/package.zsh'
[2.716s] Level 1:colcon.colcon_core.environment:create_file_with_runtime_dependencies(/home/bot/mb6-space/larm-bb8/install/tuto_kickoff/share/colcon-core/packages/tuto_kickoff)
[2.716s] DEBUG:colcon.colcon_parallel_executor.executor.parallel:closing loop
[2.717s] DEBUG:colcon.colcon_parallel_executor.executor.parallel:loop closed
[2.717s] DEBUG:colcon.colcon_parallel_executor.executor.parallel:run_until_complete finished with '0'
[2.717s] DEBUG:colcon.colcon_core.event_reactor:joining thread
[2.742s] INFO:colcon.colcon_core.plugin_system:Skipping extension 'colcon_notification.desktop_notification.notify_send': Could not find 'notify-send'
[2.742s] INFO:colcon.colcon_core.plugin_system:Skipping extension 'colcon_notification.desktop_notification.terminal_notifier': Not used on non-Darwin systems
[2.742s] INFO:colcon.colcon_core.plugin_system:Skipping extension 'colcon_notification.desktop_notification.win32': Not used on non-Windows systems
[2.742s] INFO:colcon.colcon_notification.desktop_notification:Sending desktop notification using 'notify2'
[2.754s] DEBUG:colcon.colcon_core.event_reactor:joined thread
[2.782s] INFO:colcon.colcon_core.shell:Creating prefix script '/home/bot/mb6-space/larm-bb8/install/local_setup.ps1'
[2.783s] INFO:colcon.colcon_core.shell:Creating prefix util module '/home/bot/mb6-space/larm-bb8/install/_local_setup_util_ps1.py'
[2.784s] INFO:colcon.colcon_core.shell:Creating prefix chain script '/home/bot/mb6-space/larm-bb8/install/setup.ps1'
[2.805s] INFO:colcon.colcon_core.shell:Creating prefix script '/home/bot/mb6-space/larm-bb8/install/local_setup.sh'
[2.805s] INFO:colcon.colcon_core.shell:Creating prefix util module '/home/bot/mb6-space/larm-bb8/install/_local_setup_util_sh.py'
[2.806s] INFO:colcon.colcon_core.shell:Creating prefix chain script '/home/bot/mb6-space/larm-bb8/install/setup.sh'
[2.827s] INFO:colcon.colcon_core.shell:Creating prefix script '/home/bot/mb6-space/larm-bb8/install/local_setup.bash'
[2.828s] INFO:colcon.colcon_core.shell:Creating prefix chain script '/home/bot/mb6-space/larm-bb8/install/setup.bash'
[2.849s] INFO:colcon.colcon_core.shell:Creating prefix script '/home/bot/mb6-space/larm-bb8/install/local_setup.zsh'
[2.849s] INFO:colcon.colcon_core.shell:Creating prefix chain script '/home/bot/mb6-space/larm-bb8/install/setup.zsh'
