[0.083s] Invoking command in '/home/imtld.local/aristide.dossou-yovo/ros2_ws/build/tuto_kickoff': CMAKE_PREFIX_PATH=${CMAKE_PREFIX_PATH}:/opt/ros/iron /usr/bin/cmake --build /home/imtld.local/aristide.dossou-yovo/ros2_ws/build/tuto_kickoff -- -j12 -l12
[0.154s] Invoked command in '/home/imtld.local/aristide.dossou-yovo/ros2_ws/build/tuto_kickoff' returned '0': CMAKE_PREFIX_PATH=${CMAKE_PREFIX_PATH}:/opt/ros/iron /usr/bin/cmake --build /home/imtld.local/aristide.dossou-yovo/ros2_ws/build/tuto_kickoff -- -j12 -l12
[0.243s] Invoking command in '/home/imtld.local/aristide.dossou-yovo/ros2_ws/build/tuto_kickoff': CMAKE_PREFIX_PATH=${CMAKE_PREFIX_PATH}:/opt/ros/iron /usr/bin/cmake --install /home/imtld.local/aristide.dossou-yovo/ros2_ws/build/tuto_kickoff
[0.263s] -- Install configuration: ""
[0.265s] -- Up-to-date: /home/imtld.local/aristide.dossou-yovo/ros2_ws/install/tuto_kickoff/share/tuto_kickoff//scripts
[0.268s] -- Up-to-date: /home/imtld.local/aristide.dossou-yovo/ros2_ws/install/tuto_kickoff/share/tuto_kickoff//scripts/code_tuto_move.py
[0.270s] -- Up-to-date: /home/imtld.local/aristide.dossou-yovo/ros2_ws/install/tuto_kickoff/share/tuto_kickoff//scripts/__init__.py
[0.272s] -- Installing: /home/imtld.local/aristide.dossou-yovo/ros2_ws/install/tuto_kickoff/share/tuto_kickoff//scripts/reactive_move.py
[0.293s] -- Up-to-date: /home/imtld.local/aristide.dossou-yovo/ros2_ws/install/tuto_kickoff/share/tuto_kickoff//scripts/MinimalPublisher.py
[0.296s] -- Up-to-date: /home/imtld.local/aristide.dossou-yovo/ros2_ws/install/tuto_kickoff/share/tuto_kickoff//scripts/MinimalSuscriber.py
[0.298s] -- Up-to-date: /home/imtld.local/aristide.dossou-yovo/ros2_ws/install/tuto_kickoff/share/tuto_kickoff//scripts/__pycache__
[0.301s] -- Up-to-date: /home/imtld.local/aristide.dossou-yovo/ros2_ws/install/tuto_kickoff/share/tuto_kickoff//scripts/__pycache__/classifier.cpython-310.pyc
[0.304s] -- Up-to-date: /home/imtld.local/aristide.dossou-yovo/ros2_ws/install/tuto_kickoff/share/tuto_kickoff//scripts/__pycache__/test_class.cpython-310-pytest-6.2.5.pyc
[0.306s] -- Up-to-date: /home/imtld.local/aristide.dossou-yovo/ros2_ws/install/tuto_kickoff/share/tuto_kickoff//scripts/__pycache__/__init__.cpython-310.pyc
[0.308s] -- Up-to-date: /home/imtld.local/aristide.dossou-yovo/ros2_ws/install/tuto_kickoff/share/tuto_kickoff//scripts/__pycache__/classifierCircle.cpython-310.pyc
[0.310s] -- Up-to-date: /home/imtld.local/aristide.dossou-yovo/ros2_ws/install/tuto_kickoff/share/tuto_kickoff//launch
[0.315s] -- Installing: /home/imtld.local/aristide.dossou-yovo/ros2_ws/install/tuto_kickoff/share/tuto_kickoff//launch/tutosim_launch.yaml
[0.344s] -- Installing: /home/imtld.local/aristide.dossou-yovo/ros2_ws/install/tuto_kickoff/lib/tuto_kickoff/reactive_move.py
[0.366s] -- Up-to-date: /home/imtld.local/aristide.dossou-yovo/ros2_ws/install/tuto_kickoff/share/ament_index/resource_index/package_run_dependencies/tuto_kickoff
[0.368s] -- Up-to-date: /home/imtld.local/aristide.dossou-yovo/ros2_ws/install/tuto_kickoff/share/ament_index/resource_index/parent_prefix_path/tuto_kickoff
[0.370s] -- Up-to-date: /home/imtld.local/aristide.dossou-yovo/ros2_ws/install/tuto_kickoff/share/tuto_kickoff/environment/ament_prefix_path.sh
[0.372s] -- Up-to-date: /home/imtld.local/aristide.dossou-yovo/ros2_ws/install/tuto_kickoff/share/tuto_kickoff/environment/ament_prefix_path.dsv
[0.373s] -- Up-to-date: /home/imtld.local/aristide.dossou-yovo/ros2_ws/install/tuto_kickoff/share/tuto_kickoff/environment/path.sh
[0.375s] -- Up-to-date: /home/imtld.local/aristide.dossou-yovo/ros2_ws/install/tuto_kickoff/share/tuto_kickoff/environment/path.dsv
[0.376s] -- Up-to-date: /home/imtld.local/aristide.dossou-yovo/ros2_ws/install/tuto_kickoff/share/tuto_kickoff/local_setup.bash
[0.393s] -- Up-to-date: /home/imtld.local/aristide.dossou-yovo/ros2_ws/install/tuto_kickoff/share/tuto_kickoff/local_setup.sh
[0.395s] -- Up-to-date: /home/imtld.local/aristide.dossou-yovo/ros2_ws/install/tuto_kickoff/share/tuto_kickoff/local_setup.zsh
[0.397s] -- Up-to-date: /home/imtld.local/aristide.dossou-yovo/ros2_ws/install/tuto_kickoff/share/tuto_kickoff/local_setup.dsv
[0.399s] -- Installing: /home/imtld.local/aristide.dossou-yovo/ros2_ws/install/tuto_kickoff/share/tuto_kickoff/package.dsv
[0.416s] -- Up-to-date: /home/imtld.local/aristide.dossou-yovo/ros2_ws/install/tuto_kickoff/share/ament_index/resource_index/packages/tuto_kickoff
[0.418s] -- Up-to-date: /home/imtld.local/aristide.dossou-yovo/ros2_ws/install/tuto_kickoff/share/tuto_kickoff/cmake/tuto_kickoffConfig.cmake
[0.420s] -- Up-to-date: /home/imtld.local/aristide.dossou-yovo/ros2_ws/install/tuto_kickoff/share/tuto_kickoff/cmake/tuto_kickoffConfig-version.cmake
[0.422s] -- Up-to-date: /home/imtld.local/aristide.dossou-yovo/ros2_ws/install/tuto_kickoff/share/tuto_kickoff/package.xml
[0.443s] Invoked command in '/home/imtld.local/aristide.dossou-yovo/ros2_ws/build/tuto_kickoff' returned '0': CMAKE_PREFIX_PATH=${CMAKE_PREFIX_PATH}:/opt/ros/iron /usr/bin/cmake --install /home/imtld.local/aristide.dossou-yovo/ros2_ws/build/tuto_kickoff
