[0.094s] Invoking command in '/home/imtld.local/aristide.dossou-yovo/ros2_ws/build/tuto_kickoff': CMAKE_PREFIX_PATH=${CMAKE_PREFIX_PATH}:/opt/ros/iron /usr/bin/cmake --build /home/imtld.local/aristide.dossou-yovo/ros2_ws/build/tuto_kickoff -- -j12 -l12
[0.136s] Invoked command in '/home/imtld.local/aristide.dossou-yovo/ros2_ws/build/tuto_kickoff' returned '0': CMAKE_PREFIX_PATH=${CMAKE_PREFIX_PATH}:/opt/ros/iron /usr/bin/cmake --build /home/imtld.local/aristide.dossou-yovo/ros2_ws/build/tuto_kickoff -- -j12 -l12
[0.179s] Invoking command in '/home/imtld.local/aristide.dossou-yovo/ros2_ws/build/tuto_kickoff': CMAKE_PREFIX_PATH=${CMAKE_PREFIX_PATH}:/opt/ros/iron /usr/bin/cmake --install /home/imtld.local/aristide.dossou-yovo/ros2_ws/build/tuto_kickoff
[0.186s] -- Install configuration: ""
[0.187s] -- Up-to-date: /home/imtld.local/aristide.dossou-yovo/ros2_ws/install/tuto_kickoff/share/tuto_kickoff//scripts
[0.195s] -- Up-to-date: /home/imtld.local/aristide.dossou-yovo/ros2_ws/install/tuto_kickoff/share/tuto_kickoff//scripts/code_tuto_move.py
[0.197s] -- Installing: /home/imtld.local/aristide.dossou-yovo/ros2_ws/install/tuto_kickoff/share/tuto_kickoff//scripts/__init__.py
[0.221s] -- Installing: /home/imtld.local/aristide.dossou-yovo/ros2_ws/install/tuto_kickoff/share/tuto_kickoff//scripts/reactive_move.py
[0.234s] -- Installing: /home/imtld.local/aristide.dossou-yovo/ros2_ws/install/tuto_kickoff/share/tuto_kickoff//scripts/MinimalPublisher.py
[0.259s] -- Installing: /home/imtld.local/aristide.dossou-yovo/ros2_ws/install/tuto_kickoff/share/tuto_kickoff//scripts/MinimalSuscriber.py
[0.271s] -- Installing: /home/imtld.local/aristide.dossou-yovo/ros2_ws/install/tuto_kickoff/share/tuto_kickoff//scripts/__pycache__
[0.281s] -- Installing: /home/imtld.local/aristide.dossou-yovo/ros2_ws/install/tuto_kickoff/share/tuto_kickoff//scripts/__pycache__/classifier.cpython-310.pyc
[0.309s] -- Installing: /home/imtld.local/aristide.dossou-yovo/ros2_ws/install/tuto_kickoff/share/tuto_kickoff//scripts/__pycache__/test_class.cpython-310-pytest-6.2.5.pyc
[0.323s] -- Installing: /home/imtld.local/aristide.dossou-yovo/ros2_ws/install/tuto_kickoff/share/tuto_kickoff//scripts/__pycache__/__init__.cpython-310.pyc
[0.344s] -- Installing: /home/imtld.local/aristide.dossou-yovo/ros2_ws/install/tuto_kickoff/share/tuto_kickoff//scripts/__pycache__/classifierCircle.cpython-310.pyc
[0.369s] -- Up-to-date: /home/imtld.local/aristide.dossou-yovo/ros2_ws/install/tuto_kickoff/share/tuto_kickoff//launch
[0.372s] -- Up-to-date: /home/imtld.local/aristide.dossou-yovo/ros2_ws/install/tuto_kickoff/share/tuto_kickoff//launch/tutosim_launch.yaml
[0.375s] -- Installing: /home/imtld.local/aristide.dossou-yovo/ros2_ws/install/tuto_kickoff/lib/tuto_kickoff/reactive_move.py
[0.432s] -- Up-to-date: /home/imtld.local/aristide.dossou-yovo/ros2_ws/install/tuto_kickoff/share/ament_index/resource_index/package_run_dependencies/tuto_kickoff
[0.439s] -- Up-to-date: /home/imtld.local/aristide.dossou-yovo/ros2_ws/install/tuto_kickoff/share/ament_index/resource_index/parent_prefix_path/tuto_kickoff
[0.450s] -- Up-to-date: /home/imtld.local/aristide.dossou-yovo/ros2_ws/install/tuto_kickoff/share/tuto_kickoff/environment/ament_prefix_path.sh
[0.452s] -- Up-to-date: /home/imtld.local/aristide.dossou-yovo/ros2_ws/install/tuto_kickoff/share/tuto_kickoff/environment/ament_prefix_path.dsv
[0.454s] -- Up-to-date: /home/imtld.local/aristide.dossou-yovo/ros2_ws/install/tuto_kickoff/share/tuto_kickoff/environment/path.sh
[0.456s] -- Up-to-date: /home/imtld.local/aristide.dossou-yovo/ros2_ws/install/tuto_kickoff/share/tuto_kickoff/environment/path.dsv
[0.458s] -- Up-to-date: /home/imtld.local/aristide.dossou-yovo/ros2_ws/install/tuto_kickoff/share/tuto_kickoff/local_setup.bash
[0.460s] -- Up-to-date: /home/imtld.local/aristide.dossou-yovo/ros2_ws/install/tuto_kickoff/share/tuto_kickoff/local_setup.sh
[0.462s] -- Up-to-date: /home/imtld.local/aristide.dossou-yovo/ros2_ws/install/tuto_kickoff/share/tuto_kickoff/local_setup.zsh
[0.464s] -- Up-to-date: /home/imtld.local/aristide.dossou-yovo/ros2_ws/install/tuto_kickoff/share/tuto_kickoff/local_setup.dsv
[0.465s] -- Installing: /home/imtld.local/aristide.dossou-yovo/ros2_ws/install/tuto_kickoff/share/tuto_kickoff/package.dsv
[0.500s] -- Up-to-date: /home/imtld.local/aristide.dossou-yovo/ros2_ws/install/tuto_kickoff/share/ament_index/resource_index/packages/tuto_kickoff
[0.502s] -- Up-to-date: /home/imtld.local/aristide.dossou-yovo/ros2_ws/install/tuto_kickoff/share/tuto_kickoff/cmake/tuto_kickoffConfig.cmake
[0.504s] -- Up-to-date: /home/imtld.local/aristide.dossou-yovo/ros2_ws/install/tuto_kickoff/share/tuto_kickoff/cmake/tuto_kickoffConfig-version.cmake
[0.506s] -- Up-to-date: /home/imtld.local/aristide.dossou-yovo/ros2_ws/install/tuto_kickoff/share/tuto_kickoff/package.xml
[0.521s] Invoked command in '/home/imtld.local/aristide.dossou-yovo/ros2_ws/build/tuto_kickoff' returned '0': CMAKE_PREFIX_PATH=${CMAKE_PREFIX_PATH}:/opt/ros/iron /usr/bin/cmake --install /home/imtld.local/aristide.dossou-yovo/ros2_ws/build/tuto_kickoff
