-- Install configuration: ""
-- Up-to-date: /home/bot/mb6-space/larm-bb8/install/grpe_larm_mother/share/grpe_larm_mother//launch
-- Up-to-date: /home/bot/mb6-space/larm-bb8/install/grpe_larm_mother/share/grpe_larm_mother//launch/challenge1.yaml
-- Up-to-date: /home/bot/mb6-space/larm-bb8/install/grpe_larm_mother/share/grpe_larm_mother//launch/minimal_launch.yaml
-- Up-to-date: /home/bot/mb6-space/larm-bb8/install/grpe_larm_mother/share/grpe_larm_mother//scripts
-- Up-to-date: /home/bot/mb6-space/larm-bb8/install/grpe_larm_mother/share/grpe_larm_mother//scripts/__pycache__
-- Up-to-date: /home/bot/mb6-space/larm-bb8/install/grpe_larm_mother/share/grpe_larm_mother//scripts/__pycache__/classifier.cpython-310.pyc
-- Up-to-date: /home/bot/mb6-space/larm-bb8/install/grpe_larm_mother/share/grpe_larm_mother//scripts/__pycache__/__init__.cpython-310.pyc
-- Up-to-date: /home/bot/mb6-space/larm-bb8/install/grpe_larm_mother/share/grpe_larm_mother//scripts/__pycache__/classifierCircle.cpython-310.pyc
-- Up-to-date: /home/bot/mb6-space/larm-bb8/install/grpe_larm_mother/share/grpe_larm_mother//scripts/__pycache__/test_class.cpython-310-pytest-6.2.5.pyc
-- Up-to-date: /home/bot/mb6-space/larm-bb8/install/grpe_larm_mother/share/grpe_larm_mother//scripts/__init__.py
-- Installing: /home/bot/mb6-space/larm-bb8/install/grpe_larm_mother/share/grpe_larm_mother//scripts/reactive_move.py
-- Up-to-date: /home/bot/mb6-space/larm-bb8/install/grpe_larm_mother/share/grpe_larm_mother//scripts/simulation.py
-- Installing: /home/bot/mb6-space/larm-bb8/install/grpe_larm_mother/share/grpe_larm_mother//scripts/camera_driver.py
-- Installing: /home/bot/mb6-space/larm-bb8/install/grpe_larm_mother/lib/grpe_larm_mother/reactive_move.py
-- Installing: /home/bot/mb6-space/larm-bb8/install/grpe_larm_mother/lib/grpe_larm_mother/camera_driver.py
-- Up-to-date: /home/bot/mb6-space/larm-bb8/install/grpe_larm_mother/share/ament_index/resource_index/package_run_dependencies/grpe_larm_mother
-- Up-to-date: /home/bot/mb6-space/larm-bb8/install/grpe_larm_mother/share/ament_index/resource_index/parent_prefix_path/grpe_larm_mother
-- Up-to-date: /home/bot/mb6-space/larm-bb8/install/grpe_larm_mother/share/grpe_larm_mother/environment/ament_prefix_path.sh
-- Up-to-date: /home/bot/mb6-space/larm-bb8/install/grpe_larm_mother/share/grpe_larm_mother/environment/ament_prefix_path.dsv
-- Up-to-date: /home/bot/mb6-space/larm-bb8/install/grpe_larm_mother/share/grpe_larm_mother/environment/path.sh
-- Up-to-date: /home/bot/mb6-space/larm-bb8/install/grpe_larm_mother/share/grpe_larm_mother/environment/path.dsv
-- Up-to-date: /home/bot/mb6-space/larm-bb8/install/grpe_larm_mother/share/grpe_larm_mother/local_setup.bash
-- Up-to-date: /home/bot/mb6-space/larm-bb8/install/grpe_larm_mother/share/grpe_larm_mother/local_setup.sh
-- Up-to-date: /home/bot/mb6-space/larm-bb8/install/grpe_larm_mother/share/grpe_larm_mother/local_setup.zsh
-- Up-to-date: /home/bot/mb6-space/larm-bb8/install/grpe_larm_mother/share/grpe_larm_mother/local_setup.dsv
-- Installing: /home/bot/mb6-space/larm-bb8/install/grpe_larm_mother/share/grpe_larm_mother/package.dsv
-- Up-to-date: /home/bot/mb6-space/larm-bb8/install/grpe_larm_mother/share/ament_index/resource_index/packages/grpe_larm_mother
-- Up-to-date: /home/bot/mb6-space/larm-bb8/install/grpe_larm_mother/share/grpe_larm_mother/cmake/grpe_larm_motherConfig.cmake
-- Up-to-date: /home/bot/mb6-space/larm-bb8/install/grpe_larm_mother/share/grpe_larm_mother/cmake/grpe_larm_motherConfig-version.cmake
-- Up-to-date: /home/bot/mb6-space/larm-bb8/install/grpe_larm_mother/share/grpe_larm_mother/package.xml
