[0.139s] Invoking command in '/home/bot/mb6-space/larm-bb8/build/grpe_larm_mother': CMAKE_PREFIX_PATH=${CMAKE_PREFIX_PATH}:/opt/ros/iron /usr/bin/cmake --build /home/bot/mb6-space/larm-bb8/build/grpe_larm_mother -- -j4 -l4
[0.183s] Invoked command in '/home/bot/mb6-space/larm-bb8/build/grpe_larm_mother' returned '0': CMAKE_PREFIX_PATH=${CMAKE_PREFIX_PATH}:/opt/ros/iron /usr/bin/cmake --build /home/bot/mb6-space/larm-bb8/build/grpe_larm_mother -- -j4 -l4
[0.227s] Invoking command in '/home/bot/mb6-space/larm-bb8/build/grpe_larm_mother': CMAKE_PREFIX_PATH=${CMAKE_PREFIX_PATH}:/opt/ros/iron /usr/bin/cmake --install /home/bot/mb6-space/larm-bb8/build/grpe_larm_mother
[0.238s] -- Install configuration: ""
[0.238s] -- Up-to-date: /home/bot/mb6-space/larm-bb8/install/grpe_larm_mother/share/grpe_larm_mother//launch
[0.238s] -- Up-to-date: /home/bot/mb6-space/larm-bb8/install/grpe_larm_mother/share/grpe_larm_mother//launch/challenge1.yaml
[0.238s] -- Up-to-date: /home/bot/mb6-space/larm-bb8/install/grpe_larm_mother/share/grpe_larm_mother//launch/minimal_launch.yaml
[0.238s] -- Up-to-date: /home/bot/mb6-space/larm-bb8/install/grpe_larm_mother/share/grpe_larm_mother//scripts
[0.239s] -- Up-to-date: /home/bot/mb6-space/larm-bb8/install/grpe_larm_mother/share/grpe_larm_mother//scripts/__pycache__
[0.239s] -- Up-to-date: /home/bot/mb6-space/larm-bb8/install/grpe_larm_mother/share/grpe_larm_mother//scripts/__pycache__/classifier.cpython-310.pyc
[0.239s] -- Up-to-date: /home/bot/mb6-space/larm-bb8/install/grpe_larm_mother/share/grpe_larm_mother//scripts/__pycache__/__init__.cpython-310.pyc
[0.239s] -- Up-to-date: /home/bot/mb6-space/larm-bb8/install/grpe_larm_mother/share/grpe_larm_mother//scripts/__pycache__/classifierCircle.cpython-310.pyc
[0.239s] -- Up-to-date: /home/bot/mb6-space/larm-bb8/install/grpe_larm_mother/share/grpe_larm_mother//scripts/__pycache__/test_class.cpython-310-pytest-6.2.5.pyc
[0.239s] -- Up-to-date: /home/bot/mb6-space/larm-bb8/install/grpe_larm_mother/share/grpe_larm_mother//scripts/__init__.py
[0.240s] -- Installing: /home/bot/mb6-space/larm-bb8/install/grpe_larm_mother/share/grpe_larm_mother//scripts/reactive_move.py
[0.240s] -- Up-to-date: /home/bot/mb6-space/larm-bb8/install/grpe_larm_mother/share/grpe_larm_mother//scripts/simulation.py
[0.240s] -- Installing: /home/bot/mb6-space/larm-bb8/install/grpe_larm_mother/share/grpe_larm_mother//scripts/camera_driver.py
[0.240s] -- Installing: /home/bot/mb6-space/larm-bb8/install/grpe_larm_mother/lib/grpe_larm_mother/reactive_move.py
[0.240s] -- Installing: /home/bot/mb6-space/larm-bb8/install/grpe_larm_mother/lib/grpe_larm_mother/camera_driver.py
[0.240s] -- Up-to-date: /home/bot/mb6-space/larm-bb8/install/grpe_larm_mother/share/ament_index/resource_index/package_run_dependencies/grpe_larm_mother
[0.240s] -- Up-to-date: /home/bot/mb6-space/larm-bb8/install/grpe_larm_mother/share/ament_index/resource_index/parent_prefix_path/grpe_larm_mother
[0.240s] -- Up-to-date: /home/bot/mb6-space/larm-bb8/install/grpe_larm_mother/share/grpe_larm_mother/environment/ament_prefix_path.sh
[0.241s] -- Up-to-date: /home/bot/mb6-space/larm-bb8/install/grpe_larm_mother/share/grpe_larm_mother/environment/ament_prefix_path.dsv
[0.241s] -- Up-to-date: /home/bot/mb6-space/larm-bb8/install/grpe_larm_mother/share/grpe_larm_mother/environment/path.sh
[0.241s] -- Up-to-date: /home/bot/mb6-space/larm-bb8/install/grpe_larm_mother/share/grpe_larm_mother/environment/path.dsv
[0.241s] -- Up-to-date: /home/bot/mb6-space/larm-bb8/install/grpe_larm_mother/share/grpe_larm_mother/local_setup.bash
[0.241s] -- Up-to-date: /home/bot/mb6-space/larm-bb8/install/grpe_larm_mother/share/grpe_larm_mother/local_setup.sh
[0.241s] -- Up-to-date: /home/bot/mb6-space/larm-bb8/install/grpe_larm_mother/share/grpe_larm_mother/local_setup.zsh
[0.241s] -- Up-to-date: /home/bot/mb6-space/larm-bb8/install/grpe_larm_mother/share/grpe_larm_mother/local_setup.dsv
[0.241s] -- Installing: /home/bot/mb6-space/larm-bb8/install/grpe_larm_mother/share/grpe_larm_mother/package.dsv
[0.242s] -- Up-to-date: /home/bot/mb6-space/larm-bb8/install/grpe_larm_mother/share/ament_index/resource_index/packages/grpe_larm_mother
[0.242s] -- Up-to-date: /home/bot/mb6-space/larm-bb8/install/grpe_larm_mother/share/grpe_larm_mother/cmake/grpe_larm_motherConfig.cmake
[0.242s] -- Up-to-date: /home/bot/mb6-space/larm-bb8/install/grpe_larm_mother/share/grpe_larm_mother/cmake/grpe_larm_motherConfig-version.cmake
[0.243s] -- Up-to-date: /home/bot/mb6-space/larm-bb8/install/grpe_larm_mother/share/grpe_larm_mother/package.xml
[0.243s] Invoked command in '/home/bot/mb6-space/larm-bb8/build/grpe_larm_mother' returned '0': CMAKE_PREFIX_PATH=${CMAKE_PREFIX_PATH}:/opt/ros/iron /usr/bin/cmake --install /home/bot/mb6-space/larm-bb8/build/grpe_larm_mother
