[1.457s] DEBUG:colcon:Command line arguments: ['/usr/bin/colcon', 'build']
[1.458s] DEBUG:colcon:Parsed command line arguments: Namespace(log_base=None, log_level=None, verb_name='build', build_base='build', install_base='install', merge_install=False, symlink_install=False, test_result_base=None, continue_on_error=False, executor='parallel', parallel_workers=4, event_handlers=None, ignore_user_meta=False, metas=['./colcon.meta'], base_paths=['.'], packages_ignore=None, packages_ignore_regex=None, paths=None, packages_up_to=None, packages_up_to_regex=None, packages_above=None, packages_above_and_dependencies=None, packages_above_depth=None, packages_select_by_dep=None, packages_skip_by_dep=None, packages_skip_up_to=None, packages_select_build_failed=False, packages_skip_build_finished=False, packages_select_test_failures=False, packages_skip_test_passed=False, packages_select=None, packages_skip=None, packages_select_regex=None, packages_skip_regex=None, packages_start=None, packages_end=None, allow_overriding=[], cmake_args=None, cmake_target=None, cmake_target_skip_unavailable=False, cmake_clean_cache=False, cmake_clean_first=False, cmake_force_configure=False, ament_cmake_args=None, catkin_cmake_args=None, catkin_skip_building_tests=False, verb_parser=<colcon_defaults.argument_parser.defaults.DefaultArgumentsDecorator object at 0x769c3ec99210>, verb_extension=<colcon_core.verb.build.BuildVerb object at 0x769c3ec87a00>, main=<bound method BuildVerb.main of <colcon_core.verb.build.BuildVerb object at 0x769c3ec87a00>>)
[1.515s] Level 1:colcon.colcon_core.package_discovery:discover_packages(colcon_meta) check parameters
[1.515s] Level 1:colcon.colcon_core.package_discovery:discover_packages(recursive) check parameters
[1.516s] Level 1:colcon.colcon_core.package_discovery:discover_packages(ignore) check parameters
[1.516s] Level 1:colcon.colcon_core.package_discovery:discover_packages(path) check parameters
[1.516s] Level 1:colcon.colcon_core.package_discovery:discover_packages(colcon_meta) discover
[1.516s] Level 1:colcon.colcon_core.package_discovery:discover_packages(recursive) discover
[1.516s] INFO:colcon.colcon_core.package_discovery:Crawling recursively for packages in '/home/bot/mb6-space/larm-bb8'
[1.516s] Level 1:colcon.colcon_core.package_identification:_identify(.) by extensions ['ignore', 'ignore_ament_install']
[1.516s] Level 1:colcon.colcon_core.package_identification:_identify(.) by extension 'ignore'
[1.516s] Level 1:colcon.colcon_core.package_identification:_identify(.) by extension 'ignore_ament_install'
[1.516s] Level 1:colcon.colcon_core.package_identification:_identify(.) by extensions ['colcon_pkg']
[1.516s] Level 1:colcon.colcon_core.package_identification:_identify(.) by extension 'colcon_pkg'
[1.516s] Level 1:colcon.colcon_core.package_identification:_identify(.) by extensions ['colcon_meta']
[1.516s] Level 1:colcon.colcon_core.package_identification:_identify(.) by extension 'colcon_meta'
[1.517s] Level 1:colcon.colcon_core.package_identification:_identify(.) by extensions ['ros']
[1.517s] Level 1:colcon.colcon_core.package_identification:_identify(.) by extension 'ros'
[1.528s] Level 1:colcon.colcon_core.package_identification:_identify(.) by extensions ['cmake', 'python']
[1.528s] Level 1:colcon.colcon_core.package_identification:_identify(.) by extension 'cmake'
[1.528s] Level 1:colcon.colcon_core.package_identification:_identify(.) by extension 'python'
[1.528s] Level 1:colcon.colcon_core.package_identification:_identify(.) by extensions ['python_setup_py']
[1.528s] Level 1:colcon.colcon_core.package_identification:_identify(.) by extension 'python_setup_py'
[1.528s] Level 1:colcon.colcon_core.package_identification:_identify(build) by extensions ['ignore', 'ignore_ament_install']
[1.528s] Level 1:colcon.colcon_core.package_identification:_identify(build) by extension 'ignore'
[1.529s] Level 1:colcon.colcon_core.package_identification:_identify(build) ignored
[1.529s] Level 1:colcon.colcon_core.package_identification:_identify(grpe_larm_mother) by extensions ['ignore', 'ignore_ament_install']
[1.529s] Level 1:colcon.colcon_core.package_identification:_identify(grpe_larm_mother) by extension 'ignore'
[1.529s] Level 1:colcon.colcon_core.package_identification:_identify(grpe_larm_mother) by extension 'ignore_ament_install'
[1.529s] Level 1:colcon.colcon_core.package_identification:_identify(grpe_larm_mother) by extensions ['colcon_pkg']
[1.529s] Level 1:colcon.colcon_core.package_identification:_identify(grpe_larm_mother) by extension 'colcon_pkg'
[1.529s] Level 1:colcon.colcon_core.package_identification:_identify(grpe_larm_mother) by extensions ['colcon_meta']
[1.529s] Level 1:colcon.colcon_core.package_identification:_identify(grpe_larm_mother) by extension 'colcon_meta'
[1.529s] Level 1:colcon.colcon_core.package_identification:_identify(grpe_larm_mother) by extensions ['ros']
[1.529s] Level 1:colcon.colcon_core.package_identification:_identify(grpe_larm_mother) by extension 'ros'
[1.533s] DEBUG:colcon.colcon_core.package_identification:Package 'grpe_larm_mother' with type 'ros.ament_cmake' and name 'grpe_larm_mother'
[1.533s] Level 1:colcon.colcon_core.package_identification:_identify(install) by extensions ['ignore', 'ignore_ament_install']
[1.533s] Level 1:colcon.colcon_core.package_identification:_identify(install) by extension 'ignore'
[1.533s] Level 1:colcon.colcon_core.package_identification:_identify(install) ignored
[1.534s] Level 1:colcon.colcon_core.package_identification:_identify(log) by extensions ['ignore', 'ignore_ament_install']
[1.534s] Level 1:colcon.colcon_core.package_identification:_identify(log) by extension 'ignore'
[1.534s] Level 1:colcon.colcon_core.package_identification:_identify(log) ignored
[1.534s] Level 1:colcon.colcon_core.package_discovery:discover_packages(recursive) using defaults
[1.534s] Level 1:colcon.colcon_core.package_discovery:discover_packages(ignore) discover
[1.534s] Level 1:colcon.colcon_core.package_discovery:discover_packages(ignore) using defaults
[1.535s] Level 1:colcon.colcon_core.package_discovery:discover_packages(path) discover
[1.535s] Level 1:colcon.colcon_core.package_discovery:discover_packages(path) using defaults
[1.672s] Level 1:colcon.colcon_core.package_discovery:discover_packages(prefix_path) check parameters
[1.672s] Level 1:colcon.colcon_core.package_discovery:discover_packages(prefix_path) discover
[1.712s] DEBUG:colcon.colcon_installed_package_information.package_discovery:Found 1 installed packages in /home/bot/mb6-space/larm-bb8/install
[1.731s] DEBUG:colcon.colcon_installed_package_information.package_discovery:Found 9 installed packages in /home/bot/mb6-space/install
[1.754s] DEBUG:colcon.colcon_installed_package_information.package_discovery:Found 366 installed packages in /opt/ros/iron
[1.757s] Level 1:colcon.colcon_core.package_discovery:discover_packages(prefix_path) using defaults
[1.872s] Level 5:colcon.colcon_core.verb:set package 'grpe_larm_mother' build argument 'cmake_args' from command line to 'None'
[1.872s] Level 5:colcon.colcon_core.verb:set package 'grpe_larm_mother' build argument 'cmake_target' from command line to 'None'
[1.872s] Level 5:colcon.colcon_core.verb:set package 'grpe_larm_mother' build argument 'cmake_target_skip_unavailable' from command line to 'False'
[1.872s] Level 5:colcon.colcon_core.verb:set package 'grpe_larm_mother' build argument 'cmake_clean_cache' from command line to 'False'
[1.872s] Level 5:colcon.colcon_core.verb:set package 'grpe_larm_mother' build argument 'cmake_clean_first' from command line to 'False'
[1.873s] Level 5:colcon.colcon_core.verb:set package 'grpe_larm_mother' build argument 'cmake_force_configure' from command line to 'False'
[1.873s] Level 5:colcon.colcon_core.verb:set package 'grpe_larm_mother' build argument 'ament_cmake_args' from command line to 'None'
[1.873s] Level 5:colcon.colcon_core.verb:set package 'grpe_larm_mother' build argument 'catkin_cmake_args' from command line to 'None'
[1.873s] Level 5:colcon.colcon_core.verb:set package 'grpe_larm_mother' build argument 'catkin_skip_building_tests' from command line to 'False'
[1.873s] DEBUG:colcon.colcon_core.verb:Building package 'grpe_larm_mother' with the following arguments: {'ament_cmake_args': None, 'build_base': '/home/bot/mb6-space/larm-bb8/build/grpe_larm_mother', 'catkin_cmake_args': None, 'catkin_skip_building_tests': False, 'cmake_args': None, 'cmake_clean_cache': False, 'cmake_clean_first': False, 'cmake_force_configure': False, 'cmake_target': None, 'cmake_target_skip_unavailable': False, 'install_base': '/home/bot/mb6-space/larm-bb8/install/grpe_larm_mother', 'merge_install': False, 'path': '/home/bot/mb6-space/larm-bb8/grpe_larm_mother', 'symlink_install': False, 'test_result_base': None}
[1.893s] INFO:colcon.colcon_core.executor:Executing jobs using 'parallel' executor
[1.913s] DEBUG:colcon.colcon_parallel_executor.executor.parallel:run_until_complete
[1.913s] INFO:colcon.colcon_ros.task.ament_cmake.build:Building ROS package in '/home/bot/mb6-space/larm-bb8/grpe_larm_mother' with build type 'ament_cmake'
[1.913s] INFO:colcon.colcon_cmake.task.cmake.build:Building CMake package in '/home/bot/mb6-space/larm-bb8/grpe_larm_mother'
[1.959s] INFO:colcon.colcon_core.plugin_system:Skipping extension 'colcon_core.shell.bat': Not used on non-Windows systems
[1.959s] INFO:colcon.colcon_core.shell:Skip shell extension 'powershell' for command environment: Not usable outside of PowerShell
[1.959s] DEBUG:colcon.colcon_core.shell:Skip shell extension 'dsv' for command environment
[2.096s] DEBUG:colcon.colcon_core.event_handler.log_command:Invoking command in '/home/bot/mb6-space/larm-bb8/build/grpe_larm_mother': CMAKE_PREFIX_PATH=${CMAKE_PREFIX_PATH}:/opt/ros/iron /usr/bin/cmake --build /home/bot/mb6-space/larm-bb8/build/grpe_larm_mother -- -j4 -l4
[2.153s] DEBUG:colcon.colcon_core.event_handler.log_command:Invoked command in '/home/bot/mb6-space/larm-bb8/build/grpe_larm_mother' returned '0': CMAKE_PREFIX_PATH=${CMAKE_PREFIX_PATH}:/opt/ros/iron /usr/bin/cmake --build /home/bot/mb6-space/larm-bb8/build/grpe_larm_mother -- -j4 -l4
[2.196s] DEBUG:colcon.colcon_core.event_handler.log_command:Invoking command in '/home/bot/mb6-space/larm-bb8/build/grpe_larm_mother': CMAKE_PREFIX_PATH=${CMAKE_PREFIX_PATH}:/opt/ros/iron /usr/bin/cmake --install /home/bot/mb6-space/larm-bb8/build/grpe_larm_mother
[2.209s] Level 1:colcon.colcon_core.environment:create_environment_scripts_only(grpe_larm_mother)
[2.212s] DEBUG:colcon.colcon_core.event_handler.log_command:Invoked command in '/home/bot/mb6-space/larm-bb8/build/grpe_larm_mother' returned '0': CMAKE_PREFIX_PATH=${CMAKE_PREFIX_PATH}:/opt/ros/iron /usr/bin/cmake --install /home/bot/mb6-space/larm-bb8/build/grpe_larm_mother
[2.262s] Level 1:colcon.colcon_core.environment:checking '/home/bot/mb6-space/larm-bb8/install/grpe_larm_mother' for CMake module files
[2.263s] Level 1:colcon.colcon_core.environment:checking '/home/bot/mb6-space/larm-bb8/install/grpe_larm_mother' for CMake config files
[2.263s] Level 1:colcon.colcon_core.shell:create_environment_hook('grpe_larm_mother', 'cmake_prefix_path')
[2.287s] INFO:colcon.colcon_core.shell:Creating environment hook '/home/bot/mb6-space/larm-bb8/install/grpe_larm_mother/share/grpe_larm_mother/hook/cmake_prefix_path.ps1'
[2.287s] INFO:colcon.colcon_core.shell:Creating environment descriptor '/home/bot/mb6-space/larm-bb8/install/grpe_larm_mother/share/grpe_larm_mother/hook/cmake_prefix_path.dsv'
[2.288s] INFO:colcon.colcon_core.shell:Creating environment hook '/home/bot/mb6-space/larm-bb8/install/grpe_larm_mother/share/grpe_larm_mother/hook/cmake_prefix_path.sh'
[2.289s] Level 1:colcon.colcon_core.environment:checking '/home/bot/mb6-space/larm-bb8/install/grpe_larm_mother/lib'
[2.289s] Level 1:colcon.colcon_core.environment:checking '/home/bot/mb6-space/larm-bb8/install/grpe_larm_mother/bin'
[2.290s] Level 1:colcon.colcon_core.environment:checking '/home/bot/mb6-space/larm-bb8/install/grpe_larm_mother/lib/pkgconfig/grpe_larm_mother.pc'
[2.290s] Level 1:colcon.colcon_core.environment:checking '/home/bot/mb6-space/larm-bb8/install/grpe_larm_mother/lib/python3.10/site-packages'
[2.290s] Level 1:colcon.colcon_core.environment:checking '/home/bot/mb6-space/larm-bb8/install/grpe_larm_mother/bin'
[2.310s] INFO:colcon.colcon_core.shell:Creating package script '/home/bot/mb6-space/larm-bb8/install/grpe_larm_mother/share/grpe_larm_mother/package.ps1'
[2.311s] INFO:colcon.colcon_core.shell:Creating package descriptor '/home/bot/mb6-space/larm-bb8/install/grpe_larm_mother/share/grpe_larm_mother/package.dsv'
[2.311s] INFO:colcon.colcon_core.shell:Creating package script '/home/bot/mb6-space/larm-bb8/install/grpe_larm_mother/share/grpe_larm_mother/package.sh'
[2.312s] INFO:colcon.colcon_core.shell:Creating package script '/home/bot/mb6-space/larm-bb8/install/grpe_larm_mother/share/grpe_larm_mother/package.bash'
[2.315s] INFO:colcon.colcon_core.shell:Creating package script '/home/bot/mb6-space/larm-bb8/install/grpe_larm_mother/share/grpe_larm_mother/package.zsh'
[2.317s] Level 1:colcon.colcon_core.environment:create_file_with_runtime_dependencies(/home/bot/mb6-space/larm-bb8/install/grpe_larm_mother/share/colcon-core/packages/grpe_larm_mother)
[2.379s] Level 1:colcon.colcon_core.environment:create_environment_scripts_only(grpe_larm_mother)
[2.399s] Level 1:colcon.colcon_core.environment:checking '/home/bot/mb6-space/larm-bb8/install/grpe_larm_mother' for CMake module files
[2.400s] Level 1:colcon.colcon_core.environment:checking '/home/bot/mb6-space/larm-bb8/install/grpe_larm_mother' for CMake config files
[2.400s] Level 1:colcon.colcon_core.shell:create_environment_hook('grpe_larm_mother', 'cmake_prefix_path')
[2.433s] INFO:colcon.colcon_core.shell:Creating environment hook '/home/bot/mb6-space/larm-bb8/install/grpe_larm_mother/share/grpe_larm_mother/hook/cmake_prefix_path.ps1'
[2.434s] INFO:colcon.colcon_core.shell:Creating environment descriptor '/home/bot/mb6-space/larm-bb8/install/grpe_larm_mother/share/grpe_larm_mother/hook/cmake_prefix_path.dsv'
[2.435s] INFO:colcon.colcon_core.shell:Creating environment hook '/home/bot/mb6-space/larm-bb8/install/grpe_larm_mother/share/grpe_larm_mother/hook/cmake_prefix_path.sh'
[2.436s] Level 1:colcon.colcon_core.environment:checking '/home/bot/mb6-space/larm-bb8/install/grpe_larm_mother/lib'
[2.436s] Level 1:colcon.colcon_core.environment:checking '/home/bot/mb6-space/larm-bb8/install/grpe_larm_mother/bin'
[2.437s] Level 1:colcon.colcon_core.environment:checking '/home/bot/mb6-space/larm-bb8/install/grpe_larm_mother/lib/pkgconfig/grpe_larm_mother.pc'
[2.437s] Level 1:colcon.colcon_core.environment:checking '/home/bot/mb6-space/larm-bb8/install/grpe_larm_mother/lib/python3.10/site-packages'
[2.437s] Level 1:colcon.colcon_core.environment:checking '/home/bot/mb6-space/larm-bb8/install/grpe_larm_mother/bin'
[2.463s] INFO:colcon.colcon_core.shell:Creating package script '/home/bot/mb6-space/larm-bb8/install/grpe_larm_mother/share/grpe_larm_mother/package.ps1'
[2.464s] INFO:colcon.colcon_core.shell:Creating package descriptor '/home/bot/mb6-space/larm-bb8/install/grpe_larm_mother/share/grpe_larm_mother/package.dsv'
[2.464s] INFO:colcon.colcon_core.shell:Creating package script '/home/bot/mb6-space/larm-bb8/install/grpe_larm_mother/share/grpe_larm_mother/package.sh'
[2.465s] INFO:colcon.colcon_core.shell:Creating package script '/home/bot/mb6-space/larm-bb8/install/grpe_larm_mother/share/grpe_larm_mother/package.bash'
[2.465s] INFO:colcon.colcon_core.shell:Creating package script '/home/bot/mb6-space/larm-bb8/install/grpe_larm_mother/share/grpe_larm_mother/package.zsh'
[2.466s] Level 1:colcon.colcon_core.environment:create_file_with_runtime_dependencies(/home/bot/mb6-space/larm-bb8/install/grpe_larm_mother/share/colcon-core/packages/grpe_larm_mother)
[2.466s] DEBUG:colcon.colcon_parallel_executor.executor.parallel:closing loop
[2.467s] DEBUG:colcon.colcon_parallel_executor.executor.parallel:loop closed
[2.467s] DEBUG:colcon.colcon_parallel_executor.executor.parallel:run_until_complete finished with '0'
[2.467s] DEBUG:colcon.colcon_core.event_reactor:joining thread
[2.504s] INFO:colcon.colcon_core.plugin_system:Skipping extension 'colcon_notification.desktop_notification.notify_send': Could not find 'notify-send'
[2.504s] INFO:colcon.colcon_core.plugin_system:Skipping extension 'colcon_notification.desktop_notification.terminal_notifier': Not used on non-Darwin systems
[2.504s] INFO:colcon.colcon_core.plugin_system:Skipping extension 'colcon_notification.desktop_notification.win32': Not used on non-Windows systems
[2.504s] INFO:colcon.colcon_notification.desktop_notification:Sending desktop notification using 'notify2'
[2.520s] DEBUG:colcon.colcon_core.event_reactor:joined thread
[2.546s] INFO:colcon.colcon_core.shell:Creating prefix script '/home/bot/mb6-space/larm-bb8/install/local_setup.ps1'
[2.547s] INFO:colcon.colcon_core.shell:Creating prefix util module '/home/bot/mb6-space/larm-bb8/install/_local_setup_util_ps1.py'
[2.548s] INFO:colcon.colcon_core.shell:Creating prefix chain script '/home/bot/mb6-space/larm-bb8/install/setup.ps1'
[2.574s] INFO:colcon.colcon_core.shell:Creating prefix script '/home/bot/mb6-space/larm-bb8/install/local_setup.sh'
[2.574s] INFO:colcon.colcon_core.shell:Creating prefix util module '/home/bot/mb6-space/larm-bb8/install/_local_setup_util_sh.py'
[2.575s] INFO:colcon.colcon_core.shell:Creating prefix chain script '/home/bot/mb6-space/larm-bb8/install/setup.sh'
[2.597s] INFO:colcon.colcon_core.shell:Creating prefix script '/home/bot/mb6-space/larm-bb8/install/local_setup.bash'
[2.598s] INFO:colcon.colcon_core.shell:Creating prefix chain script '/home/bot/mb6-space/larm-bb8/install/setup.bash'
[2.624s] INFO:colcon.colcon_core.shell:Creating prefix script '/home/bot/mb6-space/larm-bb8/install/local_setup.zsh'
[2.624s] INFO:colcon.colcon_core.shell:Creating prefix chain script '/home/bot/mb6-space/larm-bb8/install/setup.zsh'
