[0.092s] Invoking command in '/home/bot/mb6-space/larm-bb8/build/tuto_kickoff': CMAKE_PREFIX_PATH=${CMAKE_PREFIX_PATH}:/opt/ros/iron /usr/bin/cmake /home/bot/mb6-space/larm-bb8/grpe_Larm_Mother -DCMAKE_INSTALL_PREFIX=/home/bot/mb6-space/larm-bb8/install/tuto_kickoff
[0.152s] -- The C compiler identification is GNU 11.4.0
[0.227s] -- The CXX compiler identification is GNU 11.4.0
[0.236s] -- Detecting C compiler ABI info
[0.316s] -- Detecting C compiler ABI info - done
[0.329s] -- Check for working C compiler: /usr/bin/cc - skipped
[0.329s] -- Detecting C compile features
[0.329s] -- Detecting C compile features - done
[0.331s] -- Detecting CXX compiler ABI info
[0.410s] -- Detecting CXX compiler ABI info - done
[0.418s] -- Check for working CXX compiler: /usr/bin/c++ - skipped
[0.418s] -- Detecting CXX compile features
[0.419s] -- Detecting CXX compile features - done
[0.422s] -- Found ament_cmake: 2.0.3 (/opt/ros/iron/share/ament_cmake/cmake)
[0.594s] -- Found Python3: /usr/bin/python3.10 (found version "3.10.12") found components: Interpreter 
[0.694s] -- Found ament_lint_auto: 0.14.2 (/opt/ros/iron/share/ament_lint_auto/cmake)
[0.791s] -- Added test 'flake8' to check Python code syntax and style conventions
[0.791s] -- Configured 'flake8' exclude dirs and/or files: 
[0.792s] -- Added test 'lint_cmake' to check CMake code style
[0.792s] -- Added test 'pep257' to check Python code against some of the docstring style conventions in PEP 257
[0.794s] -- Added test 'xmllint' to check XML markup files
[0.796s] -- Configuring done
[0.799s] -- Generating done
[0.801s] -- Build files have been written to: /home/bot/mb6-space/larm-bb8/build/tuto_kickoff
[0.808s] Invoked command in '/home/bot/mb6-space/larm-bb8/build/tuto_kickoff' returned '0': CMAKE_PREFIX_PATH=${CMAKE_PREFIX_PATH}:/opt/ros/iron /usr/bin/cmake /home/bot/mb6-space/larm-bb8/grpe_Larm_Mother -DCMAKE_INSTALL_PREFIX=/home/bot/mb6-space/larm-bb8/install/tuto_kickoff
[0.811s] Invoking command in '/home/bot/mb6-space/larm-bb8/build/tuto_kickoff': CMAKE_PREFIX_PATH=${CMAKE_PREFIX_PATH}:/opt/ros/iron /usr/bin/cmake --build /home/bot/mb6-space/larm-bb8/build/tuto_kickoff -- -j4 -l4
[0.856s] Invoked command in '/home/bot/mb6-space/larm-bb8/build/tuto_kickoff' returned '0': CMAKE_PREFIX_PATH=${CMAKE_PREFIX_PATH}:/opt/ros/iron /usr/bin/cmake --build /home/bot/mb6-space/larm-bb8/build/tuto_kickoff -- -j4 -l4
[0.895s] Invoking command in '/home/bot/mb6-space/larm-bb8/build/tuto_kickoff': CMAKE_PREFIX_PATH=${CMAKE_PREFIX_PATH}:/opt/ros/iron /usr/bin/cmake --install /home/bot/mb6-space/larm-bb8/build/tuto_kickoff
[0.904s] -- Install configuration: ""
[0.904s] -- Installing: /home/bot/mb6-space/larm-bb8/install/tuto_kickoff/share/tuto_kickoff//scripts
[0.904s] -- Installing: /home/bot/mb6-space/larm-bb8/install/tuto_kickoff/share/tuto_kickoff//scripts/vision2.py
[0.905s] -- Installing: /home/bot/mb6-space/larm-bb8/install/tuto_kickoff/share/tuto_kickoff//scripts/MinimalSuscriber.py
[0.905s] -- Installing: /home/bot/mb6-space/larm-bb8/install/tuto_kickoff/share/tuto_kickoff//scripts/__pycache__
[0.905s] -- Installing: /home/bot/mb6-space/larm-bb8/install/tuto_kickoff/share/tuto_kickoff//scripts/__pycache__/classifier.cpython-310.pyc
[0.905s] -- Installing: /home/bot/mb6-space/larm-bb8/install/tuto_kickoff/share/tuto_kickoff//scripts/__pycache__/__init__.cpython-310.pyc
[0.905s] -- Installing: /home/bot/mb6-space/larm-bb8/install/tuto_kickoff/share/tuto_kickoff//scripts/__pycache__/classifierCircle.cpython-310.pyc
[0.905s] -- Installing: /home/bot/mb6-space/larm-bb8/install/tuto_kickoff/share/tuto_kickoff//scripts/__pycache__/test_class.cpython-310-pytest-6.2.5.pyc
[0.905s] -- Installing: /home/bot/mb6-space/larm-bb8/install/tuto_kickoff/share/tuto_kickoff//scripts/__init__.py
[0.906s] -- Installing: /home/bot/mb6-space/larm-bb8/install/tuto_kickoff/share/tuto_kickoff//scripts/reactive_move.py
[0.906s] -- Installing: /home/bot/mb6-space/larm-bb8/install/tuto_kickoff/share/tuto_kickoff//scripts/tuto_scan_echo.py
[0.906s] -- Installing: /home/bot/mb6-space/larm-bb8/install/tuto_kickoff/share/tuto_kickoff//scripts/code_tuto_move.py
[0.906s] -- Installing: /home/bot/mb6-space/larm-bb8/install/tuto_kickoff/share/tuto_kickoff//scripts/vision1.py
[0.906s] -- Installing: /home/bot/mb6-space/larm-bb8/install/tuto_kickoff/share/tuto_kickoff//scripts/camera_driver.py
[0.906s] -- Installing: /home/bot/mb6-space/larm-bb8/install/tuto_kickoff/share/tuto_kickoff//scripts/MinimalPublisher.py
[0.906s] -- Installing: /home/bot/mb6-space/larm-bb8/install/tuto_kickoff/share/tuto_kickoff//launch
[0.907s] -- Installing: /home/bot/mb6-space/larm-bb8/install/tuto_kickoff/share/tuto_kickoff//launch/tutosim_launch.yaml
[0.907s] -- Installing: /home/bot/mb6-space/larm-bb8/install/tuto_kickoff/share/tuto_kickoff//launch/sim_move_launch.yaml
[0.907s] -- Installing: /home/bot/mb6-space/larm-bb8/install/tuto_kickoff/lib/tuto_kickoff/reactive_move.py
[0.907s] -- Installing: /home/bot/mb6-space/larm-bb8/install/tuto_kickoff/share/ament_index/resource_index/package_run_dependencies/tuto_kickoff
[0.907s] -- Installing: /home/bot/mb6-space/larm-bb8/install/tuto_kickoff/share/ament_index/resource_index/parent_prefix_path/tuto_kickoff
[0.907s] -- Installing: /home/bot/mb6-space/larm-bb8/install/tuto_kickoff/share/tuto_kickoff/environment/ament_prefix_path.sh
[0.907s] -- Installing: /home/bot/mb6-space/larm-bb8/install/tuto_kickoff/share/tuto_kickoff/environment/ament_prefix_path.dsv
[0.908s] -- Installing: /home/bot/mb6-space/larm-bb8/install/tuto_kickoff/share/tuto_kickoff/environment/path.sh
[0.908s] -- Installing: /home/bot/mb6-space/larm-bb8/install/tuto_kickoff/share/tuto_kickoff/environment/path.dsv
[0.908s] -- Installing: /home/bot/mb6-space/larm-bb8/install/tuto_kickoff/share/tuto_kickoff/local_setup.bash
[0.908s] -- Installing: /home/bot/mb6-space/larm-bb8/install/tuto_kickoff/share/tuto_kickoff/local_setup.sh
[0.908s] -- Installing: /home/bot/mb6-space/larm-bb8/install/tuto_kickoff/share/tuto_kickoff/local_setup.zsh
[0.908s] -- Installing: /home/bot/mb6-space/larm-bb8/install/tuto_kickoff/share/tuto_kickoff/local_setup.dsv
[0.909s] -- Installing: /home/bot/mb6-space/larm-bb8/install/tuto_kickoff/share/tuto_kickoff/package.dsv
[0.909s] -- Installing: /home/bot/mb6-space/larm-bb8/install/tuto_kickoff/share/ament_index/resource_index/packages/tuto_kickoff
[0.909s] -- Installing: /home/bot/mb6-space/larm-bb8/install/tuto_kickoff/share/tuto_kickoff/cmake/tuto_kickoffConfig.cmake
[0.909s] -- Installing: /home/bot/mb6-space/larm-bb8/install/tuto_kickoff/share/tuto_kickoff/cmake/tuto_kickoffConfig-version.cmake
[0.909s] -- Installing: /home/bot/mb6-space/larm-bb8/install/tuto_kickoff/share/tuto_kickoff/package.xml
[0.911s] Invoked command in '/home/bot/mb6-space/larm-bb8/build/tuto_kickoff' returned '0': CMAKE_PREFIX_PATH=${CMAKE_PREFIX_PATH}:/opt/ros/iron /usr/bin/cmake --install /home/bot/mb6-space/larm-bb8/build/tuto_kickoff
