[0.098s] Invoking command in '/home/imtld.local/aristide.dossou-yovo/ros2_ws/build/tuto_kickoff': CMAKE_PREFIX_PATH=${CMAKE_PREFIX_PATH}:/opt/ros/iron /usr/bin/cmake --build /home/imtld.local/aristide.dossou-yovo/ros2_ws/build/tuto_kickoff -- -j12 -l12
[0.152s] Invoked command in '/home/imtld.local/aristide.dossou-yovo/ros2_ws/build/tuto_kickoff' returned '0': CMAKE_PREFIX_PATH=${CMAKE_PREFIX_PATH}:/opt/ros/iron /usr/bin/cmake --build /home/imtld.local/aristide.dossou-yovo/ros2_ws/build/tuto_kickoff -- -j12 -l12
[0.211s] Invoking command in '/home/imtld.local/aristide.dossou-yovo/ros2_ws/build/tuto_kickoff': CMAKE_PREFIX_PATH=${CMAKE_PREFIX_PATH}:/opt/ros/iron /usr/bin/cmake --install /home/imtld.local/aristide.dossou-yovo/ros2_ws/build/tuto_kickoff
[0.221s] -- Install configuration: ""
[0.222s] -- Up-to-date: /home/imtld.local/aristide.dossou-yovo/ros2_ws/install/tuto_kickoff/share/tuto_kickoff//scripts
[0.225s] -- Installing: /home/imtld.local/aristide.dossou-yovo/ros2_ws/install/tuto_kickoff/share/tuto_kickoff//scripts/code_tuto_move.py
[0.245s] -- Up-to-date: /home/imtld.local/aristide.dossou-yovo/ros2_ws/install/tuto_kickoff/share/tuto_kickoff//scripts/__init__.py
[0.248s] -- Installing: /home/imtld.local/aristide.dossou-yovo/ros2_ws/install/tuto_kickoff/lib/tuto_kickoff/code_tuto_move.py
[0.266s] -- Up-to-date: /home/imtld.local/aristide.dossou-yovo/ros2_ws/install/tuto_kickoff/share/ament_index/resource_index/package_run_dependencies/tuto_kickoff
[0.269s] -- Up-to-date: /home/imtld.local/aristide.dossou-yovo/ros2_ws/install/tuto_kickoff/share/ament_index/resource_index/parent_prefix_path/tuto_kickoff
[0.271s] -- Up-to-date: /home/imtld.local/aristide.dossou-yovo/ros2_ws/install/tuto_kickoff/share/tuto_kickoff/environment/ament_prefix_path.sh
[0.273s] -- Up-to-date: /home/imtld.local/aristide.dossou-yovo/ros2_ws/install/tuto_kickoff/share/tuto_kickoff/environment/ament_prefix_path.dsv
[0.275s] -- Up-to-date: /home/imtld.local/aristide.dossou-yovo/ros2_ws/install/tuto_kickoff/share/tuto_kickoff/environment/path.sh
[0.277s] -- Up-to-date: /home/imtld.local/aristide.dossou-yovo/ros2_ws/install/tuto_kickoff/share/tuto_kickoff/environment/path.dsv
[0.278s] -- Up-to-date: /home/imtld.local/aristide.dossou-yovo/ros2_ws/install/tuto_kickoff/share/tuto_kickoff/local_setup.bash
[0.280s] -- Up-to-date: /home/imtld.local/aristide.dossou-yovo/ros2_ws/install/tuto_kickoff/share/tuto_kickoff/local_setup.sh
[0.282s] -- Up-to-date: /home/imtld.local/aristide.dossou-yovo/ros2_ws/install/tuto_kickoff/share/tuto_kickoff/local_setup.zsh
[0.283s] -- Up-to-date: /home/imtld.local/aristide.dossou-yovo/ros2_ws/install/tuto_kickoff/share/tuto_kickoff/local_setup.dsv
[0.285s] -- Installing: /home/imtld.local/aristide.dossou-yovo/ros2_ws/install/tuto_kickoff/share/tuto_kickoff/package.dsv
[0.305s] -- Up-to-date: /home/imtld.local/aristide.dossou-yovo/ros2_ws/install/tuto_kickoff/share/ament_index/resource_index/packages/tuto_kickoff
[0.307s] -- Up-to-date: /home/imtld.local/aristide.dossou-yovo/ros2_ws/install/tuto_kickoff/share/tuto_kickoff/cmake/tuto_kickoffConfig.cmake
[0.308s] -- Up-to-date: /home/imtld.local/aristide.dossou-yovo/ros2_ws/install/tuto_kickoff/share/tuto_kickoff/cmake/tuto_kickoffConfig-version.cmake
[0.310s] -- Up-to-date: /home/imtld.local/aristide.dossou-yovo/ros2_ws/install/tuto_kickoff/share/tuto_kickoff/package.xml
[0.329s] Invoked command in '/home/imtld.local/aristide.dossou-yovo/ros2_ws/build/tuto_kickoff' returned '0': CMAKE_PREFIX_PATH=${CMAKE_PREFIX_PATH}:/opt/ros/iron /usr/bin/cmake --install /home/imtld.local/aristide.dossou-yovo/ros2_ws/build/tuto_kickoff
