[0.325s] DEBUG:colcon:Command line arguments: ['/usr/bin/colcon', 'build', '--base-paths', 'pkg-basic']
[0.325s] DEBUG:colcon:Parsed command line arguments: Namespace(log_base=None, log_level=None, verb_name='build', build_base='build', install_base='install', merge_install=False, symlink_install=False, test_result_base=None, continue_on_error=False, executor='parallel', parallel_workers=12, event_handlers=None, ignore_user_meta=False, metas=['./colcon.meta'], base_paths=['pkg-basic'], packages_ignore=None, packages_ignore_regex=None, paths=None, packages_up_to=None, packages_up_to_regex=None, packages_above=None, packages_above_and_dependencies=None, packages_above_depth=None, packages_select_by_dep=None, packages_skip_by_dep=None, packages_skip_up_to=None, packages_select_build_failed=False, packages_skip_build_finished=False, packages_select_test_failures=False, packages_skip_test_passed=False, packages_select=None, packages_skip=None, packages_select_regex=None, packages_skip_regex=None, packages_start=None, packages_end=None, allow_overriding=[], cmake_args=None, cmake_target=None, cmake_target_skip_unavailable=False, cmake_clean_cache=False, cmake_clean_first=False, cmake_force_configure=False, ament_cmake_args=None, catkin_cmake_args=None, catkin_skip_building_tests=False, verb_parser=<colcon_defaults.argument_parser.defaults.DefaultArgumentsDecorator object at 0x7f5b53440160>, verb_extension=<colcon_core.verb.build.BuildVerb object at 0x7f5b53e50c40>, main=<bound method BuildVerb.main of <colcon_core.verb.build.BuildVerb object at 0x7f5b53e50c40>>)
[0.344s] Level 1:colcon.colcon_core.package_discovery:discover_packages(colcon_meta) check parameters
[0.344s] Level 1:colcon.colcon_core.package_discovery:discover_packages(recursive) check parameters
[0.344s] Level 1:colcon.colcon_core.package_discovery:discover_packages(ignore) check parameters
[0.346s] Level 1:colcon.colcon_core.package_discovery:discover_packages(path) check parameters
[0.346s] Level 1:colcon.colcon_core.package_discovery:discover_packages(recursive) discover
[0.348s] INFO:colcon.colcon_core.package_discovery:Crawling recursively for packages in '/home/imtld.local/niranjan.kulkarni/git/pkg-basic'
[0.349s] Level 1:colcon.colcon_core.package_identification:_identify(pkg-basic) by extensions ['ignore', 'ignore_ament_install']
[0.350s] Level 1:colcon.colcon_core.package_identification:_identify(pkg-basic) by extension 'ignore'
[0.352s] Level 1:colcon.colcon_core.package_identification:_identify(pkg-basic) by extension 'ignore_ament_install'
[0.355s] Level 1:colcon.colcon_core.package_identification:_identify(pkg-basic) by extensions ['colcon_pkg']
[0.356s] Level 1:colcon.colcon_core.package_identification:_identify(pkg-basic) by extension 'colcon_pkg'
[0.356s] Level 1:colcon.colcon_core.package_identification:_identify(pkg-basic) by extensions ['colcon_meta']
[0.358s] Level 1:colcon.colcon_core.package_identification:_identify(pkg-basic) by extension 'colcon_meta'
[0.358s] Level 1:colcon.colcon_core.package_identification:_identify(pkg-basic) by extensions ['ros']
[0.360s] Level 1:colcon.colcon_core.package_identification:_identify(pkg-basic) by extension 'ros'
[0.374s] Level 1:colcon.colcon_core.package_identification:_identify(pkg-basic) by extensions ['cmake', 'python']
[0.374s] Level 1:colcon.colcon_core.package_identification:_identify(pkg-basic) by extension 'cmake'
[0.375s] Level 1:colcon.colcon_core.package_identification:_identify(pkg-basic) by extension 'python'
[0.377s] Level 1:colcon.colcon_core.package_identification:_identify(pkg-basic) by extensions ['python_setup_py']
[0.378s] Level 1:colcon.colcon_core.package_identification:_identify(pkg-basic) by extension 'python_setup_py'
[0.379s] Level 1:colcon.colcon_core.package_identification:_identify(pkg-basic/bin) by extensions ['ignore', 'ignore_ament_install']
[0.380s] Level 1:colcon.colcon_core.package_identification:_identify(pkg-basic/bin) by extension 'ignore'
[0.382s] Level 1:colcon.colcon_core.package_identification:_identify(pkg-basic/bin) by extension 'ignore_ament_install'
[0.385s] Level 1:colcon.colcon_core.package_identification:_identify(pkg-basic/bin) by extensions ['colcon_pkg']
[0.397s] Level 1:colcon.colcon_core.package_identification:_identify(pkg-basic/bin) by extension 'colcon_pkg'
[0.410s] Level 1:colcon.colcon_core.package_identification:_identify(pkg-basic/bin) by extensions ['colcon_meta']
[0.416s] Level 1:colcon.colcon_core.package_identification:_identify(pkg-basic/bin) by extension 'colcon_meta'
[0.418s] Level 1:colcon.colcon_core.package_identification:_identify(pkg-basic/bin) by extensions ['ros']
[0.418s] Level 1:colcon.colcon_core.package_identification:_identify(pkg-basic/bin) by extension 'ros'
[0.422s] Level 1:colcon.colcon_core.package_identification:_identify(pkg-basic/bin) by extensions ['cmake', 'python']
[0.422s] Level 1:colcon.colcon_core.package_identification:_identify(pkg-basic/bin) by extension 'cmake'
[0.422s] Level 1:colcon.colcon_core.package_identification:_identify(pkg-basic/bin) by extension 'python'
[0.424s] Level 1:colcon.colcon_core.package_identification:_identify(pkg-basic/bin) by extensions ['python_setup_py']
[0.425s] Level 1:colcon.colcon_core.package_identification:_identify(pkg-basic/bin) by extension 'python_setup_py'
[0.425s] Level 1:colcon.colcon_core.package_identification:_identify(pkg-basic/mb6_basic) by extensions ['ignore', 'ignore_ament_install']
[0.427s] Level 1:colcon.colcon_core.package_identification:_identify(pkg-basic/mb6_basic) by extension 'ignore'
[0.429s] Level 1:colcon.colcon_core.package_identification:_identify(pkg-basic/mb6_basic) by extension 'ignore_ament_install'
[0.431s] Level 1:colcon.colcon_core.package_identification:_identify(pkg-basic/mb6_basic) by extensions ['colcon_pkg']
[0.432s] Level 1:colcon.colcon_core.package_identification:_identify(pkg-basic/mb6_basic) by extension 'colcon_pkg'
[0.432s] Level 1:colcon.colcon_core.package_identification:_identify(pkg-basic/mb6_basic) by extensions ['colcon_meta']
[0.434s] Level 1:colcon.colcon_core.package_identification:_identify(pkg-basic/mb6_basic) by extension 'colcon_meta'
[0.434s] Level 1:colcon.colcon_core.package_identification:_identify(pkg-basic/mb6_basic) by extensions ['ros']
[0.436s] Level 1:colcon.colcon_core.package_identification:_identify(pkg-basic/mb6_basic) by extension 'ros'
[0.441s] DEBUG:colcon.colcon_core.package_identification:Package 'pkg-basic/mb6_basic' with type 'ros.ament_cmake' and name 'mb6_basic'
[0.441s] Level 1:colcon.colcon_core.package_discovery:discover_packages(recursive) using defaults
[0.457s] Level 1:colcon.colcon_core.package_discovery:discover_packages(prefix_path) check parameters
[0.457s] Level 1:colcon.colcon_core.package_discovery:discover_packages(prefix_path) discover
[0.472s] DEBUG:colcon.colcon_installed_package_information.package_discovery:Found 1 installed packages in /home/imtld.local/niranjan.kulkarni/ros_ws/install
[0.474s] DEBUG:colcon.colcon_installed_package_information.package_discovery:Found 340 installed packages in /opt/ros/iron
[0.477s] Level 1:colcon.colcon_core.package_discovery:discover_packages(prefix_path) using defaults
[0.520s] Level 5:colcon.colcon_core.verb:set package 'mb6_basic' build argument 'cmake_args' from command line to 'None'
[0.520s] Level 5:colcon.colcon_core.verb:set package 'mb6_basic' build argument 'cmake_target' from command line to 'None'
[0.520s] Level 5:colcon.colcon_core.verb:set package 'mb6_basic' build argument 'cmake_target_skip_unavailable' from command line to 'False'
[0.520s] Level 5:colcon.colcon_core.verb:set package 'mb6_basic' build argument 'cmake_clean_cache' from command line to 'False'
[0.521s] Level 5:colcon.colcon_core.verb:set package 'mb6_basic' build argument 'cmake_clean_first' from command line to 'False'
[0.527s] Level 5:colcon.colcon_core.verb:set package 'mb6_basic' build argument 'cmake_force_configure' from command line to 'False'
[0.527s] Level 5:colcon.colcon_core.verb:set package 'mb6_basic' build argument 'ament_cmake_args' from command line to 'None'
[0.527s] Level 5:colcon.colcon_core.verb:set package 'mb6_basic' build argument 'catkin_cmake_args' from command line to 'None'
[0.527s] Level 5:colcon.colcon_core.verb:set package 'mb6_basic' build argument 'catkin_skip_building_tests' from command line to 'False'
[0.534s] DEBUG:colcon.colcon_core.verb:Building package 'mb6_basic' with the following arguments: {'ament_cmake_args': None, 'build_base': '/home/imtld.local/niranjan.kulkarni/git/build/mb6_basic', 'catkin_cmake_args': None, 'catkin_skip_building_tests': False, 'cmake_args': None, 'cmake_clean_cache': False, 'cmake_clean_first': False, 'cmake_force_configure': False, 'cmake_target': None, 'cmake_target_skip_unavailable': False, 'install_base': '/home/imtld.local/niranjan.kulkarni/git/install/mb6_basic', 'merge_install': False, 'path': '/home/imtld.local/niranjan.kulkarni/git/pkg-basic/mb6_basic', 'symlink_install': False, 'test_result_base': None}
[0.535s] INFO:colcon.colcon_core.executor:Executing jobs using 'parallel' executor
[0.539s] DEBUG:colcon.colcon_parallel_executor.executor.parallel:run_until_complete
[0.539s] INFO:colcon.colcon_ros.task.ament_cmake.build:Building ROS package in '/home/imtld.local/niranjan.kulkarni/git/pkg-basic/mb6_basic' with build type 'ament_cmake'
[0.547s] INFO:colcon.colcon_cmake.task.cmake.build:Building CMake package in '/home/imtld.local/niranjan.kulkarni/git/pkg-basic/mb6_basic'
[0.550s] INFO:colcon.colcon_core.plugin_system:Skipping extension 'colcon_core.shell.bat': Not used on non-Windows systems
[0.550s] INFO:colcon.colcon_core.shell:Skip shell extension 'powershell' for command environment: Not usable outside of PowerShell
[0.552s] DEBUG:colcon.colcon_core.shell:Skip shell extension 'dsv' for command environment
[0.592s] DEBUG:colcon.colcon_core.event_handler.log_command:Invoking command in '/home/imtld.local/niranjan.kulkarni/git/build/mb6_basic': CMAKE_PREFIX_PATH=${CMAKE_PREFIX_PATH}:/opt/ros/iron /usr/bin/cmake /home/imtld.local/niranjan.kulkarni/git/pkg-basic/mb6_basic -DCMAKE_INSTALL_PREFIX=/home/imtld.local/niranjan.kulkarni/git/install/mb6_basic
[2.619s] DEBUG:colcon.colcon_core.event_handler.log_command:Invoked command in '/home/imtld.local/niranjan.kulkarni/git/build/mb6_basic' returned '0': CMAKE_PREFIX_PATH=${CMAKE_PREFIX_PATH}:/opt/ros/iron /usr/bin/cmake /home/imtld.local/niranjan.kulkarni/git/pkg-basic/mb6_basic -DCMAKE_INSTALL_PREFIX=/home/imtld.local/niranjan.kulkarni/git/install/mb6_basic
[2.632s] DEBUG:colcon.colcon_core.event_handler.log_command:Invoking command in '/home/imtld.local/niranjan.kulkarni/git/build/mb6_basic': CMAKE_PREFIX_PATH=${CMAKE_PREFIX_PATH}:/opt/ros/iron /usr/bin/cmake --build /home/imtld.local/niranjan.kulkarni/git/build/mb6_basic -- -j12 -l12
[2.679s] DEBUG:colcon.colcon_core.event_handler.log_command:Invoked command in '/home/imtld.local/niranjan.kulkarni/git/build/mb6_basic' returned '0': CMAKE_PREFIX_PATH=${CMAKE_PREFIX_PATH}:/opt/ros/iron /usr/bin/cmake --build /home/imtld.local/niranjan.kulkarni/git/build/mb6_basic -- -j12 -l12
[2.735s] DEBUG:colcon.colcon_core.event_handler.log_command:Invoking command in '/home/imtld.local/niranjan.kulkarni/git/build/mb6_basic': CMAKE_PREFIX_PATH=${CMAKE_PREFIX_PATH}:/opt/ros/iron /usr/bin/cmake --install /home/imtld.local/niranjan.kulkarni/git/build/mb6_basic
[3.368s] Level 1:colcon.colcon_core.environment:create_environment_scripts_only(mb6_basic)
[3.369s] DEBUG:colcon.colcon_core.event_handler.log_command:Invoked command in '/home/imtld.local/niranjan.kulkarni/git/build/mb6_basic' returned '0': CMAKE_PREFIX_PATH=${CMAKE_PREFIX_PATH}:/opt/ros/iron /usr/bin/cmake --install /home/imtld.local/niranjan.kulkarni/git/build/mb6_basic
[3.374s] Level 1:colcon.colcon_core.environment:checking '/home/imtld.local/niranjan.kulkarni/git/install/mb6_basic' for CMake module files
[3.382s] Level 1:colcon.colcon_core.environment:checking '/home/imtld.local/niranjan.kulkarni/git/install/mb6_basic' for CMake config files
[3.388s] Level 1:colcon.colcon_core.shell:create_environment_hook('mb6_basic', 'cmake_prefix_path')
[3.390s] INFO:colcon.colcon_core.shell:Creating environment hook '/home/imtld.local/niranjan.kulkarni/git/install/mb6_basic/share/mb6_basic/hook/cmake_prefix_path.ps1'
[3.402s] INFO:colcon.colcon_core.shell:Creating environment descriptor '/home/imtld.local/niranjan.kulkarni/git/install/mb6_basic/share/mb6_basic/hook/cmake_prefix_path.dsv'
[3.406s] INFO:colcon.colcon_core.shell:Creating environment hook '/home/imtld.local/niranjan.kulkarni/git/install/mb6_basic/share/mb6_basic/hook/cmake_prefix_path.sh'
[3.410s] Level 1:colcon.colcon_core.environment:checking '/home/imtld.local/niranjan.kulkarni/git/install/mb6_basic/lib'
[3.412s] Level 1:colcon.colcon_core.environment:checking '/home/imtld.local/niranjan.kulkarni/git/install/mb6_basic/bin'
[3.412s] Level 1:colcon.colcon_core.environment:checking '/home/imtld.local/niranjan.kulkarni/git/install/mb6_basic/lib/pkgconfig/mb6_basic.pc'
[3.414s] Level 1:colcon.colcon_core.environment:checking '/home/imtld.local/niranjan.kulkarni/git/install/mb6_basic/lib/python3.10/site-packages'
[3.415s] Level 1:colcon.colcon_core.environment:checking '/home/imtld.local/niranjan.kulkarni/git/install/mb6_basic/bin'
[3.417s] INFO:colcon.colcon_core.shell:Creating package script '/home/imtld.local/niranjan.kulkarni/git/install/mb6_basic/share/mb6_basic/package.ps1'
[3.422s] INFO:colcon.colcon_core.shell:Creating package descriptor '/home/imtld.local/niranjan.kulkarni/git/install/mb6_basic/share/mb6_basic/package.dsv'
[3.427s] INFO:colcon.colcon_core.shell:Creating package script '/home/imtld.local/niranjan.kulkarni/git/install/mb6_basic/share/mb6_basic/package.sh'
[3.436s] INFO:colcon.colcon_core.shell:Creating package script '/home/imtld.local/niranjan.kulkarni/git/install/mb6_basic/share/mb6_basic/package.bash'
[3.440s] INFO:colcon.colcon_core.shell:Creating package script '/home/imtld.local/niranjan.kulkarni/git/install/mb6_basic/share/mb6_basic/package.zsh'
[3.444s] Level 1:colcon.colcon_core.environment:create_file_with_runtime_dependencies(/home/imtld.local/niranjan.kulkarni/git/install/mb6_basic/share/colcon-core/packages/mb6_basic)
[3.470s] Level 1:colcon.colcon_core.environment:create_environment_scripts_only(mb6_basic)
[3.472s] Level 1:colcon.colcon_core.environment:checking '/home/imtld.local/niranjan.kulkarni/git/install/mb6_basic' for CMake module files
[3.475s] Level 1:colcon.colcon_core.environment:checking '/home/imtld.local/niranjan.kulkarni/git/install/mb6_basic' for CMake config files
[3.479s] Level 1:colcon.colcon_core.shell:create_environment_hook('mb6_basic', 'cmake_prefix_path')
[3.480s] INFO:colcon.colcon_core.shell:Creating environment hook '/home/imtld.local/niranjan.kulkarni/git/install/mb6_basic/share/mb6_basic/hook/cmake_prefix_path.ps1'
[3.485s] INFO:colcon.colcon_core.shell:Creating environment descriptor '/home/imtld.local/niranjan.kulkarni/git/install/mb6_basic/share/mb6_basic/hook/cmake_prefix_path.dsv'
[3.489s] INFO:colcon.colcon_core.shell:Creating environment hook '/home/imtld.local/niranjan.kulkarni/git/install/mb6_basic/share/mb6_basic/hook/cmake_prefix_path.sh'
[3.494s] Level 1:colcon.colcon_core.environment:checking '/home/imtld.local/niranjan.kulkarni/git/install/mb6_basic/lib'
[3.495s] Level 1:colcon.colcon_core.environment:checking '/home/imtld.local/niranjan.kulkarni/git/install/mb6_basic/bin'
[3.496s] Level 1:colcon.colcon_core.environment:checking '/home/imtld.local/niranjan.kulkarni/git/install/mb6_basic/lib/pkgconfig/mb6_basic.pc'
[3.496s] Level 1:colcon.colcon_core.environment:checking '/home/imtld.local/niranjan.kulkarni/git/install/mb6_basic/lib/python3.10/site-packages'
[3.498s] Level 1:colcon.colcon_core.environment:checking '/home/imtld.local/niranjan.kulkarni/git/install/mb6_basic/bin'
[3.501s] INFO:colcon.colcon_core.shell:Creating package script '/home/imtld.local/niranjan.kulkarni/git/install/mb6_basic/share/mb6_basic/package.ps1'
[3.507s] INFO:colcon.colcon_core.shell:Creating package descriptor '/home/imtld.local/niranjan.kulkarni/git/install/mb6_basic/share/mb6_basic/package.dsv'
[3.512s] INFO:colcon.colcon_core.shell:Creating package script '/home/imtld.local/niranjan.kulkarni/git/install/mb6_basic/share/mb6_basic/package.sh'
[3.517s] INFO:colcon.colcon_core.shell:Creating package script '/home/imtld.local/niranjan.kulkarni/git/install/mb6_basic/share/mb6_basic/package.bash'
[3.522s] INFO:colcon.colcon_core.shell:Creating package script '/home/imtld.local/niranjan.kulkarni/git/install/mb6_basic/share/mb6_basic/package.zsh'
[3.527s] Level 1:colcon.colcon_core.environment:create_file_with_runtime_dependencies(/home/imtld.local/niranjan.kulkarni/git/install/mb6_basic/share/colcon-core/packages/mb6_basic)
[3.531s] DEBUG:colcon.colcon_parallel_executor.executor.parallel:closing loop
[3.531s] DEBUG:colcon.colcon_parallel_executor.executor.parallel:loop closed
[3.533s] DEBUG:colcon.colcon_parallel_executor.executor.parallel:run_until_complete finished with '0'
[3.533s] DEBUG:colcon.colcon_core.event_reactor:joining thread
[3.548s] INFO:colcon.colcon_core.plugin_system:Skipping extension 'colcon_notification.desktop_notification.terminal_notifier': Not used on non-Darwin systems
[3.548s] INFO:colcon.colcon_core.plugin_system:Skipping extension 'colcon_notification.desktop_notification.win32': Not used on non-Windows systems
[3.548s] INFO:colcon.colcon_notification.desktop_notification:Sending desktop notification using 'notify2'
[3.563s] DEBUG:colcon.colcon_core.event_reactor:joined thread
[3.564s] INFO:colcon.colcon_core.shell:Creating prefix script '/home/imtld.local/niranjan.kulkarni/git/install/local_setup.ps1'
[3.569s] INFO:colcon.colcon_core.shell:Creating prefix util module '/home/imtld.local/niranjan.kulkarni/git/install/_local_setup_util_ps1.py'
[3.576s] INFO:colcon.colcon_core.shell:Creating prefix chain script '/home/imtld.local/niranjan.kulkarni/git/install/setup.ps1'
[3.583s] INFO:colcon.colcon_core.shell:Creating prefix script '/home/imtld.local/niranjan.kulkarni/git/install/local_setup.sh'
[3.588s] INFO:colcon.colcon_core.shell:Creating prefix util module '/home/imtld.local/niranjan.kulkarni/git/install/_local_setup_util_sh.py'
[3.608s] INFO:colcon.colcon_core.shell:Creating prefix chain script '/home/imtld.local/niranjan.kulkarni/git/install/setup.sh'
[3.619s] INFO:colcon.colcon_core.shell:Creating prefix script '/home/imtld.local/niranjan.kulkarni/git/install/local_setup.bash'
[3.624s] INFO:colcon.colcon_core.shell:Creating prefix chain script '/home/imtld.local/niranjan.kulkarni/git/install/setup.bash'
[3.630s] INFO:colcon.colcon_core.shell:Creating prefix script '/home/imtld.local/niranjan.kulkarni/git/install/local_setup.zsh'
[3.635s] INFO:colcon.colcon_core.shell:Creating prefix chain script '/home/imtld.local/niranjan.kulkarni/git/install/setup.zsh'
