[0.153s] Invoking command in '/home/bot/mb6-space/larm-bb8/build/grpe_larm_mother': CMAKE_PREFIX_PATH=${CMAKE_PREFIX_PATH}:/opt/ros/iron /usr/bin/cmake --build /home/bot/mb6-space/larm-bb8/build/grpe_larm_mother -- -j4 -l4
[0.204s] Invoked command in '/home/bot/mb6-space/larm-bb8/build/grpe_larm_mother' returned '0': CMAKE_PREFIX_PATH=${CMAKE_PREFIX_PATH}:/opt/ros/iron /usr/bin/cmake --build /home/bot/mb6-space/larm-bb8/build/grpe_larm_mother -- -j4 -l4
[0.252s] Invoking command in '/home/bot/mb6-space/larm-bb8/build/grpe_larm_mother': CMAKE_PREFIX_PATH=${CMAKE_PREFIX_PATH}:/opt/ros/iron /usr/bin/cmake --install /home/bot/mb6-space/larm-bb8/build/grpe_larm_mother
[0.263s] -- Install configuration: ""
[0.263s] -- Up-to-date: /home/bot/mb6-space/larm-bb8/install/grpe_larm_mother/share/grpe_larm_mother//launch
[0.264s] -- Up-to-date: /home/bot/mb6-space/larm-bb8/install/grpe_larm_mother/share/grpe_larm_mother//launch/challenge1.yaml
[0.264s] -- Up-to-date: /home/bot/mb6-space/larm-bb8/install/grpe_larm_mother/share/grpe_larm_mother//launch/minimal_launch.yaml
[0.264s] -- Up-to-date: /home/bot/mb6-space/larm-bb8/install/grpe_larm_mother/share/grpe_larm_mother//scripts
[0.264s] -- Up-to-date: /home/bot/mb6-space/larm-bb8/install/grpe_larm_mother/share/grpe_larm_mother//scripts/vision2.py
[0.264s] -- Up-to-date: /home/bot/mb6-space/larm-bb8/install/grpe_larm_mother/share/grpe_larm_mother//scripts/MinimalSuscriber.py
[0.265s] -- Up-to-date: /home/bot/mb6-space/larm-bb8/install/grpe_larm_mother/share/grpe_larm_mother//scripts/__pycache__
[0.265s] -- Up-to-date: /home/bot/mb6-space/larm-bb8/install/grpe_larm_mother/share/grpe_larm_mother//scripts/__pycache__/classifier.cpython-310.pyc
[0.265s] -- Up-to-date: /home/bot/mb6-space/larm-bb8/install/grpe_larm_mother/share/grpe_larm_mother//scripts/__pycache__/__init__.cpython-310.pyc
[0.265s] -- Up-to-date: /home/bot/mb6-space/larm-bb8/install/grpe_larm_mother/share/grpe_larm_mother//scripts/__pycache__/classifierCircle.cpython-310.pyc
[0.265s] -- Up-to-date: /home/bot/mb6-space/larm-bb8/install/grpe_larm_mother/share/grpe_larm_mother//scripts/__pycache__/test_class.cpython-310-pytest-6.2.5.pyc
[0.265s] -- Up-to-date: /home/bot/mb6-space/larm-bb8/install/grpe_larm_mother/share/grpe_larm_mother//scripts/__init__.py
[0.266s] -- Installing: /home/bot/mb6-space/larm-bb8/install/grpe_larm_mother/share/grpe_larm_mother//scripts/reactive_move.py
[0.266s] -- Up-to-date: /home/bot/mb6-space/larm-bb8/install/grpe_larm_mother/share/grpe_larm_mother//scripts/tuto_scan_echo.py
[0.266s] -- Up-to-date: /home/bot/mb6-space/larm-bb8/install/grpe_larm_mother/share/grpe_larm_mother//scripts/code_tuto_move.py
[0.266s] -- Up-to-date: /home/bot/mb6-space/larm-bb8/install/grpe_larm_mother/share/grpe_larm_mother//scripts/simulation.py
[0.266s] -- Up-to-date: /home/bot/mb6-space/larm-bb8/install/grpe_larm_mother/share/grpe_larm_mother//scripts/vision1.py
[0.266s] -- Up-to-date: /home/bot/mb6-space/larm-bb8/install/grpe_larm_mother/share/grpe_larm_mother//scripts/camera_driver.py
[0.267s] -- Up-to-date: /home/bot/mb6-space/larm-bb8/install/grpe_larm_mother/share/grpe_larm_mother//scripts/MinimalPublisher.py
[0.267s] -- Installing: /home/bot/mb6-space/larm-bb8/install/grpe_larm_mother/lib/grpe_larm_mother/reactive_move.py
[0.267s] -- Up-to-date: /home/bot/mb6-space/larm-bb8/install/grpe_larm_mother/lib/grpe_larm_mother/camera_driver.py
[0.267s] -- Up-to-date: /home/bot/mb6-space/larm-bb8/install/grpe_larm_mother/share/ament_index/resource_index/package_run_dependencies/grpe_larm_mother
[0.267s] -- Up-to-date: /home/bot/mb6-space/larm-bb8/install/grpe_larm_mother/share/ament_index/resource_index/parent_prefix_path/grpe_larm_mother
[0.268s] -- Up-to-date: /home/bot/mb6-space/larm-bb8/install/grpe_larm_mother/share/grpe_larm_mother/environment/ament_prefix_path.sh
[0.268s] -- Up-to-date: /home/bot/mb6-space/larm-bb8/install/grpe_larm_mother/share/grpe_larm_mother/environment/ament_prefix_path.dsv
[0.268s] -- Up-to-date: /home/bot/mb6-space/larm-bb8/install/grpe_larm_mother/share/grpe_larm_mother/environment/path.sh
[0.268s] -- Up-to-date: /home/bot/mb6-space/larm-bb8/install/grpe_larm_mother/share/grpe_larm_mother/environment/path.dsv
[0.269s] -- Up-to-date: /home/bot/mb6-space/larm-bb8/install/grpe_larm_mother/share/grpe_larm_mother/local_setup.bash
[0.270s] -- Up-to-date: /home/bot/mb6-space/larm-bb8/install/grpe_larm_mother/share/grpe_larm_mother/local_setup.sh
[0.270s] -- Up-to-date: /home/bot/mb6-space/larm-bb8/install/grpe_larm_mother/share/grpe_larm_mother/local_setup.zsh
[0.270s] -- Up-to-date: /home/bot/mb6-space/larm-bb8/install/grpe_larm_mother/share/grpe_larm_mother/local_setup.dsv
[0.270s] -- Installing: /home/bot/mb6-space/larm-bb8/install/grpe_larm_mother/share/grpe_larm_mother/package.dsv
[0.270s] -- Up-to-date: /home/bot/mb6-space/larm-bb8/install/grpe_larm_mother/share/ament_index/resource_index/packages/grpe_larm_mother
[0.271s] -- Up-to-date: /home/bot/mb6-space/larm-bb8/install/grpe_larm_mother/share/grpe_larm_mother/cmake/grpe_larm_motherConfig.cmake
[0.271s] -- Up-to-date: /home/bot/mb6-space/larm-bb8/install/grpe_larm_mother/share/grpe_larm_mother/cmake/grpe_larm_motherConfig-version.cmake
[0.271s] -- Up-to-date: /home/bot/mb6-space/larm-bb8/install/grpe_larm_mother/share/grpe_larm_mother/package.xml
[0.272s] Invoked command in '/home/bot/mb6-space/larm-bb8/build/grpe_larm_mother' returned '0': CMAKE_PREFIX_PATH=${CMAKE_PREFIX_PATH}:/opt/ros/iron /usr/bin/cmake --install /home/bot/mb6-space/larm-bb8/build/grpe_larm_mother
