[0.101s] Invoking command in '/home/imtld.local/niranjan.kulkarni/git/build/grpe_larm_mother': CMAKE_PREFIX_PATH=${CMAKE_PREFIX_PATH}:/opt/ros/iron /usr/bin/cmake /home/imtld.local/niranjan.kulkarni/git/grpe_larm_mother -DCMAKE_INSTALL_PREFIX=/home/imtld.local/niranjan.kulkarni/git/install/grpe_larm_mother
[0.470s] -- The C compiler identification is GNU 11.4.0
[0.650s] -- The CXX compiler identification is GNU 11.4.0
[0.693s] -- Detecting C compiler ABI info
[1.224s] -- Detecting C compiler ABI info - done
[1.288s] -- Check for working C compiler: /usr/bin/cc - skipped
[1.297s] -- Detecting C compile features
[1.299s] -- Detecting C compile features - done
[1.334s] -- Detecting CXX compiler ABI info
[1.664s] -- Detecting CXX compiler ABI info - done
[1.690s] -- Check for working CXX compiler: /usr/bin/c++ - skipped
[1.700s] -- Detecting CXX compile features
[1.706s] -- Detecting CXX compile features - done
[1.744s] -- Found ament_cmake: 2.0.3 (/opt/ros/iron/share/ament_cmake/cmake)
[1.889s] -- Found Python3: /usr/bin/python3.10 (found version "3.10.12") found components: Interpreter 
[2.247s] -- Found ament_lint_auto: 0.14.2 (/opt/ros/iron/share/ament_lint_auto/cmake)
[2.737s] -- Added test 'cppcheck' to perform static code analysis on C / C++ code
[2.739s] -- Configured cppcheck include dirs: 
[2.741s] -- Configured cppcheck exclude dirs and/or files: 
[2.762s] -- Added test 'flake8' to check Python code syntax and style conventions
[2.765s] -- Configured 'flake8' exclude dirs and/or files: 
[2.822s] -- Added test 'lint_cmake' to check CMake code style
[3.078s] -- Added test 'pep257' to check Python code against some of the docstring style conventions in PEP 257
[3.248s] -- Added test 'uncrustify' to check C / C++ code style
[3.299s] -- Configured uncrustify additional arguments: 
[3.304s] -- Added test 'xmllint' to check XML markup files
[3.380s] -- Configuring done
[3.790s] -- Generating done
[3.899s] -- Build files have been written to: /home/imtld.local/niranjan.kulkarni/git/build/grpe_larm_mother
[3.902s] Invoked command in '/home/imtld.local/niranjan.kulkarni/git/build/grpe_larm_mother' returned '0': CMAKE_PREFIX_PATH=${CMAKE_PREFIX_PATH}:/opt/ros/iron /usr/bin/cmake /home/imtld.local/niranjan.kulkarni/git/grpe_larm_mother -DCMAKE_INSTALL_PREFIX=/home/imtld.local/niranjan.kulkarni/git/install/grpe_larm_mother
[3.926s] Invoking command in '/home/imtld.local/niranjan.kulkarni/git/build/grpe_larm_mother': CMAKE_PREFIX_PATH=${CMAKE_PREFIX_PATH}:/opt/ros/iron /usr/bin/cmake --build /home/imtld.local/niranjan.kulkarni/git/build/grpe_larm_mother -- -j12 -l12
[3.972s] Invoked command in '/home/imtld.local/niranjan.kulkarni/git/build/grpe_larm_mother' returned '0': CMAKE_PREFIX_PATH=${CMAKE_PREFIX_PATH}:/opt/ros/iron /usr/bin/cmake --build /home/imtld.local/niranjan.kulkarni/git/build/grpe_larm_mother -- -j12 -l12
[3.999s] Invoking command in '/home/imtld.local/niranjan.kulkarni/git/build/grpe_larm_mother': CMAKE_PREFIX_PATH=${CMAKE_PREFIX_PATH}:/opt/ros/iron /usr/bin/cmake --install /home/imtld.local/niranjan.kulkarni/git/build/grpe_larm_mother
[4.006s] -- Install configuration: ""
[4.006s] -- Installing: /home/imtld.local/niranjan.kulkarni/git/install/grpe_larm_mother/share/grpe_larm_mother//launch
[4.019s] -- Installing: /home/imtld.local/niranjan.kulkarni/git/install/grpe_larm_mother/share/grpe_larm_mother//launch/minimal_launch.yaml
[4.052s] -- Installing: /home/imtld.local/niranjan.kulkarni/git/install/grpe_larm_mother/share/grpe_larm_mother//launch/challenge1.yaml
[4.083s] -- Installing: /home/imtld.local/niranjan.kulkarni/git/install/grpe_larm_mother/share/grpe_larm_mother//launch/simulation.yaml
[4.100s] -- Installing: /home/imtld.local/niranjan.kulkarni/git/install/grpe_larm_mother/share/grpe_larm_mother//scripts
[4.110s] -- Installing: /home/imtld.local/niranjan.kulkarni/git/install/grpe_larm_mother/share/grpe_larm_mother//scripts/__init__.py
[4.139s] -- Installing: /home/imtld.local/niranjan.kulkarni/git/install/grpe_larm_mother/share/grpe_larm_mother//scripts/__pycache__
[4.147s] -- Installing: /home/imtld.local/niranjan.kulkarni/git/install/grpe_larm_mother/share/grpe_larm_mother//scripts/__pycache__/__init__.cpython-310.pyc
[4.196s] -- Installing: /home/imtld.local/niranjan.kulkarni/git/install/grpe_larm_mother/share/grpe_larm_mother//scripts/__pycache__/classifier.cpython-310.pyc
[4.218s] -- Installing: /home/imtld.local/niranjan.kulkarni/git/install/grpe_larm_mother/share/grpe_larm_mother//scripts/__pycache__/classifierCircle.cpython-310.pyc
[4.230s] -- Installing: /home/imtld.local/niranjan.kulkarni/git/install/grpe_larm_mother/share/grpe_larm_mother//scripts/__pycache__/test_class.cpython-310-pytest-6.2.5.pyc
[4.254s] -- Installing: /home/imtld.local/niranjan.kulkarni/git/install/grpe_larm_mother/share/grpe_larm_mother//scripts/simulation.py
[4.283s] -- Installing: /home/imtld.local/niranjan.kulkarni/git/install/grpe_larm_mother/share/grpe_larm_mother//scripts/camera_driver.py
[4.304s] -- Installing: /home/imtld.local/niranjan.kulkarni/git/install/grpe_larm_mother/share/grpe_larm_mother//scripts/reactive_move.py
[4.338s] -- Installing: /home/imtld.local/niranjan.kulkarni/git/install/grpe_larm_mother/share/grpe_larm_mother//scripts/challenge-1.launch.py
[4.356s] -- Installing: /home/imtld.local/niranjan.kulkarni/git/install/grpe_larm_mother/share/grpe_larm_mother//scripts/multiplexer
[4.386s] -- Installing: /home/imtld.local/niranjan.kulkarni/git/install/grpe_larm_mother/lib/grpe_larm_mother/reactive_move.py
[4.424s] -- Installing: /home/imtld.local/niranjan.kulkarni/git/install/grpe_larm_mother/lib/grpe_larm_mother/camera_driver.py
[4.467s] -- Installing: /home/imtld.local/niranjan.kulkarni/git/install/grpe_larm_mother/lib/grpe_larm_mother/challenge-1.launch.py
[4.499s] -- Installing: /home/imtld.local/niranjan.kulkarni/git/install/grpe_larm_mother/share/ament_index/resource_index/package_run_dependencies/grpe_larm_mother
[4.549s] -- Installing: /home/imtld.local/niranjan.kulkarni/git/install/grpe_larm_mother/share/ament_index/resource_index/parent_prefix_path/grpe_larm_mother
[4.571s] -- Installing: /home/imtld.local/niranjan.kulkarni/git/install/grpe_larm_mother/share/grpe_larm_mother/environment/ament_prefix_path.sh
[4.593s] -- Installing: /home/imtld.local/niranjan.kulkarni/git/install/grpe_larm_mother/share/grpe_larm_mother/environment/ament_prefix_path.dsv
[4.622s] -- Installing: /home/imtld.local/niranjan.kulkarni/git/install/grpe_larm_mother/share/grpe_larm_mother/environment/path.sh
[4.637s] -- Installing: /home/imtld.local/niranjan.kulkarni/git/install/grpe_larm_mother/share/grpe_larm_mother/environment/path.dsv
[4.653s] -- Installing: /home/imtld.local/niranjan.kulkarni/git/install/grpe_larm_mother/share/grpe_larm_mother/local_setup.bash
[4.689s] -- Installing: /home/imtld.local/niranjan.kulkarni/git/install/grpe_larm_mother/share/grpe_larm_mother/local_setup.sh
[4.711s] -- Installing: /home/imtld.local/niranjan.kulkarni/git/install/grpe_larm_mother/share/grpe_larm_mother/local_setup.zsh
[4.744s] -- Installing: /home/imtld.local/niranjan.kulkarni/git/install/grpe_larm_mother/share/grpe_larm_mother/local_setup.dsv
[4.773s] -- Installing: /home/imtld.local/niranjan.kulkarni/git/install/grpe_larm_mother/share/grpe_larm_mother/package.dsv
[4.804s] -- Installing: /home/imtld.local/niranjan.kulkarni/git/install/grpe_larm_mother/share/ament_index/resource_index/packages/grpe_larm_mother
[4.832s] -- Installing: /home/imtld.local/niranjan.kulkarni/git/install/grpe_larm_mother/share/grpe_larm_mother/cmake/grpe_larm_motherConfig.cmake
[4.859s] -- Installing: /home/imtld.local/niranjan.kulkarni/git/install/grpe_larm_mother/share/grpe_larm_mother/cmake/grpe_larm_motherConfig-version.cmake
[4.886s] -- Installing: /home/imtld.local/niranjan.kulkarni/git/install/grpe_larm_mother/share/grpe_larm_mother/package.xml
[4.930s] Invoked command in '/home/imtld.local/niranjan.kulkarni/git/build/grpe_larm_mother' returned '0': CMAKE_PREFIX_PATH=${CMAKE_PREFIX_PATH}:/opt/ros/iron /usr/bin/cmake --install /home/imtld.local/niranjan.kulkarni/git/build/grpe_larm_mother
