[0.290s] DEBUG:colcon:Command line arguments: ['/usr/bin/colcon', 'build']
[0.290s] DEBUG:colcon:Parsed command line arguments: Namespace(log_base=None, log_level=None, verb_name='build', build_base='build', install_base='install', merge_install=False, symlink_install=False, test_result_base=None, continue_on_error=False, executor='parallel', parallel_workers=12, event_handlers=None, ignore_user_meta=False, metas=['./colcon.meta'], base_paths=['.'], packages_ignore=None, packages_ignore_regex=None, paths=None, packages_up_to=None, packages_up_to_regex=None, packages_above=None, packages_above_and_dependencies=None, packages_above_depth=None, packages_select_by_dep=None, packages_skip_by_dep=None, packages_skip_up_to=None, packages_select_build_failed=False, packages_skip_build_finished=False, packages_select_test_failures=False, packages_skip_test_passed=False, packages_select=None, packages_skip=None, packages_select_regex=None, packages_skip_regex=None, packages_start=None, packages_end=None, allow_overriding=[], cmake_args=None, cmake_target=None, cmake_target_skip_unavailable=False, cmake_clean_cache=False, cmake_clean_first=False, cmake_force_configure=False, ament_cmake_args=None, catkin_cmake_args=None, catkin_skip_building_tests=False, verb_parser=<colcon_defaults.argument_parser.defaults.DefaultArgumentsDecorator object at 0x7fcf680cbfa0>, verb_extension=<colcon_core.verb.build.BuildVerb object at 0x7fcf689a88b0>, main=<bound method BuildVerb.main of <colcon_core.verb.build.BuildVerb object at 0x7fcf689a88b0>>)
[0.361s] Level 1:colcon.colcon_core.package_discovery:discover_packages(colcon_meta) check parameters
[0.361s] Level 1:colcon.colcon_core.package_discovery:discover_packages(recursive) check parameters
[0.361s] Level 1:colcon.colcon_core.package_discovery:discover_packages(ignore) check parameters
[0.369s] Level 1:colcon.colcon_core.package_discovery:discover_packages(path) check parameters
[0.369s] Level 1:colcon.colcon_core.package_discovery:discover_packages(colcon_meta) discover
[0.381s] Level 1:colcon.colcon_core.package_discovery:discover_packages(recursive) discover
[0.381s] INFO:colcon.colcon_core.package_discovery:Crawling recursively for packages in '/home/imtld.local/niranjan.kulkarni/git'
[0.381s] Level 1:colcon.colcon_core.package_identification:_identify(.) by extensions ['ignore', 'ignore_ament_install']
[0.383s] Level 1:colcon.colcon_core.package_identification:_identify(.) by extension 'ignore'
[0.391s] Level 1:colcon.colcon_core.package_identification:_identify(.) by extension 'ignore_ament_install'
[0.393s] Level 1:colcon.colcon_core.package_identification:_identify(.) by extensions ['colcon_pkg']
[0.401s] Level 1:colcon.colcon_core.package_identification:_identify(.) by extension 'colcon_pkg'
[0.409s] Level 1:colcon.colcon_core.package_identification:_identify(.) by extensions ['colcon_meta']
[0.425s] Level 1:colcon.colcon_core.package_identification:_identify(.) by extension 'colcon_meta'
[0.427s] Level 1:colcon.colcon_core.package_identification:_identify(.) by extensions ['ros']
[0.434s] Level 1:colcon.colcon_core.package_identification:_identify(.) by extension 'ros'
[0.448s] Level 1:colcon.colcon_core.package_identification:_identify(.) by extensions ['cmake', 'python']
[0.448s] Level 1:colcon.colcon_core.package_identification:_identify(.) by extension 'cmake'
[0.448s] Level 1:colcon.colcon_core.package_identification:_identify(.) by extension 'python'
[0.448s] Level 1:colcon.colcon_core.package_identification:_identify(.) by extensions ['python_setup_py']
[0.450s] Level 1:colcon.colcon_core.package_identification:_identify(.) by extension 'python_setup_py'
[0.451s] Level 1:colcon.colcon_core.package_identification:_identify(build) by extensions ['ignore', 'ignore_ament_install']
[0.452s] Level 1:colcon.colcon_core.package_identification:_identify(build) by extension 'ignore'
[0.452s] Level 1:colcon.colcon_core.package_identification:_identify(build) ignored
[0.466s] Level 1:colcon.colcon_core.package_identification:_identify(grpe_larm_mother) by extensions ['ignore', 'ignore_ament_install']
[0.468s] Level 1:colcon.colcon_core.package_identification:_identify(grpe_larm_mother) by extension 'ignore'
[0.480s] Level 1:colcon.colcon_core.package_identification:_identify(grpe_larm_mother) by extension 'ignore_ament_install'
[0.480s] Level 1:colcon.colcon_core.package_identification:_identify(grpe_larm_mother) by extensions ['colcon_pkg']
[0.492s] Level 1:colcon.colcon_core.package_identification:_identify(grpe_larm_mother) by extension 'colcon_pkg'
[0.494s] Level 1:colcon.colcon_core.package_identification:_identify(grpe_larm_mother) by extensions ['colcon_meta']
[0.506s] Level 1:colcon.colcon_core.package_identification:_identify(grpe_larm_mother) by extension 'colcon_meta'
[0.508s] Level 1:colcon.colcon_core.package_identification:_identify(grpe_larm_mother) by extensions ['ros']
[0.510s] Level 1:colcon.colcon_core.package_identification:_identify(grpe_larm_mother) by extension 'ros'
[0.515s] DEBUG:colcon.colcon_core.package_identification:Package 'grpe_larm_mother' with type 'ros.ament_cmake' and name 'grpe_larm_mother'
[0.517s] Level 1:colcon.colcon_core.package_identification:_identify(install) by extensions ['ignore', 'ignore_ament_install']
[0.517s] Level 1:colcon.colcon_core.package_identification:_identify(install) by extension 'ignore'
[0.519s] Level 1:colcon.colcon_core.package_identification:_identify(install) ignored
[0.521s] Level 1:colcon.colcon_core.package_identification:_identify(log) by extensions ['ignore', 'ignore_ament_install']
[0.521s] Level 1:colcon.colcon_core.package_identification:_identify(log) by extension 'ignore'
[0.523s] Level 1:colcon.colcon_core.package_identification:_identify(log) ignored
[0.523s] Level 1:colcon.colcon_core.package_discovery:discover_packages(recursive) using defaults
[0.525s] Level 1:colcon.colcon_core.package_discovery:discover_packages(ignore) discover
[0.525s] Level 1:colcon.colcon_core.package_discovery:discover_packages(ignore) using defaults
[0.525s] Level 1:colcon.colcon_core.package_discovery:discover_packages(path) discover
[0.525s] Level 1:colcon.colcon_core.package_discovery:discover_packages(path) using defaults
[0.549s] Level 1:colcon.colcon_core.package_discovery:discover_packages(prefix_path) check parameters
[0.549s] Level 1:colcon.colcon_core.package_discovery:discover_packages(prefix_path) discover
[0.552s] WARNING:colcon.colcon_ros.prefix_path.ament:The path '/home/imtld.local/niranjan.kulkarni/git/install/mb6_basic' in the environment variable AMENT_PREFIX_PATH doesn't exist
[0.554s] WARNING:colcon.colcon_ros.prefix_path.ament:The path '/home/imtld.local/niranjan.kulkarni/git/install/tbot_sim' in the environment variable AMENT_PREFIX_PATH doesn't exist
[0.554s] WARNING:colcon.colcon_ros.prefix_path.ament:The path '/home/imtld.local/niranjan.kulkarni/git/install/grpe_larm_mother' in the environment variable AMENT_PREFIX_PATH doesn't exist
[0.558s] WARNING:colcon.colcon_ros.prefix_path.catkin:The path '/home/imtld.local/niranjan.kulkarni/git/install/mb6_basic' in the environment variable CMAKE_PREFIX_PATH doesn't exist
[0.559s] WARNING:colcon.colcon_ros.prefix_path.catkin:The path '/home/imtld.local/niranjan.kulkarni/git/install/tbot_sim' in the environment variable CMAKE_PREFIX_PATH doesn't exist
[0.561s] WARNING:colcon.colcon_ros.prefix_path.catkin:The path '/home/imtld.local/niranjan.kulkarni/git/install/grpe_larm_mother' in the environment variable CMAKE_PREFIX_PATH doesn't exist
[0.565s] DEBUG:colcon.colcon_installed_package_information.package_discovery:Found 0 installed packages in /home/imtld.local/niranjan.kulkarni/git/install
[0.570s] DEBUG:colcon.colcon_installed_package_information.package_discovery:Found 1 installed packages in /home/imtld.local/niranjan.kulkarni/git/grpe_larm_mother/install
[0.579s] DEBUG:colcon.colcon_installed_package_information.package_discovery:Found 1 installed packages in /home/imtld.local/niranjan.kulkarni/ros_ws/install
[0.581s] DEBUG:colcon.colcon_installed_package_information.package_discovery:Found 340 installed packages in /opt/ros/iron
[0.583s] Level 1:colcon.colcon_core.package_discovery:discover_packages(prefix_path) using defaults
[0.634s] Level 5:colcon.colcon_core.verb:set package 'grpe_larm_mother' build argument 'cmake_args' from command line to 'None'
[0.634s] Level 5:colcon.colcon_core.verb:set package 'grpe_larm_mother' build argument 'cmake_target' from command line to 'None'
[0.634s] Level 5:colcon.colcon_core.verb:set package 'grpe_larm_mother' build argument 'cmake_target_skip_unavailable' from command line to 'False'
[0.634s] Level 5:colcon.colcon_core.verb:set package 'grpe_larm_mother' build argument 'cmake_clean_cache' from command line to 'False'
[0.634s] Level 5:colcon.colcon_core.verb:set package 'grpe_larm_mother' build argument 'cmake_clean_first' from command line to 'False'
[0.637s] Level 5:colcon.colcon_core.verb:set package 'grpe_larm_mother' build argument 'cmake_force_configure' from command line to 'False'
[0.637s] Level 5:colcon.colcon_core.verb:set package 'grpe_larm_mother' build argument 'ament_cmake_args' from command line to 'None'
[0.637s] Level 5:colcon.colcon_core.verb:set package 'grpe_larm_mother' build argument 'catkin_cmake_args' from command line to 'None'
[0.637s] Level 5:colcon.colcon_core.verb:set package 'grpe_larm_mother' build argument 'catkin_skip_building_tests' from command line to 'False'
[0.637s] DEBUG:colcon.colcon_core.verb:Building package 'grpe_larm_mother' with the following arguments: {'ament_cmake_args': None, 'build_base': '/home/imtld.local/niranjan.kulkarni/git/build/grpe_larm_mother', 'catkin_cmake_args': None, 'catkin_skip_building_tests': False, 'cmake_args': None, 'cmake_clean_cache': False, 'cmake_clean_first': False, 'cmake_force_configure': False, 'cmake_target': None, 'cmake_target_skip_unavailable': False, 'install_base': '/home/imtld.local/niranjan.kulkarni/git/install/grpe_larm_mother', 'merge_install': False, 'path': '/home/imtld.local/niranjan.kulkarni/git/grpe_larm_mother', 'symlink_install': False, 'test_result_base': None}
[0.645s] INFO:colcon.colcon_core.executor:Executing jobs using 'parallel' executor
[0.649s] DEBUG:colcon.colcon_parallel_executor.executor.parallel:run_until_complete
[0.655s] INFO:colcon.colcon_ros.task.ament_cmake.build:Building ROS package in '/home/imtld.local/niranjan.kulkarni/git/grpe_larm_mother' with build type 'ament_cmake'
[0.666s] INFO:colcon.colcon_cmake.task.cmake.build:Building CMake package in '/home/imtld.local/niranjan.kulkarni/git/grpe_larm_mother'
[0.669s] INFO:colcon.colcon_core.plugin_system:Skipping extension 'colcon_core.shell.bat': Not used on non-Windows systems
[0.669s] INFO:colcon.colcon_core.shell:Skip shell extension 'powershell' for command environment: Not usable outside of PowerShell
[0.669s] DEBUG:colcon.colcon_core.shell:Skip shell extension 'dsv' for command environment
[0.756s] DEBUG:colcon.colcon_core.event_handler.log_command:Invoking command in '/home/imtld.local/niranjan.kulkarni/git/build/grpe_larm_mother': CMAKE_PREFIX_PATH=${CMAKE_PREFIX_PATH}:/opt/ros/iron /usr/bin/cmake /home/imtld.local/niranjan.kulkarni/git/grpe_larm_mother -DCMAKE_INSTALL_PREFIX=/home/imtld.local/niranjan.kulkarni/git/install/grpe_larm_mother
[4.557s] DEBUG:colcon.colcon_core.event_handler.log_command:Invoked command in '/home/imtld.local/niranjan.kulkarni/git/build/grpe_larm_mother' returned '0': CMAKE_PREFIX_PATH=${CMAKE_PREFIX_PATH}:/opt/ros/iron /usr/bin/cmake /home/imtld.local/niranjan.kulkarni/git/grpe_larm_mother -DCMAKE_INSTALL_PREFIX=/home/imtld.local/niranjan.kulkarni/git/install/grpe_larm_mother
[4.581s] DEBUG:colcon.colcon_core.event_handler.log_command:Invoking command in '/home/imtld.local/niranjan.kulkarni/git/build/grpe_larm_mother': CMAKE_PREFIX_PATH=${CMAKE_PREFIX_PATH}:/opt/ros/iron /usr/bin/cmake --build /home/imtld.local/niranjan.kulkarni/git/build/grpe_larm_mother -- -j12 -l12
[4.627s] DEBUG:colcon.colcon_core.event_handler.log_command:Invoked command in '/home/imtld.local/niranjan.kulkarni/git/build/grpe_larm_mother' returned '0': CMAKE_PREFIX_PATH=${CMAKE_PREFIX_PATH}:/opt/ros/iron /usr/bin/cmake --build /home/imtld.local/niranjan.kulkarni/git/build/grpe_larm_mother -- -j12 -l12
[4.654s] DEBUG:colcon.colcon_core.event_handler.log_command:Invoking command in '/home/imtld.local/niranjan.kulkarni/git/build/grpe_larm_mother': CMAKE_PREFIX_PATH=${CMAKE_PREFIX_PATH}:/opt/ros/iron /usr/bin/cmake --install /home/imtld.local/niranjan.kulkarni/git/build/grpe_larm_mother
[5.584s] Level 1:colcon.colcon_core.environment:create_environment_scripts_only(grpe_larm_mother)
[5.585s] DEBUG:colcon.colcon_core.event_handler.log_command:Invoked command in '/home/imtld.local/niranjan.kulkarni/git/build/grpe_larm_mother' returned '0': CMAKE_PREFIX_PATH=${CMAKE_PREFIX_PATH}:/opt/ros/iron /usr/bin/cmake --install /home/imtld.local/niranjan.kulkarni/git/build/grpe_larm_mother
[5.588s] Level 1:colcon.colcon_core.environment:checking '/home/imtld.local/niranjan.kulkarni/git/install/grpe_larm_mother' for CMake module files
[5.596s] Level 1:colcon.colcon_core.environment:checking '/home/imtld.local/niranjan.kulkarni/git/install/grpe_larm_mother' for CMake config files
[5.602s] Level 1:colcon.colcon_core.shell:create_environment_hook('grpe_larm_mother', 'cmake_prefix_path')
[5.604s] INFO:colcon.colcon_core.shell:Creating environment hook '/home/imtld.local/niranjan.kulkarni/git/install/grpe_larm_mother/share/grpe_larm_mother/hook/cmake_prefix_path.ps1'
[5.627s] INFO:colcon.colcon_core.shell:Creating environment descriptor '/home/imtld.local/niranjan.kulkarni/git/install/grpe_larm_mother/share/grpe_larm_mother/hook/cmake_prefix_path.dsv'
[5.630s] INFO:colcon.colcon_core.shell:Creating environment hook '/home/imtld.local/niranjan.kulkarni/git/install/grpe_larm_mother/share/grpe_larm_mother/hook/cmake_prefix_path.sh'
[5.636s] Level 1:colcon.colcon_core.environment:checking '/home/imtld.local/niranjan.kulkarni/git/install/grpe_larm_mother/lib'
[5.637s] Level 1:colcon.colcon_core.environment:checking '/home/imtld.local/niranjan.kulkarni/git/install/grpe_larm_mother/bin'
[5.638s] Level 1:colcon.colcon_core.environment:checking '/home/imtld.local/niranjan.kulkarni/git/install/grpe_larm_mother/lib/pkgconfig/grpe_larm_mother.pc'
[5.640s] Level 1:colcon.colcon_core.environment:checking '/home/imtld.local/niranjan.kulkarni/git/install/grpe_larm_mother/lib/python3.10/site-packages'
[5.642s] Level 1:colcon.colcon_core.environment:checking '/home/imtld.local/niranjan.kulkarni/git/install/grpe_larm_mother/bin'
[5.644s] INFO:colcon.colcon_core.shell:Creating package script '/home/imtld.local/niranjan.kulkarni/git/install/grpe_larm_mother/share/grpe_larm_mother/package.ps1'
[5.649s] INFO:colcon.colcon_core.shell:Creating package descriptor '/home/imtld.local/niranjan.kulkarni/git/install/grpe_larm_mother/share/grpe_larm_mother/package.dsv'
[5.653s] INFO:colcon.colcon_core.shell:Creating package script '/home/imtld.local/niranjan.kulkarni/git/install/grpe_larm_mother/share/grpe_larm_mother/package.sh'
[5.657s] INFO:colcon.colcon_core.shell:Creating package script '/home/imtld.local/niranjan.kulkarni/git/install/grpe_larm_mother/share/grpe_larm_mother/package.bash'
[5.663s] INFO:colcon.colcon_core.shell:Creating package script '/home/imtld.local/niranjan.kulkarni/git/install/grpe_larm_mother/share/grpe_larm_mother/package.zsh'
[5.668s] Level 1:colcon.colcon_core.environment:create_file_with_runtime_dependencies(/home/imtld.local/niranjan.kulkarni/git/install/grpe_larm_mother/share/colcon-core/packages/grpe_larm_mother)
[5.701s] Level 1:colcon.colcon_core.environment:create_environment_scripts_only(grpe_larm_mother)
[5.702s] Level 1:colcon.colcon_core.environment:checking '/home/imtld.local/niranjan.kulkarni/git/install/grpe_larm_mother' for CMake module files
[5.705s] Level 1:colcon.colcon_core.environment:checking '/home/imtld.local/niranjan.kulkarni/git/install/grpe_larm_mother' for CMake config files
[5.709s] Level 1:colcon.colcon_core.shell:create_environment_hook('grpe_larm_mother', 'cmake_prefix_path')
[5.710s] INFO:colcon.colcon_core.shell:Creating environment hook '/home/imtld.local/niranjan.kulkarni/git/install/grpe_larm_mother/share/grpe_larm_mother/hook/cmake_prefix_path.ps1'
[5.718s] INFO:colcon.colcon_core.shell:Creating environment descriptor '/home/imtld.local/niranjan.kulkarni/git/install/grpe_larm_mother/share/grpe_larm_mother/hook/cmake_prefix_path.dsv'
[5.723s] INFO:colcon.colcon_core.shell:Creating environment hook '/home/imtld.local/niranjan.kulkarni/git/install/grpe_larm_mother/share/grpe_larm_mother/hook/cmake_prefix_path.sh'
[5.728s] Level 1:colcon.colcon_core.environment:checking '/home/imtld.local/niranjan.kulkarni/git/install/grpe_larm_mother/lib'
[5.728s] Level 1:colcon.colcon_core.environment:checking '/home/imtld.local/niranjan.kulkarni/git/install/grpe_larm_mother/bin'
[5.729s] Level 1:colcon.colcon_core.environment:checking '/home/imtld.local/niranjan.kulkarni/git/install/grpe_larm_mother/lib/pkgconfig/grpe_larm_mother.pc'
[5.731s] Level 1:colcon.colcon_core.environment:checking '/home/imtld.local/niranjan.kulkarni/git/install/grpe_larm_mother/lib/python3.10/site-packages'
[5.733s] Level 1:colcon.colcon_core.environment:checking '/home/imtld.local/niranjan.kulkarni/git/install/grpe_larm_mother/bin'
[5.736s] INFO:colcon.colcon_core.shell:Creating package script '/home/imtld.local/niranjan.kulkarni/git/install/grpe_larm_mother/share/grpe_larm_mother/package.ps1'
[5.740s] INFO:colcon.colcon_core.shell:Creating package descriptor '/home/imtld.local/niranjan.kulkarni/git/install/grpe_larm_mother/share/grpe_larm_mother/package.dsv'
[5.744s] INFO:colcon.colcon_core.shell:Creating package script '/home/imtld.local/niranjan.kulkarni/git/install/grpe_larm_mother/share/grpe_larm_mother/package.sh'
[5.749s] INFO:colcon.colcon_core.shell:Creating package script '/home/imtld.local/niranjan.kulkarni/git/install/grpe_larm_mother/share/grpe_larm_mother/package.bash'
[5.753s] INFO:colcon.colcon_core.shell:Creating package script '/home/imtld.local/niranjan.kulkarni/git/install/grpe_larm_mother/share/grpe_larm_mother/package.zsh'
[5.757s] Level 1:colcon.colcon_core.environment:create_file_with_runtime_dependencies(/home/imtld.local/niranjan.kulkarni/git/install/grpe_larm_mother/share/colcon-core/packages/grpe_larm_mother)
[5.766s] DEBUG:colcon.colcon_parallel_executor.executor.parallel:closing loop
[5.766s] DEBUG:colcon.colcon_parallel_executor.executor.parallel:loop closed
[5.769s] DEBUG:colcon.colcon_parallel_executor.executor.parallel:run_until_complete finished with '0'
[5.769s] DEBUG:colcon.colcon_core.event_reactor:joining thread
[5.778s] INFO:colcon.colcon_core.plugin_system:Skipping extension 'colcon_notification.desktop_notification.terminal_notifier': Not used on non-Darwin systems
[5.778s] INFO:colcon.colcon_core.plugin_system:Skipping extension 'colcon_notification.desktop_notification.win32': Not used on non-Windows systems
[5.778s] INFO:colcon.colcon_notification.desktop_notification:Sending desktop notification using 'notify2'
[5.798s] DEBUG:colcon.colcon_core.event_reactor:joined thread
[5.799s] INFO:colcon.colcon_core.shell:Creating prefix script '/home/imtld.local/niranjan.kulkarni/git/install/local_setup.ps1'
[5.804s] INFO:colcon.colcon_core.shell:Creating prefix util module '/home/imtld.local/niranjan.kulkarni/git/install/_local_setup_util_ps1.py'
[5.810s] INFO:colcon.colcon_core.shell:Creating prefix chain script '/home/imtld.local/niranjan.kulkarni/git/install/setup.ps1'
[5.818s] INFO:colcon.colcon_core.shell:Creating prefix script '/home/imtld.local/niranjan.kulkarni/git/install/local_setup.sh'
[5.823s] INFO:colcon.colcon_core.shell:Creating prefix util module '/home/imtld.local/niranjan.kulkarni/git/install/_local_setup_util_sh.py'
[5.834s] INFO:colcon.colcon_core.shell:Creating prefix chain script '/home/imtld.local/niranjan.kulkarni/git/install/setup.sh'
[5.847s] INFO:colcon.colcon_core.shell:Creating prefix script '/home/imtld.local/niranjan.kulkarni/git/install/local_setup.bash'
[5.851s] INFO:colcon.colcon_core.shell:Creating prefix chain script '/home/imtld.local/niranjan.kulkarni/git/install/setup.bash'
[5.858s] INFO:colcon.colcon_core.shell:Creating prefix script '/home/imtld.local/niranjan.kulkarni/git/install/local_setup.zsh'
[5.871s] INFO:colcon.colcon_core.shell:Creating prefix chain script '/home/imtld.local/niranjan.kulkarni/git/install/setup.zsh'
