[0.000000] (-) TimerEvent: {}
[0.000145] (grpe_larm_mother) JobQueued: {'identifier': 'grpe_larm_mother', 'dependencies': OrderedDict()}
[0.000178] (tbot_sim) JobQueued: {'identifier': 'tbot_sim', 'dependencies': OrderedDict()}
[0.000196] (grpe_larm_mother) JobStarted: {'identifier': 'grpe_larm_mother'}
[0.034342] (tbot_sim) JobStarted: {'identifier': 'tbot_sim'}
[0.065098] (grpe_larm_mother) JobProgress: {'identifier': 'grpe_larm_mother', 'progress': 'cmake'}
[0.070062] (grpe_larm_mother) JobProgress: {'identifier': 'grpe_larm_mother', 'progress': 'build'}
[0.071061] (grpe_larm_mother) Command: {'cmd': ['/usr/bin/cmake', '--build', '/home/imtld.local/niranjan.kulkarni/git/build/grpe_larm_mother', '--', '-j12', '-l12'], 'cwd': '/home/imtld.local/niranjan.kulkarni/git/build/grpe_larm_mother', 'env': OrderedDict([('ROS_WORSPACE', '/home/imtld.local/niranjan.kulkarni/ros_ws'), ('USER', 'niranjan.kulkarni'), ('XDG_SESSION_TYPE', 'wayland'), ('SHLVL', '1'), ('LD_LIBRARY_PATH', '/usr/lib/x86_64-linux-gnu/gazebo-11/plugins:/opt/ros/iron/opt/rviz_ogre_vendor/lib:/opt/ros/iron/lib/x86_64-linux-gnu:/opt/ros/iron/lib'), ('HOME', '/home/imtld.local/niranjan.kulkarni'), ('OLDPWD', '/home/imtld.local/niranjan.kulkarni/git/grpe_larm_mother'), ('DESKTOP_SESSION', 'ubuntu'), ('ROS_PYTHON_VERSION', '3'), ('GNOME_SHELL_SESSION_MODE', 'ubuntu'), ('GTK_MODULES', 'gail:atk-bridge'), ('DBUS_STARTER_BUS_TYPE', 'session'), ('SYSTEMD_EXEC_PID', '2399'), ('DBUS_SESSION_BUS_ADDRESS', 'unix:path=/run/user/876417573/bus,guid=4985e290d0dc091e554f6fb765a4dfe1'), ('COLORTERM', 'truecolor'), ('IM_CONFIG_PHASE', '1'), ('WAYLAND_DISPLAY', 'wayland-0'), ('COLCON_PREFIX_PATH', '/home/imtld.local/niranjan.kulkarni/git/grpe_larm_mother/install:/home/imtld.local/niranjan.kulkarni/git/install:/home/imtld.local/niranjan.kulkarni/ros_ws/install'), ('ROS_DISTRO', 'iron'), ('LOGNAME', 'niranjan.kulkarni'), ('_', '/usr/bin/colcon'), ('ROS_VERSION', '2'), ('XDG_SESSION_CLASS', 'user'), ('USERNAME', 'niranjan.kulkarni'), ('TERM', 'xterm-256color'), ('GNOME_DESKTOP_SESSION_ID', 'this-is-deprecated'), ('PATH', '/home/imtld.local/niranjan.kulkarni/bin:/opt/ros/iron/bin:/usr/local/sbin:/usr/local/bin:/usr/sbin:/usr/bin:/sbin:/bin:/usr/games:/usr/local/games:/snap/bin:/snap/bin'), ('SESSION_MANAGER', 'local/DEVELTER-U-10:@/tmp/.ICE-unix/2399,unix/DEVELTER-U-10:/tmp/.ICE-unix/2399'), ('XDG_MENU_PREFIX', 'gnome-'), ('GNOME_TERMINAL_SCREEN', '/org/gnome/Terminal/screen/d4c4d9a8_0e6f_4131_8495_638591042543'), ('GNOME_SETUP_DISPLAY', ':1'), ('XDG_RUNTIME_DIR', '/run/user/876417573'), ('ZEITGEIST_DATA_PATH', '/home/imtld.local/niranjan.kulkarni/.local/share/zeitgeist'), ('DISPLAY', ':0'), ('LANG', 'fr_FR.UTF-8'), ('XDG_CURRENT_DESKTOP', 'ubuntu:GNOME'), ('XMODIFIERS', '@im=ibus'), ('XDG_SESSION_DESKTOP', 'ubuntu'), ('XAUTHORITY', '/run/user/876417573/.mutter-Xwaylandauth.HAPNH2'), ('GNOME_TERMINAL_SERVICE', ':1.254'), ('SSH_AGENT_LAUNCHER', 'gnome-keyring'), ('SSH_AUTH_SOCK', '/run/user/876417573/keyring/ssh'), ('ROS_DOMAIN_ID', '107'), ('AMENT_PREFIX_PATH', '/home/imtld.local/niranjan.kulkarni/git/grpe_larm_mother/install/grpe_larm_mother:/home/imtld.local/niranjan.kulkarni/git/install/tbot_sim:/home/imtld.local/niranjan.kulkarni/git/install/grpe_larm_mother:/home/imtld.local/niranjan.kulkarni/ros_ws/install/tbot_sim:/opt/ros/iron'), ('SHELL', '/bin/bash'), ('KRB5CCNAME', 'FILE:/tmp/krb5cc_876417573_MSWOBM'), ('QT_ACCESSIBILITY', '1'), ('GDMSESSION', 'ubuntu'), ('ROS_AUTOMATIC_DISCOVERY_RANGE', 'SUBNET'), ('QT_IM_MODULE', 'ibus'), ('PWD', '/home/imtld.local/niranjan.kulkarni/git/build/grpe_larm_mother'), ('XDG_CONFIG_DIRS', '/etc/xdg/xdg-ubuntu:/etc/xdg'), ('DBUS_STARTER_ADDRESS', 'unix:path=/run/user/876417573/bus,guid=4985e290d0dc091e554f6fb765a4dfe1'), ('XDG_DATA_DIRS', '/usr/share/ubuntu:/usr/local/share/:/usr/share/:/var/lib/snapd/desktop'), ('PYTHONPATH', '/opt/ros/iron/lib/python3.10/site-packages'), ('COLCON', '1'), ('VTE_VERSION', '6800'), ('CMAKE_PREFIX_PATH', '/home/imtld.local/niranjan.kulkarni/git/grpe_larm_mother/install/grpe_larm_mother:/home/imtld.local/niranjan.kulkarni/git/install/tbot_sim:/home/imtld.local/niranjan.kulkarni/git/install/grpe_larm_mother:/home/imtld.local/niranjan.kulkarni/ros_ws/install/tbot_sim:/opt/ros/iron')]), 'shell': False}
[0.121709] (-) TimerEvent: {}
[0.121796] (tbot_sim) JobProgress: {'identifier': 'tbot_sim', 'progress': 'cmake'}
[0.122700] (grpe_larm_mother) StdoutLine: {'line': b'-- Found ament_cmake: 2.0.3 (/opt/ros/iron/share/ament_cmake/cmake)\n'}
[0.135030] (tbot_sim) JobProgress: {'identifier': 'tbot_sim', 'progress': 'build'}
[0.135723] (tbot_sim) Command: {'cmd': ['/usr/bin/cmake', '--build', '/home/imtld.local/niranjan.kulkarni/git/build/tbot_sim', '--', '-j12', '-l12'], 'cwd': '/home/imtld.local/niranjan.kulkarni/git/build/tbot_sim', 'env': OrderedDict([('ROS_WORSPACE', '/home/imtld.local/niranjan.kulkarni/ros_ws'), ('USER', 'niranjan.kulkarni'), ('XDG_SESSION_TYPE', 'wayland'), ('SHLVL', '1'), ('LD_LIBRARY_PATH', '/usr/lib/x86_64-linux-gnu/gazebo-11/plugins:/opt/ros/iron/opt/rviz_ogre_vendor/lib:/opt/ros/iron/lib/x86_64-linux-gnu:/opt/ros/iron/lib'), ('HOME', '/home/imtld.local/niranjan.kulkarni'), ('OLDPWD', '/home/imtld.local/niranjan.kulkarni/git/grpe_larm_mother'), ('DESKTOP_SESSION', 'ubuntu'), ('ROS_PYTHON_VERSION', '3'), ('GNOME_SHELL_SESSION_MODE', 'ubuntu'), ('GTK_MODULES', 'gail:atk-bridge'), ('DBUS_STARTER_BUS_TYPE', 'session'), ('SYSTEMD_EXEC_PID', '2399'), ('DBUS_SESSION_BUS_ADDRESS', 'unix:path=/run/user/876417573/bus,guid=4985e290d0dc091e554f6fb765a4dfe1'), ('COLORTERM', 'truecolor'), ('IM_CONFIG_PHASE', '1'), ('WAYLAND_DISPLAY', 'wayland-0'), ('COLCON_PREFIX_PATH', '/home/imtld.local/niranjan.kulkarni/git/grpe_larm_mother/install:/home/imtld.local/niranjan.kulkarni/git/install:/home/imtld.local/niranjan.kulkarni/ros_ws/install'), ('ROS_DISTRO', 'iron'), ('LOGNAME', 'niranjan.kulkarni'), ('_', '/usr/bin/colcon'), ('ROS_VERSION', '2'), ('XDG_SESSION_CLASS', 'user'), ('USERNAME', 'niranjan.kulkarni'), ('TERM', 'xterm-256color'), ('GNOME_DESKTOP_SESSION_ID', 'this-is-deprecated'), ('PATH', '/home/imtld.local/niranjan.kulkarni/bin:/opt/ros/iron/bin:/usr/local/sbin:/usr/local/bin:/usr/sbin:/usr/bin:/sbin:/bin:/usr/games:/usr/local/games:/snap/bin:/snap/bin'), ('SESSION_MANAGER', 'local/DEVELTER-U-10:@/tmp/.ICE-unix/2399,unix/DEVELTER-U-10:/tmp/.ICE-unix/2399'), ('XDG_MENU_PREFIX', 'gnome-'), ('GNOME_TERMINAL_SCREEN', '/org/gnome/Terminal/screen/d4c4d9a8_0e6f_4131_8495_638591042543'), ('GNOME_SETUP_DISPLAY', ':1'), ('XDG_RUNTIME_DIR', '/run/user/876417573'), ('ZEITGEIST_DATA_PATH', '/home/imtld.local/niranjan.kulkarni/.local/share/zeitgeist'), ('DISPLAY', ':0'), ('LANG', 'fr_FR.UTF-8'), ('XDG_CURRENT_DESKTOP', 'ubuntu:GNOME'), ('XMODIFIERS', '@im=ibus'), ('XDG_SESSION_DESKTOP', 'ubuntu'), ('XAUTHORITY', '/run/user/876417573/.mutter-Xwaylandauth.HAPNH2'), ('GNOME_TERMINAL_SERVICE', ':1.254'), ('SSH_AGENT_LAUNCHER', 'gnome-keyring'), ('SSH_AUTH_SOCK', '/run/user/876417573/keyring/ssh'), ('ROS_DOMAIN_ID', '107'), ('AMENT_PREFIX_PATH', '/home/imtld.local/niranjan.kulkarni/git/grpe_larm_mother/install/grpe_larm_mother:/home/imtld.local/niranjan.kulkarni/git/install/tbot_sim:/home/imtld.local/niranjan.kulkarni/git/install/grpe_larm_mother:/home/imtld.local/niranjan.kulkarni/ros_ws/install/tbot_sim:/opt/ros/iron'), ('SHELL', '/bin/bash'), ('KRB5CCNAME', 'FILE:/tmp/krb5cc_876417573_MSWOBM'), ('QT_ACCESSIBILITY', '1'), ('GDMSESSION', 'ubuntu'), ('ROS_AUTOMATIC_DISCOVERY_RANGE', 'SUBNET'), ('QT_IM_MODULE', 'ibus'), ('PWD', '/home/imtld.local/niranjan.kulkarni/git/build/tbot_sim'), ('XDG_CONFIG_DIRS', '/etc/xdg/xdg-ubuntu:/etc/xdg'), ('DBUS_STARTER_ADDRESS', 'unix:path=/run/user/876417573/bus,guid=4985e290d0dc091e554f6fb765a4dfe1'), ('XDG_DATA_DIRS', '/usr/share/ubuntu:/usr/local/share/:/usr/share/:/var/lib/snapd/desktop'), ('PYTHONPATH', '/opt/ros/iron/lib/python3.10/site-packages'), ('COLCON', '1'), ('VTE_VERSION', '6800'), ('CMAKE_PREFIX_PATH', '/home/imtld.local/niranjan.kulkarni/git/grpe_larm_mother/install/grpe_larm_mother:/home/imtld.local/niranjan.kulkarni/git/install/tbot_sim:/home/imtld.local/niranjan.kulkarni/git/install/grpe_larm_mother:/home/imtld.local/niranjan.kulkarni/ros_ws/install/tbot_sim:/opt/ros/iron')]), 'shell': False}
[0.204188] (tbot_sim) CommandEnded: {'returncode': 0}
[0.220768] (tbot_sim) JobProgress: {'identifier': 'tbot_sim', 'progress': 'install'}
[0.222495] (-) TimerEvent: {}
[0.227925] (tbot_sim) Command: {'cmd': ['/usr/bin/cmake', '--install', '/home/imtld.local/niranjan.kulkarni/git/build/tbot_sim'], 'cwd': '/home/imtld.local/niranjan.kulkarni/git/build/tbot_sim', 'env': OrderedDict([('ROS_WORSPACE', '/home/imtld.local/niranjan.kulkarni/ros_ws'), ('USER', 'niranjan.kulkarni'), ('XDG_SESSION_TYPE', 'wayland'), ('SHLVL', '1'), ('LD_LIBRARY_PATH', '/usr/lib/x86_64-linux-gnu/gazebo-11/plugins:/opt/ros/iron/opt/rviz_ogre_vendor/lib:/opt/ros/iron/lib/x86_64-linux-gnu:/opt/ros/iron/lib'), ('HOME', '/home/imtld.local/niranjan.kulkarni'), ('OLDPWD', '/home/imtld.local/niranjan.kulkarni/git/grpe_larm_mother'), ('DESKTOP_SESSION', 'ubuntu'), ('ROS_PYTHON_VERSION', '3'), ('GNOME_SHELL_SESSION_MODE', 'ubuntu'), ('GTK_MODULES', 'gail:atk-bridge'), ('DBUS_STARTER_BUS_TYPE', 'session'), ('SYSTEMD_EXEC_PID', '2399'), ('DBUS_SESSION_BUS_ADDRESS', 'unix:path=/run/user/876417573/bus,guid=4985e290d0dc091e554f6fb765a4dfe1'), ('COLORTERM', 'truecolor'), ('IM_CONFIG_PHASE', '1'), ('WAYLAND_DISPLAY', 'wayland-0'), ('COLCON_PREFIX_PATH', '/home/imtld.local/niranjan.kulkarni/git/grpe_larm_mother/install:/home/imtld.local/niranjan.kulkarni/git/install:/home/imtld.local/niranjan.kulkarni/ros_ws/install'), ('ROS_DISTRO', 'iron'), ('LOGNAME', 'niranjan.kulkarni'), ('_', '/usr/bin/colcon'), ('ROS_VERSION', '2'), ('XDG_SESSION_CLASS', 'user'), ('USERNAME', 'niranjan.kulkarni'), ('TERM', 'xterm-256color'), ('GNOME_DESKTOP_SESSION_ID', 'this-is-deprecated'), ('PATH', '/home/imtld.local/niranjan.kulkarni/bin:/opt/ros/iron/bin:/usr/local/sbin:/usr/local/bin:/usr/sbin:/usr/bin:/sbin:/bin:/usr/games:/usr/local/games:/snap/bin:/snap/bin'), ('SESSION_MANAGER', 'local/DEVELTER-U-10:@/tmp/.ICE-unix/2399,unix/DEVELTER-U-10:/tmp/.ICE-unix/2399'), ('XDG_MENU_PREFIX', 'gnome-'), ('GNOME_TERMINAL_SCREEN', '/org/gnome/Terminal/screen/d4c4d9a8_0e6f_4131_8495_638591042543'), ('GNOME_SETUP_DISPLAY', ':1'), ('XDG_RUNTIME_DIR', '/run/user/876417573'), ('ZEITGEIST_DATA_PATH', '/home/imtld.local/niranjan.kulkarni/.local/share/zeitgeist'), ('DISPLAY', ':0'), ('LANG', 'fr_FR.UTF-8'), ('XDG_CURRENT_DESKTOP', 'ubuntu:GNOME'), ('XMODIFIERS', '@im=ibus'), ('XDG_SESSION_DESKTOP', 'ubuntu'), ('XAUTHORITY', '/run/user/876417573/.mutter-Xwaylandauth.HAPNH2'), ('GNOME_TERMINAL_SERVICE', ':1.254'), ('SSH_AGENT_LAUNCHER', 'gnome-keyring'), ('SSH_AUTH_SOCK', '/run/user/876417573/keyring/ssh'), ('ROS_DOMAIN_ID', '107'), ('AMENT_PREFIX_PATH', '/home/imtld.local/niranjan.kulkarni/git/grpe_larm_mother/install/grpe_larm_mother:/home/imtld.local/niranjan.kulkarni/git/install/tbot_sim:/home/imtld.local/niranjan.kulkarni/git/install/grpe_larm_mother:/home/imtld.local/niranjan.kulkarni/ros_ws/install/tbot_sim:/opt/ros/iron'), ('SHELL', '/bin/bash'), ('KRB5CCNAME', 'FILE:/tmp/krb5cc_876417573_MSWOBM'), ('QT_ACCESSIBILITY', '1'), ('GDMSESSION', 'ubuntu'), ('ROS_AUTOMATIC_DISCOVERY_RANGE', 'SUBNET'), ('QT_IM_MODULE', 'ibus'), ('PWD', '/home/imtld.local/niranjan.kulkarni/git/build/tbot_sim'), ('XDG_CONFIG_DIRS', '/etc/xdg/xdg-ubuntu:/etc/xdg'), ('DBUS_STARTER_ADDRESS', 'unix:path=/run/user/876417573/bus,guid=4985e290d0dc091e554f6fb765a4dfe1'), ('XDG_DATA_DIRS', '/usr/share/ubuntu:/usr/local/share/:/usr/share/:/var/lib/snapd/desktop'), ('PYTHONPATH', '/opt/ros/iron/lib/python3.10/site-packages'), ('COLCON', '1'), ('VTE_VERSION', '6800'), ('CMAKE_PREFIX_PATH', '/home/imtld.local/niranjan.kulkarni/git/grpe_larm_mother/install/grpe_larm_mother:/home/imtld.local/niranjan.kulkarni/git/install/tbot_sim:/home/imtld.local/niranjan.kulkarni/git/install/grpe_larm_mother:/home/imtld.local/niranjan.kulkarni/ros_ws/install/tbot_sim:/opt/ros/iron')]), 'shell': False}
[0.240711] (tbot_sim) StdoutLine: {'line': b'-- Install configuration: ""\n'}
[0.240817] (tbot_sim) StdoutLine: {'line': b'-- Up-to-date: /home/imtld.local/niranjan.kulkarni/git/install/tbot_sim/share/tbot_sim/launch\n'}
[0.242690] (tbot_sim) StdoutLine: {'line': b'-- Up-to-date: /home/imtld.local/niranjan.kulkarni/git/install/tbot_sim/share/tbot_sim/launch/challenge-1.launch.py\n'}
[0.244517] (tbot_sim) StdoutLine: {'line': b'-- Up-to-date: /home/imtld.local/niranjan.kulkarni/git/install/tbot_sim/share/tbot_sim/launch/challenge-2.launch.py\n'}
[0.246401] (tbot_sim) StdoutLine: {'line': b'-- Up-to-date: /home/imtld.local/niranjan.kulkarni/git/install/tbot_sim/share/tbot_sim/launch/challenge-3.launch.py\n'}
[0.251196] (tbot_sim) StdoutLine: {'line': b'-- Up-to-date: /home/imtld.local/niranjan.kulkarni/git/install/tbot_sim/share/tbot_sim/launch/code_tuto_move.py\n'}
[0.254318] (tbot_sim) StdoutLine: {'line': b'-- Up-to-date: /home/imtld.local/niranjan.kulkarni/git/install/tbot_sim/share/tbot_sim/launch/__pycache__\n'}
[0.255951] (tbot_sim) StdoutLine: {'line': b'-- Up-to-date: /home/imtld.local/niranjan.kulkarni/git/install/tbot_sim/share/tbot_sim/launch/__pycache__/challenge-1.launch.cpython-310.pyc\n'}
[0.256023] (tbot_sim) StdoutLine: {'line': b'-- Installing: /home/imtld.local/niranjan.kulkarni/git/install/tbot_sim/share/tbot_sim/launch/tutosim_launch.yaml\n'}
[0.287404] (tbot_sim) StdoutLine: {'line': b'-- Up-to-date: /home/imtld.local/niranjan.kulkarni/git/install/tbot_sim/share/tbot_sim/launch/includes\n'}
[0.289735] (tbot_sim) StdoutLine: {'line': b'-- Up-to-date: /home/imtld.local/niranjan.kulkarni/git/install/tbot_sim/share/tbot_sim/launch/includes/challenge.launch.py\n'}
[0.304705] (tbot_sim) StdoutLine: {'line': b'-- Up-to-date: /home/imtld.local/niranjan.kulkarni/git/install/tbot_sim/share/tbot_sim/launch/includes/gazebo.launch.py\n'}
[0.304841] (grpe_larm_mother) StdoutLine: {'line': b'-- Found ament_lint_auto: 0.14.2 (/opt/ros/iron/share/ament_lint_auto/cmake)\n'}
[0.306154] (tbot_sim) StdoutLine: {'line': b'-- Up-to-date: /home/imtld.local/niranjan.kulkarni/git/install/tbot_sim/share/tbot_sim/launch/includes/spawn_create.launch.py\n'}
[0.318050] (tbot_sim) StdoutLine: {'line': b'-- Up-to-date: /home/imtld.local/niranjan.kulkarni/git/install/tbot_sim/share/tbot_sim/launch/includes/spawn_entity.launch.py\n'}
[0.325655] (-) TimerEvent: {}
[0.325763] (tbot_sim) StdoutLine: {'line': b'-- Up-to-date: /home/imtld.local/niranjan.kulkarni/git/install/tbot_sim/share/tbot_sim/launch/includes/spawn_kobuki.launch.py\n'}
[0.332460] (tbot_sim) StdoutLine: {'line': b'-- Up-to-date: /home/imtld.local/niranjan.kulkarni/git/install/tbot_sim/share/tbot_sim/launch/includes/spawn_tbot.launch.py\n'}
[0.334817] (tbot_sim) StdoutLine: {'line': b'-- Up-to-date: /home/imtld.local/niranjan.kulkarni/git/install/tbot_sim/share/tbot_sim/models\n'}
[0.336522] (tbot_sim) StdoutLine: {'line': b'-- Up-to-date: /home/imtld.local/niranjan.kulkarni/git/install/tbot_sim/share/tbot_sim/models/tbot\n'}
[0.336605] (tbot_sim) StdoutLine: {'line': b'-- Up-to-date: /home/imtld.local/niranjan.kulkarni/git/install/tbot_sim/share/tbot_sim/models/tbot/model.config\n'}
[0.343763] (tbot_sim) StdoutLine: {'line': b'-- Up-to-date: /home/imtld.local/niranjan.kulkarni/git/install/tbot_sim/share/tbot_sim/models/tbot/model.sdf\n'}
[0.343824] (tbot_sim) StdoutLine: {'line': b'-- Up-to-date: /home/imtld.local/niranjan.kulkarni/git/install/tbot_sim/share/tbot_sim/models/tbot/materials\n'}
[0.343871] (tbot_sim) StdoutLine: {'line': b'-- Up-to-date: /home/imtld.local/niranjan.kulkarni/git/install/tbot_sim/share/tbot_sim/models/tbot/materials/textures\n'}
[0.343916] (tbot_sim) StdoutLine: {'line': b'-- Up-to-date: /home/imtld.local/niranjan.kulkarni/git/install/tbot_sim/share/tbot_sim/models/tbot/materials/textures/1f_stack.jpg\n'}
[0.344356] (tbot_sim) StdoutLine: {'line': b'-- Up-to-date: /home/imtld.local/niranjan.kulkarni/git/install/tbot_sim/share/tbot_sim/models/tbot/materials/textures/2f_stack.jpg\n'}
[0.347019] (tbot_sim) StdoutLine: {'line': b'-- Up-to-date: /home/imtld.local/niranjan.kulkarni/git/install/tbot_sim/share/tbot_sim/models/tbot/materials/textures/3f_stack.jpg\n'}
[0.347795] (tbot_sim) StdoutLine: {'line': b'-- Up-to-date: /home/imtld.local/niranjan.kulkarni/git/install/tbot_sim/share/tbot_sim/models/tbot/meshes\n'}
[0.350877] (tbot_sim) StdoutLine: {'line': b'-- Up-to-date: /home/imtld.local/niranjan.kulkarni/git/install/tbot_sim/share/tbot_sim/models/tbot/meshes/plate_bottom.dae\n'}
[0.353827] (tbot_sim) StdoutLine: {'line': b'-- Up-to-date: /home/imtld.local/niranjan.kulkarni/git/install/tbot_sim/share/tbot_sim/models/tbot/meshes/plate_middle.dae\n'}
[0.357504] (tbot_sim) StdoutLine: {'line': b'-- Up-to-date: /home/imtld.local/niranjan.kulkarni/git/install/tbot_sim/share/tbot_sim/models/tbot/meshes/plate_top.dae\n'}
[0.364186] (tbot_sim) StdoutLine: {'line': b'-- Up-to-date: /home/imtld.local/niranjan.kulkarni/git/install/tbot_sim/share/tbot_sim/models/willowgarage\n'}
[0.368548] (tbot_sim) StdoutLine: {'line': b'-- Up-to-date: /home/imtld.local/niranjan.kulkarni/git/install/tbot_sim/share/tbot_sim/models/willowgarage/model-1_2.sdf\n'}
[0.372423] (tbot_sim) StdoutLine: {'line': b'-- Up-to-date: /home/imtld.local/niranjan.kulkarni/git/install/tbot_sim/share/tbot_sim/models/willowgarage/model-1_3.sdf\n'}
[0.374585] (tbot_sim) StdoutLine: {'line': b'-- Up-to-date: /home/imtld.local/niranjan.kulkarni/git/install/tbot_sim/share/tbot_sim/models/willowgarage/model-1_4.sdf\n'}
[0.375946] (tbot_sim) StdoutLine: {'line': b'-- Up-to-date: /home/imtld.local/niranjan.kulkarni/git/install/tbot_sim/share/tbot_sim/models/willowgarage/model.config\n'}
[0.376012] (tbot_sim) StdoutLine: {'line': b'-- Up-to-date: /home/imtld.local/niranjan.kulkarni/git/install/tbot_sim/share/tbot_sim/models/willowgarage/model.sdf\n'}
[0.383109] (tbot_sim) StdoutLine: {'line': b'-- Up-to-date: /home/imtld.local/niranjan.kulkarni/git/install/tbot_sim/share/tbot_sim/models/willowgarage/materials\n'}
[0.385094] (tbot_sim) StdoutLine: {'line': b'-- Up-to-date: /home/imtld.local/niranjan.kulkarni/git/install/tbot_sim/share/tbot_sim/models/willowgarage/materials/textures\n'}
[0.393124] (tbot_sim) StdoutLine: {'line': b'-- Up-to-date: /home/imtld.local/niranjan.kulkarni/git/install/tbot_sim/share/tbot_sim/models/willowgarage/materials/textures/Carpet_Berber_Pattern_Gray_.png\n'}
[0.396234] (tbot_sim) StdoutLine: {'line': b'-- Up-to-date: /home/imtld.local/niranjan.kulkarni/git/install/tbot_sim/share/tbot_sim/models/willowgarage/materials/textures/Stone_Brushed_Khaki_.png\n'}
[0.404385] (tbot_sim) StdoutLine: {'line': b'-- Up-to-date: /home/imtld.local/niranjan.kulkarni/git/install/tbot_sim/share/tbot_sim/models/willowgarage/materials/textures/Wood_Bamboo_Medium_.png\n'}
[0.407471] (tbot_sim) StdoutLine: {'line': b'-- Up-to-date: /home/imtld.local/niranjan.kulkarni/git/install/tbot_sim/share/tbot_sim/models/willowgarage/materials/textures/Wood_Cherry_Original_.png\n'}
[0.418814] (tbot_sim) StdoutLine: {'line': b'-- Up-to-date: /home/imtld.local/niranjan.kulkarni/git/install/tbot_sim/share/tbot_sim/models/willowgarage/materials/textures/__Wood_Bamboo_Medium_1.png\n'}
[0.421500] (tbot_sim) StdoutLine: {'line': b'-- Up-to-date: /home/imtld.local/niranjan.kulkarni/git/install/tbot_sim/share/tbot_sim/models/willowgarage/materials/textures/__auto_12.png\n'}
[0.428050] (-) TimerEvent: {}
[0.429485] (tbot_sim) StdoutLine: {'line': b'-- Up-to-date: /home/imtld.local/niranjan.kulkarni/git/install/tbot_sim/share/tbot_sim/models/willowgarage/materials/textures/__auto_2.png\n'}
[0.432081] (tbot_sim) StdoutLine: {'line': b'-- Up-to-date: /home/imtld.local/niranjan.kulkarni/git/install/tbot_sim/share/tbot_sim/models/willowgarage/meshes\n'}
[0.434789] (tbot_sim) StdoutLine: {'line': b'-- Up-to-date: /home/imtld.local/niranjan.kulkarni/git/install/tbot_sim/share/tbot_sim/models/willowgarage/meshes/willowgarage_collision.dae\n'}
[0.437439] (tbot_sim) StdoutLine: {'line': b'-- Up-to-date: /home/imtld.local/niranjan.kulkarni/git/install/tbot_sim/share/tbot_sim/models/willowgarage/meshes/willowgarage_visual.dae\n'}
[0.447244] (tbot_sim) StdoutLine: {'line': b'-- Up-to-date: /home/imtld.local/niranjan.kulkarni/git/install/tbot_sim/share/tbot_sim/models/kobuki_model\n'}
[0.454353] (tbot_sim) StdoutLine: {'line': b'-- Up-to-date: /home/imtld.local/niranjan.kulkarni/git/install/tbot_sim/share/tbot_sim/models/kobuki_model/model.config\n'}
[0.454417] (tbot_sim) StdoutLine: {'line': b'-- Up-to-date: /home/imtld.local/niranjan.kulkarni/git/install/tbot_sim/share/tbot_sim/models/kobuki_model/model.sdf\n'}
[0.465636] (tbot_sim) StdoutLine: {'line': b'-- Up-to-date: /home/imtld.local/niranjan.kulkarni/git/install/tbot_sim/share/tbot_sim/models/kobuki_model/meshes\n'}
[0.465686] (tbot_sim) StdoutLine: {'line': b'-- Up-to-date: /home/imtld.local/niranjan.kulkarni/git/install/tbot_sim/share/tbot_sim/models/kobuki_model/meshes/hokuyo.dae\n'}
[0.472507] (tbot_sim) StdoutLine: {'line': b'-- Up-to-date: /home/imtld.local/niranjan.kulkarni/git/install/tbot_sim/share/tbot_sim/models/kobuki_model/meshes/main_body.dae\n'}
[0.472557] (tbot_sim) StdoutLine: {'line': b'-- Up-to-date: /home/imtld.local/niranjan.kulkarni/git/install/tbot_sim/share/tbot_sim/models/kobuki_model/meshes/wheel.dae\n'}
[0.474126] (tbot_sim) StdoutLine: {'line': b'-- Up-to-date: /home/imtld.local/niranjan.kulkarni/git/install/tbot_sim/share/tbot_sim/models/kobuki_model/meshes/images\n'}
[0.475773] (tbot_sim) StdoutLine: {'line': b'-- Up-to-date: /home/imtld.local/niranjan.kulkarni/git/install/tbot_sim/share/tbot_sim/models/kobuki_model/meshes/images/main_body.jpg\n'}
[0.477883] (tbot_sim) StdoutLine: {'line': b'-- Up-to-date: /home/imtld.local/niranjan.kulkarni/git/install/tbot_sim/share/tbot_sim/models/kobuki_model/meshes/images/wheel.jpg\n'}
[0.481402] (tbot_sim) StdoutLine: {'line': b'-- Up-to-date: /home/imtld.local/niranjan.kulkarni/git/install/tbot_sim/share/tbot_sim/models/SYV_office_chairs\n'}
[0.490052] (tbot_sim) StdoutLine: {'line': b'-- Up-to-date: /home/imtld.local/niranjan.kulkarni/git/install/tbot_sim/share/tbot_sim/models/SYV_office_chairs/model.config\n'}
[0.494517] (tbot_sim) StdoutLine: {'line': b'-- Up-to-date: /home/imtld.local/niranjan.kulkarni/git/install/tbot_sim/share/tbot_sim/models/SYV_office_chairs/model.sdf\n'}
[0.494568] (tbot_sim) StdoutLine: {'line': b'-- Up-to-date: /home/imtld.local/niranjan.kulkarni/git/install/tbot_sim/share/tbot_sim/models/SYV_office_chairs/meshes\n'}
[0.497500] (tbot_sim) StdoutLine: {'line': b'-- Up-to-date: /home/imtld.local/niranjan.kulkarni/git/install/tbot_sim/share/tbot_sim/models/SYV_office_chairs/meshes/chair.dae\n'}
[0.498535] (tbot_sim) StdoutLine: {'line': b'-- Up-to-date: /home/imtld.local/niranjan.kulkarni/git/install/tbot_sim/share/tbot_sim/models/SYV_office_desks\n'}
[0.506366] (tbot_sim) StdoutLine: {'line': b'-- Up-to-date: /home/imtld.local/niranjan.kulkarni/git/install/tbot_sim/share/tbot_sim/models/SYV_office_desks/model.config\n'}
[0.508669] (tbot_sim) StdoutLine: {'line': b'-- Up-to-date: /home/imtld.local/niranjan.kulkarni/git/install/tbot_sim/share/tbot_sim/models/SYV_office_desks/model.sdf\n'}
[0.531096] (-) TimerEvent: {}
[0.531195] (tbot_sim) StdoutLine: {'line': b'-- Up-to-date: /home/imtld.local/niranjan.kulkarni/git/install/tbot_sim/share/tbot_sim/models/SYV_office_desks/meshes\n'}
[0.532845] (tbot_sim) StdoutLine: {'line': b'-- Up-to-date: /home/imtld.local/niranjan.kulkarni/git/install/tbot_sim/share/tbot_sim/models/SYV_office_desks/meshes/woodfurn.dae\n'}
[0.534426] (tbot_sim) StdoutLine: {'line': b'-- Up-to-date: /home/imtld.local/niranjan.kulkarni/git/install/tbot_sim/share/tbot_sim/models/turtlebot\n'}
[0.534482] (tbot_sim) StdoutLine: {'line': b'-- Up-to-date: /home/imtld.local/niranjan.kulkarni/git/install/tbot_sim/share/tbot_sim/models/turtlebot/model-1_2.sdf\n'}
[0.551092] (tbot_sim) StdoutLine: {'line': b'-- Up-to-date: /home/imtld.local/niranjan.kulkarni/git/install/tbot_sim/share/tbot_sim/models/turtlebot/model-1_3.sdf\n'}
[0.554916] (tbot_sim) StdoutLine: {'line': b'-- Up-to-date: /home/imtld.local/niranjan.kulkarni/git/install/tbot_sim/share/tbot_sim/models/turtlebot/model-1_4.sdf\n'}
[0.558156] (tbot_sim) StdoutLine: {'line': b'-- Up-to-date: /home/imtld.local/niranjan.kulkarni/git/install/tbot_sim/share/tbot_sim/models/turtlebot/model.config\n'}
[0.560111] (tbot_sim) StdoutLine: {'line': b'-- Up-to-date: /home/imtld.local/niranjan.kulkarni/git/install/tbot_sim/share/tbot_sim/models/turtlebot/model.sdf\n'}
[0.560197] (tbot_sim) StdoutLine: {'line': b'-- Up-to-date: /home/imtld.local/niranjan.kulkarni/git/install/tbot_sim/share/tbot_sim/models/turtlebot/materials\n'}
[0.562046] (tbot_sim) StdoutLine: {'line': b'-- Up-to-date: /home/imtld.local/niranjan.kulkarni/git/install/tbot_sim/share/tbot_sim/models/turtlebot/materials/textures\n'}
[0.569083] (tbot_sim) StdoutLine: {'line': b'-- Up-to-date: /home/imtld.local/niranjan.kulkarni/git/install/tbot_sim/share/tbot_sim/models/turtlebot/materials/textures/68-02421-8000-RA_Turtlebot_F-F_Standoff_color.png\n'}
[0.575795] (tbot_sim) StdoutLine: {'line': b'-- Up-to-date: /home/imtld.local/niranjan.kulkarni/git/install/tbot_sim/share/tbot_sim/models/turtlebot/materials/textures/68-04552-1000-RA_Turtlebot_M-F_Standoff_color.png\n'}
[0.577387] (tbot_sim) StdoutLine: {'line': b'-- Up-to-date: /home/imtld.local/niranjan.kulkarni/git/install/tbot_sim/share/tbot_sim/models/turtlebot/materials/textures/68-04552-2000-RA_Turtlebot_M-F_Standoff_color.png\n'}
[0.577460] (tbot_sim) StdoutLine: {'line': b'-- Up-to-date: /home/imtld.local/niranjan.kulkarni/git/install/tbot_sim/share/tbot_sim/models/turtlebot/materials/textures/create_body.png\n'}
[0.579287] (tbot_sim) StdoutLine: {'line': b'-- Up-to-date: /home/imtld.local/niranjan.kulkarni/git/install/tbot_sim/share/tbot_sim/models/turtlebot/materials/textures/plate_0_logo.png\n'}
[0.586984] (tbot_sim) StdoutLine: {'line': b'-- Up-to-date: /home/imtld.local/niranjan.kulkarni/git/install/tbot_sim/share/tbot_sim/models/turtlebot/materials/textures/plate_1_logo.png\n'}
[0.595089] (tbot_sim) StdoutLine: {'line': b'-- Up-to-date: /home/imtld.local/niranjan.kulkarni/git/install/tbot_sim/share/tbot_sim/models/turtlebot/materials/textures/plate_2_logo.png\n'}
[0.595868] (tbot_sim) StdoutLine: {'line': b'-- Up-to-date: /home/imtld.local/niranjan.kulkarni/git/install/tbot_sim/share/tbot_sim/models/turtlebot/meshes\n'}
[0.604728] (tbot_sim) StdoutLine: {'line': b'-- Up-to-date: /home/imtld.local/niranjan.kulkarni/git/install/tbot_sim/share/tbot_sim/models/turtlebot/meshes/68-02403-125_Spacer.dae\n'}
[0.607086] (tbot_sim) StdoutLine: {'line': b'-- Up-to-date: /home/imtld.local/niranjan.kulkarni/git/install/tbot_sim/share/tbot_sim/models/turtlebot/meshes/68-02421-8000-RA_Turtlebot_F-F_Standoff.dae\n'}
[0.614929] (tbot_sim) StdoutLine: {'line': b'-- Up-to-date: /home/imtld.local/niranjan.kulkarni/git/install/tbot_sim/share/tbot_sim/models/turtlebot/meshes/68-04552-1000-RA_Turtlebot_M-F_Standoff.dae\n'}
[0.618143] (tbot_sim) StdoutLine: {'line': b'-- Up-to-date: /home/imtld.local/niranjan.kulkarni/git/install/tbot_sim/share/tbot_sim/models/turtlebot/meshes/68-04552-2000-RA_Turtlebot_M-F_Standoff.dae\n'}
[0.620658] (tbot_sim) StdoutLine: {'line': b'-- Up-to-date: /home/imtld.local/niranjan.kulkarni/git/install/tbot_sim/share/tbot_sim/models/turtlebot/meshes/68-04556-RA_Kinect_Standoff_Assy.dae\n'}
[0.627860] (tbot_sim) StdoutLine: {'line': b'-- Up-to-date: /home/imtld.local/niranjan.kulkarni/git/install/tbot_sim/share/tbot_sim/models/turtlebot/meshes/create_body.dae\n'}
[0.634510] (-) TimerEvent: {}
[0.634784] (tbot_sim) StdoutLine: {'line': b'-- Up-to-date: /home/imtld.local/niranjan.kulkarni/git/install/tbot_sim/share/tbot_sim/models/turtlebot/meshes/plate_0_logo.dae\n'}
[0.642641] (tbot_sim) StdoutLine: {'line': b'-- Up-to-date: /home/imtld.local/niranjan.kulkarni/git/install/tbot_sim/share/tbot_sim/models/turtlebot/meshes/plate_1_logo.dae\n'}
[0.645680] (tbot_sim) StdoutLine: {'line': b'-- Up-to-date: /home/imtld.local/niranjan.kulkarni/git/install/tbot_sim/share/tbot_sim/models/turtlebot/meshes/plate_2_logo.dae\n'}
[0.656763] (tbot_sim) StdoutLine: {'line': b'-- Up-to-date: /home/imtld.local/niranjan.kulkarni/git/install/tbot_sim/share/tbot_sim/models/kobuki\n'}
[0.660715] (tbot_sim) StdoutLine: {'line': b'-- Up-to-date: /home/imtld.local/niranjan.kulkarni/git/install/tbot_sim/share/tbot_sim/models/kobuki/model.config\n'}
[0.672148] (tbot_sim) StdoutLine: {'line': b'-- Up-to-date: /home/imtld.local/niranjan.kulkarni/git/install/tbot_sim/share/tbot_sim/models/kobuki/model.sdf\n'}
[0.680244] (tbot_sim) StdoutLine: {'line': b'-- Up-to-date: /home/imtld.local/niranjan.kulkarni/git/install/tbot_sim/share/tbot_sim/models/kobuki/materials\n'}
[0.687210] (tbot_sim) StdoutLine: {'line': b'-- Up-to-date: /home/imtld.local/niranjan.kulkarni/git/install/tbot_sim/share/tbot_sim/models/kobuki/materials/textures\n'}
[0.689016] (tbot_sim) StdoutLine: {'line': b'-- Up-to-date: /home/imtld.local/niranjan.kulkarni/git/install/tbot_sim/share/tbot_sim/models/kobuki/materials/textures/main_body.jpg\n'}
[0.691411] (tbot_sim) StdoutLine: {'line': b'-- Up-to-date: /home/imtld.local/niranjan.kulkarni/git/install/tbot_sim/share/tbot_sim/models/kobuki/materials/textures/wheel.jpg\n'}
[0.698584] (tbot_sim) StdoutLine: {'line': b'-- Up-to-date: /home/imtld.local/niranjan.kulkarni/git/install/tbot_sim/share/tbot_sim/models/kobuki/meshes\n'}
[0.703139] (tbot_sim) StdoutLine: {'line': b'-- Up-to-date: /home/imtld.local/niranjan.kulkarni/git/install/tbot_sim/share/tbot_sim/models/kobuki/meshes/main_body.dae\n'}
[0.706243] (tbot_sim) StdoutLine: {'line': b'-- Up-to-date: /home/imtld.local/niranjan.kulkarni/git/install/tbot_sim/share/tbot_sim/models/kobuki/meshes/wheel.dae\n'}
[0.706324] (tbot_sim) StdoutLine: {'line': b'-- Up-to-date: /home/imtld.local/niranjan.kulkarni/git/install/tbot_sim/share/tbot_sim/models/SYV_office_walls\n'}
[0.708545] (tbot_sim) StdoutLine: {'line': b'-- Up-to-date: /home/imtld.local/niranjan.kulkarni/git/install/tbot_sim/share/tbot_sim/models/SYV_office_walls/model.config\n'}
[0.713660] (tbot_sim) StdoutLine: {'line': b'-- Up-to-date: /home/imtld.local/niranjan.kulkarni/git/install/tbot_sim/share/tbot_sim/models/SYV_office_walls/model.sdf\n'}
[0.714934] (tbot_sim) StdoutLine: {'line': b'-- Up-to-date: /home/imtld.local/niranjan.kulkarni/git/install/tbot_sim/share/tbot_sim/models/SYV_office_walls/meshes\n'}
[0.716990] (tbot_sim) StdoutLine: {'line': b'-- Up-to-date: /home/imtld.local/niranjan.kulkarni/git/install/tbot_sim/share/tbot_sim/models/SYV_office_walls/meshes/walls.dae\n'}
[0.720320] (tbot_sim) StdoutLine: {'line': b'-- Up-to-date: /home/imtld.local/niranjan.kulkarni/git/install/tbot_sim/share/tbot_sim/models/nuka_cola\n'}
[0.722470] (tbot_sim) StdoutLine: {'line': b'-- Up-to-date: /home/imtld.local/niranjan.kulkarni/git/install/tbot_sim/share/tbot_sim/models/nuka_cola/model.config\n'}
[0.729292] (grpe_larm_mother) StdoutLine: {'line': b"-- Added test 'cppcheck' to perform static code analysis on C / C++ code\n"}
[0.729366] (grpe_larm_mother) StdoutLine: {'line': b'-- Configured cppcheck include dirs: \n'}
[0.729413] (grpe_larm_mother) StdoutLine: {'line': b'-- Configured cppcheck exclude dirs and/or files: \n'}
[0.730624] (tbot_sim) StdoutLine: {'line': b'-- Up-to-date: /home/imtld.local/niranjan.kulkarni/git/install/tbot_sim/share/tbot_sim/models/nuka_cola/model.sdf\n'}
[0.731454] (tbot_sim) StdoutLine: {'line': b'-- Up-to-date: /home/imtld.local/niranjan.kulkarni/git/install/tbot_sim/share/tbot_sim/models/nuka_cola/materials\n'}
[0.738322] (-) TimerEvent: {}
[0.739092] (tbot_sim) StdoutLine: {'line': b'-- Up-to-date: /home/imtld.local/niranjan.kulkarni/git/install/tbot_sim/share/tbot_sim/models/nuka_cola/materials/textures\n'}
[0.742648] (tbot_sim) StdoutLine: {'line': b'-- Up-to-date: /home/imtld.local/niranjan.kulkarni/git/install/tbot_sim/share/tbot_sim/models/nuka_cola/materials/textures/nuka_cola.png\n'}
[0.744333] (tbot_sim) StdoutLine: {'line': b'-- Up-to-date: /home/imtld.local/niranjan.kulkarni/git/install/tbot_sim/share/tbot_sim/models/nuka_cola/meshes\n'}
[0.747759] (tbot_sim) StdoutLine: {'line': b'-- Up-to-date: /home/imtld.local/niranjan.kulkarni/git/install/tbot_sim/share/tbot_sim/models/nuka_cola/meshes/can.dae\n'}
[0.748872] (tbot_sim) StdoutLine: {'line': b'-- Up-to-date: /home/imtld.local/niranjan.kulkarni/git/install/tbot_sim/share/tbot_sim/models/hokuyo\n'}
[0.757926] (tbot_sim) StdoutLine: {'line': b'-- Up-to-date: /home/imtld.local/niranjan.kulkarni/git/install/tbot_sim/share/tbot_sim/models/hokuyo/model-1_2.sdf\n'}
[0.760288] (tbot_sim) StdoutLine: {'line': b'-- Up-to-date: /home/imtld.local/niranjan.kulkarni/git/install/tbot_sim/share/tbot_sim/models/hokuyo/model-1_3.sdf\n'}
[0.762602] (grpe_larm_mother) StdoutLine: {'line': b"-- Added test 'flake8' to check Python code syntax and style conventions\n"}
[0.762673] (grpe_larm_mother) StdoutLine: {'line': b"-- Configured 'flake8' exclude dirs and/or files: \n"}
[0.763077] (tbot_sim) StdoutLine: {'line': b'-- Up-to-date: /home/imtld.local/niranjan.kulkarni/git/install/tbot_sim/share/tbot_sim/models/hokuyo/model-1_4.sdf\n'}
[0.766451] (tbot_sim) StdoutLine: {'line': b'-- Up-to-date: /home/imtld.local/niranjan.kulkarni/git/install/tbot_sim/share/tbot_sim/models/hokuyo/model.config\n'}
[0.768351] (tbot_sim) StdoutLine: {'line': b'-- Up-to-date: /home/imtld.local/niranjan.kulkarni/git/install/tbot_sim/share/tbot_sim/models/hokuyo/model.sdf\n'}
[0.770043] (tbot_sim) StdoutLine: {'line': b'-- Up-to-date: /home/imtld.local/niranjan.kulkarni/git/install/tbot_sim/share/tbot_sim/models/hokuyo/meshes\n'}
[0.772567] (tbot_sim) StdoutLine: {'line': b'-- Up-to-date: /home/imtld.local/niranjan.kulkarni/git/install/tbot_sim/share/tbot_sim/models/hokuyo/meshes/hokuyo.dae\n'}
[0.778572] (tbot_sim) StdoutLine: {'line': b'-- Up-to-date: /home/imtld.local/niranjan.kulkarni/git/install/tbot_sim/share/tbot_sim/models/hokuyo/meshes/hokuyo_convex.stl\n'}
[0.785604] (tbot_sim) StdoutLine: {'line': b'-- Up-to-date: /home/imtld.local/niranjan.kulkarni/git/install/tbot_sim/share/tbot_sim/models/create\n'}
[0.787715] (tbot_sim) StdoutLine: {'line': b'-- Up-to-date: /home/imtld.local/niranjan.kulkarni/git/install/tbot_sim/share/tbot_sim/models/create/model-1_3.sdf\n'}
[0.791435] (tbot_sim) StdoutLine: {'line': b'-- Up-to-date: /home/imtld.local/niranjan.kulkarni/git/install/tbot_sim/share/tbot_sim/models/create/model-1_4.sdf\n'}
[0.793826] (tbot_sim) StdoutLine: {'line': b'-- Up-to-date: /home/imtld.local/niranjan.kulkarni/git/install/tbot_sim/share/tbot_sim/models/create/model.config\n'}
[0.799751] (tbot_sim) StdoutLine: {'line': b'-- Up-to-date: /home/imtld.local/niranjan.kulkarni/git/install/tbot_sim/share/tbot_sim/models/create/model.sdf\n'}
[0.802520] (tbot_sim) StdoutLine: {'line': b'-- Up-to-date: /home/imtld.local/niranjan.kulkarni/git/install/tbot_sim/share/tbot_sim/models/create/model-1_2.sdf\n'}
[0.803296] (tbot_sim) StdoutLine: {'line': b'-- Up-to-date: /home/imtld.local/niranjan.kulkarni/git/install/tbot_sim/share/tbot_sim/models/create/materials\n'}
[0.810732] (tbot_sim) StdoutLine: {'line': b'-- Up-to-date: /home/imtld.local/niranjan.kulkarni/git/install/tbot_sim/share/tbot_sim/models/create/materials/textures\n'}
[0.821506] (tbot_sim) StdoutLine: {'line': b'-- Up-to-date: /home/imtld.local/niranjan.kulkarni/git/install/tbot_sim/share/tbot_sim/models/create/materials/textures/create_body.png\n'}
[0.821605] (tbot_sim) StdoutLine: {'line': b'-- Up-to-date: /home/imtld.local/niranjan.kulkarni/git/install/tbot_sim/share/tbot_sim/models/create/meshes\n'}
[0.826029] (grpe_larm_mother) StdoutLine: {'line': b"-- Added test 'lint_cmake' to check CMake code style\n"}
[0.826086] (tbot_sim) StdoutLine: {'line': b'-- Up-to-date: /home/imtld.local/niranjan.kulkarni/git/install/tbot_sim/share/tbot_sim/models/create/meshes/create_body.dae\n'}
[0.828513] (tbot_sim) StdoutLine: {'line': b'-- Up-to-date: /home/imtld.local/niranjan.kulkarni/git/install/tbot_sim/share/tbot_sim/models/kinect\n'}
[0.831451] (tbot_sim) StdoutLine: {'line': b'-- Up-to-date: /home/imtld.local/niranjan.kulkarni/git/install/tbot_sim/share/tbot_sim/models/kinect/model-1_2.sdf\n'}
[0.833138] (tbot_sim) StdoutLine: {'line': b'-- Up-to-date: /home/imtld.local/niranjan.kulkarni/git/install/tbot_sim/share/tbot_sim/models/kinect/model-1_3.sdf\n'}
[0.833207] (tbot_sim) StdoutLine: {'line': b'-- Up-to-date: /home/imtld.local/niranjan.kulkarni/git/install/tbot_sim/share/tbot_sim/models/kinect/model-1_4.sdf\n'}
[0.834879] (tbot_sim) StdoutLine: {'line': b'-- Up-to-date: /home/imtld.local/niranjan.kulkarni/git/install/tbot_sim/share/tbot_sim/models/kinect/model.config\n'}
[0.837368] (tbot_sim) StdoutLine: {'line': b'-- Up-to-date: /home/imtld.local/niranjan.kulkarni/git/install/tbot_sim/share/tbot_sim/models/kinect/model.sdf\n'}
[0.838683] (-) TimerEvent: {}
[0.838761] (tbot_sim) StdoutLine: {'line': b'-- Up-to-date: /home/imtld.local/niranjan.kulkarni/git/install/tbot_sim/share/tbot_sim/models/kinect/materials\n'}
[0.840986] (tbot_sim) StdoutLine: {'line': b'-- Up-to-date: /home/imtld.local/niranjan.kulkarni/git/install/tbot_sim/share/tbot_sim/models/kinect/materials/textures\n'}
[0.844671] (tbot_sim) StdoutLine: {'line': b'-- Up-to-date: /home/imtld.local/niranjan.kulkarni/git/install/tbot_sim/share/tbot_sim/models/kinect/materials/textures/kinect.png\n'}
[0.845955] (tbot_sim) StdoutLine: {'line': b'-- Up-to-date: /home/imtld.local/niranjan.kulkarni/git/install/tbot_sim/share/tbot_sim/models/kinect/meshes\n'}
[0.851284] (tbot_sim) StdoutLine: {'line': b'-- Up-to-date: /home/imtld.local/niranjan.kulkarni/git/install/tbot_sim/share/tbot_sim/models/kinect/meshes/kinect.dae\n'}
[0.855572] (tbot_sim) StdoutLine: {'line': b'-- Up-to-date: /home/imtld.local/niranjan.kulkarni/git/install/tbot_sim/share/tbot_sim/urdf\n'}
[0.863495] (grpe_larm_mother) StdoutLine: {'line': b"-- Added test 'pep257' to check Python code against some of the docstring style conventions in PEP 257\n"}
[0.863566] (tbot_sim) StdoutLine: {'line': b'-- Up-to-date: /home/imtld.local/niranjan.kulkarni/git/install/tbot_sim/share/tbot_sim/urdf/create.urdf\n'}
[0.865011] (tbot_sim) StdoutLine: {'line': b'-- Up-to-date: /home/imtld.local/niranjan.kulkarni/git/install/tbot_sim/share/tbot_sim/urdf/kobuki_standalone.urdf\n'}
[0.866543] (tbot_sim) StdoutLine: {'line': b'-- Up-to-date: /home/imtld.local/niranjan.kulkarni/git/install/tbot_sim/share/tbot_sim/urdf/tbot.urdf\n'}
[0.868210] (tbot_sim) StdoutLine: {'line': b'-- Up-to-date: /home/imtld.local/niranjan.kulkarni/git/install/tbot_sim/share/tbot_sim/worlds\n'}
[0.870477] (tbot_sim) StdoutLine: {'line': b'-- Up-to-date: /home/imtld.local/niranjan.kulkarni/git/install/tbot_sim/share/tbot_sim/worlds/challenge-1.world\n'}
[0.872373] (tbot_sim) StdoutLine: {'line': b'-- Up-to-date: /home/imtld.local/niranjan.kulkarni/git/install/tbot_sim/share/tbot_sim/worlds/challenge-2.world\n'}
[0.875073] (tbot_sim) StdoutLine: {'line': b'-- Up-to-date: /home/imtld.local/niranjan.kulkarni/git/install/tbot_sim/share/tbot_sim/worlds/challenge-3.world\n'}
[0.882138] (tbot_sim) StdoutLine: {'line': b'-- Up-to-date: /home/imtld.local/niranjan.kulkarni/git/install/tbot_sim/share/tbot_sim/worlds/empty.world\n'}
[0.888711] (tbot_sim) StdoutLine: {'line': b'-- Up-to-date: /home/imtld.local/niranjan.kulkarni/git/install/tbot_sim/share/ament_index/resource_index/package_run_dependencies/tbot_sim\n'}
[0.895540] (tbot_sim) StdoutLine: {'line': b'-- Up-to-date: /home/imtld.local/niranjan.kulkarni/git/install/tbot_sim/share/ament_index/resource_index/parent_prefix_path/tbot_sim\n'}
[0.902565] (tbot_sim) StdoutLine: {'line': b'-- Up-to-date: /home/imtld.local/niranjan.kulkarni/git/install/tbot_sim/share/tbot_sim/environment/ament_prefix_path.sh\n'}
[0.909891] (tbot_sim) StdoutLine: {'line': b'-- Up-to-date: /home/imtld.local/niranjan.kulkarni/git/install/tbot_sim/share/tbot_sim/environment/ament_prefix_path.dsv\n'}
[0.916860] (tbot_sim) StdoutLine: {'line': b'-- Up-to-date: /home/imtld.local/niranjan.kulkarni/git/install/tbot_sim/share/tbot_sim/environment/path.sh\n'}
[0.919465] (tbot_sim) StdoutLine: {'line': b'-- Up-to-date: /home/imtld.local/niranjan.kulkarni/git/install/tbot_sim/share/tbot_sim/environment/path.dsv\n'}
[0.919684] (tbot_sim) StdoutLine: {'line': b'-- Up-to-date: /home/imtld.local/niranjan.kulkarni/git/install/tbot_sim/share/tbot_sim/local_setup.bash\n'}
[0.927041] (tbot_sim) StdoutLine: {'line': b'-- Up-to-date: /home/imtld.local/niranjan.kulkarni/git/install/tbot_sim/share/tbot_sim/local_setup.sh\n'}
[0.928992] (tbot_sim) StdoutLine: {'line': b'-- Up-to-date: /home/imtld.local/niranjan.kulkarni/git/install/tbot_sim/share/tbot_sim/local_setup.zsh\n'}
[0.930728] (tbot_sim) StdoutLine: {'line': b'-- Up-to-date: /home/imtld.local/niranjan.kulkarni/git/install/tbot_sim/share/tbot_sim/local_setup.dsv\n'}
[0.932687] (tbot_sim) StdoutLine: {'line': b'-- Installing: /home/imtld.local/niranjan.kulkarni/git/install/tbot_sim/share/tbot_sim/package.dsv\n'}
[0.938779] (-) TimerEvent: {}
[0.948816] (tbot_sim) StdoutLine: {'line': b'-- Up-to-date: /home/imtld.local/niranjan.kulkarni/git/install/tbot_sim/share/ament_index/resource_index/packages/tbot_sim\n'}
[0.950292] (tbot_sim) StdoutLine: {'line': b'-- Up-to-date: /home/imtld.local/niranjan.kulkarni/git/install/tbot_sim/share/tbot_sim/cmake/tbot_simConfig.cmake\n'}
[0.957354] (tbot_sim) StdoutLine: {'line': b'-- Up-to-date: /home/imtld.local/niranjan.kulkarni/git/install/tbot_sim/share/tbot_sim/cmake/tbot_simConfig-version.cmake\n'}
[0.964484] (tbot_sim) StdoutLine: {'line': b'-- Up-to-date: /home/imtld.local/niranjan.kulkarni/git/install/tbot_sim/share/tbot_sim/package.xml\n'}
[0.990159] (tbot_sim) CommandEnded: {'returncode': 0}
[1.038876] (-) TimerEvent: {}
[1.084192] (grpe_larm_mother) StdoutLine: {'line': b"-- Added test 'uncrustify' to check C / C++ code style\n"}
[1.084323] (grpe_larm_mother) StdoutLine: {'line': b'-- Configured uncrustify additional arguments: \n'}
[1.113578] (grpe_larm_mother) StdoutLine: {'line': b"-- Added test 'xmllint' to check XML markup files\n"}
[1.135223] (grpe_larm_mother) StdoutLine: {'line': b'-- Configuring done\n'}
[1.138969] (-) TimerEvent: {}
[1.237948] (tbot_sim) JobEnded: {'identifier': 'tbot_sim', 'rc': 0}
[1.247161] (-) TimerEvent: {}
[1.347526] (-) TimerEvent: {}
[1.386972] (grpe_larm_mother) StdoutLine: {'line': b'-- Generating done\n'}
[1.444190] (grpe_larm_mother) StdoutLine: {'line': b'-- Build files have been written to: /home/imtld.local/niranjan.kulkarni/git/build/grpe_larm_mother\n'}
[1.447595] (-) TimerEvent: {}
[1.458076] (grpe_larm_mother) CommandEnded: {'returncode': 0}
[1.477097] (grpe_larm_mother) JobProgress: {'identifier': 'grpe_larm_mother', 'progress': 'install'}
[1.478926] (grpe_larm_mother) Command: {'cmd': ['/usr/bin/cmake', '--install', '/home/imtld.local/niranjan.kulkarni/git/build/grpe_larm_mother'], 'cwd': '/home/imtld.local/niranjan.kulkarni/git/build/grpe_larm_mother', 'env': OrderedDict([('ROS_WORSPACE', '/home/imtld.local/niranjan.kulkarni/ros_ws'), ('USER', 'niranjan.kulkarni'), ('XDG_SESSION_TYPE', 'wayland'), ('SHLVL', '1'), ('LD_LIBRARY_PATH', '/usr/lib/x86_64-linux-gnu/gazebo-11/plugins:/opt/ros/iron/opt/rviz_ogre_vendor/lib:/opt/ros/iron/lib/x86_64-linux-gnu:/opt/ros/iron/lib'), ('HOME', '/home/imtld.local/niranjan.kulkarni'), ('OLDPWD', '/home/imtld.local/niranjan.kulkarni/git/grpe_larm_mother'), ('DESKTOP_SESSION', 'ubuntu'), ('ROS_PYTHON_VERSION', '3'), ('GNOME_SHELL_SESSION_MODE', 'ubuntu'), ('GTK_MODULES', 'gail:atk-bridge'), ('DBUS_STARTER_BUS_TYPE', 'session'), ('SYSTEMD_EXEC_PID', '2399'), ('DBUS_SESSION_BUS_ADDRESS', 'unix:path=/run/user/876417573/bus,guid=4985e290d0dc091e554f6fb765a4dfe1'), ('COLORTERM', 'truecolor'), ('IM_CONFIG_PHASE', '1'), ('WAYLAND_DISPLAY', 'wayland-0'), ('COLCON_PREFIX_PATH', '/home/imtld.local/niranjan.kulkarni/git/grpe_larm_mother/install:/home/imtld.local/niranjan.kulkarni/git/install:/home/imtld.local/niranjan.kulkarni/ros_ws/install'), ('ROS_DISTRO', 'iron'), ('LOGNAME', 'niranjan.kulkarni'), ('_', '/usr/bin/colcon'), ('ROS_VERSION', '2'), ('XDG_SESSION_CLASS', 'user'), ('USERNAME', 'niranjan.kulkarni'), ('TERM', 'xterm-256color'), ('GNOME_DESKTOP_SESSION_ID', 'this-is-deprecated'), ('PATH', '/home/imtld.local/niranjan.kulkarni/bin:/opt/ros/iron/bin:/usr/local/sbin:/usr/local/bin:/usr/sbin:/usr/bin:/sbin:/bin:/usr/games:/usr/local/games:/snap/bin:/snap/bin'), ('SESSION_MANAGER', 'local/DEVELTER-U-10:@/tmp/.ICE-unix/2399,unix/DEVELTER-U-10:/tmp/.ICE-unix/2399'), ('XDG_MENU_PREFIX', 'gnome-'), ('GNOME_TERMINAL_SCREEN', '/org/gnome/Terminal/screen/d4c4d9a8_0e6f_4131_8495_638591042543'), ('GNOME_SETUP_DISPLAY', ':1'), ('XDG_RUNTIME_DIR', '/run/user/876417573'), ('ZEITGEIST_DATA_PATH', '/home/imtld.local/niranjan.kulkarni/.local/share/zeitgeist'), ('DISPLAY', ':0'), ('LANG', 'fr_FR.UTF-8'), ('XDG_CURRENT_DESKTOP', 'ubuntu:GNOME'), ('XMODIFIERS', '@im=ibus'), ('XDG_SESSION_DESKTOP', 'ubuntu'), ('XAUTHORITY', '/run/user/876417573/.mutter-Xwaylandauth.HAPNH2'), ('GNOME_TERMINAL_SERVICE', ':1.254'), ('SSH_AGENT_LAUNCHER', 'gnome-keyring'), ('SSH_AUTH_SOCK', '/run/user/876417573/keyring/ssh'), ('ROS_DOMAIN_ID', '107'), ('AMENT_PREFIX_PATH', '/home/imtld.local/niranjan.kulkarni/git/grpe_larm_mother/install/grpe_larm_mother:/home/imtld.local/niranjan.kulkarni/git/install/tbot_sim:/home/imtld.local/niranjan.kulkarni/git/install/grpe_larm_mother:/home/imtld.local/niranjan.kulkarni/ros_ws/install/tbot_sim:/opt/ros/iron'), ('SHELL', '/bin/bash'), ('KRB5CCNAME', 'FILE:/tmp/krb5cc_876417573_MSWOBM'), ('QT_ACCESSIBILITY', '1'), ('GDMSESSION', 'ubuntu'), ('ROS_AUTOMATIC_DISCOVERY_RANGE', 'SUBNET'), ('QT_IM_MODULE', 'ibus'), ('PWD', '/home/imtld.local/niranjan.kulkarni/git/build/grpe_larm_mother'), ('XDG_CONFIG_DIRS', '/etc/xdg/xdg-ubuntu:/etc/xdg'), ('DBUS_STARTER_ADDRESS', 'unix:path=/run/user/876417573/bus,guid=4985e290d0dc091e554f6fb765a4dfe1'), ('XDG_DATA_DIRS', '/usr/share/ubuntu:/usr/local/share/:/usr/share/:/var/lib/snapd/desktop'), ('PYTHONPATH', '/opt/ros/iron/lib/python3.10/site-packages'), ('COLCON', '1'), ('VTE_VERSION', '6800'), ('CMAKE_PREFIX_PATH', '/home/imtld.local/niranjan.kulkarni/git/grpe_larm_mother/install/grpe_larm_mother:/home/imtld.local/niranjan.kulkarni/git/install/tbot_sim:/home/imtld.local/niranjan.kulkarni/git/install/grpe_larm_mother:/home/imtld.local/niranjan.kulkarni/ros_ws/install/tbot_sim:/opt/ros/iron')]), 'shell': False}
[1.486358] (grpe_larm_mother) StdoutLine: {'line': b'-- Install configuration: ""\n'}
[1.490198] (grpe_larm_mother) StdoutLine: {'line': b'-- Up-to-date: /home/imtld.local/niranjan.kulkarni/git/install/grpe_larm_mother/share/grpe_larm_mother//launch\n'}
[1.497695] (grpe_larm_mother) StdoutLine: {'line': b'-- Up-to-date: /home/imtld.local/niranjan.kulkarni/git/install/grpe_larm_mother/share/grpe_larm_mother//launch/minimal_launch.yaml\n'}
[1.508549] (grpe_larm_mother) StdoutLine: {'line': b'-- Up-to-date: /home/imtld.local/niranjan.kulkarni/git/install/grpe_larm_mother/share/grpe_larm_mother//launch/challenge1.yaml\n'}
[1.510103] (grpe_larm_mother) StdoutLine: {'line': b'-- Up-to-date: /home/imtld.local/niranjan.kulkarni/git/install/grpe_larm_mother/share/grpe_larm_mother//scripts\n'}
[1.512624] (grpe_larm_mother) StdoutLine: {'line': b'-- Up-to-date: /home/imtld.local/niranjan.kulkarni/git/install/grpe_larm_mother/share/grpe_larm_mother//scripts/__init__.py\n'}
[1.520626] (grpe_larm_mother) StdoutLine: {'line': b'-- Up-to-date: /home/imtld.local/niranjan.kulkarni/git/install/grpe_larm_mother/share/grpe_larm_mother//scripts/__pycache__\n'}
[1.522462] (grpe_larm_mother) StdoutLine: {'line': b'-- Up-to-date: /home/imtld.local/niranjan.kulkarni/git/install/grpe_larm_mother/share/grpe_larm_mother//scripts/__pycache__/__init__.cpython-310.pyc\n'}
[1.524169] (grpe_larm_mother) StdoutLine: {'line': b'-- Up-to-date: /home/imtld.local/niranjan.kulkarni/git/install/grpe_larm_mother/share/grpe_larm_mother//scripts/__pycache__/classifier.cpython-310.pyc\n'}
[1.527464] (grpe_larm_mother) StdoutLine: {'line': b'-- Up-to-date: /home/imtld.local/niranjan.kulkarni/git/install/grpe_larm_mother/share/grpe_larm_mother//scripts/__pycache__/classifierCircle.cpython-310.pyc\n'}
[1.529574] (grpe_larm_mother) StdoutLine: {'line': b'-- Up-to-date: /home/imtld.local/niranjan.kulkarni/git/install/grpe_larm_mother/share/grpe_larm_mother//scripts/__pycache__/test_class.cpython-310-pytest-6.2.5.pyc\n'}
[1.536697] (grpe_larm_mother) StdoutLine: {'line': b'-- Up-to-date: /home/imtld.local/niranjan.kulkarni/git/install/grpe_larm_mother/share/grpe_larm_mother//scripts/simulation.py\n'}
[1.541087] (grpe_larm_mother) StdoutLine: {'line': b'-- Up-to-date: /home/imtld.local/niranjan.kulkarni/git/install/grpe_larm_mother/share/grpe_larm_mother//scripts/camera_driver.py\n'}
[1.542806] (grpe_larm_mother) StdoutLine: {'line': b'-- Up-to-date: /home/imtld.local/niranjan.kulkarni/git/install/grpe_larm_mother/share/grpe_larm_mother//scripts/reactive_move.py\n'}
[1.549906] (-) TimerEvent: {}
[1.550017] (grpe_larm_mother) StdoutLine: {'line': b'-- Up-to-date: /home/imtld.local/niranjan.kulkarni/git/install/grpe_larm_mother/lib/grpe_larm_mother/reactive_move.py\n'}
[1.569968] (grpe_larm_mother) StdoutLine: {'line': b'-- Up-to-date: /home/imtld.local/niranjan.kulkarni/git/install/grpe_larm_mother/lib/grpe_larm_mother/camera_driver.py\n'}
[1.579574] (grpe_larm_mother) StdoutLine: {'line': b'-- Installing: /home/imtld.local/niranjan.kulkarni/git/install/grpe_larm_mother/lib/grpe_larm_mother/simulation.py\n'}
[1.588270] (grpe_larm_mother) StdoutLine: {'line': b'-- Up-to-date: /home/imtld.local/niranjan.kulkarni/git/install/grpe_larm_mother/share/ament_index/resource_index/package_run_dependencies/grpe_larm_mother\n'}
[1.591227] (grpe_larm_mother) StdoutLine: {'line': b'-- Installing: /home/imtld.local/niranjan.kulkarni/git/install/grpe_larm_mother/share/ament_index/resource_index/parent_prefix_path/grpe_larm_mother\n'}
[1.619130] (grpe_larm_mother) StdoutLine: {'line': b'-- Up-to-date: /home/imtld.local/niranjan.kulkarni/git/install/grpe_larm_mother/share/grpe_larm_mother/environment/ament_prefix_path.sh\n'}
[1.625595] (grpe_larm_mother) StdoutLine: {'line': b'-- Up-to-date: /home/imtld.local/niranjan.kulkarni/git/install/grpe_larm_mother/share/grpe_larm_mother/environment/ament_prefix_path.dsv\n'}
[1.628374] (grpe_larm_mother) StdoutLine: {'line': b'-- Up-to-date: /home/imtld.local/niranjan.kulkarni/git/install/grpe_larm_mother/share/grpe_larm_mother/environment/path.sh\n'}
[1.628443] (grpe_larm_mother) StdoutLine: {'line': b'-- Up-to-date: /home/imtld.local/niranjan.kulkarni/git/install/grpe_larm_mother/share/grpe_larm_mother/environment/path.dsv\n'}
[1.643845] (grpe_larm_mother) StdoutLine: {'line': b'-- Up-to-date: /home/imtld.local/niranjan.kulkarni/git/install/grpe_larm_mother/share/grpe_larm_mother/local_setup.bash\n'}
[1.652927] (-) TimerEvent: {}
[1.656330] (grpe_larm_mother) StdoutLine: {'line': b'-- Up-to-date: /home/imtld.local/niranjan.kulkarni/git/install/grpe_larm_mother/share/grpe_larm_mother/local_setup.sh\n'}
[1.657991] (grpe_larm_mother) StdoutLine: {'line': b'-- Up-to-date: /home/imtld.local/niranjan.kulkarni/git/install/grpe_larm_mother/share/grpe_larm_mother/local_setup.zsh\n'}
[1.673313] (grpe_larm_mother) StdoutLine: {'line': b'-- Up-to-date: /home/imtld.local/niranjan.kulkarni/git/install/grpe_larm_mother/share/grpe_larm_mother/local_setup.dsv\n'}
[1.684779] (grpe_larm_mother) StdoutLine: {'line': b'-- Installing: /home/imtld.local/niranjan.kulkarni/git/install/grpe_larm_mother/share/grpe_larm_mother/package.dsv\n'}
[1.691430] (grpe_larm_mother) StdoutLine: {'line': b'-- Up-to-date: /home/imtld.local/niranjan.kulkarni/git/install/grpe_larm_mother/share/ament_index/resource_index/packages/grpe_larm_mother\n'}
[1.694066] (grpe_larm_mother) StdoutLine: {'line': b'-- Up-to-date: /home/imtld.local/niranjan.kulkarni/git/install/grpe_larm_mother/share/grpe_larm_mother/cmake/grpe_larm_motherConfig.cmake\n'}
[1.695739] (grpe_larm_mother) StdoutLine: {'line': b'-- Up-to-date: /home/imtld.local/niranjan.kulkarni/git/install/grpe_larm_mother/share/grpe_larm_mother/cmake/grpe_larm_motherConfig-version.cmake\n'}
[1.697179] (grpe_larm_mother) StdoutLine: {'line': b'-- Up-to-date: /home/imtld.local/niranjan.kulkarni/git/install/grpe_larm_mother/share/grpe_larm_mother/package.xml\n'}
[1.699238] (grpe_larm_mother) CommandEnded: {'returncode': 0}
[1.753046] (-) TimerEvent: {}
[1.853345] (-) TimerEvent: {}
[1.875753] (grpe_larm_mother) JobEnded: {'identifier': 'grpe_larm_mother', 'rc': 0}
[1.879450] (-) EventReactorShutdown: {}
