[0.107s] Invoking command in '/home/imtld.local/aristide.dossou-yovo/ros2_ws/build/tuto_kickoff': CMAKE_PREFIX_PATH=${CMAKE_PREFIX_PATH}:/opt/ros/iron /usr/bin/cmake --build /home/imtld.local/aristide.dossou-yovo/ros2_ws/build/tuto_kickoff -- -j12 -l12
[0.151s] Invoked command in '/home/imtld.local/aristide.dossou-yovo/ros2_ws/build/tuto_kickoff' returned '0': CMAKE_PREFIX_PATH=${CMAKE_PREFIX_PATH}:/opt/ros/iron /usr/bin/cmake --build /home/imtld.local/aristide.dossou-yovo/ros2_ws/build/tuto_kickoff -- -j12 -l12
[0.294s] Invoking command in '/home/imtld.local/aristide.dossou-yovo/ros2_ws/build/tuto_kickoff': CMAKE_PREFIX_PATH=${CMAKE_PREFIX_PATH}:/opt/ros/iron /usr/bin/cmake --install /home/imtld.local/aristide.dossou-yovo/ros2_ws/build/tuto_kickoff
[0.313s] -- Install configuration: ""
[0.313s] -- Up-to-date: /home/imtld.local/aristide.dossou-yovo/ros2_ws/install/tuto_kickoff/share/tuto_kickoff//scripts
[0.322s] -- Installing: /home/imtld.local/aristide.dossou-yovo/ros2_ws/install/tuto_kickoff/share/tuto_kickoff//scripts/code_tuto_move.py
[0.356s] -- Up-to-date: /home/imtld.local/aristide.dossou-yovo/ros2_ws/install/tuto_kickoff/share/tuto_kickoff//scripts/__init__.py
[0.357s] -- Installing: /home/imtld.local/aristide.dossou-yovo/ros2_ws/install/tuto_kickoff/lib/tuto_kickoff/code_tuto_move.py
[0.388s] -- Up-to-date: /home/imtld.local/aristide.dossou-yovo/ros2_ws/install/tuto_kickoff/share/ament_index/resource_index/package_run_dependencies/tuto_kickoff
[0.389s] -- Up-to-date: /home/imtld.local/aristide.dossou-yovo/ros2_ws/install/tuto_kickoff/share/ament_index/resource_index/parent_prefix_path/tuto_kickoff
[0.392s] -- Up-to-date: /home/imtld.local/aristide.dossou-yovo/ros2_ws/install/tuto_kickoff/share/tuto_kickoff/environment/ament_prefix_path.sh
[0.393s] -- Up-to-date: /home/imtld.local/aristide.dossou-yovo/ros2_ws/install/tuto_kickoff/share/tuto_kickoff/environment/ament_prefix_path.dsv
[0.395s] -- Up-to-date: /home/imtld.local/aristide.dossou-yovo/ros2_ws/install/tuto_kickoff/share/tuto_kickoff/environment/path.sh
[0.397s] -- Up-to-date: /home/imtld.local/aristide.dossou-yovo/ros2_ws/install/tuto_kickoff/share/tuto_kickoff/environment/path.dsv
[0.407s] -- Up-to-date: /home/imtld.local/aristide.dossou-yovo/ros2_ws/install/tuto_kickoff/share/tuto_kickoff/local_setup.bash
[0.409s] -- Up-to-date: /home/imtld.local/aristide.dossou-yovo/ros2_ws/install/tuto_kickoff/share/tuto_kickoff/local_setup.sh
[0.411s] -- Up-to-date: /home/imtld.local/aristide.dossou-yovo/ros2_ws/install/tuto_kickoff/share/tuto_kickoff/local_setup.zsh
[0.412s] -- Up-to-date: /home/imtld.local/aristide.dossou-yovo/ros2_ws/install/tuto_kickoff/share/tuto_kickoff/local_setup.dsv
[0.414s] -- Installing: /home/imtld.local/aristide.dossou-yovo/ros2_ws/install/tuto_kickoff/share/tuto_kickoff/package.dsv
[0.442s] -- Up-to-date: /home/imtld.local/aristide.dossou-yovo/ros2_ws/install/tuto_kickoff/share/ament_index/resource_index/packages/tuto_kickoff
[0.443s] -- Up-to-date: /home/imtld.local/aristide.dossou-yovo/ros2_ws/install/tuto_kickoff/share/tuto_kickoff/cmake/tuto_kickoffConfig.cmake
[0.445s] -- Up-to-date: /home/imtld.local/aristide.dossou-yovo/ros2_ws/install/tuto_kickoff/share/tuto_kickoff/cmake/tuto_kickoffConfig-version.cmake
[0.447s] -- Up-to-date: /home/imtld.local/aristide.dossou-yovo/ros2_ws/install/tuto_kickoff/share/tuto_kickoff/package.xml
[0.466s] Invoked command in '/home/imtld.local/aristide.dossou-yovo/ros2_ws/build/tuto_kickoff' returned '0': CMAKE_PREFIX_PATH=${CMAKE_PREFIX_PATH}:/opt/ros/iron /usr/bin/cmake --install /home/imtld.local/aristide.dossou-yovo/ros2_ws/build/tuto_kickoff
