[0.074s] Invoking command in '/home/imtld.local/niranjan.kulkarni/git/build/grpe_larm_mother': CMAKE_PREFIX_PATH=${CMAKE_PREFIX_PATH}:/opt/ros/iron /usr/bin/cmake --build /home/imtld.local/niranjan.kulkarni/git/build/grpe_larm_mother -- -j12 -l12
[0.085s] -- Found ament_cmake: 2.0.3 (/opt/ros/iron/share/ament_cmake/cmake)
[0.229s] -- Found ament_lint_auto: 0.14.2 (/opt/ros/iron/share/ament_lint_auto/cmake)
[0.622s] -- Added test 'cppcheck' to perform static code analysis on C / C++ code
[0.626s] -- Configured cppcheck include dirs: 
[0.626s] -- Configured cppcheck exclude dirs and/or files: 
[0.653s] -- Added test 'flake8' to check Python code syntax and style conventions
[0.656s] -- Configured 'flake8' exclude dirs and/or files: 
[0.709s] -- Added test 'lint_cmake' to check CMake code style
[0.728s] -- Added test 'pep257' to check Python code against some of the docstring style conventions in PEP 257
[0.936s] -- Added test 'uncrustify' to check C / C++ code style
[0.938s] -- Configured uncrustify additional arguments: 
[0.964s] -- Added test 'xmllint' to check XML markup files
[1.009s] -- Configuring done
[1.250s] -- Generating done
[1.310s] -- Build files have been written to: /home/imtld.local/niranjan.kulkarni/git/build/grpe_larm_mother
[1.325s] Invoked command in '/home/imtld.local/niranjan.kulkarni/git/build/grpe_larm_mother' returned '0': CMAKE_PREFIX_PATH=${CMAKE_PREFIX_PATH}:/opt/ros/iron /usr/bin/cmake --build /home/imtld.local/niranjan.kulkarni/git/build/grpe_larm_mother -- -j12 -l12
[1.357s] Invoking command in '/home/imtld.local/niranjan.kulkarni/git/build/grpe_larm_mother': CMAKE_PREFIX_PATH=${CMAKE_PREFIX_PATH}:/opt/ros/iron /usr/bin/cmake --install /home/imtld.local/niranjan.kulkarni/git/build/grpe_larm_mother
[1.364s] -- Install configuration: ""
[1.365s] -- Up-to-date: /home/imtld.local/niranjan.kulkarni/git/install/grpe_larm_mother/share/grpe_larm_mother//launch
[1.372s] -- Up-to-date: /home/imtld.local/niranjan.kulkarni/git/install/grpe_larm_mother/share/grpe_larm_mother//launch/minimal_launch.yaml
[1.376s] -- Up-to-date: /home/imtld.local/niranjan.kulkarni/git/install/grpe_larm_mother/share/grpe_larm_mother//launch/challenge1.yaml
[1.376s] -- Installing: /home/imtld.local/niranjan.kulkarni/git/install/grpe_larm_mother/share/grpe_larm_mother//launch/tutosim_launch.yaml
[1.409s] -- Up-to-date: /home/imtld.local/niranjan.kulkarni/git/install/grpe_larm_mother/share/grpe_larm_mother//scripts
[1.411s] -- Up-to-date: /home/imtld.local/niranjan.kulkarni/git/install/grpe_larm_mother/share/grpe_larm_mother//scripts/__init__.py
[1.411s] -- Up-to-date: /home/imtld.local/niranjan.kulkarni/git/install/grpe_larm_mother/share/grpe_larm_mother//scripts/__pycache__
[1.429s] -- Up-to-date: /home/imtld.local/niranjan.kulkarni/git/install/grpe_larm_mother/share/grpe_larm_mother//scripts/__pycache__/__init__.cpython-310.pyc
[1.436s] -- Up-to-date: /home/imtld.local/niranjan.kulkarni/git/install/grpe_larm_mother/share/grpe_larm_mother//scripts/__pycache__/classifier.cpython-310.pyc
[1.436s] -- Up-to-date: /home/imtld.local/niranjan.kulkarni/git/install/grpe_larm_mother/share/grpe_larm_mother//scripts/__pycache__/classifierCircle.cpython-310.pyc
[1.453s] -- Up-to-date: /home/imtld.local/niranjan.kulkarni/git/install/grpe_larm_mother/share/grpe_larm_mother//scripts/__pycache__/test_class.cpython-310-pytest-6.2.5.pyc
[1.455s] -- Up-to-date: /home/imtld.local/niranjan.kulkarni/git/install/grpe_larm_mother/share/grpe_larm_mother//scripts/simulation.py
[1.480s] -- Up-to-date: /home/imtld.local/niranjan.kulkarni/git/install/grpe_larm_mother/share/grpe_larm_mother//scripts/camera_driver.py
[1.482s] -- Up-to-date: /home/imtld.local/niranjan.kulkarni/git/install/grpe_larm_mother/share/grpe_larm_mother//scripts/reactive_move.py
[1.482s] -- Installing: /home/imtld.local/niranjan.kulkarni/git/install/grpe_larm_mother/share/grpe_larm_mother//scripts/challenge-1.launch.py
[1.484s] -- Up-to-date: /home/imtld.local/niranjan.kulkarni/git/install/grpe_larm_mother/lib/grpe_larm_mother/reactive_move.py
[1.484s] -- Up-to-date: /home/imtld.local/niranjan.kulkarni/git/install/grpe_larm_mother/lib/grpe_larm_mother/camera_driver.py
[1.492s] -- Installing: /home/imtld.local/niranjan.kulkarni/git/install/grpe_larm_mother/lib/grpe_larm_mother/challenge-1.launch.py
[1.508s] -- Up-to-date: /home/imtld.local/niranjan.kulkarni/git/install/grpe_larm_mother/share/ament_index/resource_index/package_run_dependencies/grpe_larm_mother
[1.513s] -- Installing: /home/imtld.local/niranjan.kulkarni/git/install/grpe_larm_mother/share/ament_index/resource_index/parent_prefix_path/grpe_larm_mother
[1.552s] -- Up-to-date: /home/imtld.local/niranjan.kulkarni/git/install/grpe_larm_mother/share/grpe_larm_mother/environment/ament_prefix_path.sh
[1.567s] -- Up-to-date: /home/imtld.local/niranjan.kulkarni/git/install/grpe_larm_mother/share/grpe_larm_mother/environment/ament_prefix_path.dsv
[1.568s] -- Up-to-date: /home/imtld.local/niranjan.kulkarni/git/install/grpe_larm_mother/share/grpe_larm_mother/environment/path.sh
[1.569s] -- Up-to-date: /home/imtld.local/niranjan.kulkarni/git/install/grpe_larm_mother/share/grpe_larm_mother/environment/path.dsv
[1.569s] -- Up-to-date: /home/imtld.local/niranjan.kulkarni/git/install/grpe_larm_mother/share/grpe_larm_mother/local_setup.bash
[1.571s] -- Up-to-date: /home/imtld.local/niranjan.kulkarni/git/install/grpe_larm_mother/share/grpe_larm_mother/local_setup.sh
[1.602s] -- Up-to-date: /home/imtld.local/niranjan.kulkarni/git/install/grpe_larm_mother/share/grpe_larm_mother/local_setup.zsh
[1.602s] -- Up-to-date: /home/imtld.local/niranjan.kulkarni/git/install/grpe_larm_mother/share/grpe_larm_mother/local_setup.dsv
[1.614s] -- Installing: /home/imtld.local/niranjan.kulkarni/git/install/grpe_larm_mother/share/grpe_larm_mother/package.dsv
[1.616s] -- Up-to-date: /home/imtld.local/niranjan.kulkarni/git/install/grpe_larm_mother/share/ament_index/resource_index/packages/grpe_larm_mother
[1.616s] -- Up-to-date: /home/imtld.local/niranjan.kulkarni/git/install/grpe_larm_mother/share/grpe_larm_mother/cmake/grpe_larm_motherConfig.cmake
[1.616s] -- Up-to-date: /home/imtld.local/niranjan.kulkarni/git/install/grpe_larm_mother/share/grpe_larm_mother/cmake/grpe_larm_motherConfig-version.cmake
[1.618s] -- Up-to-date: /home/imtld.local/niranjan.kulkarni/git/install/grpe_larm_mother/share/grpe_larm_mother/package.xml
[1.627s] Invoked command in '/home/imtld.local/niranjan.kulkarni/git/build/grpe_larm_mother' returned '0': CMAKE_PREFIX_PATH=${CMAKE_PREFIX_PATH}:/opt/ros/iron /usr/bin/cmake --install /home/imtld.local/niranjan.kulkarni/git/build/grpe_larm_mother
