[1.515s] DEBUG:colcon:Command line arguments: ['/usr/bin/colcon', 'build']
[1.516s] DEBUG:colcon:Parsed command line arguments: Namespace(log_base=None, log_level=None, verb_name='build', build_base='build', install_base='install', merge_install=False, symlink_install=False, test_result_base=None, continue_on_error=False, executor='parallel', parallel_workers=12, event_handlers=None, ignore_user_meta=False, metas=['./colcon.meta'], base_paths=['.'], packages_ignore=None, packages_ignore_regex=None, paths=None, packages_up_to=None, packages_up_to_regex=None, packages_above=None, packages_above_and_dependencies=None, packages_above_depth=None, packages_select_by_dep=None, packages_skip_by_dep=None, packages_skip_up_to=None, packages_select_build_failed=False, packages_skip_build_finished=False, packages_select_test_failures=False, packages_skip_test_passed=False, packages_select=None, packages_skip=None, packages_select_regex=None, packages_skip_regex=None, packages_start=None, packages_end=None, allow_overriding=[], cmake_args=None, cmake_target=None, cmake_target_skip_unavailable=False, cmake_clean_cache=False, cmake_clean_first=False, cmake_force_configure=False, ament_cmake_args=None, catkin_cmake_args=None, catkin_skip_building_tests=False, verb_parser=<colcon_defaults.argument_parser.defaults.DefaultArgumentsDecorator object at 0x7f94089f7a60>, verb_extension=<colcon_core.verb.build.BuildVerb object at 0x7f9409188a00>, main=<bound method BuildVerb.main of <colcon_core.verb.build.BuildVerb object at 0x7f9409188a00>>)
[1.656s] Level 1:colcon.colcon_core.package_discovery:discover_packages(colcon_meta) check parameters
[1.657s] Level 1:colcon.colcon_core.package_discovery:discover_packages(recursive) check parameters
[1.658s] Level 1:colcon.colcon_core.package_discovery:discover_packages(ignore) check parameters
[1.658s] Level 1:colcon.colcon_core.package_discovery:discover_packages(path) check parameters
[1.658s] Level 1:colcon.colcon_core.package_discovery:discover_packages(colcon_meta) discover
[1.658s] Level 1:colcon.colcon_core.package_discovery:discover_packages(recursive) discover
[1.659s] INFO:colcon.colcon_core.package_discovery:Crawling recursively for packages in '/home/imtld.local/aristide.dossou-yovo/ros2_ws'
[1.660s] Level 1:colcon.colcon_core.package_identification:_identify(.) by extensions ['ignore', 'ignore_ament_install']
[1.661s] Level 1:colcon.colcon_core.package_identification:_identify(.) by extension 'ignore'
[1.661s] Level 1:colcon.colcon_core.package_identification:_identify(.) by extension 'ignore_ament_install'
[1.661s] Level 1:colcon.colcon_core.package_identification:_identify(.) by extensions ['colcon_pkg']
[1.661s] Level 1:colcon.colcon_core.package_identification:_identify(.) by extension 'colcon_pkg'
[1.661s] Level 1:colcon.colcon_core.package_identification:_identify(.) by extensions ['colcon_meta']
[1.661s] Level 1:colcon.colcon_core.package_identification:_identify(.) by extension 'colcon_meta'
[1.662s] Level 1:colcon.colcon_core.package_identification:_identify(.) by extensions ['ros']
[1.662s] Level 1:colcon.colcon_core.package_identification:_identify(.) by extension 'ros'
[1.722s] Level 1:colcon.colcon_core.package_identification:_identify(.) by extensions ['cmake', 'python']
[1.722s] Level 1:colcon.colcon_core.package_identification:_identify(.) by extension 'cmake'
[1.722s] Level 1:colcon.colcon_core.package_identification:_identify(.) by extension 'python'
[1.722s] Level 1:colcon.colcon_core.package_identification:_identify(.) by extensions ['python_setup_py']
[1.722s] Level 1:colcon.colcon_core.package_identification:_identify(.) by extension 'python_setup_py'
[1.723s] Level 1:colcon.colcon_core.package_identification:_identify(build) by extensions ['ignore', 'ignore_ament_install']
[1.724s] Level 1:colcon.colcon_core.package_identification:_identify(build) by extension 'ignore'
[1.724s] Level 1:colcon.colcon_core.package_identification:_identify(build) ignored
[1.728s] Level 1:colcon.colcon_core.package_identification:_identify(install) by extensions ['ignore', 'ignore_ament_install']
[1.730s] Level 1:colcon.colcon_core.package_identification:_identify(install) by extension 'ignore'
[1.731s] Level 1:colcon.colcon_core.package_identification:_identify(install) ignored
[1.736s] Level 1:colcon.colcon_core.package_identification:_identify(log) by extensions ['ignore', 'ignore_ament_install']
[1.736s] Level 1:colcon.colcon_core.package_identification:_identify(log) by extension 'ignore'
[1.736s] Level 1:colcon.colcon_core.package_identification:_identify(log) ignored
[1.738s] Level 1:colcon.colcon_core.package_identification:_identify(src) by extensions ['ignore', 'ignore_ament_install']
[1.739s] Level 1:colcon.colcon_core.package_identification:_identify(src) by extension 'ignore'
[1.739s] Level 1:colcon.colcon_core.package_identification:_identify(src) by extension 'ignore_ament_install'
[1.739s] Level 1:colcon.colcon_core.package_identification:_identify(src) by extensions ['colcon_pkg']
[1.739s] Level 1:colcon.colcon_core.package_identification:_identify(src) by extension 'colcon_pkg'
[1.739s] Level 1:colcon.colcon_core.package_identification:_identify(src) by extensions ['colcon_meta']
[1.739s] Level 1:colcon.colcon_core.package_identification:_identify(src) by extension 'colcon_meta'
[1.740s] Level 1:colcon.colcon_core.package_identification:_identify(src) by extensions ['ros']
[1.740s] Level 1:colcon.colcon_core.package_identification:_identify(src) by extension 'ros'
[1.740s] Level 1:colcon.colcon_core.package_identification:_identify(src) by extensions ['cmake', 'python']
[1.740s] Level 1:colcon.colcon_core.package_identification:_identify(src) by extension 'cmake'
[1.740s] Level 1:colcon.colcon_core.package_identification:_identify(src) by extension 'python'
[1.740s] Level 1:colcon.colcon_core.package_identification:_identify(src) by extensions ['python_setup_py']
[1.740s] Level 1:colcon.colcon_core.package_identification:_identify(src) by extension 'python_setup_py'
[1.742s] Level 1:colcon.colcon_core.package_identification:_identify(src/tuto_kickoff) by extensions ['ignore', 'ignore_ament_install']
[1.742s] Level 1:colcon.colcon_core.package_identification:_identify(src/tuto_kickoff) by extension 'ignore'
[1.742s] Level 1:colcon.colcon_core.package_identification:_identify(src/tuto_kickoff) by extension 'ignore_ament_install'
[1.742s] Level 1:colcon.colcon_core.package_identification:_identify(src/tuto_kickoff) by extensions ['colcon_pkg']
[1.742s] Level 1:colcon.colcon_core.package_identification:_identify(src/tuto_kickoff) by extension 'colcon_pkg'
[1.742s] Level 1:colcon.colcon_core.package_identification:_identify(src/tuto_kickoff) by extensions ['colcon_meta']
[1.742s] Level 1:colcon.colcon_core.package_identification:_identify(src/tuto_kickoff) by extension 'colcon_meta'
[1.742s] Level 1:colcon.colcon_core.package_identification:_identify(src/tuto_kickoff) by extensions ['ros']
[1.742s] Level 1:colcon.colcon_core.package_identification:_identify(src/tuto_kickoff) by extension 'ros'
[1.759s] DEBUG:colcon.colcon_core.package_identification:Package 'src/tuto_kickoff' with type 'ros.ament_cmake' and name 'tuto_kickoff'
[1.760s] Level 1:colcon.colcon_core.package_discovery:discover_packages(recursive) using defaults
[1.760s] Level 1:colcon.colcon_core.package_discovery:discover_packages(ignore) discover
[1.760s] Level 1:colcon.colcon_core.package_discovery:discover_packages(ignore) using defaults
[1.760s] Level 1:colcon.colcon_core.package_discovery:discover_packages(path) discover
[1.760s] Level 1:colcon.colcon_core.package_discovery:discover_packages(path) using defaults
[1.879s] Level 1:colcon.colcon_core.package_discovery:discover_packages(prefix_path) check parameters
[1.879s] Level 1:colcon.colcon_core.package_discovery:discover_packages(prefix_path) discover
[1.914s] DEBUG:colcon.colcon_installed_package_information.package_discovery:Found 1 installed packages in /home/imtld.local/aristide.dossou-yovo/ros2_ws/install
[1.919s] DEBUG:colcon.colcon_installed_package_information.package_discovery:Found 1 installed packages in /home/imtld.local/aristide.dossou-yovo/ros_ws/install
[1.930s] DEBUG:colcon.colcon_installed_package_information.package_discovery:Found 340 installed packages in /opt/ros/iron
[1.939s] Level 1:colcon.colcon_core.package_discovery:discover_packages(prefix_path) using defaults
[2.166s] Level 5:colcon.colcon_core.verb:set package 'tuto_kickoff' build argument 'cmake_args' from command line to 'None'
[2.167s] Level 5:colcon.colcon_core.verb:set package 'tuto_kickoff' build argument 'cmake_target' from command line to 'None'
[2.168s] Level 5:colcon.colcon_core.verb:set package 'tuto_kickoff' build argument 'cmake_target_skip_unavailable' from command line to 'False'
[2.168s] Level 5:colcon.colcon_core.verb:set package 'tuto_kickoff' build argument 'cmake_clean_cache' from command line to 'False'
[2.169s] Level 5:colcon.colcon_core.verb:set package 'tuto_kickoff' build argument 'cmake_clean_first' from command line to 'False'
[2.169s] Level 5:colcon.colcon_core.verb:set package 'tuto_kickoff' build argument 'cmake_force_configure' from command line to 'False'
[2.169s] Level 5:colcon.colcon_core.verb:set package 'tuto_kickoff' build argument 'ament_cmake_args' from command line to 'None'
[2.169s] Level 5:colcon.colcon_core.verb:set package 'tuto_kickoff' build argument 'catkin_cmake_args' from command line to 'None'
[2.169s] Level 5:colcon.colcon_core.verb:set package 'tuto_kickoff' build argument 'catkin_skip_building_tests' from command line to 'False'
[2.170s] DEBUG:colcon.colcon_core.verb:Building package 'tuto_kickoff' with the following arguments: {'ament_cmake_args': None, 'build_base': '/home/imtld.local/aristide.dossou-yovo/ros2_ws/build/tuto_kickoff', 'catkin_cmake_args': None, 'catkin_skip_building_tests': False, 'cmake_args': None, 'cmake_clean_cache': False, 'cmake_clean_first': False, 'cmake_force_configure': False, 'cmake_target': None, 'cmake_target_skip_unavailable': False, 'install_base': '/home/imtld.local/aristide.dossou-yovo/ros2_ws/install/tuto_kickoff', 'merge_install': False, 'path': '/home/imtld.local/aristide.dossou-yovo/ros2_ws/src/tuto_kickoff', 'symlink_install': False, 'test_result_base': None}
[2.176s] INFO:colcon.colcon_core.executor:Executing jobs using 'parallel' executor
[2.190s] DEBUG:colcon.colcon_parallel_executor.executor.parallel:run_until_complete
[2.193s] INFO:colcon.colcon_ros.task.ament_cmake.build:Building ROS package in '/home/imtld.local/aristide.dossou-yovo/ros2_ws/src/tuto_kickoff' with build type 'ament_cmake'
[2.194s] INFO:colcon.colcon_cmake.task.cmake.build:Building CMake package in '/home/imtld.local/aristide.dossou-yovo/ros2_ws/src/tuto_kickoff'
[2.217s] INFO:colcon.colcon_core.plugin_system:Skipping extension 'colcon_core.shell.bat': Not used on non-Windows systems
[2.218s] INFO:colcon.colcon_core.shell:Skip shell extension 'powershell' for command environment: Not usable outside of PowerShell
[2.219s] DEBUG:colcon.colcon_core.shell:Skip shell extension 'dsv' for command environment
[2.341s] DEBUG:colcon.colcon_core.event_handler.log_command:Invoking command in '/home/imtld.local/aristide.dossou-yovo/ros2_ws/build/tuto_kickoff': CMAKE_PREFIX_PATH=${CMAKE_PREFIX_PATH}:/opt/ros/iron /usr/bin/cmake --build /home/imtld.local/aristide.dossou-yovo/ros2_ws/build/tuto_kickoff -- -j12 -l12
[2.523s] DEBUG:colcon.colcon_core.event_handler.log_command:Invoked command in '/home/imtld.local/aristide.dossou-yovo/ros2_ws/build/tuto_kickoff' returned '0': CMAKE_PREFIX_PATH=${CMAKE_PREFIX_PATH}:/opt/ros/iron /usr/bin/cmake --build /home/imtld.local/aristide.dossou-yovo/ros2_ws/build/tuto_kickoff -- -j12 -l12
[2.702s] DEBUG:colcon.colcon_core.event_handler.log_command:Invoking command in '/home/imtld.local/aristide.dossou-yovo/ros2_ws/build/tuto_kickoff': CMAKE_PREFIX_PATH=${CMAKE_PREFIX_PATH}:/opt/ros/iron /usr/bin/cmake --install /home/imtld.local/aristide.dossou-yovo/ros2_ws/build/tuto_kickoff
[2.840s] Level 1:colcon.colcon_core.environment:create_environment_scripts_only(tuto_kickoff)
[2.847s] DEBUG:colcon.colcon_core.event_handler.log_command:Invoked command in '/home/imtld.local/aristide.dossou-yovo/ros2_ws/build/tuto_kickoff' returned '0': CMAKE_PREFIX_PATH=${CMAKE_PREFIX_PATH}:/opt/ros/iron /usr/bin/cmake --install /home/imtld.local/aristide.dossou-yovo/ros2_ws/build/tuto_kickoff
[2.866s] Level 1:colcon.colcon_core.environment:checking '/home/imtld.local/aristide.dossou-yovo/ros2_ws/install/tuto_kickoff' for CMake module files
[2.875s] Level 1:colcon.colcon_core.environment:checking '/home/imtld.local/aristide.dossou-yovo/ros2_ws/install/tuto_kickoff' for CMake config files
[2.883s] Level 1:colcon.colcon_core.shell:create_environment_hook('tuto_kickoff', 'cmake_prefix_path')
[2.894s] INFO:colcon.colcon_core.shell:Creating environment hook '/home/imtld.local/aristide.dossou-yovo/ros2_ws/install/tuto_kickoff/share/tuto_kickoff/hook/cmake_prefix_path.ps1'
[2.902s] INFO:colcon.colcon_core.shell:Creating environment descriptor '/home/imtld.local/aristide.dossou-yovo/ros2_ws/install/tuto_kickoff/share/tuto_kickoff/hook/cmake_prefix_path.dsv'
[2.914s] INFO:colcon.colcon_core.shell:Creating environment hook '/home/imtld.local/aristide.dossou-yovo/ros2_ws/install/tuto_kickoff/share/tuto_kickoff/hook/cmake_prefix_path.sh'
[2.926s] Level 1:colcon.colcon_core.environment:checking '/home/imtld.local/aristide.dossou-yovo/ros2_ws/install/tuto_kickoff/lib'
[2.931s] Level 1:colcon.colcon_core.environment:checking '/home/imtld.local/aristide.dossou-yovo/ros2_ws/install/tuto_kickoff/bin'
[2.933s] Level 1:colcon.colcon_core.environment:checking '/home/imtld.local/aristide.dossou-yovo/ros2_ws/install/tuto_kickoff/lib/pkgconfig/tuto_kickoff.pc'
[2.936s] Level 1:colcon.colcon_core.environment:checking '/home/imtld.local/aristide.dossou-yovo/ros2_ws/install/tuto_kickoff/lib/python3.10/site-packages'
[2.937s] Level 1:colcon.colcon_core.environment:checking '/home/imtld.local/aristide.dossou-yovo/ros2_ws/install/tuto_kickoff/bin'
[2.943s] INFO:colcon.colcon_core.shell:Creating package script '/home/imtld.local/aristide.dossou-yovo/ros2_ws/install/tuto_kickoff/share/tuto_kickoff/package.ps1'
[2.954s] INFO:colcon.colcon_core.shell:Creating package descriptor '/home/imtld.local/aristide.dossou-yovo/ros2_ws/install/tuto_kickoff/share/tuto_kickoff/package.dsv'
[2.964s] INFO:colcon.colcon_core.shell:Creating package script '/home/imtld.local/aristide.dossou-yovo/ros2_ws/install/tuto_kickoff/share/tuto_kickoff/package.sh'
[2.984s] INFO:colcon.colcon_core.shell:Creating package script '/home/imtld.local/aristide.dossou-yovo/ros2_ws/install/tuto_kickoff/share/tuto_kickoff/package.bash'
[2.993s] INFO:colcon.colcon_core.shell:Creating package script '/home/imtld.local/aristide.dossou-yovo/ros2_ws/install/tuto_kickoff/share/tuto_kickoff/package.zsh'
[3.021s] Level 1:colcon.colcon_core.environment:create_file_with_runtime_dependencies(/home/imtld.local/aristide.dossou-yovo/ros2_ws/install/tuto_kickoff/share/colcon-core/packages/tuto_kickoff)
[3.165s] Level 1:colcon.colcon_core.environment:create_environment_scripts_only(tuto_kickoff)
[3.180s] Level 1:colcon.colcon_core.environment:checking '/home/imtld.local/aristide.dossou-yovo/ros2_ws/install/tuto_kickoff' for CMake module files
[3.184s] Level 1:colcon.colcon_core.environment:checking '/home/imtld.local/aristide.dossou-yovo/ros2_ws/install/tuto_kickoff' for CMake config files
[3.192s] Level 1:colcon.colcon_core.shell:create_environment_hook('tuto_kickoff', 'cmake_prefix_path')
[3.200s] INFO:colcon.colcon_core.shell:Creating environment hook '/home/imtld.local/aristide.dossou-yovo/ros2_ws/install/tuto_kickoff/share/tuto_kickoff/hook/cmake_prefix_path.ps1'
[3.207s] INFO:colcon.colcon_core.shell:Creating environment descriptor '/home/imtld.local/aristide.dossou-yovo/ros2_ws/install/tuto_kickoff/share/tuto_kickoff/hook/cmake_prefix_path.dsv'
[3.217s] INFO:colcon.colcon_core.shell:Creating environment hook '/home/imtld.local/aristide.dossou-yovo/ros2_ws/install/tuto_kickoff/share/tuto_kickoff/hook/cmake_prefix_path.sh'
[3.225s] Level 1:colcon.colcon_core.environment:checking '/home/imtld.local/aristide.dossou-yovo/ros2_ws/install/tuto_kickoff/lib'
[3.226s] Level 1:colcon.colcon_core.environment:checking '/home/imtld.local/aristide.dossou-yovo/ros2_ws/install/tuto_kickoff/bin'
[3.226s] Level 1:colcon.colcon_core.environment:checking '/home/imtld.local/aristide.dossou-yovo/ros2_ws/install/tuto_kickoff/lib/pkgconfig/tuto_kickoff.pc'
[3.229s] Level 1:colcon.colcon_core.environment:checking '/home/imtld.local/aristide.dossou-yovo/ros2_ws/install/tuto_kickoff/lib/python3.10/site-packages'
[3.234s] Level 1:colcon.colcon_core.environment:checking '/home/imtld.local/aristide.dossou-yovo/ros2_ws/install/tuto_kickoff/bin'
[3.242s] INFO:colcon.colcon_core.shell:Creating package script '/home/imtld.local/aristide.dossou-yovo/ros2_ws/install/tuto_kickoff/share/tuto_kickoff/package.ps1'
[3.251s] INFO:colcon.colcon_core.shell:Creating package descriptor '/home/imtld.local/aristide.dossou-yovo/ros2_ws/install/tuto_kickoff/share/tuto_kickoff/package.dsv'
[3.263s] INFO:colcon.colcon_core.shell:Creating package script '/home/imtld.local/aristide.dossou-yovo/ros2_ws/install/tuto_kickoff/share/tuto_kickoff/package.sh'
[3.272s] INFO:colcon.colcon_core.shell:Creating package script '/home/imtld.local/aristide.dossou-yovo/ros2_ws/install/tuto_kickoff/share/tuto_kickoff/package.bash'
[3.285s] INFO:colcon.colcon_core.shell:Creating package script '/home/imtld.local/aristide.dossou-yovo/ros2_ws/install/tuto_kickoff/share/tuto_kickoff/package.zsh'
[3.293s] Level 1:colcon.colcon_core.environment:create_file_with_runtime_dependencies(/home/imtld.local/aristide.dossou-yovo/ros2_ws/install/tuto_kickoff/share/colcon-core/packages/tuto_kickoff)
[3.303s] DEBUG:colcon.colcon_parallel_executor.executor.parallel:closing loop
[3.304s] DEBUG:colcon.colcon_parallel_executor.executor.parallel:loop closed
[3.304s] DEBUG:colcon.colcon_parallel_executor.executor.parallel:run_until_complete finished with '0'
[3.305s] DEBUG:colcon.colcon_core.event_reactor:joining thread
[3.347s] INFO:colcon.colcon_core.plugin_system:Skipping extension 'colcon_notification.desktop_notification.terminal_notifier': Not used on non-Darwin systems
[3.348s] INFO:colcon.colcon_core.plugin_system:Skipping extension 'colcon_notification.desktop_notification.win32': Not used on non-Windows systems
[3.348s] INFO:colcon.colcon_notification.desktop_notification:Sending desktop notification using 'notify2'
[3.403s] DEBUG:colcon.colcon_core.event_reactor:joined thread
[3.414s] INFO:colcon.colcon_core.shell:Creating prefix script '/home/imtld.local/aristide.dossou-yovo/ros2_ws/install/local_setup.ps1'
[3.423s] INFO:colcon.colcon_core.shell:Creating prefix util module '/home/imtld.local/aristide.dossou-yovo/ros2_ws/install/_local_setup_util_ps1.py'
[3.438s] INFO:colcon.colcon_core.shell:Creating prefix chain script '/home/imtld.local/aristide.dossou-yovo/ros2_ws/install/setup.ps1'
[3.459s] INFO:colcon.colcon_core.shell:Creating prefix script '/home/imtld.local/aristide.dossou-yovo/ros2_ws/install/local_setup.sh'
[3.469s] INFO:colcon.colcon_core.shell:Creating prefix util module '/home/imtld.local/aristide.dossou-yovo/ros2_ws/install/_local_setup_util_sh.py'
[3.478s] INFO:colcon.colcon_core.shell:Creating prefix chain script '/home/imtld.local/aristide.dossou-yovo/ros2_ws/install/setup.sh'
[3.498s] INFO:colcon.colcon_core.shell:Creating prefix script '/home/imtld.local/aristide.dossou-yovo/ros2_ws/install/local_setup.bash'
[3.510s] INFO:colcon.colcon_core.shell:Creating prefix chain script '/home/imtld.local/aristide.dossou-yovo/ros2_ws/install/setup.bash'
[3.526s] INFO:colcon.colcon_core.shell:Creating prefix script '/home/imtld.local/aristide.dossou-yovo/ros2_ws/install/local_setup.zsh'
[3.539s] INFO:colcon.colcon_core.shell:Creating prefix chain script '/home/imtld.local/aristide.dossou-yovo/ros2_ws/install/setup.zsh'
