[1.241s] DEBUG:colcon:Command line arguments: ['/usr/bin/colcon', 'build']
[1.241s] DEBUG:colcon:Parsed command line arguments: Namespace(log_base=None, log_level=None, verb_name='build', build_base='build', install_base='install', merge_install=False, symlink_install=False, test_result_base=None, continue_on_error=False, executor='parallel', parallel_workers=4, event_handlers=None, ignore_user_meta=False, metas=['./colcon.meta'], base_paths=['.'], packages_ignore=None, packages_ignore_regex=None, paths=None, packages_up_to=None, packages_up_to_regex=None, packages_above=None, packages_above_and_dependencies=None, packages_above_depth=None, packages_select_by_dep=None, packages_skip_by_dep=None, packages_skip_up_to=None, packages_select_build_failed=False, packages_skip_build_finished=False, packages_select_test_failures=False, packages_skip_test_passed=False, packages_select=None, packages_skip=None, packages_select_regex=None, packages_skip_regex=None, packages_start=None, packages_end=None, allow_overriding=[], cmake_args=None, cmake_target=None, cmake_target_skip_unavailable=False, cmake_clean_cache=False, cmake_clean_first=False, cmake_force_configure=False, ament_cmake_args=None, catkin_cmake_args=None, catkin_skip_building_tests=False, verb_parser=<colcon_defaults.argument_parser.defaults.DefaultArgumentsDecorator object at 0x7b1570a81bd0>, verb_extension=<colcon_core.verb.build.BuildVerb object at 0x7b1570a97250>, main=<bound method BuildVerb.main of <colcon_core.verb.build.BuildVerb object at 0x7b1570a97250>>)
[1.296s] Level 1:colcon.colcon_core.package_discovery:discover_packages(colcon_meta) check parameters
[1.296s] Level 1:colcon.colcon_core.package_discovery:discover_packages(recursive) check parameters
[1.296s] Level 1:colcon.colcon_core.package_discovery:discover_packages(ignore) check parameters
[1.296s] Level 1:colcon.colcon_core.package_discovery:discover_packages(path) check parameters
[1.296s] Level 1:colcon.colcon_core.package_discovery:discover_packages(colcon_meta) discover
[1.297s] Level 1:colcon.colcon_core.package_discovery:discover_packages(recursive) discover
[1.297s] INFO:colcon.colcon_core.package_discovery:Crawling recursively for packages in '/home/bot/mb6-space/larm-bb8'
[1.297s] Level 1:colcon.colcon_core.package_identification:_identify(.) by extensions ['ignore', 'ignore_ament_install']
[1.297s] Level 1:colcon.colcon_core.package_identification:_identify(.) by extension 'ignore'
[1.297s] Level 1:colcon.colcon_core.package_identification:_identify(.) by extension 'ignore_ament_install'
[1.297s] Level 1:colcon.colcon_core.package_identification:_identify(.) by extensions ['colcon_pkg']
[1.297s] Level 1:colcon.colcon_core.package_identification:_identify(.) by extension 'colcon_pkg'
[1.297s] Level 1:colcon.colcon_core.package_identification:_identify(.) by extensions ['colcon_meta']
[1.297s] Level 1:colcon.colcon_core.package_identification:_identify(.) by extension 'colcon_meta'
[1.297s] Level 1:colcon.colcon_core.package_identification:_identify(.) by extensions ['ros']
[1.297s] Level 1:colcon.colcon_core.package_identification:_identify(.) by extension 'ros'
[1.308s] Level 1:colcon.colcon_core.package_identification:_identify(.) by extensions ['cmake', 'python']
[1.308s] Level 1:colcon.colcon_core.package_identification:_identify(.) by extension 'cmake'
[1.308s] Level 1:colcon.colcon_core.package_identification:_identify(.) by extension 'python'
[1.308s] Level 1:colcon.colcon_core.package_identification:_identify(.) by extensions ['python_setup_py']
[1.308s] Level 1:colcon.colcon_core.package_identification:_identify(.) by extension 'python_setup_py'
[1.308s] Level 1:colcon.colcon_core.package_identification:_identify(build) by extensions ['ignore', 'ignore_ament_install']
[1.308s] Level 1:colcon.colcon_core.package_identification:_identify(build) by extension 'ignore'
[1.308s] Level 1:colcon.colcon_core.package_identification:_identify(build) ignored
[1.309s] Level 1:colcon.colcon_core.package_identification:_identify(grpe_larm_mother) by extensions ['ignore', 'ignore_ament_install']
[1.309s] Level 1:colcon.colcon_core.package_identification:_identify(grpe_larm_mother) by extension 'ignore'
[1.309s] Level 1:colcon.colcon_core.package_identification:_identify(grpe_larm_mother) by extension 'ignore_ament_install'
[1.309s] Level 1:colcon.colcon_core.package_identification:_identify(grpe_larm_mother) by extensions ['colcon_pkg']
[1.309s] Level 1:colcon.colcon_core.package_identification:_identify(grpe_larm_mother) by extension 'colcon_pkg'
[1.309s] Level 1:colcon.colcon_core.package_identification:_identify(grpe_larm_mother) by extensions ['colcon_meta']
[1.309s] Level 1:colcon.colcon_core.package_identification:_identify(grpe_larm_mother) by extension 'colcon_meta'
[1.309s] Level 1:colcon.colcon_core.package_identification:_identify(grpe_larm_mother) by extensions ['ros']
[1.309s] Level 1:colcon.colcon_core.package_identification:_identify(grpe_larm_mother) by extension 'ros'
[1.313s] DEBUG:colcon.colcon_core.package_identification:Package 'grpe_larm_mother' with type 'ros.ament_cmake' and name 'grpe_larm_mother'
[1.313s] Level 1:colcon.colcon_core.package_identification:_identify(install) by extensions ['ignore', 'ignore_ament_install']
[1.313s] Level 1:colcon.colcon_core.package_identification:_identify(install) by extension 'ignore'
[1.313s] Level 1:colcon.colcon_core.package_identification:_identify(install) ignored
[1.313s] Level 1:colcon.colcon_core.package_identification:_identify(log) by extensions ['ignore', 'ignore_ament_install']
[1.314s] Level 1:colcon.colcon_core.package_identification:_identify(log) by extension 'ignore'
[1.314s] Level 1:colcon.colcon_core.package_identification:_identify(log) ignored
[1.314s] Level 1:colcon.colcon_core.package_discovery:discover_packages(recursive) using defaults
[1.314s] Level 1:colcon.colcon_core.package_discovery:discover_packages(ignore) discover
[1.314s] Level 1:colcon.colcon_core.package_discovery:discover_packages(ignore) using defaults
[1.314s] Level 1:colcon.colcon_core.package_discovery:discover_packages(path) discover
[1.314s] Level 1:colcon.colcon_core.package_discovery:discover_packages(path) using defaults
[1.438s] Level 1:colcon.colcon_core.package_discovery:discover_packages(prefix_path) check parameters
[1.438s] Level 1:colcon.colcon_core.package_discovery:discover_packages(prefix_path) discover
[1.476s] DEBUG:colcon.colcon_installed_package_information.package_discovery:Found 1 installed packages in /home/bot/mb6-space/larm-bb8/install
[1.494s] DEBUG:colcon.colcon_installed_package_information.package_discovery:Found 9 installed packages in /home/bot/mb6-space/install
[1.514s] DEBUG:colcon.colcon_installed_package_information.package_discovery:Found 366 installed packages in /opt/ros/iron
[1.516s] Level 1:colcon.colcon_core.package_discovery:discover_packages(prefix_path) using defaults
[1.611s] Level 5:colcon.colcon_core.verb:set package 'grpe_larm_mother' build argument 'cmake_args' from command line to 'None'
[1.611s] Level 5:colcon.colcon_core.verb:set package 'grpe_larm_mother' build argument 'cmake_target' from command line to 'None'
[1.611s] Level 5:colcon.colcon_core.verb:set package 'grpe_larm_mother' build argument 'cmake_target_skip_unavailable' from command line to 'False'
[1.611s] Level 5:colcon.colcon_core.verb:set package 'grpe_larm_mother' build argument 'cmake_clean_cache' from command line to 'False'
[1.611s] Level 5:colcon.colcon_core.verb:set package 'grpe_larm_mother' build argument 'cmake_clean_first' from command line to 'False'
[1.611s] Level 5:colcon.colcon_core.verb:set package 'grpe_larm_mother' build argument 'cmake_force_configure' from command line to 'False'
[1.611s] Level 5:colcon.colcon_core.verb:set package 'grpe_larm_mother' build argument 'ament_cmake_args' from command line to 'None'
[1.611s] Level 5:colcon.colcon_core.verb:set package 'grpe_larm_mother' build argument 'catkin_cmake_args' from command line to 'None'
[1.611s] Level 5:colcon.colcon_core.verb:set package 'grpe_larm_mother' build argument 'catkin_skip_building_tests' from command line to 'False'
[1.612s] DEBUG:colcon.colcon_core.verb:Building package 'grpe_larm_mother' with the following arguments: {'ament_cmake_args': None, 'build_base': '/home/bot/mb6-space/larm-bb8/build/grpe_larm_mother', 'catkin_cmake_args': None, 'catkin_skip_building_tests': False, 'cmake_args': None, 'cmake_clean_cache': False, 'cmake_clean_first': False, 'cmake_force_configure': False, 'cmake_target': None, 'cmake_target_skip_unavailable': False, 'install_base': '/home/bot/mb6-space/larm-bb8/install/grpe_larm_mother', 'merge_install': False, 'path': '/home/bot/mb6-space/larm-bb8/grpe_larm_mother', 'symlink_install': False, 'test_result_base': None}
[1.630s] INFO:colcon.colcon_core.executor:Executing jobs using 'parallel' executor
[1.650s] DEBUG:colcon.colcon_parallel_executor.executor.parallel:run_until_complete
[1.650s] INFO:colcon.colcon_ros.task.ament_cmake.build:Building ROS package in '/home/bot/mb6-space/larm-bb8/grpe_larm_mother' with build type 'ament_cmake'
[1.650s] INFO:colcon.colcon_cmake.task.cmake.build:Building CMake package in '/home/bot/mb6-space/larm-bb8/grpe_larm_mother'
[1.688s] INFO:colcon.colcon_core.plugin_system:Skipping extension 'colcon_core.shell.bat': Not used on non-Windows systems
[1.688s] INFO:colcon.colcon_core.shell:Skip shell extension 'powershell' for command environment: Not usable outside of PowerShell
[1.688s] DEBUG:colcon.colcon_core.shell:Skip shell extension 'dsv' for command environment
[1.797s] DEBUG:colcon.colcon_core.event_handler.log_command:Invoking command in '/home/bot/mb6-space/larm-bb8/build/grpe_larm_mother': CMAKE_PREFIX_PATH=${CMAKE_PREFIX_PATH}:/opt/ros/iron /usr/bin/cmake --build /home/bot/mb6-space/larm-bb8/build/grpe_larm_mother -- -j4 -l4
[1.846s] DEBUG:colcon.colcon_core.event_handler.log_command:Invoked command in '/home/bot/mb6-space/larm-bb8/build/grpe_larm_mother' returned '0': CMAKE_PREFIX_PATH=${CMAKE_PREFIX_PATH}:/opt/ros/iron /usr/bin/cmake --build /home/bot/mb6-space/larm-bb8/build/grpe_larm_mother -- -j4 -l4
[1.890s] DEBUG:colcon.colcon_core.event_handler.log_command:Invoking command in '/home/bot/mb6-space/larm-bb8/build/grpe_larm_mother': CMAKE_PREFIX_PATH=${CMAKE_PREFIX_PATH}:/opt/ros/iron /usr/bin/cmake --install /home/bot/mb6-space/larm-bb8/build/grpe_larm_mother
[1.907s] Level 1:colcon.colcon_core.environment:create_environment_scripts_only(grpe_larm_mother)
[1.910s] DEBUG:colcon.colcon_core.event_handler.log_command:Invoked command in '/home/bot/mb6-space/larm-bb8/build/grpe_larm_mother' returned '0': CMAKE_PREFIX_PATH=${CMAKE_PREFIX_PATH}:/opt/ros/iron /usr/bin/cmake --install /home/bot/mb6-space/larm-bb8/build/grpe_larm_mother
[1.956s] Level 1:colcon.colcon_core.environment:checking '/home/bot/mb6-space/larm-bb8/install/grpe_larm_mother' for CMake module files
[1.957s] Level 1:colcon.colcon_core.environment:checking '/home/bot/mb6-space/larm-bb8/install/grpe_larm_mother' for CMake config files
[1.957s] Level 1:colcon.colcon_core.shell:create_environment_hook('grpe_larm_mother', 'cmake_prefix_path')
[1.984s] INFO:colcon.colcon_core.shell:Creating environment hook '/home/bot/mb6-space/larm-bb8/install/grpe_larm_mother/share/grpe_larm_mother/hook/cmake_prefix_path.ps1'
[1.986s] INFO:colcon.colcon_core.shell:Creating environment descriptor '/home/bot/mb6-space/larm-bb8/install/grpe_larm_mother/share/grpe_larm_mother/hook/cmake_prefix_path.dsv'
[1.986s] INFO:colcon.colcon_core.shell:Creating environment hook '/home/bot/mb6-space/larm-bb8/install/grpe_larm_mother/share/grpe_larm_mother/hook/cmake_prefix_path.sh'
[1.987s] Level 1:colcon.colcon_core.environment:checking '/home/bot/mb6-space/larm-bb8/install/grpe_larm_mother/lib'
[1.988s] Level 1:colcon.colcon_core.environment:checking '/home/bot/mb6-space/larm-bb8/install/grpe_larm_mother/bin'
[1.988s] Level 1:colcon.colcon_core.environment:checking '/home/bot/mb6-space/larm-bb8/install/grpe_larm_mother/lib/pkgconfig/grpe_larm_mother.pc'
[1.988s] Level 1:colcon.colcon_core.environment:checking '/home/bot/mb6-space/larm-bb8/install/grpe_larm_mother/lib/python3.10/site-packages'
[1.988s] Level 1:colcon.colcon_core.environment:checking '/home/bot/mb6-space/larm-bb8/install/grpe_larm_mother/bin'
[2.011s] INFO:colcon.colcon_core.shell:Creating package script '/home/bot/mb6-space/larm-bb8/install/grpe_larm_mother/share/grpe_larm_mother/package.ps1'
[2.012s] INFO:colcon.colcon_core.shell:Creating package descriptor '/home/bot/mb6-space/larm-bb8/install/grpe_larm_mother/share/grpe_larm_mother/package.dsv'
[2.012s] INFO:colcon.colcon_core.shell:Creating package script '/home/bot/mb6-space/larm-bb8/install/grpe_larm_mother/share/grpe_larm_mother/package.sh'
[2.013s] INFO:colcon.colcon_core.shell:Creating package script '/home/bot/mb6-space/larm-bb8/install/grpe_larm_mother/share/grpe_larm_mother/package.bash'
[2.014s] INFO:colcon.colcon_core.shell:Creating package script '/home/bot/mb6-space/larm-bb8/install/grpe_larm_mother/share/grpe_larm_mother/package.zsh'
[2.015s] Level 1:colcon.colcon_core.environment:create_file_with_runtime_dependencies(/home/bot/mb6-space/larm-bb8/install/grpe_larm_mother/share/colcon-core/packages/grpe_larm_mother)
[2.078s] Level 1:colcon.colcon_core.environment:create_environment_scripts_only(grpe_larm_mother)
[2.101s] Level 1:colcon.colcon_core.environment:checking '/home/bot/mb6-space/larm-bb8/install/grpe_larm_mother' for CMake module files
[2.101s] Level 1:colcon.colcon_core.environment:checking '/home/bot/mb6-space/larm-bb8/install/grpe_larm_mother' for CMake config files
[2.101s] Level 1:colcon.colcon_core.shell:create_environment_hook('grpe_larm_mother', 'cmake_prefix_path')
[2.119s] INFO:colcon.colcon_core.shell:Creating environment hook '/home/bot/mb6-space/larm-bb8/install/grpe_larm_mother/share/grpe_larm_mother/hook/cmake_prefix_path.ps1'
[2.120s] INFO:colcon.colcon_core.shell:Creating environment descriptor '/home/bot/mb6-space/larm-bb8/install/grpe_larm_mother/share/grpe_larm_mother/hook/cmake_prefix_path.dsv'
[2.120s] INFO:colcon.colcon_core.shell:Creating environment hook '/home/bot/mb6-space/larm-bb8/install/grpe_larm_mother/share/grpe_larm_mother/hook/cmake_prefix_path.sh'
[2.121s] Level 1:colcon.colcon_core.environment:checking '/home/bot/mb6-space/larm-bb8/install/grpe_larm_mother/lib'
[2.121s] Level 1:colcon.colcon_core.environment:checking '/home/bot/mb6-space/larm-bb8/install/grpe_larm_mother/bin'
[2.121s] Level 1:colcon.colcon_core.environment:checking '/home/bot/mb6-space/larm-bb8/install/grpe_larm_mother/lib/pkgconfig/grpe_larm_mother.pc'
[2.121s] Level 1:colcon.colcon_core.environment:checking '/home/bot/mb6-space/larm-bb8/install/grpe_larm_mother/lib/python3.10/site-packages'
[2.122s] Level 1:colcon.colcon_core.environment:checking '/home/bot/mb6-space/larm-bb8/install/grpe_larm_mother/bin'
[2.140s] INFO:colcon.colcon_core.shell:Creating package script '/home/bot/mb6-space/larm-bb8/install/grpe_larm_mother/share/grpe_larm_mother/package.ps1'
[2.140s] INFO:colcon.colcon_core.shell:Creating package descriptor '/home/bot/mb6-space/larm-bb8/install/grpe_larm_mother/share/grpe_larm_mother/package.dsv'
[2.141s] INFO:colcon.colcon_core.shell:Creating package script '/home/bot/mb6-space/larm-bb8/install/grpe_larm_mother/share/grpe_larm_mother/package.sh'
[2.141s] INFO:colcon.colcon_core.shell:Creating package script '/home/bot/mb6-space/larm-bb8/install/grpe_larm_mother/share/grpe_larm_mother/package.bash'
[2.142s] INFO:colcon.colcon_core.shell:Creating package script '/home/bot/mb6-space/larm-bb8/install/grpe_larm_mother/share/grpe_larm_mother/package.zsh'
[2.142s] Level 1:colcon.colcon_core.environment:create_file_with_runtime_dependencies(/home/bot/mb6-space/larm-bb8/install/grpe_larm_mother/share/colcon-core/packages/grpe_larm_mother)
[2.142s] DEBUG:colcon.colcon_parallel_executor.executor.parallel:closing loop
[2.143s] DEBUG:colcon.colcon_parallel_executor.executor.parallel:loop closed
[2.144s] DEBUG:colcon.colcon_parallel_executor.executor.parallel:run_until_complete finished with '0'
[2.144s] DEBUG:colcon.colcon_core.event_reactor:joining thread
[2.194s] INFO:colcon.colcon_core.plugin_system:Skipping extension 'colcon_notification.desktop_notification.notify_send': Could not find 'notify-send'
[2.194s] INFO:colcon.colcon_core.plugin_system:Skipping extension 'colcon_notification.desktop_notification.terminal_notifier': Not used on non-Darwin systems
[2.194s] INFO:colcon.colcon_core.plugin_system:Skipping extension 'colcon_notification.desktop_notification.win32': Not used on non-Windows systems
[2.194s] INFO:colcon.colcon_notification.desktop_notification:Sending desktop notification using 'notify2'
[2.210s] DEBUG:colcon.colcon_core.event_reactor:joined thread
[2.237s] INFO:colcon.colcon_core.shell:Creating prefix script '/home/bot/mb6-space/larm-bb8/install/local_setup.ps1'
[2.238s] INFO:colcon.colcon_core.shell:Creating prefix util module '/home/bot/mb6-space/larm-bb8/install/_local_setup_util_ps1.py'
[2.239s] INFO:colcon.colcon_core.shell:Creating prefix chain script '/home/bot/mb6-space/larm-bb8/install/setup.ps1'
[2.261s] INFO:colcon.colcon_core.shell:Creating prefix script '/home/bot/mb6-space/larm-bb8/install/local_setup.sh'
[2.262s] INFO:colcon.colcon_core.shell:Creating prefix util module '/home/bot/mb6-space/larm-bb8/install/_local_setup_util_sh.py'
[2.262s] INFO:colcon.colcon_core.shell:Creating prefix chain script '/home/bot/mb6-space/larm-bb8/install/setup.sh'
[2.286s] INFO:colcon.colcon_core.shell:Creating prefix script '/home/bot/mb6-space/larm-bb8/install/local_setup.bash'
[2.288s] INFO:colcon.colcon_core.shell:Creating prefix chain script '/home/bot/mb6-space/larm-bb8/install/setup.bash'
[2.327s] INFO:colcon.colcon_core.shell:Creating prefix script '/home/bot/mb6-space/larm-bb8/install/local_setup.zsh'
[2.328s] INFO:colcon.colcon_core.shell:Creating prefix chain script '/home/bot/mb6-space/larm-bb8/install/setup.zsh'
