[0.050s] Invoking command in '/home/imtld.local/niranjan.kulkarni/git/build/mb6_basic': CMAKE_PREFIX_PATH=${CMAKE_PREFIX_PATH}:/opt/ros/iron /usr/bin/cmake /home/imtld.local/niranjan.kulkarni/git/pkg-basic/mb6_basic -DCMAKE_INSTALL_PREFIX=/home/imtld.local/niranjan.kulkarni/git/install/mb6_basic
[0.181s] -- The C compiler identification is GNU 11.4.0
[0.296s] -- The CXX compiler identification is GNU 11.4.0
[0.318s] -- Detecting C compiler ABI info
[0.608s] -- Detecting C compiler ABI info - done
[0.635s] -- Check for working C compiler: /usr/bin/cc - skipped
[0.643s] -- Detecting C compile features
[0.650s] -- Detecting C compile features - done
[0.669s] -- Detecting CXX compiler ABI info
[0.933s] -- Detecting CXX compiler ABI info - done
[1.009s] -- Check for working CXX compiler: /usr/bin/c++ - skipped
[1.009s] -- Detecting CXX compile features
[1.009s] -- Detecting CXX compile features - done
[1.043s] -- Found ament_cmake: 2.0.3 (/opt/ros/iron/share/ament_cmake/cmake)
[1.198s] -- Found Python3: /usr/bin/python3.10 (found version "3.10.12") found components: Interpreter 
[1.466s] -- Found ament_lint_auto: 0.14.2 (/opt/ros/iron/share/ament_lint_auto/cmake)
[1.738s] -- Added test 'flake8' to check Python code syntax and style conventions
[1.741s] -- Configured 'flake8' exclude dirs and/or files: 
[1.748s] -- Added test 'lint_cmake' to check CMake code style
[1.758s] -- Added test 'pep257' to check Python code against some of the docstring style conventions in PEP 257
[1.780s] -- Added test 'xmllint' to check XML markup files
[1.862s] -- Configuring done
[2.090s] -- Generating done
[2.136s] -- Build files have been written to: /home/imtld.local/niranjan.kulkarni/git/build/mb6_basic
[2.139s] Invoked command in '/home/imtld.local/niranjan.kulkarni/git/build/mb6_basic' returned '0': CMAKE_PREFIX_PATH=${CMAKE_PREFIX_PATH}:/opt/ros/iron /usr/bin/cmake /home/imtld.local/niranjan.kulkarni/git/pkg-basic/mb6_basic -DCMAKE_INSTALL_PREFIX=/home/imtld.local/niranjan.kulkarni/git/install/mb6_basic
[2.142s] Invoking command in '/home/imtld.local/niranjan.kulkarni/git/build/mb6_basic': CMAKE_PREFIX_PATH=${CMAKE_PREFIX_PATH}:/opt/ros/iron /usr/bin/cmake --build /home/imtld.local/niranjan.kulkarni/git/build/mb6_basic -- -j12 -l12
[2.220s] Invoked command in '/home/imtld.local/niranjan.kulkarni/git/build/mb6_basic' returned '0': CMAKE_PREFIX_PATH=${CMAKE_PREFIX_PATH}:/opt/ros/iron /usr/bin/cmake --build /home/imtld.local/niranjan.kulkarni/git/build/mb6_basic -- -j12 -l12
[2.267s] Invoking command in '/home/imtld.local/niranjan.kulkarni/git/build/mb6_basic': CMAKE_PREFIX_PATH=${CMAKE_PREFIX_PATH}:/opt/ros/iron /usr/bin/cmake --install /home/imtld.local/niranjan.kulkarni/git/build/mb6_basic
[2.274s] -- Install configuration: ""
[2.276s] -- Installing: /home/imtld.local/niranjan.kulkarni/git/install/mb6_basic/share/mb6_basic//launch
[2.300s] -- Installing: /home/imtld.local/niranjan.kulkarni/git/install/mb6_basic/share/mb6_basic//launch/parasit_launch.yaml
[2.323s] -- Installing: /home/imtld.local/niranjan.kulkarni/git/install/mb6_basic/lib/mb6_basic/basic
[2.350s] -- Installing: /home/imtld.local/niranjan.kulkarni/git/install/mb6_basic/lib/mb6_basic/basic/__init__.py
[2.375s] -- Installing: /home/imtld.local/niranjan.kulkarni/git/install/mb6_basic/lib/mb6_basic/multiplexer
[2.408s] -- Installing: /home/imtld.local/niranjan.kulkarni/git/install/mb6_basic/lib/mb6_basic/parasit
[2.438s] -- Installing: /home/imtld.local/niranjan.kulkarni/git/install/mb6_basic/lib/mb6_basic/pulse_monitor
[2.464s] -- Installing: /home/imtld.local/niranjan.kulkarni/git/install/mb6_basic/share/ament_index/resource_index/package_run_dependencies/mb6_basic
[2.484s] -- Installing: /home/imtld.local/niranjan.kulkarni/git/install/mb6_basic/share/ament_index/resource_index/parent_prefix_path/mb6_basic
[2.528s] -- Installing: /home/imtld.local/niranjan.kulkarni/git/install/mb6_basic/share/mb6_basic/environment/ament_prefix_path.sh
[2.566s] -- Installing: /home/imtld.local/niranjan.kulkarni/git/install/mb6_basic/share/mb6_basic/environment/ament_prefix_path.dsv
[2.589s] -- Installing: /home/imtld.local/niranjan.kulkarni/git/install/mb6_basic/share/mb6_basic/environment/path.sh
[2.611s] -- Installing: /home/imtld.local/niranjan.kulkarni/git/install/mb6_basic/share/mb6_basic/environment/path.dsv
[2.632s] -- Installing: /home/imtld.local/niranjan.kulkarni/git/install/mb6_basic/share/mb6_basic/local_setup.bash
[2.662s] -- Installing: /home/imtld.local/niranjan.kulkarni/git/install/mb6_basic/share/mb6_basic/local_setup.sh
[2.723s] -- Installing: /home/imtld.local/niranjan.kulkarni/git/install/mb6_basic/share/mb6_basic/local_setup.zsh
[2.754s] -- Installing: /home/imtld.local/niranjan.kulkarni/git/install/mb6_basic/share/mb6_basic/local_setup.dsv
[2.791s] -- Installing: /home/imtld.local/niranjan.kulkarni/git/install/mb6_basic/share/mb6_basic/package.dsv
[2.819s] -- Installing: /home/imtld.local/niranjan.kulkarni/git/install/mb6_basic/share/ament_index/resource_index/packages/mb6_basic
[2.860s] -- Installing: /home/imtld.local/niranjan.kulkarni/git/install/mb6_basic/share/mb6_basic/cmake/mb6_basicConfig.cmake
[2.882s] -- Installing: /home/imtld.local/niranjan.kulkarni/git/install/mb6_basic/share/mb6_basic/cmake/mb6_basicConfig-version.cmake
[2.951s] -- Installing: /home/imtld.local/niranjan.kulkarni/git/install/mb6_basic/share/mb6_basic/package.xml
[3.005s] Invoked command in '/home/imtld.local/niranjan.kulkarni/git/build/mb6_basic' returned '0': CMAKE_PREFIX_PATH=${CMAKE_PREFIX_PATH}:/opt/ros/iron /usr/bin/cmake --install /home/imtld.local/niranjan.kulkarni/git/build/mb6_basic
