[0.319s] DEBUG:colcon:Command line arguments: ['/usr/bin/colcon', 'build']
[0.320s] DEBUG:colcon:Parsed command line arguments: Namespace(log_base=None, log_level=None, verb_name='build', build_base='build', install_base='install', merge_install=False, symlink_install=False, test_result_base=None, continue_on_error=False, executor='parallel', parallel_workers=12, event_handlers=None, ignore_user_meta=False, metas=['./colcon.meta'], base_paths=['.'], packages_ignore=None, packages_ignore_regex=None, paths=None, packages_up_to=None, packages_up_to_regex=None, packages_above=None, packages_above_and_dependencies=None, packages_above_depth=None, packages_select_by_dep=None, packages_skip_by_dep=None, packages_skip_up_to=None, packages_select_build_failed=False, packages_skip_build_finished=False, packages_select_test_failures=False, packages_skip_test_passed=False, packages_select=None, packages_skip=None, packages_select_regex=None, packages_skip_regex=None, packages_start=None, packages_end=None, allow_overriding=[], cmake_args=None, cmake_target=None, cmake_target_skip_unavailable=False, cmake_clean_cache=False, cmake_clean_first=False, cmake_force_configure=False, ament_cmake_args=None, catkin_cmake_args=None, catkin_skip_building_tests=False, verb_parser=<colcon_defaults.argument_parser.defaults.DefaultArgumentsDecorator object at 0x7fe67ceebbb0>, verb_extension=<colcon_core.verb.build.BuildVerb object at 0x7fe67d6d8af0>, main=<bound method BuildVerb.main of <colcon_core.verb.build.BuildVerb object at 0x7fe67d6d8af0>>)
[0.346s] Level 1:colcon.colcon_core.package_discovery:discover_packages(colcon_meta) check parameters
[0.346s] Level 1:colcon.colcon_core.package_discovery:discover_packages(recursive) check parameters
[0.346s] Level 1:colcon.colcon_core.package_discovery:discover_packages(ignore) check parameters
[0.346s] Level 1:colcon.colcon_core.package_discovery:discover_packages(path) check parameters
[0.346s] Level 1:colcon.colcon_core.package_discovery:discover_packages(colcon_meta) discover
[0.347s] Level 1:colcon.colcon_core.package_discovery:discover_packages(recursive) discover
[0.347s] INFO:colcon.colcon_core.package_discovery:Crawling recursively for packages in '/home/imtld.local/aristide.dossou-yovo/ros2_ws'
[0.347s] Level 1:colcon.colcon_core.package_identification:_identify(.) by extensions ['ignore', 'ignore_ament_install']
[0.347s] Level 1:colcon.colcon_core.package_identification:_identify(.) by extension 'ignore'
[0.347s] Level 1:colcon.colcon_core.package_identification:_identify(.) by extension 'ignore_ament_install'
[0.347s] Level 1:colcon.colcon_core.package_identification:_identify(.) by extensions ['colcon_pkg']
[0.348s] Level 1:colcon.colcon_core.package_identification:_identify(.) by extension 'colcon_pkg'
[0.348s] Level 1:colcon.colcon_core.package_identification:_identify(.) by extensions ['colcon_meta']
[0.348s] Level 1:colcon.colcon_core.package_identification:_identify(.) by extension 'colcon_meta'
[0.348s] Level 1:colcon.colcon_core.package_identification:_identify(.) by extensions ['ros']
[0.348s] Level 1:colcon.colcon_core.package_identification:_identify(.) by extension 'ros'
[0.357s] Level 1:colcon.colcon_core.package_identification:_identify(.) by extensions ['cmake', 'python']
[0.357s] Level 1:colcon.colcon_core.package_identification:_identify(.) by extension 'cmake'
[0.358s] Level 1:colcon.colcon_core.package_identification:_identify(.) by extension 'python'
[0.358s] Level 1:colcon.colcon_core.package_identification:_identify(.) by extensions ['python_setup_py']
[0.358s] Level 1:colcon.colcon_core.package_identification:_identify(.) by extension 'python_setup_py'
[0.358s] Level 1:colcon.colcon_core.package_identification:_identify(build) by extensions ['ignore', 'ignore_ament_install']
[0.358s] Level 1:colcon.colcon_core.package_identification:_identify(build) by extension 'ignore'
[0.358s] Level 1:colcon.colcon_core.package_identification:_identify(build) ignored
[0.359s] Level 1:colcon.colcon_core.package_identification:_identify(install) by extensions ['ignore', 'ignore_ament_install']
[0.359s] Level 1:colcon.colcon_core.package_identification:_identify(install) by extension 'ignore'
[0.359s] Level 1:colcon.colcon_core.package_identification:_identify(install) ignored
[0.361s] Level 1:colcon.colcon_core.package_identification:_identify(log) by extensions ['ignore', 'ignore_ament_install']
[0.361s] Level 1:colcon.colcon_core.package_identification:_identify(log) by extension 'ignore'
[0.361s] Level 1:colcon.colcon_core.package_identification:_identify(log) ignored
[0.362s] Level 1:colcon.colcon_core.package_identification:_identify(move) by extensions ['ignore', 'ignore_ament_install']
[0.362s] Level 1:colcon.colcon_core.package_identification:_identify(move) by extension 'ignore'
[0.362s] Level 1:colcon.colcon_core.package_identification:_identify(move) by extension 'ignore_ament_install'
[0.362s] Level 1:colcon.colcon_core.package_identification:_identify(move) by extensions ['colcon_pkg']
[0.362s] Level 1:colcon.colcon_core.package_identification:_identify(move) by extension 'colcon_pkg'
[0.362s] Level 1:colcon.colcon_core.package_identification:_identify(move) by extensions ['colcon_meta']
[0.362s] Level 1:colcon.colcon_core.package_identification:_identify(move) by extension 'colcon_meta'
[0.362s] Level 1:colcon.colcon_core.package_identification:_identify(move) by extensions ['ros']
[0.362s] Level 1:colcon.colcon_core.package_identification:_identify(move) by extension 'ros'
[0.362s] Level 1:colcon.colcon_core.package_identification:_identify(move) by extensions ['cmake', 'python']
[0.362s] Level 1:colcon.colcon_core.package_identification:_identify(move) by extension 'cmake'
[0.362s] Level 1:colcon.colcon_core.package_identification:_identify(move) by extension 'python'
[0.362s] Level 1:colcon.colcon_core.package_identification:_identify(move) by extensions ['python_setup_py']
[0.362s] Level 1:colcon.colcon_core.package_identification:_identify(move) by extension 'python_setup_py'
[0.363s] Level 1:colcon.colcon_core.package_identification:_identify(move/__pycache__) by extensions ['ignore', 'ignore_ament_install']
[0.363s] Level 1:colcon.colcon_core.package_identification:_identify(move/__pycache__) by extension 'ignore'
[0.363s] Level 1:colcon.colcon_core.package_identification:_identify(move/__pycache__) by extension 'ignore_ament_install'
[0.363s] Level 1:colcon.colcon_core.package_identification:_identify(move/__pycache__) by extensions ['colcon_pkg']
[0.363s] Level 1:colcon.colcon_core.package_identification:_identify(move/__pycache__) by extension 'colcon_pkg'
[0.363s] Level 1:colcon.colcon_core.package_identification:_identify(move/__pycache__) by extensions ['colcon_meta']
[0.363s] Level 1:colcon.colcon_core.package_identification:_identify(move/__pycache__) by extension 'colcon_meta'
[0.363s] Level 1:colcon.colcon_core.package_identification:_identify(move/__pycache__) by extensions ['ros']
[0.363s] Level 1:colcon.colcon_core.package_identification:_identify(move/__pycache__) by extension 'ros'
[0.363s] Level 1:colcon.colcon_core.package_identification:_identify(move/__pycache__) by extensions ['cmake', 'python']
[0.363s] Level 1:colcon.colcon_core.package_identification:_identify(move/__pycache__) by extension 'cmake'
[0.363s] Level 1:colcon.colcon_core.package_identification:_identify(move/__pycache__) by extension 'python'
[0.363s] Level 1:colcon.colcon_core.package_identification:_identify(move/__pycache__) by extensions ['python_setup_py']
[0.363s] Level 1:colcon.colcon_core.package_identification:_identify(move/__pycache__) by extension 'python_setup_py'
[0.364s] Level 1:colcon.colcon_core.package_identification:_identify(src) by extensions ['ignore', 'ignore_ament_install']
[0.364s] Level 1:colcon.colcon_core.package_identification:_identify(src) by extension 'ignore'
[0.364s] Level 1:colcon.colcon_core.package_identification:_identify(src) by extension 'ignore_ament_install'
[0.364s] Level 1:colcon.colcon_core.package_identification:_identify(src) by extensions ['colcon_pkg']
[0.364s] Level 1:colcon.colcon_core.package_identification:_identify(src) by extension 'colcon_pkg'
[0.364s] Level 1:colcon.colcon_core.package_identification:_identify(src) by extensions ['colcon_meta']
[0.364s] Level 1:colcon.colcon_core.package_identification:_identify(src) by extension 'colcon_meta'
[0.364s] Level 1:colcon.colcon_core.package_identification:_identify(src) by extensions ['ros']
[0.364s] Level 1:colcon.colcon_core.package_identification:_identify(src) by extension 'ros'
[0.364s] Level 1:colcon.colcon_core.package_identification:_identify(src) by extensions ['cmake', 'python']
[0.364s] Level 1:colcon.colcon_core.package_identification:_identify(src) by extension 'cmake'
[0.364s] Level 1:colcon.colcon_core.package_identification:_identify(src) by extension 'python'
[0.365s] Level 1:colcon.colcon_core.package_identification:_identify(src) by extensions ['python_setup_py']
[0.365s] Level 1:colcon.colcon_core.package_identification:_identify(src) by extension 'python_setup_py'
[0.365s] Level 1:colcon.colcon_core.package_identification:_identify(src/tuto_kickoff) by extensions ['ignore', 'ignore_ament_install']
[0.366s] Level 1:colcon.colcon_core.package_identification:_identify(src/tuto_kickoff) by extension 'ignore'
[0.366s] Level 1:colcon.colcon_core.package_identification:_identify(src/tuto_kickoff) by extension 'ignore_ament_install'
[0.366s] Level 1:colcon.colcon_core.package_identification:_identify(src/tuto_kickoff) by extensions ['colcon_pkg']
[0.366s] Level 1:colcon.colcon_core.package_identification:_identify(src/tuto_kickoff) by extension 'colcon_pkg'
[0.366s] Level 1:colcon.colcon_core.package_identification:_identify(src/tuto_kickoff) by extensions ['colcon_meta']
[0.366s] Level 1:colcon.colcon_core.package_identification:_identify(src/tuto_kickoff) by extension 'colcon_meta'
[0.366s] Level 1:colcon.colcon_core.package_identification:_identify(src/tuto_kickoff) by extensions ['ros']
[0.366s] Level 1:colcon.colcon_core.package_identification:_identify(src/tuto_kickoff) by extension 'ros'
[0.369s] DEBUG:colcon.colcon_core.package_identification:Package 'src/tuto_kickoff' with type 'ros.ament_cmake' and name 'tuto_kickoff'
[0.369s] Level 1:colcon.colcon_core.package_discovery:discover_packages(recursive) using defaults
[0.370s] Level 1:colcon.colcon_core.package_discovery:discover_packages(ignore) discover
[0.370s] Level 1:colcon.colcon_core.package_discovery:discover_packages(ignore) using defaults
[0.370s] Level 1:colcon.colcon_core.package_discovery:discover_packages(path) discover
[0.370s] Level 1:colcon.colcon_core.package_discovery:discover_packages(path) using defaults
[0.389s] Level 1:colcon.colcon_core.package_discovery:discover_packages(prefix_path) check parameters
[0.389s] Level 1:colcon.colcon_core.package_discovery:discover_packages(prefix_path) discover
[0.403s] DEBUG:colcon.colcon_installed_package_information.package_discovery:Found 1 installed packages in /home/imtld.local/aristide.dossou-yovo/ros2_ws/install
[0.416s] DEBUG:colcon.colcon_installed_package_information.package_discovery:Found 1 installed packages in /home/imtld.local/aristide.dossou-yovo/ros_ws/install
[0.419s] DEBUG:colcon.colcon_installed_package_information.package_discovery:Found 340 installed packages in /opt/ros/iron
[0.421s] Level 1:colcon.colcon_core.package_discovery:discover_packages(prefix_path) using defaults
[0.473s] Level 5:colcon.colcon_core.verb:set package 'tuto_kickoff' build argument 'cmake_args' from command line to 'None'
[0.473s] Level 5:colcon.colcon_core.verb:set package 'tuto_kickoff' build argument 'cmake_target' from command line to 'None'
[0.474s] Level 5:colcon.colcon_core.verb:set package 'tuto_kickoff' build argument 'cmake_target_skip_unavailable' from command line to 'False'
[0.474s] Level 5:colcon.colcon_core.verb:set package 'tuto_kickoff' build argument 'cmake_clean_cache' from command line to 'False'
[0.474s] Level 5:colcon.colcon_core.verb:set package 'tuto_kickoff' build argument 'cmake_clean_first' from command line to 'False'
[0.474s] Level 5:colcon.colcon_core.verb:set package 'tuto_kickoff' build argument 'cmake_force_configure' from command line to 'False'
[0.474s] Level 5:colcon.colcon_core.verb:set package 'tuto_kickoff' build argument 'ament_cmake_args' from command line to 'None'
[0.474s] Level 5:colcon.colcon_core.verb:set package 'tuto_kickoff' build argument 'catkin_cmake_args' from command line to 'None'
[0.474s] Level 5:colcon.colcon_core.verb:set package 'tuto_kickoff' build argument 'catkin_skip_building_tests' from command line to 'False'
[0.474s] DEBUG:colcon.colcon_core.verb:Building package 'tuto_kickoff' with the following arguments: {'ament_cmake_args': None, 'build_base': '/home/imtld.local/aristide.dossou-yovo/ros2_ws/build/tuto_kickoff', 'catkin_cmake_args': None, 'catkin_skip_building_tests': False, 'cmake_args': None, 'cmake_clean_cache': False, 'cmake_clean_first': False, 'cmake_force_configure': False, 'cmake_target': None, 'cmake_target_skip_unavailable': False, 'install_base': '/home/imtld.local/aristide.dossou-yovo/ros2_ws/install/tuto_kickoff', 'merge_install': False, 'path': '/home/imtld.local/aristide.dossou-yovo/ros2_ws/src/tuto_kickoff', 'symlink_install': False, 'test_result_base': None}
[0.474s] INFO:colcon.colcon_core.executor:Executing jobs using 'parallel' executor
[0.477s] DEBUG:colcon.colcon_parallel_executor.executor.parallel:run_until_complete
[0.477s] INFO:colcon.colcon_ros.task.ament_cmake.build:Building ROS package in '/home/imtld.local/aristide.dossou-yovo/ros2_ws/src/tuto_kickoff' with build type 'ament_cmake'
[0.477s] INFO:colcon.colcon_cmake.task.cmake.build:Building CMake package in '/home/imtld.local/aristide.dossou-yovo/ros2_ws/src/tuto_kickoff'
[0.480s] INFO:colcon.colcon_core.plugin_system:Skipping extension 'colcon_core.shell.bat': Not used on non-Windows systems
[0.481s] INFO:colcon.colcon_core.shell:Skip shell extension 'powershell' for command environment: Not usable outside of PowerShell
[0.481s] DEBUG:colcon.colcon_core.shell:Skip shell extension 'dsv' for command environment
[0.592s] DEBUG:colcon.colcon_core.event_handler.log_command:Invoking command in '/home/imtld.local/aristide.dossou-yovo/ros2_ws/build/tuto_kickoff': CMAKE_PREFIX_PATH=${CMAKE_PREFIX_PATH}:/opt/ros/iron /usr/bin/cmake --build /home/imtld.local/aristide.dossou-yovo/ros2_ws/build/tuto_kickoff -- -j12 -l12
[0.640s] DEBUG:colcon.colcon_core.event_handler.log_command:Invoked command in '/home/imtld.local/aristide.dossou-yovo/ros2_ws/build/tuto_kickoff' returned '0': CMAKE_PREFIX_PATH=${CMAKE_PREFIX_PATH}:/opt/ros/iron /usr/bin/cmake --build /home/imtld.local/aristide.dossou-yovo/ros2_ws/build/tuto_kickoff -- -j12 -l12
[0.686s] DEBUG:colcon.colcon_core.event_handler.log_command:Invoking command in '/home/imtld.local/aristide.dossou-yovo/ros2_ws/build/tuto_kickoff': CMAKE_PREFIX_PATH=${CMAKE_PREFIX_PATH}:/opt/ros/iron /usr/bin/cmake --install /home/imtld.local/aristide.dossou-yovo/ros2_ws/build/tuto_kickoff
[0.871s] Level 1:colcon.colcon_core.environment:create_environment_scripts_only(tuto_kickoff)
[0.874s] DEBUG:colcon.colcon_core.event_handler.log_command:Invoked command in '/home/imtld.local/aristide.dossou-yovo/ros2_ws/build/tuto_kickoff' returned '0': CMAKE_PREFIX_PATH=${CMAKE_PREFIX_PATH}:/opt/ros/iron /usr/bin/cmake --install /home/imtld.local/aristide.dossou-yovo/ros2_ws/build/tuto_kickoff
[0.889s] Level 1:colcon.colcon_core.environment:checking '/home/imtld.local/aristide.dossou-yovo/ros2_ws/install/tuto_kickoff' for CMake module files
[0.894s] Level 1:colcon.colcon_core.environment:checking '/home/imtld.local/aristide.dossou-yovo/ros2_ws/install/tuto_kickoff' for CMake config files
[0.898s] Level 1:colcon.colcon_core.shell:create_environment_hook('tuto_kickoff', 'cmake_prefix_path')
[0.904s] INFO:colcon.colcon_core.shell:Creating environment hook '/home/imtld.local/aristide.dossou-yovo/ros2_ws/install/tuto_kickoff/share/tuto_kickoff/hook/cmake_prefix_path.ps1'
[0.922s] INFO:colcon.colcon_core.shell:Creating environment descriptor '/home/imtld.local/aristide.dossou-yovo/ros2_ws/install/tuto_kickoff/share/tuto_kickoff/hook/cmake_prefix_path.dsv'
[0.930s] INFO:colcon.colcon_core.shell:Creating environment hook '/home/imtld.local/aristide.dossou-yovo/ros2_ws/install/tuto_kickoff/share/tuto_kickoff/hook/cmake_prefix_path.sh'
[0.943s] Level 1:colcon.colcon_core.environment:checking '/home/imtld.local/aristide.dossou-yovo/ros2_ws/install/tuto_kickoff/lib'
[0.945s] Level 1:colcon.colcon_core.environment:checking '/home/imtld.local/aristide.dossou-yovo/ros2_ws/install/tuto_kickoff/bin'
[0.945s] Level 1:colcon.colcon_core.environment:checking '/home/imtld.local/aristide.dossou-yovo/ros2_ws/install/tuto_kickoff/lib/pkgconfig/tuto_kickoff.pc'
[0.946s] Level 1:colcon.colcon_core.environment:checking '/home/imtld.local/aristide.dossou-yovo/ros2_ws/install/tuto_kickoff/lib/python3.10/site-packages'
[0.947s] Level 1:colcon.colcon_core.environment:checking '/home/imtld.local/aristide.dossou-yovo/ros2_ws/install/tuto_kickoff/bin'
[0.952s] INFO:colcon.colcon_core.shell:Creating package script '/home/imtld.local/aristide.dossou-yovo/ros2_ws/install/tuto_kickoff/share/tuto_kickoff/package.ps1'
[0.970s] INFO:colcon.colcon_core.shell:Creating package descriptor '/home/imtld.local/aristide.dossou-yovo/ros2_ws/install/tuto_kickoff/share/tuto_kickoff/package.dsv'
[0.977s] INFO:colcon.colcon_core.shell:Creating package script '/home/imtld.local/aristide.dossou-yovo/ros2_ws/install/tuto_kickoff/share/tuto_kickoff/package.sh'
[0.991s] INFO:colcon.colcon_core.shell:Creating package script '/home/imtld.local/aristide.dossou-yovo/ros2_ws/install/tuto_kickoff/share/tuto_kickoff/package.bash'
[1.019s] INFO:colcon.colcon_core.shell:Creating package script '/home/imtld.local/aristide.dossou-yovo/ros2_ws/install/tuto_kickoff/share/tuto_kickoff/package.zsh'
[1.026s] Level 1:colcon.colcon_core.environment:create_file_with_runtime_dependencies(/home/imtld.local/aristide.dossou-yovo/ros2_ws/install/tuto_kickoff/share/colcon-core/packages/tuto_kickoff)
[1.143s] Level 1:colcon.colcon_core.environment:create_environment_scripts_only(tuto_kickoff)
[1.150s] Level 1:colcon.colcon_core.environment:checking '/home/imtld.local/aristide.dossou-yovo/ros2_ws/install/tuto_kickoff' for CMake module files
[1.155s] Level 1:colcon.colcon_core.environment:checking '/home/imtld.local/aristide.dossou-yovo/ros2_ws/install/tuto_kickoff' for CMake config files
[1.159s] Level 1:colcon.colcon_core.shell:create_environment_hook('tuto_kickoff', 'cmake_prefix_path')
[1.165s] INFO:colcon.colcon_core.shell:Creating environment hook '/home/imtld.local/aristide.dossou-yovo/ros2_ws/install/tuto_kickoff/share/tuto_kickoff/hook/cmake_prefix_path.ps1'
[1.170s] INFO:colcon.colcon_core.shell:Creating environment descriptor '/home/imtld.local/aristide.dossou-yovo/ros2_ws/install/tuto_kickoff/share/tuto_kickoff/hook/cmake_prefix_path.dsv'
[1.184s] INFO:colcon.colcon_core.shell:Creating environment hook '/home/imtld.local/aristide.dossou-yovo/ros2_ws/install/tuto_kickoff/share/tuto_kickoff/hook/cmake_prefix_path.sh'
[1.189s] Level 1:colcon.colcon_core.environment:checking '/home/imtld.local/aristide.dossou-yovo/ros2_ws/install/tuto_kickoff/lib'
[1.190s] Level 1:colcon.colcon_core.environment:checking '/home/imtld.local/aristide.dossou-yovo/ros2_ws/install/tuto_kickoff/bin'
[1.190s] Level 1:colcon.colcon_core.environment:checking '/home/imtld.local/aristide.dossou-yovo/ros2_ws/install/tuto_kickoff/lib/pkgconfig/tuto_kickoff.pc'
[1.190s] Level 1:colcon.colcon_core.environment:checking '/home/imtld.local/aristide.dossou-yovo/ros2_ws/install/tuto_kickoff/lib/python3.10/site-packages'
[1.191s] Level 1:colcon.colcon_core.environment:checking '/home/imtld.local/aristide.dossou-yovo/ros2_ws/install/tuto_kickoff/bin'
[1.194s] INFO:colcon.colcon_core.shell:Creating package script '/home/imtld.local/aristide.dossou-yovo/ros2_ws/install/tuto_kickoff/share/tuto_kickoff/package.ps1'
[1.199s] INFO:colcon.colcon_core.shell:Creating package descriptor '/home/imtld.local/aristide.dossou-yovo/ros2_ws/install/tuto_kickoff/share/tuto_kickoff/package.dsv'
[1.204s] INFO:colcon.colcon_core.shell:Creating package script '/home/imtld.local/aristide.dossou-yovo/ros2_ws/install/tuto_kickoff/share/tuto_kickoff/package.sh'
[1.208s] INFO:colcon.colcon_core.shell:Creating package script '/home/imtld.local/aristide.dossou-yovo/ros2_ws/install/tuto_kickoff/share/tuto_kickoff/package.bash'
[1.213s] INFO:colcon.colcon_core.shell:Creating package script '/home/imtld.local/aristide.dossou-yovo/ros2_ws/install/tuto_kickoff/share/tuto_kickoff/package.zsh'
[1.217s] Level 1:colcon.colcon_core.environment:create_file_with_runtime_dependencies(/home/imtld.local/aristide.dossou-yovo/ros2_ws/install/tuto_kickoff/share/colcon-core/packages/tuto_kickoff)
[1.221s] DEBUG:colcon.colcon_parallel_executor.executor.parallel:closing loop
[1.221s] DEBUG:colcon.colcon_parallel_executor.executor.parallel:loop closed
[1.221s] DEBUG:colcon.colcon_parallel_executor.executor.parallel:run_until_complete finished with '0'
[1.222s] DEBUG:colcon.colcon_core.event_reactor:joining thread
[1.258s] INFO:colcon.colcon_core.plugin_system:Skipping extension 'colcon_notification.desktop_notification.terminal_notifier': Not used on non-Darwin systems
[1.259s] INFO:colcon.colcon_core.plugin_system:Skipping extension 'colcon_notification.desktop_notification.win32': Not used on non-Windows systems
[1.259s] INFO:colcon.colcon_notification.desktop_notification:Sending desktop notification using 'notify2'
[1.294s] DEBUG:colcon.colcon_core.event_reactor:joined thread
[1.299s] INFO:colcon.colcon_core.shell:Creating prefix script '/home/imtld.local/aristide.dossou-yovo/ros2_ws/install/local_setup.ps1'
[1.319s] INFO:colcon.colcon_core.shell:Creating prefix util module '/home/imtld.local/aristide.dossou-yovo/ros2_ws/install/_local_setup_util_ps1.py'
[1.357s] INFO:colcon.colcon_core.shell:Creating prefix chain script '/home/imtld.local/aristide.dossou-yovo/ros2_ws/install/setup.ps1'
[1.370s] INFO:colcon.colcon_core.shell:Creating prefix script '/home/imtld.local/aristide.dossou-yovo/ros2_ws/install/local_setup.sh'
[1.382s] INFO:colcon.colcon_core.shell:Creating prefix util module '/home/imtld.local/aristide.dossou-yovo/ros2_ws/install/_local_setup_util_sh.py'
[1.389s] INFO:colcon.colcon_core.shell:Creating prefix chain script '/home/imtld.local/aristide.dossou-yovo/ros2_ws/install/setup.sh'
[1.405s] INFO:colcon.colcon_core.shell:Creating prefix script '/home/imtld.local/aristide.dossou-yovo/ros2_ws/install/local_setup.bash'
[1.411s] INFO:colcon.colcon_core.shell:Creating prefix chain script '/home/imtld.local/aristide.dossou-yovo/ros2_ws/install/setup.bash'
[1.423s] INFO:colcon.colcon_core.shell:Creating prefix script '/home/imtld.local/aristide.dossou-yovo/ros2_ws/install/local_setup.zsh'
[1.430s] INFO:colcon.colcon_core.shell:Creating prefix chain script '/home/imtld.local/aristide.dossou-yovo/ros2_ws/install/setup.zsh'
