[0.282s] DEBUG:colcon:Command line arguments: ['/usr/bin/colcon', 'build']
[0.282s] DEBUG:colcon:Parsed command line arguments: Namespace(log_base=None, log_level=None, verb_name='build', build_base='build', install_base='install', merge_install=False, symlink_install=False, test_result_base=None, continue_on_error=False, executor='parallel', parallel_workers=12, event_handlers=None, ignore_user_meta=False, metas=['./colcon.meta'], base_paths=['.'], packages_ignore=None, packages_ignore_regex=None, paths=None, packages_up_to=None, packages_up_to_regex=None, packages_above=None, packages_above_and_dependencies=None, packages_above_depth=None, packages_select_by_dep=None, packages_skip_by_dep=None, packages_skip_up_to=None, packages_select_build_failed=False, packages_skip_build_finished=False, packages_select_test_failures=False, packages_skip_test_passed=False, packages_select=None, packages_skip=None, packages_select_regex=None, packages_skip_regex=None, packages_start=None, packages_end=None, allow_overriding=[], cmake_args=None, cmake_target=None, cmake_target_skip_unavailable=False, cmake_clean_cache=False, cmake_clean_first=False, cmake_force_configure=False, ament_cmake_args=None, catkin_cmake_args=None, catkin_skip_building_tests=False, verb_parser=<colcon_defaults.argument_parser.defaults.DefaultArgumentsDecorator object at 0x7f18769ec190>, verb_extension=<colcon_core.verb.build.BuildVerb object at 0x7f187741c910>, main=<bound method BuildVerb.main of <colcon_core.verb.build.BuildVerb object at 0x7f187741c910>>)
[0.346s] Level 1:colcon.colcon_core.package_discovery:discover_packages(colcon_meta) check parameters
[0.346s] Level 1:colcon.colcon_core.package_discovery:discover_packages(recursive) check parameters
[0.348s] Level 1:colcon.colcon_core.package_discovery:discover_packages(ignore) check parameters
[0.348s] Level 1:colcon.colcon_core.package_discovery:discover_packages(path) check parameters
[0.348s] Level 1:colcon.colcon_core.package_discovery:discover_packages(colcon_meta) discover
[0.349s] Level 1:colcon.colcon_core.package_discovery:discover_packages(recursive) discover
[0.349s] INFO:colcon.colcon_core.package_discovery:Crawling recursively for packages in '/home/imtld.local/niranjan.kulkarni/git'
[0.351s] Level 1:colcon.colcon_core.package_identification:_identify(.) by extensions ['ignore', 'ignore_ament_install']
[0.352s] Level 1:colcon.colcon_core.package_identification:_identify(.) by extension 'ignore'
[0.354s] Level 1:colcon.colcon_core.package_identification:_identify(.) by extension 'ignore_ament_install'
[0.356s] Level 1:colcon.colcon_core.package_identification:_identify(.) by extensions ['colcon_pkg']
[0.358s] Level 1:colcon.colcon_core.package_identification:_identify(.) by extension 'colcon_pkg'
[0.358s] Level 1:colcon.colcon_core.package_identification:_identify(.) by extensions ['colcon_meta']
[0.365s] Level 1:colcon.colcon_core.package_identification:_identify(.) by extension 'colcon_meta'
[0.365s] Level 1:colcon.colcon_core.package_identification:_identify(.) by extensions ['ros']
[0.367s] Level 1:colcon.colcon_core.package_identification:_identify(.) by extension 'ros'
[0.379s] Level 1:colcon.colcon_core.package_identification:_identify(.) by extensions ['cmake', 'python']
[0.379s] Level 1:colcon.colcon_core.package_identification:_identify(.) by extension 'cmake'
[0.379s] Level 1:colcon.colcon_core.package_identification:_identify(.) by extension 'python'
[0.381s] Level 1:colcon.colcon_core.package_identification:_identify(.) by extensions ['python_setup_py']
[0.383s] Level 1:colcon.colcon_core.package_identification:_identify(.) by extension 'python_setup_py'
[0.385s] Level 1:colcon.colcon_core.package_identification:_identify(build) by extensions ['ignore', 'ignore_ament_install']
[0.385s] Level 1:colcon.colcon_core.package_identification:_identify(build) by extension 'ignore'
[0.387s] Level 1:colcon.colcon_core.package_identification:_identify(build) ignored
[0.390s] Level 1:colcon.colcon_core.package_identification:_identify(grpe_larm_mother) by extensions ['ignore', 'ignore_ament_install']
[0.391s] Level 1:colcon.colcon_core.package_identification:_identify(grpe_larm_mother) by extension 'ignore'
[0.393s] Level 1:colcon.colcon_core.package_identification:_identify(grpe_larm_mother) by extension 'ignore_ament_install'
[0.393s] Level 1:colcon.colcon_core.package_identification:_identify(grpe_larm_mother) by extensions ['colcon_pkg']
[0.394s] Level 1:colcon.colcon_core.package_identification:_identify(grpe_larm_mother) by extension 'colcon_pkg'
[0.394s] Level 1:colcon.colcon_core.package_identification:_identify(grpe_larm_mother) by extensions ['colcon_meta']
[0.396s] Level 1:colcon.colcon_core.package_identification:_identify(grpe_larm_mother) by extension 'colcon_meta'
[0.396s] Level 1:colcon.colcon_core.package_identification:_identify(grpe_larm_mother) by extensions ['ros']
[0.397s] Level 1:colcon.colcon_core.package_identification:_identify(grpe_larm_mother) by extension 'ros'
[0.401s] DEBUG:colcon.colcon_core.package_identification:Package 'grpe_larm_mother' with type 'ros.ament_cmake' and name 'grpe_larm_mother'
[0.402s] Level 1:colcon.colcon_core.package_identification:_identify(install) by extensions ['ignore', 'ignore_ament_install']
[0.402s] Level 1:colcon.colcon_core.package_identification:_identify(install) by extension 'ignore'
[0.405s] Level 1:colcon.colcon_core.package_identification:_identify(install) ignored
[0.406s] Level 1:colcon.colcon_core.package_identification:_identify(log) by extensions ['ignore', 'ignore_ament_install']
[0.406s] Level 1:colcon.colcon_core.package_identification:_identify(log) by extension 'ignore'
[0.408s] Level 1:colcon.colcon_core.package_identification:_identify(log) ignored
[0.409s] Level 1:colcon.colcon_core.package_identification:_identify(tbot_sim) by extensions ['ignore', 'ignore_ament_install']
[0.410s] Level 1:colcon.colcon_core.package_identification:_identify(tbot_sim) by extension 'ignore'
[0.412s] Level 1:colcon.colcon_core.package_identification:_identify(tbot_sim) by extension 'ignore_ament_install'
[0.412s] Level 1:colcon.colcon_core.package_identification:_identify(tbot_sim) by extensions ['colcon_pkg']
[0.413s] Level 1:colcon.colcon_core.package_identification:_identify(tbot_sim) by extension 'colcon_pkg'
[0.413s] Level 1:colcon.colcon_core.package_identification:_identify(tbot_sim) by extensions ['colcon_meta']
[0.416s] Level 1:colcon.colcon_core.package_identification:_identify(tbot_sim) by extension 'colcon_meta'
[0.416s] Level 1:colcon.colcon_core.package_identification:_identify(tbot_sim) by extensions ['ros']
[0.417s] Level 1:colcon.colcon_core.package_identification:_identify(tbot_sim) by extension 'ros'
[0.420s] DEBUG:colcon.colcon_core.package_identification:Package 'tbot_sim' with type 'ros.ament_cmake' and name 'tbot_sim'
[0.420s] Level 1:colcon.colcon_core.package_discovery:discover_packages(recursive) using defaults
[0.422s] Level 1:colcon.colcon_core.package_discovery:discover_packages(ignore) discover
[0.422s] Level 1:colcon.colcon_core.package_discovery:discover_packages(ignore) using defaults
[0.422s] Level 1:colcon.colcon_core.package_discovery:discover_packages(path) discover
[0.423s] Level 1:colcon.colcon_core.package_discovery:discover_packages(path) using defaults
[0.447s] Level 1:colcon.colcon_core.package_discovery:discover_packages(prefix_path) check parameters
[0.447s] Level 1:colcon.colcon_core.package_discovery:discover_packages(prefix_path) discover
[0.463s] DEBUG:colcon.colcon_installed_package_information.package_discovery:Found 1 installed packages in /home/imtld.local/niranjan.kulkarni/ros_ws/install
[0.464s] DEBUG:colcon.colcon_installed_package_information.package_discovery:Found 340 installed packages in /opt/ros/iron
[0.467s] Level 1:colcon.colcon_core.package_discovery:discover_packages(prefix_path) using defaults
[0.512s] Level 5:colcon.colcon_core.verb:set package 'grpe_larm_mother' build argument 'cmake_args' from command line to 'None'
[0.512s] Level 5:colcon.colcon_core.verb:set package 'grpe_larm_mother' build argument 'cmake_target' from command line to 'None'
[0.512s] Level 5:colcon.colcon_core.verb:set package 'grpe_larm_mother' build argument 'cmake_target_skip_unavailable' from command line to 'False'
[0.512s] Level 5:colcon.colcon_core.verb:set package 'grpe_larm_mother' build argument 'cmake_clean_cache' from command line to 'False'
[0.514s] Level 5:colcon.colcon_core.verb:set package 'grpe_larm_mother' build argument 'cmake_clean_first' from command line to 'False'
[0.514s] Level 5:colcon.colcon_core.verb:set package 'grpe_larm_mother' build argument 'cmake_force_configure' from command line to 'False'
[0.514s] Level 5:colcon.colcon_core.verb:set package 'grpe_larm_mother' build argument 'ament_cmake_args' from command line to 'None'
[0.514s] Level 5:colcon.colcon_core.verb:set package 'grpe_larm_mother' build argument 'catkin_cmake_args' from command line to 'None'
[0.516s] Level 5:colcon.colcon_core.verb:set package 'grpe_larm_mother' build argument 'catkin_skip_building_tests' from command line to 'False'
[0.516s] DEBUG:colcon.colcon_core.verb:Building package 'grpe_larm_mother' with the following arguments: {'ament_cmake_args': None, 'build_base': '/home/imtld.local/niranjan.kulkarni/git/build/grpe_larm_mother', 'catkin_cmake_args': None, 'catkin_skip_building_tests': False, 'cmake_args': None, 'cmake_clean_cache': False, 'cmake_clean_first': False, 'cmake_force_configure': False, 'cmake_target': None, 'cmake_target_skip_unavailable': False, 'install_base': '/home/imtld.local/niranjan.kulkarni/git/install/grpe_larm_mother', 'merge_install': False, 'path': '/home/imtld.local/niranjan.kulkarni/git/grpe_larm_mother', 'symlink_install': False, 'test_result_base': None}
[0.518s] Level 5:colcon.colcon_core.verb:set package 'tbot_sim' build argument 'cmake_args' from command line to 'None'
[0.519s] Level 5:colcon.colcon_core.verb:set package 'tbot_sim' build argument 'cmake_target' from command line to 'None'
[0.519s] Level 5:colcon.colcon_core.verb:set package 'tbot_sim' build argument 'cmake_target_skip_unavailable' from command line to 'False'
[0.521s] Level 5:colcon.colcon_core.verb:set package 'tbot_sim' build argument 'cmake_clean_cache' from command line to 'False'
[0.521s] Level 5:colcon.colcon_core.verb:set package 'tbot_sim' build argument 'cmake_clean_first' from command line to 'False'
[0.521s] Level 5:colcon.colcon_core.verb:set package 'tbot_sim' build argument 'cmake_force_configure' from command line to 'False'
[0.521s] Level 5:colcon.colcon_core.verb:set package 'tbot_sim' build argument 'ament_cmake_args' from command line to 'None'
[0.522s] Level 5:colcon.colcon_core.verb:set package 'tbot_sim' build argument 'catkin_cmake_args' from command line to 'None'
[0.522s] Level 5:colcon.colcon_core.verb:set package 'tbot_sim' build argument 'catkin_skip_building_tests' from command line to 'False'
[0.522s] DEBUG:colcon.colcon_core.verb:Building package 'tbot_sim' with the following arguments: {'ament_cmake_args': None, 'build_base': '/home/imtld.local/niranjan.kulkarni/git/build/tbot_sim', 'catkin_cmake_args': None, 'catkin_skip_building_tests': False, 'cmake_args': None, 'cmake_clean_cache': False, 'cmake_clean_first': False, 'cmake_force_configure': False, 'cmake_target': None, 'cmake_target_skip_unavailable': False, 'install_base': '/home/imtld.local/niranjan.kulkarni/git/install/tbot_sim', 'merge_install': False, 'path': '/home/imtld.local/niranjan.kulkarni/git/tbot_sim', 'symlink_install': False, 'test_result_base': None}
[0.523s] INFO:colcon.colcon_core.executor:Executing jobs using 'parallel' executor
[0.527s] DEBUG:colcon.colcon_parallel_executor.executor.parallel:run_until_complete
[0.527s] INFO:colcon.colcon_ros.task.ament_cmake.build:Building ROS package in '/home/imtld.local/niranjan.kulkarni/git/grpe_larm_mother' with build type 'ament_cmake'
[0.528s] INFO:colcon.colcon_cmake.task.cmake.build:Building CMake package in '/home/imtld.local/niranjan.kulkarni/git/grpe_larm_mother'
[0.533s] INFO:colcon.colcon_core.plugin_system:Skipping extension 'colcon_core.shell.bat': Not used on non-Windows systems
[0.533s] INFO:colcon.colcon_core.shell:Skip shell extension 'powershell' for command environment: Not usable outside of PowerShell
[0.535s] DEBUG:colcon.colcon_core.shell:Skip shell extension 'dsv' for command environment
[0.575s] INFO:colcon.colcon_ros.task.ament_cmake.build:Building ROS package in '/home/imtld.local/niranjan.kulkarni/git/tbot_sim' with build type 'ament_cmake'
[0.575s] INFO:colcon.colcon_cmake.task.cmake.build:Building CMake package in '/home/imtld.local/niranjan.kulkarni/git/tbot_sim'
[0.578s] INFO:colcon.colcon_core.shell:Skip shell extension 'powershell' for command environment: Not usable outside of PowerShell
[0.578s] DEBUG:colcon.colcon_core.shell:Skip shell extension 'dsv' for command environment
[0.641s] DEBUG:colcon.colcon_core.event_handler.log_command:Invoking command in '/home/imtld.local/niranjan.kulkarni/git/build/grpe_larm_mother': CMAKE_PREFIX_PATH=${CMAKE_PREFIX_PATH}:/opt/ros/iron /usr/bin/cmake /home/imtld.local/niranjan.kulkarni/git/grpe_larm_mother -DCMAKE_INSTALL_PREFIX=/home/imtld.local/niranjan.kulkarni/git/install/grpe_larm_mother
[0.680s] DEBUG:colcon.colcon_core.event_handler.log_command:Invoking command in '/home/imtld.local/niranjan.kulkarni/git/build/tbot_sim': CMAKE_PREFIX_PATH=${CMAKE_PREFIX_PATH}:/opt/ros/iron /usr/bin/cmake /home/imtld.local/niranjan.kulkarni/git/tbot_sim -DCMAKE_INSTALL_PREFIX=/home/imtld.local/niranjan.kulkarni/git/install/tbot_sim
[3.210s] DEBUG:colcon.colcon_core.event_handler.log_command:Invoked command in '/home/imtld.local/niranjan.kulkarni/git/build/tbot_sim' returned '0': CMAKE_PREFIX_PATH=${CMAKE_PREFIX_PATH}:/opt/ros/iron /usr/bin/cmake /home/imtld.local/niranjan.kulkarni/git/tbot_sim -DCMAKE_INSTALL_PREFIX=/home/imtld.local/niranjan.kulkarni/git/install/tbot_sim
[3.212s] DEBUG:colcon.colcon_core.event_handler.log_command:Invoking command in '/home/imtld.local/niranjan.kulkarni/git/build/tbot_sim': CMAKE_PREFIX_PATH=${CMAKE_PREFIX_PATH}:/opt/ros/iron /usr/bin/cmake --build /home/imtld.local/niranjan.kulkarni/git/build/tbot_sim -- -j12 -l12
[3.271s] DEBUG:colcon.colcon_core.event_handler.log_command:Invoked command in '/home/imtld.local/niranjan.kulkarni/git/build/tbot_sim' returned '0': CMAKE_PREFIX_PATH=${CMAKE_PREFIX_PATH}:/opt/ros/iron /usr/bin/cmake --build /home/imtld.local/niranjan.kulkarni/git/build/tbot_sim -- -j12 -l12
[3.341s] DEBUG:colcon.colcon_core.event_handler.log_command:Invoking command in '/home/imtld.local/niranjan.kulkarni/git/build/tbot_sim': CMAKE_PREFIX_PATH=${CMAKE_PREFIX_PATH}:/opt/ros/iron /usr/bin/cmake --install /home/imtld.local/niranjan.kulkarni/git/build/tbot_sim
[3.382s] DEBUG:colcon.colcon_core.event_handler.log_command:Invoked command in '/home/imtld.local/niranjan.kulkarni/git/build/grpe_larm_mother' returned '0': CMAKE_PREFIX_PATH=${CMAKE_PREFIX_PATH}:/opt/ros/iron /usr/bin/cmake /home/imtld.local/niranjan.kulkarni/git/grpe_larm_mother -DCMAKE_INSTALL_PREFIX=/home/imtld.local/niranjan.kulkarni/git/install/grpe_larm_mother
[3.398s] DEBUG:colcon.colcon_core.event_handler.log_command:Invoking command in '/home/imtld.local/niranjan.kulkarni/git/build/grpe_larm_mother': CMAKE_PREFIX_PATH=${CMAKE_PREFIX_PATH}:/opt/ros/iron /usr/bin/cmake --build /home/imtld.local/niranjan.kulkarni/git/build/grpe_larm_mother -- -j12 -l12
[3.442s] DEBUG:colcon.colcon_core.event_handler.log_command:Invoked command in '/home/imtld.local/niranjan.kulkarni/git/build/grpe_larm_mother' returned '0': CMAKE_PREFIX_PATH=${CMAKE_PREFIX_PATH}:/opt/ros/iron /usr/bin/cmake --build /home/imtld.local/niranjan.kulkarni/git/build/grpe_larm_mother -- -j12 -l12
[3.469s] DEBUG:colcon.colcon_core.event_handler.log_command:Invoking command in '/home/imtld.local/niranjan.kulkarni/git/build/grpe_larm_mother': CMAKE_PREFIX_PATH=${CMAKE_PREFIX_PATH}:/opt/ros/iron /usr/bin/cmake --install /home/imtld.local/niranjan.kulkarni/git/build/grpe_larm_mother
[4.502s] Level 1:colcon.colcon_core.environment:create_environment_scripts_only(grpe_larm_mother)
[4.507s] DEBUG:colcon.colcon_core.event_handler.log_command:Invoked command in '/home/imtld.local/niranjan.kulkarni/git/build/grpe_larm_mother' returned '0': CMAKE_PREFIX_PATH=${CMAKE_PREFIX_PATH}:/opt/ros/iron /usr/bin/cmake --install /home/imtld.local/niranjan.kulkarni/git/build/grpe_larm_mother
[4.510s] Level 1:colcon.colcon_core.environment:checking '/home/imtld.local/niranjan.kulkarni/git/install/grpe_larm_mother' for CMake module files
[4.517s] Level 1:colcon.colcon_core.environment:checking '/home/imtld.local/niranjan.kulkarni/git/install/grpe_larm_mother' for CMake config files
[4.525s] Level 1:colcon.colcon_core.shell:create_environment_hook('grpe_larm_mother', 'cmake_prefix_path')
[4.526s] INFO:colcon.colcon_core.shell:Creating environment hook '/home/imtld.local/niranjan.kulkarni/git/install/grpe_larm_mother/share/grpe_larm_mother/hook/cmake_prefix_path.ps1'
[4.547s] INFO:colcon.colcon_core.shell:Creating environment descriptor '/home/imtld.local/niranjan.kulkarni/git/install/grpe_larm_mother/share/grpe_larm_mother/hook/cmake_prefix_path.dsv'
[4.552s] INFO:colcon.colcon_core.shell:Creating environment hook '/home/imtld.local/niranjan.kulkarni/git/install/grpe_larm_mother/share/grpe_larm_mother/hook/cmake_prefix_path.sh'
[4.582s] Level 1:colcon.colcon_core.environment:checking '/home/imtld.local/niranjan.kulkarni/git/install/grpe_larm_mother/lib'
[4.586s] Level 1:colcon.colcon_core.environment:checking '/home/imtld.local/niranjan.kulkarni/git/install/grpe_larm_mother/bin'
[4.586s] Level 1:colcon.colcon_core.environment:checking '/home/imtld.local/niranjan.kulkarni/git/install/grpe_larm_mother/lib/pkgconfig/grpe_larm_mother.pc'
[4.587s] Level 1:colcon.colcon_core.environment:checking '/home/imtld.local/niranjan.kulkarni/git/install/grpe_larm_mother/lib/python3.10/site-packages'
[4.588s] Level 1:colcon.colcon_core.environment:checking '/home/imtld.local/niranjan.kulkarni/git/install/grpe_larm_mother/bin'
[4.589s] INFO:colcon.colcon_core.shell:Creating package script '/home/imtld.local/niranjan.kulkarni/git/install/grpe_larm_mother/share/grpe_larm_mother/package.ps1'
[4.596s] INFO:colcon.colcon_core.shell:Creating package descriptor '/home/imtld.local/niranjan.kulkarni/git/install/grpe_larm_mother/share/grpe_larm_mother/package.dsv'
[4.611s] INFO:colcon.colcon_core.shell:Creating package script '/home/imtld.local/niranjan.kulkarni/git/install/grpe_larm_mother/share/grpe_larm_mother/package.sh'
[4.637s] INFO:colcon.colcon_core.shell:Creating package script '/home/imtld.local/niranjan.kulkarni/git/install/grpe_larm_mother/share/grpe_larm_mother/package.bash'
[4.652s] INFO:colcon.colcon_core.shell:Creating package script '/home/imtld.local/niranjan.kulkarni/git/install/grpe_larm_mother/share/grpe_larm_mother/package.zsh'
[4.666s] Level 1:colcon.colcon_core.environment:create_file_with_runtime_dependencies(/home/imtld.local/niranjan.kulkarni/git/install/grpe_larm_mother/share/colcon-core/packages/grpe_larm_mother)
[4.710s] Level 1:colcon.colcon_core.environment:create_environment_scripts_only(grpe_larm_mother)
[4.712s] Level 1:colcon.colcon_core.environment:checking '/home/imtld.local/niranjan.kulkarni/git/install/grpe_larm_mother' for CMake module files
[4.715s] Level 1:colcon.colcon_core.environment:checking '/home/imtld.local/niranjan.kulkarni/git/install/grpe_larm_mother' for CMake config files
[4.720s] Level 1:colcon.colcon_core.shell:create_environment_hook('grpe_larm_mother', 'cmake_prefix_path')
[4.721s] INFO:colcon.colcon_core.shell:Creating environment hook '/home/imtld.local/niranjan.kulkarni/git/install/grpe_larm_mother/share/grpe_larm_mother/hook/cmake_prefix_path.ps1'
[4.830s] INFO:colcon.colcon_core.shell:Creating environment descriptor '/home/imtld.local/niranjan.kulkarni/git/install/grpe_larm_mother/share/grpe_larm_mother/hook/cmake_prefix_path.dsv'
[4.841s] INFO:colcon.colcon_core.shell:Creating environment hook '/home/imtld.local/niranjan.kulkarni/git/install/grpe_larm_mother/share/grpe_larm_mother/hook/cmake_prefix_path.sh'
[4.847s] Level 1:colcon.colcon_core.environment:checking '/home/imtld.local/niranjan.kulkarni/git/install/grpe_larm_mother/lib'
[4.847s] Level 1:colcon.colcon_core.environment:checking '/home/imtld.local/niranjan.kulkarni/git/install/grpe_larm_mother/bin'
[4.847s] Level 1:colcon.colcon_core.environment:checking '/home/imtld.local/niranjan.kulkarni/git/install/grpe_larm_mother/lib/pkgconfig/grpe_larm_mother.pc'
[4.847s] Level 1:colcon.colcon_core.environment:checking '/home/imtld.local/niranjan.kulkarni/git/install/grpe_larm_mother/lib/python3.10/site-packages'
[4.847s] Level 1:colcon.colcon_core.environment:checking '/home/imtld.local/niranjan.kulkarni/git/install/grpe_larm_mother/bin'
[4.849s] INFO:colcon.colcon_core.shell:Creating package script '/home/imtld.local/niranjan.kulkarni/git/install/grpe_larm_mother/share/grpe_larm_mother/package.ps1'
[5.035s] INFO:colcon.colcon_core.shell:Creating package descriptor '/home/imtld.local/niranjan.kulkarni/git/install/grpe_larm_mother/share/grpe_larm_mother/package.dsv'
[5.052s] INFO:colcon.colcon_core.shell:Creating package script '/home/imtld.local/niranjan.kulkarni/git/install/grpe_larm_mother/share/grpe_larm_mother/package.sh'
[5.062s] INFO:colcon.colcon_core.shell:Creating package script '/home/imtld.local/niranjan.kulkarni/git/install/grpe_larm_mother/share/grpe_larm_mother/package.bash'
[5.076s] INFO:colcon.colcon_core.shell:Creating package script '/home/imtld.local/niranjan.kulkarni/git/install/grpe_larm_mother/share/grpe_larm_mother/package.zsh'
[5.086s] Level 1:colcon.colcon_core.environment:create_file_with_runtime_dependencies(/home/imtld.local/niranjan.kulkarni/git/install/grpe_larm_mother/share/colcon-core/packages/grpe_larm_mother)
[9.627s] Level 1:colcon.colcon_core.environment:create_environment_scripts_only(tbot_sim)
[9.627s] DEBUG:colcon.colcon_core.event_handler.log_command:Invoked command in '/home/imtld.local/niranjan.kulkarni/git/build/tbot_sim' returned '0': CMAKE_PREFIX_PATH=${CMAKE_PREFIX_PATH}:/opt/ros/iron /usr/bin/cmake --install /home/imtld.local/niranjan.kulkarni/git/build/tbot_sim
[9.629s] Level 1:colcon.colcon_core.environment:checking '/home/imtld.local/niranjan.kulkarni/git/install/tbot_sim' for CMake module files
[9.635s] Level 1:colcon.colcon_core.environment:checking '/home/imtld.local/niranjan.kulkarni/git/install/tbot_sim' for CMake config files
[9.694s] Level 1:colcon.colcon_core.shell:create_environment_hook('tbot_sim', 'cmake_prefix_path')
[9.695s] INFO:colcon.colcon_core.shell:Creating environment hook '/home/imtld.local/niranjan.kulkarni/git/install/tbot_sim/share/tbot_sim/hook/cmake_prefix_path.ps1'
[9.707s] INFO:colcon.colcon_core.shell:Creating environment descriptor '/home/imtld.local/niranjan.kulkarni/git/install/tbot_sim/share/tbot_sim/hook/cmake_prefix_path.dsv'
[9.710s] INFO:colcon.colcon_core.shell:Creating environment hook '/home/imtld.local/niranjan.kulkarni/git/install/tbot_sim/share/tbot_sim/hook/cmake_prefix_path.sh'
[9.715s] Level 1:colcon.colcon_core.environment:checking '/home/imtld.local/niranjan.kulkarni/git/install/tbot_sim/bin'
[9.715s] Level 1:colcon.colcon_core.environment:checking '/home/imtld.local/niranjan.kulkarni/git/install/tbot_sim/lib/pkgconfig/tbot_sim.pc'
[9.717s] Level 1:colcon.colcon_core.environment:checking '/home/imtld.local/niranjan.kulkarni/git/install/tbot_sim/lib/python3.10/site-packages'
[9.719s] Level 1:colcon.colcon_core.environment:checking '/home/imtld.local/niranjan.kulkarni/git/install/tbot_sim/bin'
[9.721s] INFO:colcon.colcon_core.shell:Creating package script '/home/imtld.local/niranjan.kulkarni/git/install/tbot_sim/share/tbot_sim/package.ps1'
[9.727s] INFO:colcon.colcon_core.shell:Creating package descriptor '/home/imtld.local/niranjan.kulkarni/git/install/tbot_sim/share/tbot_sim/package.dsv'
[9.732s] INFO:colcon.colcon_core.shell:Creating package script '/home/imtld.local/niranjan.kulkarni/git/install/tbot_sim/share/tbot_sim/package.sh'
[9.737s] INFO:colcon.colcon_core.shell:Creating package script '/home/imtld.local/niranjan.kulkarni/git/install/tbot_sim/share/tbot_sim/package.bash'
[9.741s] INFO:colcon.colcon_core.shell:Creating package script '/home/imtld.local/niranjan.kulkarni/git/install/tbot_sim/share/tbot_sim/package.zsh'
[9.745s] Level 1:colcon.colcon_core.environment:create_file_with_runtime_dependencies(/home/imtld.local/niranjan.kulkarni/git/install/tbot_sim/share/colcon-core/packages/tbot_sim)
[9.803s] Level 1:colcon.colcon_core.environment:create_environment_scripts_only(tbot_sim)
[9.805s] Level 1:colcon.colcon_core.environment:checking '/home/imtld.local/niranjan.kulkarni/git/install/tbot_sim' for CMake module files
[9.813s] Level 1:colcon.colcon_core.environment:checking '/home/imtld.local/niranjan.kulkarni/git/install/tbot_sim' for CMake config files
[9.833s] Level 1:colcon.colcon_core.shell:create_environment_hook('tbot_sim', 'cmake_prefix_path')
[9.834s] INFO:colcon.colcon_core.shell:Creating environment hook '/home/imtld.local/niranjan.kulkarni/git/install/tbot_sim/share/tbot_sim/hook/cmake_prefix_path.ps1'
[9.838s] INFO:colcon.colcon_core.shell:Creating environment descriptor '/home/imtld.local/niranjan.kulkarni/git/install/tbot_sim/share/tbot_sim/hook/cmake_prefix_path.dsv'
[9.842s] INFO:colcon.colcon_core.shell:Creating environment hook '/home/imtld.local/niranjan.kulkarni/git/install/tbot_sim/share/tbot_sim/hook/cmake_prefix_path.sh'
[9.848s] Level 1:colcon.colcon_core.environment:checking '/home/imtld.local/niranjan.kulkarni/git/install/tbot_sim/bin'
[9.848s] Level 1:colcon.colcon_core.environment:checking '/home/imtld.local/niranjan.kulkarni/git/install/tbot_sim/lib/pkgconfig/tbot_sim.pc'
[9.848s] Level 1:colcon.colcon_core.environment:checking '/home/imtld.local/niranjan.kulkarni/git/install/tbot_sim/lib/python3.10/site-packages'
[9.851s] Level 1:colcon.colcon_core.environment:checking '/home/imtld.local/niranjan.kulkarni/git/install/tbot_sim/bin'
[9.853s] INFO:colcon.colcon_core.shell:Creating package script '/home/imtld.local/niranjan.kulkarni/git/install/tbot_sim/share/tbot_sim/package.ps1'
[9.859s] INFO:colcon.colcon_core.shell:Creating package descriptor '/home/imtld.local/niranjan.kulkarni/git/install/tbot_sim/share/tbot_sim/package.dsv'
[9.864s] INFO:colcon.colcon_core.shell:Creating package script '/home/imtld.local/niranjan.kulkarni/git/install/tbot_sim/share/tbot_sim/package.sh'
[9.869s] INFO:colcon.colcon_core.shell:Creating package script '/home/imtld.local/niranjan.kulkarni/git/install/tbot_sim/share/tbot_sim/package.bash'
[9.880s] INFO:colcon.colcon_core.shell:Creating package script '/home/imtld.local/niranjan.kulkarni/git/install/tbot_sim/share/tbot_sim/package.zsh'
[9.885s] Level 1:colcon.colcon_core.environment:create_file_with_runtime_dependencies(/home/imtld.local/niranjan.kulkarni/git/install/tbot_sim/share/colcon-core/packages/tbot_sim)
[9.888s] DEBUG:colcon.colcon_parallel_executor.executor.parallel:closing loop
[9.889s] DEBUG:colcon.colcon_parallel_executor.executor.parallel:loop closed
[9.890s] DEBUG:colcon.colcon_parallel_executor.executor.parallel:run_until_complete finished with '0'
[9.890s] DEBUG:colcon.colcon_core.event_reactor:joining thread
[9.925s] INFO:colcon.colcon_core.plugin_system:Skipping extension 'colcon_notification.desktop_notification.terminal_notifier': Not used on non-Darwin systems
[9.925s] INFO:colcon.colcon_core.plugin_system:Skipping extension 'colcon_notification.desktop_notification.win32': Not used on non-Windows systems
[9.925s] INFO:colcon.colcon_notification.desktop_notification:Sending desktop notification using 'notify2'
[9.939s] DEBUG:colcon.colcon_core.event_reactor:joined thread
[9.940s] INFO:colcon.colcon_core.shell:Creating prefix script '/home/imtld.local/niranjan.kulkarni/git/install/local_setup.ps1'
[9.945s] INFO:colcon.colcon_core.shell:Creating prefix util module '/home/imtld.local/niranjan.kulkarni/git/install/_local_setup_util_ps1.py'
[9.952s] INFO:colcon.colcon_core.shell:Creating prefix chain script '/home/imtld.local/niranjan.kulkarni/git/install/setup.ps1'
[9.957s] INFO:colcon.colcon_core.shell:Creating prefix script '/home/imtld.local/niranjan.kulkarni/git/install/local_setup.sh'
[9.962s] INFO:colcon.colcon_core.shell:Creating prefix util module '/home/imtld.local/niranjan.kulkarni/git/install/_local_setup_util_sh.py'
[9.973s] INFO:colcon.colcon_core.shell:Creating prefix chain script '/home/imtld.local/niranjan.kulkarni/git/install/setup.sh'
[9.980s] INFO:colcon.colcon_core.shell:Creating prefix script '/home/imtld.local/niranjan.kulkarni/git/install/local_setup.bash'
[9.990s] INFO:colcon.colcon_core.shell:Creating prefix chain script '/home/imtld.local/niranjan.kulkarni/git/install/setup.bash'
[10.003s] INFO:colcon.colcon_core.shell:Creating prefix script '/home/imtld.local/niranjan.kulkarni/git/install/local_setup.zsh'
[10.008s] INFO:colcon.colcon_core.shell:Creating prefix chain script '/home/imtld.local/niranjan.kulkarni/git/install/setup.zsh'
