[0.108s] Invoking command in '/home/bot/mb6-space/larm-bb8/build/grpe_larm_mother': CMAKE_PREFIX_PATH=${CMAKE_PREFIX_PATH}:/opt/ros/iron /usr/bin/cmake /home/bot/mb6-space/larm-bb8/grpe_larm_mother -DCMAKE_INSTALL_PREFIX=/home/bot/mb6-space/larm-bb8/install/grpe_larm_mother
[0.175s] -- The C compiler identification is GNU 11.4.0
[0.262s] -- The CXX compiler identification is GNU 11.4.0
[0.275s] -- Detecting C compiler ABI info
[0.370s] -- Detecting C compiler ABI info - done
[0.377s] -- Check for working C compiler: /usr/bin/cc - skipped
[0.378s] -- Detecting C compile features
[0.378s] -- Detecting C compile features - done
[0.382s] -- Detecting CXX compiler ABI info
[0.486s] -- Detecting CXX compiler ABI info - done
[0.494s] -- Check for working CXX compiler: /usr/bin/c++ - skipped
[0.495s] -- Detecting CXX compile features
[0.495s] -- Detecting CXX compile features - done
[0.500s] -- Found ament_cmake: 2.0.3 (/opt/ros/iron/share/ament_cmake/cmake)
[0.691s] -- Found Python3: /usr/bin/python3.10 (found version "3.10.12") found components: Interpreter 
[0.825s] -- Found ament_lint_auto: 0.14.2 (/opt/ros/iron/share/ament_lint_auto/cmake)
[0.927s] -- Added test 'flake8' to check Python code syntax and style conventions
[0.927s] -- Configured 'flake8' exclude dirs and/or files: 
[0.928s] -- Added test 'lint_cmake' to check CMake code style
[0.929s] -- Added test 'pep257' to check Python code against some of the docstring style conventions in PEP 257
[0.933s] -- Added test 'xmllint' to check XML markup files
[0.936s] -- Configuring done
[0.938s] -- Generating done
[0.940s] -- Build files have been written to: /home/bot/mb6-space/larm-bb8/build/grpe_larm_mother
[0.946s] Invoked command in '/home/bot/mb6-space/larm-bb8/build/grpe_larm_mother' returned '0': CMAKE_PREFIX_PATH=${CMAKE_PREFIX_PATH}:/opt/ros/iron /usr/bin/cmake /home/bot/mb6-space/larm-bb8/grpe_larm_mother -DCMAKE_INSTALL_PREFIX=/home/bot/mb6-space/larm-bb8/install/grpe_larm_mother
[0.948s] Invoking command in '/home/bot/mb6-space/larm-bb8/build/grpe_larm_mother': CMAKE_PREFIX_PATH=${CMAKE_PREFIX_PATH}:/opt/ros/iron /usr/bin/cmake --build /home/bot/mb6-space/larm-bb8/build/grpe_larm_mother -- -j4 -l4
[0.987s] Invoked command in '/home/bot/mb6-space/larm-bb8/build/grpe_larm_mother' returned '0': CMAKE_PREFIX_PATH=${CMAKE_PREFIX_PATH}:/opt/ros/iron /usr/bin/cmake --build /home/bot/mb6-space/larm-bb8/build/grpe_larm_mother -- -j4 -l4
[1.030s] Invoking command in '/home/bot/mb6-space/larm-bb8/build/grpe_larm_mother': CMAKE_PREFIX_PATH=${CMAKE_PREFIX_PATH}:/opt/ros/iron /usr/bin/cmake --install /home/bot/mb6-space/larm-bb8/build/grpe_larm_mother
[1.038s] -- Install configuration: ""
[1.038s] -- Installing: /home/bot/mb6-space/larm-bb8/install/grpe_larm_mother/share/grpe_larm_mother//launch
[1.038s] -- Installing: /home/bot/mb6-space/larm-bb8/install/grpe_larm_mother/share/grpe_larm_mother//launch/challenge1.yaml
[1.039s] -- Installing: /home/bot/mb6-space/larm-bb8/install/grpe_larm_mother/share/grpe_larm_mother//launch/minimal_launch.yaml
[1.039s] -- Installing: /home/bot/mb6-space/larm-bb8/install/grpe_larm_mother/share/grpe_larm_mother//scripts
[1.039s] -- Installing: /home/bot/mb6-space/larm-bb8/install/grpe_larm_mother/share/grpe_larm_mother//scripts/vision2.py
[1.039s] -- Installing: /home/bot/mb6-space/larm-bb8/install/grpe_larm_mother/share/grpe_larm_mother//scripts/MinimalSuscriber.py
[1.039s] -- Installing: /home/bot/mb6-space/larm-bb8/install/grpe_larm_mother/share/grpe_larm_mother//scripts/__pycache__
[1.039s] -- Installing: /home/bot/mb6-space/larm-bb8/install/grpe_larm_mother/share/grpe_larm_mother//scripts/__pycache__/classifier.cpython-310.pyc
[1.039s] -- Installing: /home/bot/mb6-space/larm-bb8/install/grpe_larm_mother/share/grpe_larm_mother//scripts/__pycache__/__init__.cpython-310.pyc
[1.040s] -- Installing: /home/bot/mb6-space/larm-bb8/install/grpe_larm_mother/share/grpe_larm_mother//scripts/__pycache__/classifierCircle.cpython-310.pyc
[1.040s] -- Installing: /home/bot/mb6-space/larm-bb8/install/grpe_larm_mother/share/grpe_larm_mother//scripts/__pycache__/test_class.cpython-310-pytest-6.2.5.pyc
[1.040s] -- Installing: /home/bot/mb6-space/larm-bb8/install/grpe_larm_mother/share/grpe_larm_mother//scripts/__init__.py
[1.040s] -- Installing: /home/bot/mb6-space/larm-bb8/install/grpe_larm_mother/share/grpe_larm_mother//scripts/reactive_move.py
[1.040s] -- Installing: /home/bot/mb6-space/larm-bb8/install/grpe_larm_mother/share/grpe_larm_mother//scripts/tuto_scan_echo.py
[1.040s] -- Installing: /home/bot/mb6-space/larm-bb8/install/grpe_larm_mother/share/grpe_larm_mother//scripts/code_tuto_move.py
[1.040s] -- Installing: /home/bot/mb6-space/larm-bb8/install/grpe_larm_mother/share/grpe_larm_mother//scripts/simulation.py
[1.041s] -- Installing: /home/bot/mb6-space/larm-bb8/install/grpe_larm_mother/share/grpe_larm_mother//scripts/vision1.py
[1.041s] -- Installing: /home/bot/mb6-space/larm-bb8/install/grpe_larm_mother/share/grpe_larm_mother//scripts/camera_driver.py
[1.041s] -- Installing: /home/bot/mb6-space/larm-bb8/install/grpe_larm_mother/share/grpe_larm_mother//scripts/MinimalPublisher.py
[1.041s] -- Installing: /home/bot/mb6-space/larm-bb8/install/grpe_larm_mother/lib/grpe_larm_mother/reactive_move.py
[1.041s] -- Installing: /home/bot/mb6-space/larm-bb8/install/grpe_larm_mother/lib/grpe_larm_mother/camera_driver.py
[1.042s] -- Installing: /home/bot/mb6-space/larm-bb8/install/grpe_larm_mother/share/ament_index/resource_index/package_run_dependencies/grpe_larm_mother
[1.042s] -- Installing: /home/bot/mb6-space/larm-bb8/install/grpe_larm_mother/share/ament_index/resource_index/parent_prefix_path/grpe_larm_mother
[1.042s] -- Installing: /home/bot/mb6-space/larm-bb8/install/grpe_larm_mother/share/grpe_larm_mother/environment/ament_prefix_path.sh
[1.042s] -- Installing: /home/bot/mb6-space/larm-bb8/install/grpe_larm_mother/share/grpe_larm_mother/environment/ament_prefix_path.dsv
[1.043s] -- Installing: /home/bot/mb6-space/larm-bb8/install/grpe_larm_mother/share/grpe_larm_mother/environment/path.sh
[1.043s] -- Installing: /home/bot/mb6-space/larm-bb8/install/grpe_larm_mother/share/grpe_larm_mother/environment/path.dsv
[1.043s] -- Installing: /home/bot/mb6-space/larm-bb8/install/grpe_larm_mother/share/grpe_larm_mother/local_setup.bash
[1.043s] -- Installing: /home/bot/mb6-space/larm-bb8/install/grpe_larm_mother/share/grpe_larm_mother/local_setup.sh
[1.044s] -- Installing: /home/bot/mb6-space/larm-bb8/install/grpe_larm_mother/share/grpe_larm_mother/local_setup.zsh
[1.044s] -- Installing: /home/bot/mb6-space/larm-bb8/install/grpe_larm_mother/share/grpe_larm_mother/local_setup.dsv
[1.044s] -- Installing: /home/bot/mb6-space/larm-bb8/install/grpe_larm_mother/share/grpe_larm_mother/package.dsv
[1.045s] -- Installing: /home/bot/mb6-space/larm-bb8/install/grpe_larm_mother/share/ament_index/resource_index/packages/grpe_larm_mother
[1.045s] -- Installing: /home/bot/mb6-space/larm-bb8/install/grpe_larm_mother/share/grpe_larm_mother/cmake/grpe_larm_motherConfig.cmake
[1.045s] -- Installing: /home/bot/mb6-space/larm-bb8/install/grpe_larm_mother/share/grpe_larm_mother/cmake/grpe_larm_motherConfig-version.cmake
[1.045s] -- Installing: /home/bot/mb6-space/larm-bb8/install/grpe_larm_mother/share/grpe_larm_mother/package.xml
[1.047s] Invoked command in '/home/bot/mb6-space/larm-bb8/build/grpe_larm_mother' returned '0': CMAKE_PREFIX_PATH=${CMAKE_PREFIX_PATH}:/opt/ros/iron /usr/bin/cmake --install /home/bot/mb6-space/larm-bb8/build/grpe_larm_mother
