[0.000000] (-) TimerEvent: {}
[0.000095] (grpe_larm_mother) JobQueued: {'identifier': 'grpe_larm_mother', 'dependencies': OrderedDict()}
[0.000118] (grpe_larm_mother) JobStarted: {'identifier': 'grpe_larm_mother'}
[0.066430] (grpe_larm_mother) JobProgress: {'identifier': 'grpe_larm_mother', 'progress': 'cmake'}
[0.078667] (grpe_larm_mother) Command: {'cmd': ['/usr/bin/cmake', '/home/imtld.local/niranjan.kulkarni/git/grpe_larm_mother', '-DCMAKE_INSTALL_PREFIX=/home/imtld.local/niranjan.kulkarni/git/install/grpe_larm_mother'], 'cwd': '/home/imtld.local/niranjan.kulkarni/git/build/grpe_larm_mother', 'env': OrderedDict([('ROS_WORSPACE', '/home/imtld.local/niranjan.kulkarni/ros_ws'), ('USER', 'niranjan.kulkarni'), ('XDG_SESSION_TYPE', 'wayland'), ('SHLVL', '1'), ('LD_LIBRARY_PATH', '/usr/lib/x86_64-linux-gnu/gazebo-11/plugins:/opt/ros/iron/opt/rviz_ogre_vendor/lib:/opt/ros/iron/lib/x86_64-linux-gnu:/opt/ros/iron/lib'), ('HOME', '/home/imtld.local/niranjan.kulkarni'), ('OLDPWD', '/home/imtld.local/niranjan.kulkarni/git/grpe_larm_mother'), ('DESKTOP_SESSION', 'ubuntu'), ('ROS_PYTHON_VERSION', '3'), ('GNOME_SHELL_SESSION_MODE', 'ubuntu'), ('GTK_MODULES', 'gail:atk-bridge'), ('DBUS_STARTER_BUS_TYPE', 'session'), ('SYSTEMD_EXEC_PID', '2399'), ('DBUS_SESSION_BUS_ADDRESS', 'unix:path=/run/user/876417573/bus,guid=4985e290d0dc091e554f6fb765a4dfe1'), ('COLORTERM', 'truecolor'), ('IM_CONFIG_PHASE', '1'), ('WAYLAND_DISPLAY', 'wayland-0'), ('COLCON_PREFIX_PATH', '/home/imtld.local/niranjan.kulkarni/git/install:/home/imtld.local/niranjan.kulkarni/git/grpe_larm_mother/install:/home/imtld.local/niranjan.kulkarni/ros_ws/install'), ('ROS_DISTRO', 'iron'), ('LOGNAME', 'niranjan.kulkarni'), ('_', '/usr/bin/colcon'), ('ROS_VERSION', '2'), ('XDG_SESSION_CLASS', 'user'), ('USERNAME', 'niranjan.kulkarni'), ('TERM', 'xterm-256color'), ('GNOME_DESKTOP_SESSION_ID', 'this-is-deprecated'), ('PATH', '/home/imtld.local/niranjan.kulkarni/bin:/opt/ros/iron/bin:/usr/local/sbin:/usr/local/bin:/usr/sbin:/usr/bin:/sbin:/bin:/usr/games:/usr/local/games:/snap/bin:/snap/bin'), ('SESSION_MANAGER', 'local/DEVELTER-U-10:@/tmp/.ICE-unix/2399,unix/DEVELTER-U-10:/tmp/.ICE-unix/2399'), ('XDG_MENU_PREFIX', 'gnome-'), ('GNOME_TERMINAL_SCREEN', '/org/gnome/Terminal/screen/d4c4d9a8_0e6f_4131_8495_638591042543'), ('GNOME_SETUP_DISPLAY', ':1'), ('XDG_RUNTIME_DIR', '/run/user/876417573'), ('ZEITGEIST_DATA_PATH', '/home/imtld.local/niranjan.kulkarni/.local/share/zeitgeist'), ('DISPLAY', ':0'), ('LANG', 'fr_FR.UTF-8'), ('XDG_CURRENT_DESKTOP', 'ubuntu:GNOME'), ('XMODIFIERS', '@im=ibus'), ('XDG_SESSION_DESKTOP', 'ubuntu'), ('XAUTHORITY', '/run/user/876417573/.mutter-Xwaylandauth.HAPNH2'), ('GNOME_TERMINAL_SERVICE', ':1.254'), ('SSH_AGENT_LAUNCHER', 'gnome-keyring'), ('SSH_AUTH_SOCK', '/run/user/876417573/keyring/ssh'), ('ROS_DOMAIN_ID', '107'), ('AMENT_PREFIX_PATH', '/home/imtld.local/niranjan.kulkarni/git/install/mb6_basic:/home/imtld.local/niranjan.kulkarni/git/grpe_larm_mother/install/grpe_larm_mother:/home/imtld.local/niranjan.kulkarni/git/install/tbot_sim:/home/imtld.local/niranjan.kulkarni/git/install/grpe_larm_mother:/home/imtld.local/niranjan.kulkarni/ros_ws/install/tbot_sim:/opt/ros/iron'), ('SHELL', '/bin/bash'), ('KRB5CCNAME', 'FILE:/tmp/krb5cc_876417573_MSWOBM'), ('QT_ACCESSIBILITY', '1'), ('GDMSESSION', 'ubuntu'), ('ROS_AUTOMATIC_DISCOVERY_RANGE', 'SUBNET'), ('QT_IM_MODULE', 'ibus'), ('PWD', '/home/imtld.local/niranjan.kulkarni/git/build/grpe_larm_mother'), ('XDG_CONFIG_DIRS', '/etc/xdg/xdg-ubuntu:/etc/xdg'), ('DBUS_STARTER_ADDRESS', 'unix:path=/run/user/876417573/bus,guid=4985e290d0dc091e554f6fb765a4dfe1'), ('XDG_DATA_DIRS', '/usr/share/ubuntu:/usr/local/share/:/usr/share/:/var/lib/snapd/desktop'), ('PYTHONPATH', '/opt/ros/iron/lib/python3.10/site-packages'), ('COLCON', '1'), ('VTE_VERSION', '6800'), ('CMAKE_PREFIX_PATH', '/home/imtld.local/niranjan.kulkarni/git/install/mb6_basic:/home/imtld.local/niranjan.kulkarni/git/grpe_larm_mother/install/grpe_larm_mother:/home/imtld.local/niranjan.kulkarni/git/install/tbot_sim:/home/imtld.local/niranjan.kulkarni/git/install/grpe_larm_mother:/home/imtld.local/niranjan.kulkarni/ros_ws/install/tbot_sim:/opt/ros/iron')]), 'shell': False}
[0.098843] (-) TimerEvent: {}
[0.199183] (-) TimerEvent: {}
[0.250438] (grpe_larm_mother) StdoutLine: {'line': b'-- The C compiler identification is GNU 11.4.0\n'}
[0.299250] (-) TimerEvent: {}
[0.361251] (grpe_larm_mother) StdoutLine: {'line': b'-- The CXX compiler identification is GNU 11.4.0\n'}
[0.387818] (grpe_larm_mother) StdoutLine: {'line': b'-- Detecting C compiler ABI info\n'}
[0.399313] (-) TimerEvent: {}
[0.499665] (-) TimerEvent: {}
[0.599927] (-) TimerEvent: {}
[0.700159] (-) TimerEvent: {}
[0.774191] (grpe_larm_mother) StdoutLine: {'line': b'-- Detecting C compiler ABI info - done\n'}
[0.800231] (-) TimerEvent: {}
[0.810809] (grpe_larm_mother) StdoutLine: {'line': b'-- Check for working C compiler: /usr/bin/cc - skipped\n'}
[0.812742] (grpe_larm_mother) StdoutLine: {'line': b'-- Detecting C compile features\n'}
[0.812821] (grpe_larm_mother) StdoutLine: {'line': b'-- Detecting C compile features - done\n'}
[0.833281] (grpe_larm_mother) StdoutLine: {'line': b'-- Detecting CXX compiler ABI info\n'}
[0.900366] (-) TimerEvent: {}
[1.000586] (-) TimerEvent: {}
[1.100885] (-) TimerEvent: {}
[1.114511] (grpe_larm_mother) StdoutLine: {'line': b'-- Detecting CXX compiler ABI info - done\n'}
[1.151858] (grpe_larm_mother) StdoutLine: {'line': b'-- Check for working CXX compiler: /usr/bin/c++ - skipped\n'}
[1.152187] (grpe_larm_mother) StdoutLine: {'line': b'-- Detecting CXX compile features\n'}
[1.169940] (grpe_larm_mother) StdoutLine: {'line': b'-- Detecting CXX compile features - done\n'}
[1.200975] (-) TimerEvent: {}
[1.239604] (grpe_larm_mother) StdoutLine: {'line': b'-- Found ament_cmake: 2.0.3 (/opt/ros/iron/share/ament_cmake/cmake)\n'}
[1.301093] (-) TimerEvent: {}
[1.401311] (-) TimerEvent: {}
[1.412313] (grpe_larm_mother) StdoutLine: {'line': b'-- Found Python3: /usr/bin/python3.10 (found version "3.10.12") found components: Interpreter \n'}
[1.501487] (-) TimerEvent: {}
[1.602012] (-) TimerEvent: {}
[1.689249] (grpe_larm_mother) StdoutLine: {'line': b'-- Found ament_lint_auto: 0.14.2 (/opt/ros/iron/share/ament_lint_auto/cmake)\n'}
[1.702168] (-) TimerEvent: {}
[1.802708] (-) TimerEvent: {}
[1.903164] (-) TimerEvent: {}
[2.003416] (-) TimerEvent: {}
[2.103706] (-) TimerEvent: {}
[2.204101] (-) TimerEvent: {}
[2.224263] (grpe_larm_mother) StdoutLine: {'line': b"-- Added test 'cppcheck' to perform static code analysis on C / C++ code\n"}
[2.224405] (grpe_larm_mother) StdoutLine: {'line': b'-- Configured cppcheck include dirs: \n'}
[2.226267] (grpe_larm_mother) StdoutLine: {'line': b'-- Configured cppcheck exclude dirs and/or files: \n'}
[2.253039] (grpe_larm_mother) StdoutLine: {'line': b"-- Added test 'flake8' to check Python code syntax and style conventions\n"}
[2.253175] (grpe_larm_mother) StdoutLine: {'line': b"-- Configured 'flake8' exclude dirs and/or files: \n"}
[2.304358] (-) TimerEvent: {}
[2.312000] (grpe_larm_mother) StdoutLine: {'line': b"-- Added test 'lint_cmake' to check CMake code style\n"}
[2.345011] (grpe_larm_mother) StdoutLine: {'line': b"-- Added test 'pep257' to check Python code against some of the docstring style conventions in PEP 257\n"}
[2.404455] (-) TimerEvent: {}
[2.504848] (-) TimerEvent: {}
[2.540217] (grpe_larm_mother) StdoutLine: {'line': b"-- Added test 'uncrustify' to check C / C++ code style\n"}
[2.540368] (grpe_larm_mother) StdoutLine: {'line': b'-- Configured uncrustify additional arguments: \n'}
[2.567288] (grpe_larm_mother) StdoutLine: {'line': b"-- Added test 'xmllint' to check XML markup files\n"}
[2.604990] (-) TimerEvent: {}
[2.615890] (grpe_larm_mother) StdoutLine: {'line': b'-- Configuring done\n'}
[2.705105] (-) TimerEvent: {}
[2.805442] (-) TimerEvent: {}
[2.905763] (-) TimerEvent: {}
[3.005997] (-) TimerEvent: {}
[3.016884] (grpe_larm_mother) StdoutLine: {'line': b'-- Generating done\n'}
[3.106127] (-) TimerEvent: {}
[3.125909] (grpe_larm_mother) StdoutLine: {'line': b'-- Build files have been written to: /home/imtld.local/niranjan.kulkarni/git/build/grpe_larm_mother\n'}
[3.131382] (grpe_larm_mother) CommandEnded: {'returncode': 0}
[3.140700] (grpe_larm_mother) JobProgress: {'identifier': 'grpe_larm_mother', 'progress': 'build'}
[3.140732] (grpe_larm_mother) Command: {'cmd': ['/usr/bin/cmake', '--build', '/home/imtld.local/niranjan.kulkarni/git/build/grpe_larm_mother', '--', '-j12', '-l12'], 'cwd': '/home/imtld.local/niranjan.kulkarni/git/build/grpe_larm_mother', 'env': OrderedDict([('ROS_WORSPACE', '/home/imtld.local/niranjan.kulkarni/ros_ws'), ('USER', 'niranjan.kulkarni'), ('XDG_SESSION_TYPE', 'wayland'), ('SHLVL', '1'), ('LD_LIBRARY_PATH', '/usr/lib/x86_64-linux-gnu/gazebo-11/plugins:/opt/ros/iron/opt/rviz_ogre_vendor/lib:/opt/ros/iron/lib/x86_64-linux-gnu:/opt/ros/iron/lib'), ('HOME', '/home/imtld.local/niranjan.kulkarni'), ('OLDPWD', '/home/imtld.local/niranjan.kulkarni/git/grpe_larm_mother'), ('DESKTOP_SESSION', 'ubuntu'), ('ROS_PYTHON_VERSION', '3'), ('GNOME_SHELL_SESSION_MODE', 'ubuntu'), ('GTK_MODULES', 'gail:atk-bridge'), ('DBUS_STARTER_BUS_TYPE', 'session'), ('SYSTEMD_EXEC_PID', '2399'), ('DBUS_SESSION_BUS_ADDRESS', 'unix:path=/run/user/876417573/bus,guid=4985e290d0dc091e554f6fb765a4dfe1'), ('COLORTERM', 'truecolor'), ('IM_CONFIG_PHASE', '1'), ('WAYLAND_DISPLAY', 'wayland-0'), ('COLCON_PREFIX_PATH', '/home/imtld.local/niranjan.kulkarni/git/install:/home/imtld.local/niranjan.kulkarni/git/grpe_larm_mother/install:/home/imtld.local/niranjan.kulkarni/ros_ws/install'), ('ROS_DISTRO', 'iron'), ('LOGNAME', 'niranjan.kulkarni'), ('_', '/usr/bin/colcon'), ('ROS_VERSION', '2'), ('XDG_SESSION_CLASS', 'user'), ('USERNAME', 'niranjan.kulkarni'), ('TERM', 'xterm-256color'), ('GNOME_DESKTOP_SESSION_ID', 'this-is-deprecated'), ('PATH', '/home/imtld.local/niranjan.kulkarni/bin:/opt/ros/iron/bin:/usr/local/sbin:/usr/local/bin:/usr/sbin:/usr/bin:/sbin:/bin:/usr/games:/usr/local/games:/snap/bin:/snap/bin'), ('SESSION_MANAGER', 'local/DEVELTER-U-10:@/tmp/.ICE-unix/2399,unix/DEVELTER-U-10:/tmp/.ICE-unix/2399'), ('XDG_MENU_PREFIX', 'gnome-'), ('GNOME_TERMINAL_SCREEN', '/org/gnome/Terminal/screen/d4c4d9a8_0e6f_4131_8495_638591042543'), ('GNOME_SETUP_DISPLAY', ':1'), ('XDG_RUNTIME_DIR', '/run/user/876417573'), ('ZEITGEIST_DATA_PATH', '/home/imtld.local/niranjan.kulkarni/.local/share/zeitgeist'), ('DISPLAY', ':0'), ('LANG', 'fr_FR.UTF-8'), ('XDG_CURRENT_DESKTOP', 'ubuntu:GNOME'), ('XMODIFIERS', '@im=ibus'), ('XDG_SESSION_DESKTOP', 'ubuntu'), ('XAUTHORITY', '/run/user/876417573/.mutter-Xwaylandauth.HAPNH2'), ('GNOME_TERMINAL_SERVICE', ':1.254'), ('SSH_AGENT_LAUNCHER', 'gnome-keyring'), ('SSH_AUTH_SOCK', '/run/user/876417573/keyring/ssh'), ('ROS_DOMAIN_ID', '107'), ('AMENT_PREFIX_PATH', '/home/imtld.local/niranjan.kulkarni/git/install/mb6_basic:/home/imtld.local/niranjan.kulkarni/git/grpe_larm_mother/install/grpe_larm_mother:/home/imtld.local/niranjan.kulkarni/git/install/tbot_sim:/home/imtld.local/niranjan.kulkarni/git/install/grpe_larm_mother:/home/imtld.local/niranjan.kulkarni/ros_ws/install/tbot_sim:/opt/ros/iron'), ('SHELL', '/bin/bash'), ('KRB5CCNAME', 'FILE:/tmp/krb5cc_876417573_MSWOBM'), ('QT_ACCESSIBILITY', '1'), ('GDMSESSION', 'ubuntu'), ('ROS_AUTOMATIC_DISCOVERY_RANGE', 'SUBNET'), ('QT_IM_MODULE', 'ibus'), ('PWD', '/home/imtld.local/niranjan.kulkarni/git/build/grpe_larm_mother'), ('XDG_CONFIG_DIRS', '/etc/xdg/xdg-ubuntu:/etc/xdg'), ('DBUS_STARTER_ADDRESS', 'unix:path=/run/user/876417573/bus,guid=4985e290d0dc091e554f6fb765a4dfe1'), ('XDG_DATA_DIRS', '/usr/share/ubuntu:/usr/local/share/:/usr/share/:/var/lib/snapd/desktop'), ('PYTHONPATH', '/opt/ros/iron/lib/python3.10/site-packages'), ('COLCON', '1'), ('VTE_VERSION', '6800'), ('CMAKE_PREFIX_PATH', '/home/imtld.local/niranjan.kulkarni/git/install/mb6_basic:/home/imtld.local/niranjan.kulkarni/git/grpe_larm_mother/install/grpe_larm_mother:/home/imtld.local/niranjan.kulkarni/git/install/tbot_sim:/home/imtld.local/niranjan.kulkarni/git/install/grpe_larm_mother:/home/imtld.local/niranjan.kulkarni/ros_ws/install/tbot_sim:/opt/ros/iron')]), 'shell': False}
[3.192965] (grpe_larm_mother) CommandEnded: {'returncode': 0}
[3.206182] (-) TimerEvent: {}
[3.216683] (grpe_larm_mother) JobProgress: {'identifier': 'grpe_larm_mother', 'progress': 'install'}
[3.224137] (grpe_larm_mother) Command: {'cmd': ['/usr/bin/cmake', '--install', '/home/imtld.local/niranjan.kulkarni/git/build/grpe_larm_mother'], 'cwd': '/home/imtld.local/niranjan.kulkarni/git/build/grpe_larm_mother', 'env': OrderedDict([('ROS_WORSPACE', '/home/imtld.local/niranjan.kulkarni/ros_ws'), ('USER', 'niranjan.kulkarni'), ('XDG_SESSION_TYPE', 'wayland'), ('SHLVL', '1'), ('LD_LIBRARY_PATH', '/usr/lib/x86_64-linux-gnu/gazebo-11/plugins:/opt/ros/iron/opt/rviz_ogre_vendor/lib:/opt/ros/iron/lib/x86_64-linux-gnu:/opt/ros/iron/lib'), ('HOME', '/home/imtld.local/niranjan.kulkarni'), ('OLDPWD', '/home/imtld.local/niranjan.kulkarni/git/grpe_larm_mother'), ('DESKTOP_SESSION', 'ubuntu'), ('ROS_PYTHON_VERSION', '3'), ('GNOME_SHELL_SESSION_MODE', 'ubuntu'), ('GTK_MODULES', 'gail:atk-bridge'), ('DBUS_STARTER_BUS_TYPE', 'session'), ('SYSTEMD_EXEC_PID', '2399'), ('DBUS_SESSION_BUS_ADDRESS', 'unix:path=/run/user/876417573/bus,guid=4985e290d0dc091e554f6fb765a4dfe1'), ('COLORTERM', 'truecolor'), ('IM_CONFIG_PHASE', '1'), ('WAYLAND_DISPLAY', 'wayland-0'), ('COLCON_PREFIX_PATH', '/home/imtld.local/niranjan.kulkarni/git/install:/home/imtld.local/niranjan.kulkarni/git/grpe_larm_mother/install:/home/imtld.local/niranjan.kulkarni/ros_ws/install'), ('ROS_DISTRO', 'iron'), ('LOGNAME', 'niranjan.kulkarni'), ('_', '/usr/bin/colcon'), ('ROS_VERSION', '2'), ('XDG_SESSION_CLASS', 'user'), ('USERNAME', 'niranjan.kulkarni'), ('TERM', 'xterm-256color'), ('GNOME_DESKTOP_SESSION_ID', 'this-is-deprecated'), ('PATH', '/home/imtld.local/niranjan.kulkarni/bin:/opt/ros/iron/bin:/usr/local/sbin:/usr/local/bin:/usr/sbin:/usr/bin:/sbin:/bin:/usr/games:/usr/local/games:/snap/bin:/snap/bin'), ('SESSION_MANAGER', 'local/DEVELTER-U-10:@/tmp/.ICE-unix/2399,unix/DEVELTER-U-10:/tmp/.ICE-unix/2399'), ('XDG_MENU_PREFIX', 'gnome-'), ('GNOME_TERMINAL_SCREEN', '/org/gnome/Terminal/screen/d4c4d9a8_0e6f_4131_8495_638591042543'), ('GNOME_SETUP_DISPLAY', ':1'), ('XDG_RUNTIME_DIR', '/run/user/876417573'), ('ZEITGEIST_DATA_PATH', '/home/imtld.local/niranjan.kulkarni/.local/share/zeitgeist'), ('DISPLAY', ':0'), ('LANG', 'fr_FR.UTF-8'), ('XDG_CURRENT_DESKTOP', 'ubuntu:GNOME'), ('XMODIFIERS', '@im=ibus'), ('XDG_SESSION_DESKTOP', 'ubuntu'), ('XAUTHORITY', '/run/user/876417573/.mutter-Xwaylandauth.HAPNH2'), ('GNOME_TERMINAL_SERVICE', ':1.254'), ('SSH_AGENT_LAUNCHER', 'gnome-keyring'), ('SSH_AUTH_SOCK', '/run/user/876417573/keyring/ssh'), ('ROS_DOMAIN_ID', '107'), ('AMENT_PREFIX_PATH', '/home/imtld.local/niranjan.kulkarni/git/install/mb6_basic:/home/imtld.local/niranjan.kulkarni/git/grpe_larm_mother/install/grpe_larm_mother:/home/imtld.local/niranjan.kulkarni/git/install/tbot_sim:/home/imtld.local/niranjan.kulkarni/git/install/grpe_larm_mother:/home/imtld.local/niranjan.kulkarni/ros_ws/install/tbot_sim:/opt/ros/iron'), ('SHELL', '/bin/bash'), ('KRB5CCNAME', 'FILE:/tmp/krb5cc_876417573_MSWOBM'), ('QT_ACCESSIBILITY', '1'), ('GDMSESSION', 'ubuntu'), ('ROS_AUTOMATIC_DISCOVERY_RANGE', 'SUBNET'), ('QT_IM_MODULE', 'ibus'), ('PWD', '/home/imtld.local/niranjan.kulkarni/git/build/grpe_larm_mother'), ('XDG_CONFIG_DIRS', '/etc/xdg/xdg-ubuntu:/etc/xdg'), ('DBUS_STARTER_ADDRESS', 'unix:path=/run/user/876417573/bus,guid=4985e290d0dc091e554f6fb765a4dfe1'), ('XDG_DATA_DIRS', '/usr/share/ubuntu:/usr/local/share/:/usr/share/:/var/lib/snapd/desktop'), ('PYTHONPATH', '/opt/ros/iron/lib/python3.10/site-packages'), ('COLCON', '1'), ('VTE_VERSION', '6800'), ('CMAKE_PREFIX_PATH', '/home/imtld.local/niranjan.kulkarni/git/install/mb6_basic:/home/imtld.local/niranjan.kulkarni/git/grpe_larm_mother/install/grpe_larm_mother:/home/imtld.local/niranjan.kulkarni/git/install/tbot_sim:/home/imtld.local/niranjan.kulkarni/git/install/grpe_larm_mother:/home/imtld.local/niranjan.kulkarni/ros_ws/install/tbot_sim:/opt/ros/iron')]), 'shell': False}
[3.233586] (grpe_larm_mother) StdoutLine: {'line': b'-- Install configuration: ""\n'}
[3.233701] (grpe_larm_mother) StdoutLine: {'line': b'-- Installing: /home/imtld.local/niranjan.kulkarni/git/install/grpe_larm_mother/share/grpe_larm_mother//launch\n'}
[3.256369] (grpe_larm_mother) StdoutLine: {'line': b'-- Installing: /home/imtld.local/niranjan.kulkarni/git/install/grpe_larm_mother/share/grpe_larm_mother//launch/minimal_launch.yaml\n'}
[3.285596] (grpe_larm_mother) StdoutLine: {'line': b'-- Installing: /home/imtld.local/niranjan.kulkarni/git/install/grpe_larm_mother/share/grpe_larm_mother//launch/challenge1.yaml\n'}
[3.306418] (-) TimerEvent: {}
[3.312867] (grpe_larm_mother) StdoutLine: {'line': b'-- Installing: /home/imtld.local/niranjan.kulkarni/git/install/grpe_larm_mother/share/grpe_larm_mother//launch/simulation.yaml\n'}
[3.355755] (grpe_larm_mother) StdoutLine: {'line': b'-- Installing: /home/imtld.local/niranjan.kulkarni/git/install/grpe_larm_mother/share/grpe_larm_mother//scripts\n'}
[3.363438] (grpe_larm_mother) StdoutLine: {'line': b'-- Installing: /home/imtld.local/niranjan.kulkarni/git/install/grpe_larm_mother/share/grpe_larm_mother//scripts/__init__.py\n'}
[3.402899] (grpe_larm_mother) StdoutLine: {'line': b'-- Installing: /home/imtld.local/niranjan.kulkarni/git/install/grpe_larm_mother/share/grpe_larm_mother//scripts/__pycache__\n'}
[3.406544] (-) TimerEvent: {}
[3.416120] (grpe_larm_mother) StdoutLine: {'line': b'-- Installing: /home/imtld.local/niranjan.kulkarni/git/install/grpe_larm_mother/share/grpe_larm_mother//scripts/__pycache__/__init__.cpython-310.pyc\n'}
[3.438261] (grpe_larm_mother) StdoutLine: {'line': b'-- Installing: /home/imtld.local/niranjan.kulkarni/git/install/grpe_larm_mother/share/grpe_larm_mother//scripts/__pycache__/classifier.cpython-310.pyc\n'}
[3.450921] (grpe_larm_mother) StdoutLine: {'line': b'-- Installing: /home/imtld.local/niranjan.kulkarni/git/install/grpe_larm_mother/share/grpe_larm_mother//scripts/__pycache__/classifierCircle.cpython-310.pyc\n'}
[3.473771] (grpe_larm_mother) StdoutLine: {'line': b'-- Installing: /home/imtld.local/niranjan.kulkarni/git/install/grpe_larm_mother/share/grpe_larm_mother//scripts/__pycache__/test_class.cpython-310-pytest-6.2.5.pyc\n'}
[3.500330] (grpe_larm_mother) StdoutLine: {'line': b'-- Installing: /home/imtld.local/niranjan.kulkarni/git/install/grpe_larm_mother/share/grpe_larm_mother//scripts/simulation.py\n'}
[3.506787] (-) TimerEvent: {}
[3.526803] (grpe_larm_mother) StdoutLine: {'line': b'-- Installing: /home/imtld.local/niranjan.kulkarni/git/install/grpe_larm_mother/share/grpe_larm_mother//scripts/camera_driver.py\n'}
[3.548922] (grpe_larm_mother) StdoutLine: {'line': b'-- Installing: /home/imtld.local/niranjan.kulkarni/git/install/grpe_larm_mother/share/grpe_larm_mother//scripts/reactive_move.py\n'}
[3.588743] (grpe_larm_mother) StdoutLine: {'line': b'-- Installing: /home/imtld.local/niranjan.kulkarni/git/install/grpe_larm_mother/share/grpe_larm_mother//scripts/challenge-1.launch.py\n'}
[3.607007] (-) TimerEvent: {}
[3.617643] (grpe_larm_mother) StdoutLine: {'line': b'-- Installing: /home/imtld.local/niranjan.kulkarni/git/install/grpe_larm_mother/share/grpe_larm_mother//scripts/multiplexer\n'}
[3.650368] (grpe_larm_mother) StdoutLine: {'line': b'-- Installing: /home/imtld.local/niranjan.kulkarni/git/install/grpe_larm_mother/lib/grpe_larm_mother/reactive_move.py\n'}
[3.673069] (grpe_larm_mother) StdoutLine: {'line': b'-- Installing: /home/imtld.local/niranjan.kulkarni/git/install/grpe_larm_mother/lib/grpe_larm_mother/camera_driver.py\n'}
[3.695953] (grpe_larm_mother) StdoutLine: {'line': b'-- Installing: /home/imtld.local/niranjan.kulkarni/git/install/grpe_larm_mother/lib/grpe_larm_mother/challenge-1.launch.py\n'}
[3.707084] (-) TimerEvent: {}
[3.731334] (grpe_larm_mother) StdoutLine: {'line': b'-- Installing: /home/imtld.local/niranjan.kulkarni/git/install/grpe_larm_mother/share/ament_index/resource_index/package_run_dependencies/grpe_larm_mother\n'}
[3.770292] (grpe_larm_mother) StdoutLine: {'line': b'-- Installing: /home/imtld.local/niranjan.kulkarni/git/install/grpe_larm_mother/share/ament_index/resource_index/parent_prefix_path/grpe_larm_mother\n'}
[3.787919] (grpe_larm_mother) StdoutLine: {'line': b'-- Installing: /home/imtld.local/niranjan.kulkarni/git/install/grpe_larm_mother/share/grpe_larm_mother/environment/ament_prefix_path.sh\n'}
[3.807171] (-) TimerEvent: {}
[3.808772] (grpe_larm_mother) StdoutLine: {'line': b'-- Installing: /home/imtld.local/niranjan.kulkarni/git/install/grpe_larm_mother/share/grpe_larm_mother/environment/ament_prefix_path.dsv\n'}
[3.851150] (grpe_larm_mother) StdoutLine: {'line': b'-- Installing: /home/imtld.local/niranjan.kulkarni/git/install/grpe_larm_mother/share/grpe_larm_mother/environment/path.sh\n'}
[3.867096] (grpe_larm_mother) StdoutLine: {'line': b'-- Installing: /home/imtld.local/niranjan.kulkarni/git/install/grpe_larm_mother/share/grpe_larm_mother/environment/path.dsv\n'}
[3.898702] (grpe_larm_mother) StdoutLine: {'line': b'-- Installing: /home/imtld.local/niranjan.kulkarni/git/install/grpe_larm_mother/share/grpe_larm_mother/local_setup.bash\n'}
[3.907342] (-) TimerEvent: {}
[3.918870] (grpe_larm_mother) StdoutLine: {'line': b'-- Installing: /home/imtld.local/niranjan.kulkarni/git/install/grpe_larm_mother/share/grpe_larm_mother/local_setup.sh\n'}
[3.934310] (grpe_larm_mother) StdoutLine: {'line': b'-- Installing: /home/imtld.local/niranjan.kulkarni/git/install/grpe_larm_mother/share/grpe_larm_mother/local_setup.zsh\n'}
[3.961198] (grpe_larm_mother) StdoutLine: {'line': b'-- Installing: /home/imtld.local/niranjan.kulkarni/git/install/grpe_larm_mother/share/grpe_larm_mother/local_setup.dsv\n'}
[4.007552] (-) TimerEvent: {}
[4.057435] (grpe_larm_mother) StdoutLine: {'line': b'-- Installing: /home/imtld.local/niranjan.kulkarni/git/install/grpe_larm_mother/share/grpe_larm_mother/package.dsv\n'}
[4.102337] (grpe_larm_mother) StdoutLine: {'line': b'-- Installing: /home/imtld.local/niranjan.kulkarni/git/install/grpe_larm_mother/share/ament_index/resource_index/packages/grpe_larm_mother\n'}
[4.107655] (-) TimerEvent: {}
[4.132391] (grpe_larm_mother) StdoutLine: {'line': b'-- Installing: /home/imtld.local/niranjan.kulkarni/git/install/grpe_larm_mother/share/grpe_larm_mother/cmake/grpe_larm_motherConfig.cmake\n'}
[4.150087] (grpe_larm_mother) StdoutLine: {'line': b'-- Installing: /home/imtld.local/niranjan.kulkarni/git/install/grpe_larm_mother/share/grpe_larm_mother/cmake/grpe_larm_motherConfig-version.cmake\n'}
[4.176939] (grpe_larm_mother) StdoutLine: {'line': b'-- Installing: /home/imtld.local/niranjan.kulkarni/git/install/grpe_larm_mother/share/grpe_larm_mother/package.xml\n'}
[4.207864] (-) TimerEvent: {}
[4.231834] (grpe_larm_mother) CommandEnded: {'returncode': 0}
[4.307930] (-) TimerEvent: {}
[4.408113] (-) TimerEvent: {}
[4.438533] (grpe_larm_mother) JobEnded: {'identifier': 'grpe_larm_mother', 'rc': 0}
[4.460581] (-) EventReactorShutdown: {}
