[0.000000] (-) TimerEvent: {}
[0.000136] (grpe_larm_mother) JobQueued: {'identifier': 'grpe_larm_mother', 'dependencies': OrderedDict()}
[0.000194] (mb6_basic) JobQueued: {'identifier': 'mb6_basic', 'dependencies': OrderedDict()}
[0.000216] (grpe_larm_mother) JobStarted: {'identifier': 'grpe_larm_mother'}
[0.037521] (mb6_basic) JobStarted: {'identifier': 'mb6_basic'}
[0.092734] (-) TimerEvent: {}
[0.104202] (grpe_larm_mother) JobProgress: {'identifier': 'grpe_larm_mother', 'progress': 'cmake'}
[0.108392] (grpe_larm_mother) Command: {'cmd': ['/usr/bin/cmake', '/home/imtld.local/niranjan.kulkarni/git/grpe_larm_mother', '-DCMAKE_INSTALL_PREFIX=/home/imtld.local/niranjan.kulkarni/git/install/grpe_larm_mother'], 'cwd': '/home/imtld.local/niranjan.kulkarni/git/build/grpe_larm_mother', 'env': OrderedDict([('ROS_WORSPACE', '/home/imtld.local/niranjan.kulkarni/ros_ws'), ('USER', 'niranjan.kulkarni'), ('XDG_SESSION_TYPE', 'wayland'), ('SHLVL', '1'), ('LD_LIBRARY_PATH', '/usr/lib/x86_64-linux-gnu/gazebo-11/plugins:/opt/ros/iron/opt/rviz_ogre_vendor/lib:/opt/ros/iron/lib/x86_64-linux-gnu:/opt/ros/iron/lib'), ('HOME', '/home/imtld.local/niranjan.kulkarni'), ('OLDPWD', '/home/imtld.local/niranjan.kulkarni/git/grpe_larm_mother'), ('DESKTOP_SESSION', 'ubuntu'), ('ROS_PYTHON_VERSION', '3'), ('GNOME_SHELL_SESSION_MODE', 'ubuntu'), ('GTK_MODULES', 'gail:atk-bridge'), ('DBUS_STARTER_BUS_TYPE', 'session'), ('SYSTEMD_EXEC_PID', '2399'), ('DBUS_SESSION_BUS_ADDRESS', 'unix:path=/run/user/876417573/bus,guid=4985e290d0dc091e554f6fb765a4dfe1'), ('COLORTERM', 'truecolor'), ('IM_CONFIG_PHASE', '1'), ('WAYLAND_DISPLAY', 'wayland-0'), ('COLCON_PREFIX_PATH', '/home/imtld.local/niranjan.kulkarni/git/install:/home/imtld.local/niranjan.kulkarni/git/grpe_larm_mother/install:/home/imtld.local/niranjan.kulkarni/ros_ws/install'), ('ROS_DISTRO', 'iron'), ('LOGNAME', 'niranjan.kulkarni'), ('_', '/usr/bin/colcon'), ('ROS_VERSION', '2'), ('XDG_SESSION_CLASS', 'user'), ('USERNAME', 'niranjan.kulkarni'), ('TERM', 'xterm-256color'), ('GNOME_DESKTOP_SESSION_ID', 'this-is-deprecated'), ('PATH', '/home/imtld.local/niranjan.kulkarni/bin:/opt/ros/iron/bin:/usr/local/sbin:/usr/local/bin:/usr/sbin:/usr/bin:/sbin:/bin:/usr/games:/usr/local/games:/snap/bin:/snap/bin'), ('SESSION_MANAGER', 'local/DEVELTER-U-10:@/tmp/.ICE-unix/2399,unix/DEVELTER-U-10:/tmp/.ICE-unix/2399'), ('XDG_MENU_PREFIX', 'gnome-'), ('GNOME_TERMINAL_SCREEN', '/org/gnome/Terminal/screen/d4c4d9a8_0e6f_4131_8495_638591042543'), ('GNOME_SETUP_DISPLAY', ':1'), ('XDG_RUNTIME_DIR', '/run/user/876417573'), ('ZEITGEIST_DATA_PATH', '/home/imtld.local/niranjan.kulkarni/.local/share/zeitgeist'), ('DISPLAY', ':0'), ('LANG', 'fr_FR.UTF-8'), ('XDG_CURRENT_DESKTOP', 'ubuntu:GNOME'), ('XMODIFIERS', '@im=ibus'), ('XDG_SESSION_DESKTOP', 'ubuntu'), ('XAUTHORITY', '/run/user/876417573/.mutter-Xwaylandauth.HAPNH2'), ('GNOME_TERMINAL_SERVICE', ':1.254'), ('SSH_AGENT_LAUNCHER', 'gnome-keyring'), ('SSH_AUTH_SOCK', '/run/user/876417573/keyring/ssh'), ('ROS_DOMAIN_ID', '107'), ('AMENT_PREFIX_PATH', '/home/imtld.local/niranjan.kulkarni/git/install/mb6_basic:/home/imtld.local/niranjan.kulkarni/git/grpe_larm_mother/install/grpe_larm_mother:/home/imtld.local/niranjan.kulkarni/git/install/tbot_sim:/home/imtld.local/niranjan.kulkarni/git/install/grpe_larm_mother:/home/imtld.local/niranjan.kulkarni/ros_ws/install/tbot_sim:/opt/ros/iron'), ('SHELL', '/bin/bash'), ('KRB5CCNAME', 'FILE:/tmp/krb5cc_876417573_MSWOBM'), ('QT_ACCESSIBILITY', '1'), ('GDMSESSION', 'ubuntu'), ('ROS_AUTOMATIC_DISCOVERY_RANGE', 'SUBNET'), ('QT_IM_MODULE', 'ibus'), ('PWD', '/home/imtld.local/niranjan.kulkarni/git/build/grpe_larm_mother'), ('XDG_CONFIG_DIRS', '/etc/xdg/xdg-ubuntu:/etc/xdg'), ('DBUS_STARTER_ADDRESS', 'unix:path=/run/user/876417573/bus,guid=4985e290d0dc091e554f6fb765a4dfe1'), ('XDG_DATA_DIRS', '/usr/share/ubuntu:/usr/local/share/:/usr/share/:/var/lib/snapd/desktop'), ('PYTHONPATH', '/opt/ros/iron/lib/python3.10/site-packages'), ('COLCON', '1'), ('VTE_VERSION', '6800'), ('CMAKE_PREFIX_PATH', '/home/imtld.local/niranjan.kulkarni/git/install/mb6_basic:/home/imtld.local/niranjan.kulkarni/git/grpe_larm_mother/install/grpe_larm_mother:/home/imtld.local/niranjan.kulkarni/git/install/tbot_sim:/home/imtld.local/niranjan.kulkarni/git/install/grpe_larm_mother:/home/imtld.local/niranjan.kulkarni/ros_ws/install/tbot_sim:/opt/ros/iron')]), 'shell': False}
[0.173282] (mb6_basic) JobProgress: {'identifier': 'mb6_basic', 'progress': 'cmake'}
[0.173840] (mb6_basic) Command: {'cmd': ['/usr/bin/cmake', '/home/imtld.local/niranjan.kulkarni/git/pkg-basic/mb6_basic', '-DCMAKE_INSTALL_PREFIX=/home/imtld.local/niranjan.kulkarni/git/install/mb6_basic'], 'cwd': '/home/imtld.local/niranjan.kulkarni/git/build/mb6_basic', 'env': OrderedDict([('ROS_WORSPACE', '/home/imtld.local/niranjan.kulkarni/ros_ws'), ('USER', 'niranjan.kulkarni'), ('XDG_SESSION_TYPE', 'wayland'), ('SHLVL', '1'), ('LD_LIBRARY_PATH', '/usr/lib/x86_64-linux-gnu/gazebo-11/plugins:/opt/ros/iron/opt/rviz_ogre_vendor/lib:/opt/ros/iron/lib/x86_64-linux-gnu:/opt/ros/iron/lib'), ('HOME', '/home/imtld.local/niranjan.kulkarni'), ('OLDPWD', '/home/imtld.local/niranjan.kulkarni/git/grpe_larm_mother'), ('DESKTOP_SESSION', 'ubuntu'), ('ROS_PYTHON_VERSION', '3'), ('GNOME_SHELL_SESSION_MODE', 'ubuntu'), ('GTK_MODULES', 'gail:atk-bridge'), ('DBUS_STARTER_BUS_TYPE', 'session'), ('SYSTEMD_EXEC_PID', '2399'), ('DBUS_SESSION_BUS_ADDRESS', 'unix:path=/run/user/876417573/bus,guid=4985e290d0dc091e554f6fb765a4dfe1'), ('COLORTERM', 'truecolor'), ('IM_CONFIG_PHASE', '1'), ('WAYLAND_DISPLAY', 'wayland-0'), ('COLCON_PREFIX_PATH', '/home/imtld.local/niranjan.kulkarni/git/install:/home/imtld.local/niranjan.kulkarni/git/grpe_larm_mother/install:/home/imtld.local/niranjan.kulkarni/ros_ws/install'), ('ROS_DISTRO', 'iron'), ('LOGNAME', 'niranjan.kulkarni'), ('_', '/usr/bin/colcon'), ('ROS_VERSION', '2'), ('XDG_SESSION_CLASS', 'user'), ('USERNAME', 'niranjan.kulkarni'), ('TERM', 'xterm-256color'), ('GNOME_DESKTOP_SESSION_ID', 'this-is-deprecated'), ('PATH', '/home/imtld.local/niranjan.kulkarni/bin:/opt/ros/iron/bin:/usr/local/sbin:/usr/local/bin:/usr/sbin:/usr/bin:/sbin:/bin:/usr/games:/usr/local/games:/snap/bin:/snap/bin'), ('SESSION_MANAGER', 'local/DEVELTER-U-10:@/tmp/.ICE-unix/2399,unix/DEVELTER-U-10:/tmp/.ICE-unix/2399'), ('XDG_MENU_PREFIX', 'gnome-'), ('GNOME_TERMINAL_SCREEN', '/org/gnome/Terminal/screen/d4c4d9a8_0e6f_4131_8495_638591042543'), ('GNOME_SETUP_DISPLAY', ':1'), ('XDG_RUNTIME_DIR', '/run/user/876417573'), ('ZEITGEIST_DATA_PATH', '/home/imtld.local/niranjan.kulkarni/.local/share/zeitgeist'), ('DISPLAY', ':0'), ('LANG', 'fr_FR.UTF-8'), ('XDG_CURRENT_DESKTOP', 'ubuntu:GNOME'), ('XMODIFIERS', '@im=ibus'), ('XDG_SESSION_DESKTOP', 'ubuntu'), ('XAUTHORITY', '/run/user/876417573/.mutter-Xwaylandauth.HAPNH2'), ('GNOME_TERMINAL_SERVICE', ':1.254'), ('SSH_AGENT_LAUNCHER', 'gnome-keyring'), ('SSH_AUTH_SOCK', '/run/user/876417573/keyring/ssh'), ('ROS_DOMAIN_ID', '107'), ('AMENT_PREFIX_PATH', '/home/imtld.local/niranjan.kulkarni/git/install/mb6_basic:/home/imtld.local/niranjan.kulkarni/git/grpe_larm_mother/install/grpe_larm_mother:/home/imtld.local/niranjan.kulkarni/git/install/tbot_sim:/home/imtld.local/niranjan.kulkarni/git/install/grpe_larm_mother:/home/imtld.local/niranjan.kulkarni/ros_ws/install/tbot_sim:/opt/ros/iron'), ('SHELL', '/bin/bash'), ('KRB5CCNAME', 'FILE:/tmp/krb5cc_876417573_MSWOBM'), ('QT_ACCESSIBILITY', '1'), ('GDMSESSION', 'ubuntu'), ('ROS_AUTOMATIC_DISCOVERY_RANGE', 'SUBNET'), ('QT_IM_MODULE', 'ibus'), ('PWD', '/home/imtld.local/niranjan.kulkarni/git/build/mb6_basic'), ('XDG_CONFIG_DIRS', '/etc/xdg/xdg-ubuntu:/etc/xdg'), ('DBUS_STARTER_ADDRESS', 'unix:path=/run/user/876417573/bus,guid=4985e290d0dc091e554f6fb765a4dfe1'), ('XDG_DATA_DIRS', '/usr/share/ubuntu:/usr/local/share/:/usr/share/:/var/lib/snapd/desktop'), ('PYTHONPATH', '/opt/ros/iron/lib/python3.10/site-packages'), ('COLCON', '1'), ('VTE_VERSION', '6800'), ('CMAKE_PREFIX_PATH', '/home/imtld.local/niranjan.kulkarni/git/install/mb6_basic:/home/imtld.local/niranjan.kulkarni/git/grpe_larm_mother/install/grpe_larm_mother:/home/imtld.local/niranjan.kulkarni/git/install/tbot_sim:/home/imtld.local/niranjan.kulkarni/git/install/grpe_larm_mother:/home/imtld.local/niranjan.kulkarni/ros_ws/install/tbot_sim:/opt/ros/iron')]), 'shell': False}
[0.245098] (-) TimerEvent: {}
[0.345276] (-) TimerEvent: {}
[0.362354] (grpe_larm_mother) StdoutLine: {'line': b'-- The C compiler identification is GNU 11.4.0\n'}
[0.391828] (mb6_basic) StdoutLine: {'line': b'-- The C compiler identification is GNU 11.4.0\n'}
[0.445369] (-) TimerEvent: {}
[0.487615] (grpe_larm_mother) StdoutLine: {'line': b'-- The CXX compiler identification is GNU 11.4.0\n'}
[0.519072] (grpe_larm_mother) StdoutLine: {'line': b'-- Detecting C compiler ABI info\n'}
[0.545508] (-) TimerEvent: {}
[0.551859] (mb6_basic) StdoutLine: {'line': b'-- The CXX compiler identification is GNU 11.4.0\n'}
[0.575328] (mb6_basic) StdoutLine: {'line': b'-- Detecting C compiler ABI info\n'}
[0.645590] (-) TimerEvent: {}
[0.745806] (-) TimerEvent: {}
[0.846112] (-) TimerEvent: {}
[0.846756] (grpe_larm_mother) StdoutLine: {'line': b'-- Detecting C compiler ABI info - done\n'}
[0.870392] (grpe_larm_mother) StdoutLine: {'line': b'-- Check for working C compiler: /usr/bin/cc - skipped\n'}
[0.870663] (grpe_larm_mother) StdoutLine: {'line': b'-- Detecting C compile features\n'}
[0.870995] (grpe_larm_mother) StdoutLine: {'line': b'-- Detecting C compile features - done\n'}
[0.896533] (grpe_larm_mother) StdoutLine: {'line': b'-- Detecting CXX compiler ABI info\n'}
[0.916311] (mb6_basic) StdoutLine: {'line': b'-- Detecting C compiler ABI info - done\n'}
[0.946318] (-) TimerEvent: {}
[0.951289] (mb6_basic) StdoutLine: {'line': b'-- Check for working C compiler: /usr/bin/cc - skipped\n'}
[0.951469] (mb6_basic) StdoutLine: {'line': b'-- Detecting C compile features\n'}
[0.951756] (mb6_basic) StdoutLine: {'line': b'-- Detecting C compile features - done\n'}
[0.975920] (mb6_basic) StdoutLine: {'line': b'-- Detecting CXX compiler ABI info\n'}
[1.046408] (-) TimerEvent: {}
[1.146665] (-) TimerEvent: {}
[1.246961] (-) TimerEvent: {}
[1.278941] (grpe_larm_mother) StdoutLine: {'line': b'-- Detecting CXX compiler ABI info - done\n'}
[1.339429] (grpe_larm_mother) StdoutLine: {'line': b'-- Check for working CXX compiler: /usr/bin/c++ - skipped\n'}
[1.339602] (grpe_larm_mother) StdoutLine: {'line': b'-- Detecting CXX compile features\n'}
[1.341601] (grpe_larm_mother) StdoutLine: {'line': b'-- Detecting CXX compile features - done\n'}
[1.343532] (mb6_basic) StdoutLine: {'line': b'-- Detecting CXX compiler ABI info - done\n'}
[1.347229] (-) TimerEvent: {}
[1.363335] (mb6_basic) StdoutLine: {'line': b'-- Check for working CXX compiler: /usr/bin/c++ - skipped\n'}
[1.363572] (mb6_basic) StdoutLine: {'line': b'-- Detecting CXX compile features\n'}
[1.371401] (mb6_basic) StdoutLine: {'line': b'-- Detecting CXX compile features - done\n'}
[1.384039] (grpe_larm_mother) StdoutLine: {'line': b'-- Found ament_cmake: 2.0.3 (/opt/ros/iron/share/ament_cmake/cmake)\n'}
[1.426318] (mb6_basic) StdoutLine: {'line': b'-- Found ament_cmake: 2.0.3 (/opt/ros/iron/share/ament_cmake/cmake)\n'}
[1.447296] (-) TimerEvent: {}
[1.530689] (grpe_larm_mother) StdoutLine: {'line': b'-- Found Python3: /usr/bin/python3.10 (found version "3.10.12") found components: Interpreter \n'}
[1.547376] (-) TimerEvent: {}
[1.564055] (mb6_basic) StdoutLine: {'line': b'-- Found Python3: /usr/bin/python3.10 (found version "3.10.12") found components: Interpreter \n'}
[1.647502] (-) TimerEvent: {}
[1.747719] (-) TimerEvent: {}
[1.790066] (grpe_larm_mother) StdoutLine: {'line': b'-- Found ament_lint_auto: 0.14.2 (/opt/ros/iron/share/ament_lint_auto/cmake)\n'}
[1.839567] (mb6_basic) StdoutLine: {'line': b'-- Found ament_lint_auto: 0.14.2 (/opt/ros/iron/share/ament_lint_auto/cmake)\n'}
[1.847814] (-) TimerEvent: {}
[1.948021] (-) TimerEvent: {}
[2.048251] (-) TimerEvent: {}
[2.082317] (mb6_basic) StdoutLine: {'line': b"-- Added test 'flake8' to check Python code syntax and style conventions\n"}
[2.082483] (mb6_basic) StdoutLine: {'line': b"-- Configured 'flake8' exclude dirs and/or files: \n"}
[2.091366] (mb6_basic) StdoutLine: {'line': b"-- Added test 'lint_cmake' to check CMake code style\n"}
[2.098024] (mb6_basic) StdoutLine: {'line': b"-- Added test 'pep257' to check Python code against some of the docstring style conventions in PEP 257\n"}
[2.121182] (mb6_basic) StdoutLine: {'line': b"-- Added test 'xmllint' to check XML markup files\n"}
[2.148350] (-) TimerEvent: {}
[2.178458] (mb6_basic) StdoutLine: {'line': b'-- Configuring done\n'}
[2.242818] (grpe_larm_mother) StdoutLine: {'line': b"-- Added test 'cppcheck' to perform static code analysis on C / C++ code\n"}
[2.242974] (grpe_larm_mother) StdoutLine: {'line': b'-- Configured cppcheck include dirs: \n'}
[2.243027] (grpe_larm_mother) StdoutLine: {'line': b'-- Configured cppcheck exclude dirs and/or files: \n'}
[2.248533] (-) TimerEvent: {}
[2.279128] (grpe_larm_mother) StdoutLine: {'line': b"-- Added test 'flake8' to check Python code syntax and style conventions\n"}
[2.279290] (grpe_larm_mother) StdoutLine: {'line': b"-- Configured 'flake8' exclude dirs and/or files: \n"}
[2.343179] (grpe_larm_mother) StdoutLine: {'line': b"-- Added test 'lint_cmake' to check CMake code style\n"}
[2.348600] (-) TimerEvent: {}
[2.385726] (grpe_larm_mother) StdoutLine: {'line': b"-- Added test 'pep257' to check Python code against some of the docstring style conventions in PEP 257\n"}
[2.406777] (mb6_basic) StdoutLine: {'line': b'-- Generating done\n'}
[2.448676] (-) TimerEvent: {}
[2.477386] (mb6_basic) StdoutLine: {'line': b'-- Build files have been written to: /home/imtld.local/niranjan.kulkarni/git/build/mb6_basic\n'}
[2.480754] (mb6_basic) CommandEnded: {'returncode': 0}
[2.481534] (mb6_basic) JobProgress: {'identifier': 'mb6_basic', 'progress': 'build'}
[2.482355] (mb6_basic) Command: {'cmd': ['/usr/bin/cmake', '--build', '/home/imtld.local/niranjan.kulkarni/git/build/mb6_basic', '--', '-j12', '-l12'], 'cwd': '/home/imtld.local/niranjan.kulkarni/git/build/mb6_basic', 'env': OrderedDict([('ROS_WORSPACE', '/home/imtld.local/niranjan.kulkarni/ros_ws'), ('USER', 'niranjan.kulkarni'), ('XDG_SESSION_TYPE', 'wayland'), ('SHLVL', '1'), ('LD_LIBRARY_PATH', '/usr/lib/x86_64-linux-gnu/gazebo-11/plugins:/opt/ros/iron/opt/rviz_ogre_vendor/lib:/opt/ros/iron/lib/x86_64-linux-gnu:/opt/ros/iron/lib'), ('HOME', '/home/imtld.local/niranjan.kulkarni'), ('OLDPWD', '/home/imtld.local/niranjan.kulkarni/git/grpe_larm_mother'), ('DESKTOP_SESSION', 'ubuntu'), ('ROS_PYTHON_VERSION', '3'), ('GNOME_SHELL_SESSION_MODE', 'ubuntu'), ('GTK_MODULES', 'gail:atk-bridge'), ('DBUS_STARTER_BUS_TYPE', 'session'), ('SYSTEMD_EXEC_PID', '2399'), ('DBUS_SESSION_BUS_ADDRESS', 'unix:path=/run/user/876417573/bus,guid=4985e290d0dc091e554f6fb765a4dfe1'), ('COLORTERM', 'truecolor'), ('IM_CONFIG_PHASE', '1'), ('WAYLAND_DISPLAY', 'wayland-0'), ('COLCON_PREFIX_PATH', '/home/imtld.local/niranjan.kulkarni/git/install:/home/imtld.local/niranjan.kulkarni/git/grpe_larm_mother/install:/home/imtld.local/niranjan.kulkarni/ros_ws/install'), ('ROS_DISTRO', 'iron'), ('LOGNAME', 'niranjan.kulkarni'), ('_', '/usr/bin/colcon'), ('ROS_VERSION', '2'), ('XDG_SESSION_CLASS', 'user'), ('USERNAME', 'niranjan.kulkarni'), ('TERM', 'xterm-256color'), ('GNOME_DESKTOP_SESSION_ID', 'this-is-deprecated'), ('PATH', '/home/imtld.local/niranjan.kulkarni/bin:/opt/ros/iron/bin:/usr/local/sbin:/usr/local/bin:/usr/sbin:/usr/bin:/sbin:/bin:/usr/games:/usr/local/games:/snap/bin:/snap/bin'), ('SESSION_MANAGER', 'local/DEVELTER-U-10:@/tmp/.ICE-unix/2399,unix/DEVELTER-U-10:/tmp/.ICE-unix/2399'), ('XDG_MENU_PREFIX', 'gnome-'), ('GNOME_TERMINAL_SCREEN', '/org/gnome/Terminal/screen/d4c4d9a8_0e6f_4131_8495_638591042543'), ('GNOME_SETUP_DISPLAY', ':1'), ('XDG_RUNTIME_DIR', '/run/user/876417573'), ('ZEITGEIST_DATA_PATH', '/home/imtld.local/niranjan.kulkarni/.local/share/zeitgeist'), ('DISPLAY', ':0'), ('LANG', 'fr_FR.UTF-8'), ('XDG_CURRENT_DESKTOP', 'ubuntu:GNOME'), ('XMODIFIERS', '@im=ibus'), ('XDG_SESSION_DESKTOP', 'ubuntu'), ('XAUTHORITY', '/run/user/876417573/.mutter-Xwaylandauth.HAPNH2'), ('GNOME_TERMINAL_SERVICE', ':1.254'), ('SSH_AGENT_LAUNCHER', 'gnome-keyring'), ('SSH_AUTH_SOCK', '/run/user/876417573/keyring/ssh'), ('ROS_DOMAIN_ID', '107'), ('AMENT_PREFIX_PATH', '/home/imtld.local/niranjan.kulkarni/git/install/mb6_basic:/home/imtld.local/niranjan.kulkarni/git/grpe_larm_mother/install/grpe_larm_mother:/home/imtld.local/niranjan.kulkarni/git/install/tbot_sim:/home/imtld.local/niranjan.kulkarni/git/install/grpe_larm_mother:/home/imtld.local/niranjan.kulkarni/ros_ws/install/tbot_sim:/opt/ros/iron'), ('SHELL', '/bin/bash'), ('KRB5CCNAME', 'FILE:/tmp/krb5cc_876417573_MSWOBM'), ('QT_ACCESSIBILITY', '1'), ('GDMSESSION', 'ubuntu'), ('ROS_AUTOMATIC_DISCOVERY_RANGE', 'SUBNET'), ('QT_IM_MODULE', 'ibus'), ('PWD', '/home/imtld.local/niranjan.kulkarni/git/build/mb6_basic'), ('XDG_CONFIG_DIRS', '/etc/xdg/xdg-ubuntu:/etc/xdg'), ('DBUS_STARTER_ADDRESS', 'unix:path=/run/user/876417573/bus,guid=4985e290d0dc091e554f6fb765a4dfe1'), ('XDG_DATA_DIRS', '/usr/share/ubuntu:/usr/local/share/:/usr/share/:/var/lib/snapd/desktop'), ('PYTHONPATH', '/opt/ros/iron/lib/python3.10/site-packages'), ('COLCON', '1'), ('VTE_VERSION', '6800'), ('CMAKE_PREFIX_PATH', '/home/imtld.local/niranjan.kulkarni/git/install/mb6_basic:/home/imtld.local/niranjan.kulkarni/git/grpe_larm_mother/install/grpe_larm_mother:/home/imtld.local/niranjan.kulkarni/git/install/tbot_sim:/home/imtld.local/niranjan.kulkarni/git/install/grpe_larm_mother:/home/imtld.local/niranjan.kulkarni/ros_ws/install/tbot_sim:/opt/ros/iron')]), 'shell': False}
[2.541105] (mb6_basic) CommandEnded: {'returncode': 0}
[2.548740] (-) TimerEvent: {}
[2.557900] (mb6_basic) JobProgress: {'identifier': 'mb6_basic', 'progress': 'install'}
[2.565152] (mb6_basic) Command: {'cmd': ['/usr/bin/cmake', '--install', '/home/imtld.local/niranjan.kulkarni/git/build/mb6_basic'], 'cwd': '/home/imtld.local/niranjan.kulkarni/git/build/mb6_basic', 'env': OrderedDict([('ROS_WORSPACE', '/home/imtld.local/niranjan.kulkarni/ros_ws'), ('USER', 'niranjan.kulkarni'), ('XDG_SESSION_TYPE', 'wayland'), ('SHLVL', '1'), ('LD_LIBRARY_PATH', '/usr/lib/x86_64-linux-gnu/gazebo-11/plugins:/opt/ros/iron/opt/rviz_ogre_vendor/lib:/opt/ros/iron/lib/x86_64-linux-gnu:/opt/ros/iron/lib'), ('HOME', '/home/imtld.local/niranjan.kulkarni'), ('OLDPWD', '/home/imtld.local/niranjan.kulkarni/git/grpe_larm_mother'), ('DESKTOP_SESSION', 'ubuntu'), ('ROS_PYTHON_VERSION', '3'), ('GNOME_SHELL_SESSION_MODE', 'ubuntu'), ('GTK_MODULES', 'gail:atk-bridge'), ('DBUS_STARTER_BUS_TYPE', 'session'), ('SYSTEMD_EXEC_PID', '2399'), ('DBUS_SESSION_BUS_ADDRESS', 'unix:path=/run/user/876417573/bus,guid=4985e290d0dc091e554f6fb765a4dfe1'), ('COLORTERM', 'truecolor'), ('IM_CONFIG_PHASE', '1'), ('WAYLAND_DISPLAY', 'wayland-0'), ('COLCON_PREFIX_PATH', '/home/imtld.local/niranjan.kulkarni/git/install:/home/imtld.local/niranjan.kulkarni/git/grpe_larm_mother/install:/home/imtld.local/niranjan.kulkarni/ros_ws/install'), ('ROS_DISTRO', 'iron'), ('LOGNAME', 'niranjan.kulkarni'), ('_', '/usr/bin/colcon'), ('ROS_VERSION', '2'), ('XDG_SESSION_CLASS', 'user'), ('USERNAME', 'niranjan.kulkarni'), ('TERM', 'xterm-256color'), ('GNOME_DESKTOP_SESSION_ID', 'this-is-deprecated'), ('PATH', '/home/imtld.local/niranjan.kulkarni/bin:/opt/ros/iron/bin:/usr/local/sbin:/usr/local/bin:/usr/sbin:/usr/bin:/sbin:/bin:/usr/games:/usr/local/games:/snap/bin:/snap/bin'), ('SESSION_MANAGER', 'local/DEVELTER-U-10:@/tmp/.ICE-unix/2399,unix/DEVELTER-U-10:/tmp/.ICE-unix/2399'), ('XDG_MENU_PREFIX', 'gnome-'), ('GNOME_TERMINAL_SCREEN', '/org/gnome/Terminal/screen/d4c4d9a8_0e6f_4131_8495_638591042543'), ('GNOME_SETUP_DISPLAY', ':1'), ('XDG_RUNTIME_DIR', '/run/user/876417573'), ('ZEITGEIST_DATA_PATH', '/home/imtld.local/niranjan.kulkarni/.local/share/zeitgeist'), ('DISPLAY', ':0'), ('LANG', 'fr_FR.UTF-8'), ('XDG_CURRENT_DESKTOP', 'ubuntu:GNOME'), ('XMODIFIERS', '@im=ibus'), ('XDG_SESSION_DESKTOP', 'ubuntu'), ('XAUTHORITY', '/run/user/876417573/.mutter-Xwaylandauth.HAPNH2'), ('GNOME_TERMINAL_SERVICE', ':1.254'), ('SSH_AGENT_LAUNCHER', 'gnome-keyring'), ('SSH_AUTH_SOCK', '/run/user/876417573/keyring/ssh'), ('ROS_DOMAIN_ID', '107'), ('AMENT_PREFIX_PATH', '/home/imtld.local/niranjan.kulkarni/git/install/mb6_basic:/home/imtld.local/niranjan.kulkarni/git/grpe_larm_mother/install/grpe_larm_mother:/home/imtld.local/niranjan.kulkarni/git/install/tbot_sim:/home/imtld.local/niranjan.kulkarni/git/install/grpe_larm_mother:/home/imtld.local/niranjan.kulkarni/ros_ws/install/tbot_sim:/opt/ros/iron'), ('SHELL', '/bin/bash'), ('KRB5CCNAME', 'FILE:/tmp/krb5cc_876417573_MSWOBM'), ('QT_ACCESSIBILITY', '1'), ('GDMSESSION', 'ubuntu'), ('ROS_AUTOMATIC_DISCOVERY_RANGE', 'SUBNET'), ('QT_IM_MODULE', 'ibus'), ('PWD', '/home/imtld.local/niranjan.kulkarni/git/build/mb6_basic'), ('XDG_CONFIG_DIRS', '/etc/xdg/xdg-ubuntu:/etc/xdg'), ('DBUS_STARTER_ADDRESS', 'unix:path=/run/user/876417573/bus,guid=4985e290d0dc091e554f6fb765a4dfe1'), ('XDG_DATA_DIRS', '/usr/share/ubuntu:/usr/local/share/:/usr/share/:/var/lib/snapd/desktop'), ('PYTHONPATH', '/opt/ros/iron/lib/python3.10/site-packages'), ('COLCON', '1'), ('VTE_VERSION', '6800'), ('CMAKE_PREFIX_PATH', '/home/imtld.local/niranjan.kulkarni/git/install/mb6_basic:/home/imtld.local/niranjan.kulkarni/git/grpe_larm_mother/install/grpe_larm_mother:/home/imtld.local/niranjan.kulkarni/git/install/tbot_sim:/home/imtld.local/niranjan.kulkarni/git/install/grpe_larm_mother:/home/imtld.local/niranjan.kulkarni/ros_ws/install/tbot_sim:/opt/ros/iron')]), 'shell': False}
[2.573219] (mb6_basic) StdoutLine: {'line': b'-- Install configuration: ""\n'}
[2.573330] (mb6_basic) StdoutLine: {'line': b'-- Installing: /home/imtld.local/niranjan.kulkarni/git/install/mb6_basic/share/mb6_basic//launch\n'}
[2.590302] (mb6_basic) StdoutLine: {'line': b'-- Installing: /home/imtld.local/niranjan.kulkarni/git/install/mb6_basic/share/mb6_basic//launch/parasit_launch.yaml\n'}
[2.594462] (grpe_larm_mother) StdoutLine: {'line': b"-- Added test 'uncrustify' to check C / C++ code style\n"}
[2.598201] (grpe_larm_mother) StdoutLine: {'line': b'-- Configured uncrustify additional arguments: \n'}
[2.617349] (mb6_basic) StdoutLine: {'line': b'-- Installing: /home/imtld.local/niranjan.kulkarni/git/install/mb6_basic/lib/mb6_basic/basic\n'}
[2.631848] (mb6_basic) StdoutLine: {'line': b'-- Installing: /home/imtld.local/niranjan.kulkarni/git/install/mb6_basic/lib/mb6_basic/basic/__init__.py\n'}
[2.637451] (grpe_larm_mother) StdoutLine: {'line': b"-- Added test 'xmllint' to check XML markup files\n"}
[2.648806] (-) TimerEvent: {}
[2.662110] (mb6_basic) StdoutLine: {'line': b'-- Installing: /home/imtld.local/niranjan.kulkarni/git/install/mb6_basic/lib/mb6_basic/multiplexer\n'}
[2.694237] (mb6_basic) StdoutLine: {'line': b'-- Installing: /home/imtld.local/niranjan.kulkarni/git/install/mb6_basic/lib/mb6_basic/parasit\n'}
[2.716884] (mb6_basic) StdoutLine: {'line': b'-- Installing: /home/imtld.local/niranjan.kulkarni/git/install/mb6_basic/lib/mb6_basic/pulse_monitor\n'}
[2.748557] (mb6_basic) StdoutLine: {'line': b'-- Installing: /home/imtld.local/niranjan.kulkarni/git/install/mb6_basic/share/ament_index/resource_index/package_run_dependencies/mb6_basic\n'}
[2.748867] (-) TimerEvent: {}
[2.751722] (grpe_larm_mother) StdoutLine: {'line': b'-- Configuring done\n'}
[2.791641] (mb6_basic) StdoutLine: {'line': b'-- Installing: /home/imtld.local/niranjan.kulkarni/git/install/mb6_basic/share/ament_index/resource_index/parent_prefix_path/mb6_basic\n'}
[2.817076] (mb6_basic) StdoutLine: {'line': b'-- Installing: /home/imtld.local/niranjan.kulkarni/git/install/mb6_basic/share/mb6_basic/environment/ament_prefix_path.sh\n'}
[2.839560] (mb6_basic) StdoutLine: {'line': b'-- Installing: /home/imtld.local/niranjan.kulkarni/git/install/mb6_basic/share/mb6_basic/environment/ament_prefix_path.dsv\n'}
[2.848945] (-) TimerEvent: {}
[2.855838] (mb6_basic) StdoutLine: {'line': b'-- Installing: /home/imtld.local/niranjan.kulkarni/git/install/mb6_basic/share/mb6_basic/environment/path.sh\n'}
[2.882405] (mb6_basic) StdoutLine: {'line': b'-- Installing: /home/imtld.local/niranjan.kulkarni/git/install/mb6_basic/share/mb6_basic/environment/path.dsv\n'}
[2.914498] (mb6_basic) StdoutLine: {'line': b'-- Installing: /home/imtld.local/niranjan.kulkarni/git/install/mb6_basic/share/mb6_basic/local_setup.bash\n'}
[2.935651] (mb6_basic) StdoutLine: {'line': b'-- Installing: /home/imtld.local/niranjan.kulkarni/git/install/mb6_basic/share/mb6_basic/local_setup.sh\n'}
[2.949144] (-) TimerEvent: {}
[2.974623] (mb6_basic) StdoutLine: {'line': b'-- Installing: /home/imtld.local/niranjan.kulkarni/git/install/mb6_basic/share/mb6_basic/local_setup.zsh\n'}
[3.003868] (mb6_basic) StdoutLine: {'line': b'-- Installing: /home/imtld.local/niranjan.kulkarni/git/install/mb6_basic/share/mb6_basic/local_setup.dsv\n'}
[3.036799] (mb6_basic) StdoutLine: {'line': b'-- Installing: /home/imtld.local/niranjan.kulkarni/git/install/mb6_basic/share/mb6_basic/package.dsv\n'}
[3.049357] (-) TimerEvent: {}
[3.076723] (mb6_basic) StdoutLine: {'line': b'-- Installing: /home/imtld.local/niranjan.kulkarni/git/install/mb6_basic/share/ament_index/resource_index/packages/mb6_basic\n'}
[3.097820] (mb6_basic) StdoutLine: {'line': b'-- Installing: /home/imtld.local/niranjan.kulkarni/git/install/mb6_basic/share/mb6_basic/cmake/mb6_basicConfig.cmake\n'}
[3.125585] (mb6_basic) StdoutLine: {'line': b'-- Installing: /home/imtld.local/niranjan.kulkarni/git/install/mb6_basic/share/mb6_basic/cmake/mb6_basicConfig-version.cmake\n'}
[3.149566] (-) TimerEvent: {}
[3.155194] (grpe_larm_mother) StdoutLine: {'line': b'-- Generating done\n'}
[3.157924] (mb6_basic) StdoutLine: {'line': b'-- Installing: /home/imtld.local/niranjan.kulkarni/git/install/mb6_basic/share/mb6_basic/package.xml\n'}
[3.209195] (mb6_basic) CommandEnded: {'returncode': 0}
[3.249712] (-) TimerEvent: {}
[3.264658] (grpe_larm_mother) StdoutLine: {'line': b'-- Build files have been written to: /home/imtld.local/niranjan.kulkarni/git/build/grpe_larm_mother\n'}
[3.304433] (grpe_larm_mother) CommandEnded: {'returncode': 0}
[3.305456] (grpe_larm_mother) JobProgress: {'identifier': 'grpe_larm_mother', 'progress': 'build'}
[3.310833] (grpe_larm_mother) Command: {'cmd': ['/usr/bin/cmake', '--build', '/home/imtld.local/niranjan.kulkarni/git/build/grpe_larm_mother', '--', '-j12', '-l12'], 'cwd': '/home/imtld.local/niranjan.kulkarni/git/build/grpe_larm_mother', 'env': OrderedDict([('ROS_WORSPACE', '/home/imtld.local/niranjan.kulkarni/ros_ws'), ('USER', 'niranjan.kulkarni'), ('XDG_SESSION_TYPE', 'wayland'), ('SHLVL', '1'), ('LD_LIBRARY_PATH', '/usr/lib/x86_64-linux-gnu/gazebo-11/plugins:/opt/ros/iron/opt/rviz_ogre_vendor/lib:/opt/ros/iron/lib/x86_64-linux-gnu:/opt/ros/iron/lib'), ('HOME', '/home/imtld.local/niranjan.kulkarni'), ('OLDPWD', '/home/imtld.local/niranjan.kulkarni/git/grpe_larm_mother'), ('DESKTOP_SESSION', 'ubuntu'), ('ROS_PYTHON_VERSION', '3'), ('GNOME_SHELL_SESSION_MODE', 'ubuntu'), ('GTK_MODULES', 'gail:atk-bridge'), ('DBUS_STARTER_BUS_TYPE', 'session'), ('SYSTEMD_EXEC_PID', '2399'), ('DBUS_SESSION_BUS_ADDRESS', 'unix:path=/run/user/876417573/bus,guid=4985e290d0dc091e554f6fb765a4dfe1'), ('COLORTERM', 'truecolor'), ('IM_CONFIG_PHASE', '1'), ('WAYLAND_DISPLAY', 'wayland-0'), ('COLCON_PREFIX_PATH', '/home/imtld.local/niranjan.kulkarni/git/install:/home/imtld.local/niranjan.kulkarni/git/grpe_larm_mother/install:/home/imtld.local/niranjan.kulkarni/ros_ws/install'), ('ROS_DISTRO', 'iron'), ('LOGNAME', 'niranjan.kulkarni'), ('_', '/usr/bin/colcon'), ('ROS_VERSION', '2'), ('XDG_SESSION_CLASS', 'user'), ('USERNAME', 'niranjan.kulkarni'), ('TERM', 'xterm-256color'), ('GNOME_DESKTOP_SESSION_ID', 'this-is-deprecated'), ('PATH', '/home/imtld.local/niranjan.kulkarni/bin:/opt/ros/iron/bin:/usr/local/sbin:/usr/local/bin:/usr/sbin:/usr/bin:/sbin:/bin:/usr/games:/usr/local/games:/snap/bin:/snap/bin'), ('SESSION_MANAGER', 'local/DEVELTER-U-10:@/tmp/.ICE-unix/2399,unix/DEVELTER-U-10:/tmp/.ICE-unix/2399'), ('XDG_MENU_PREFIX', 'gnome-'), ('GNOME_TERMINAL_SCREEN', '/org/gnome/Terminal/screen/d4c4d9a8_0e6f_4131_8495_638591042543'), ('GNOME_SETUP_DISPLAY', ':1'), ('XDG_RUNTIME_DIR', '/run/user/876417573'), ('ZEITGEIST_DATA_PATH', '/home/imtld.local/niranjan.kulkarni/.local/share/zeitgeist'), ('DISPLAY', ':0'), ('LANG', 'fr_FR.UTF-8'), ('XDG_CURRENT_DESKTOP', 'ubuntu:GNOME'), ('XMODIFIERS', '@im=ibus'), ('XDG_SESSION_DESKTOP', 'ubuntu'), ('XAUTHORITY', '/run/user/876417573/.mutter-Xwaylandauth.HAPNH2'), ('GNOME_TERMINAL_SERVICE', ':1.254'), ('SSH_AGENT_LAUNCHER', 'gnome-keyring'), ('SSH_AUTH_SOCK', '/run/user/876417573/keyring/ssh'), ('ROS_DOMAIN_ID', '107'), ('AMENT_PREFIX_PATH', '/home/imtld.local/niranjan.kulkarni/git/install/mb6_basic:/home/imtld.local/niranjan.kulkarni/git/grpe_larm_mother/install/grpe_larm_mother:/home/imtld.local/niranjan.kulkarni/git/install/tbot_sim:/home/imtld.local/niranjan.kulkarni/git/install/grpe_larm_mother:/home/imtld.local/niranjan.kulkarni/ros_ws/install/tbot_sim:/opt/ros/iron'), ('SHELL', '/bin/bash'), ('KRB5CCNAME', 'FILE:/tmp/krb5cc_876417573_MSWOBM'), ('QT_ACCESSIBILITY', '1'), ('GDMSESSION', 'ubuntu'), ('ROS_AUTOMATIC_DISCOVERY_RANGE', 'SUBNET'), ('QT_IM_MODULE', 'ibus'), ('PWD', '/home/imtld.local/niranjan.kulkarni/git/build/grpe_larm_mother'), ('XDG_CONFIG_DIRS', '/etc/xdg/xdg-ubuntu:/etc/xdg'), ('DBUS_STARTER_ADDRESS', 'unix:path=/run/user/876417573/bus,guid=4985e290d0dc091e554f6fb765a4dfe1'), ('XDG_DATA_DIRS', '/usr/share/ubuntu:/usr/local/share/:/usr/share/:/var/lib/snapd/desktop'), ('PYTHONPATH', '/opt/ros/iron/lib/python3.10/site-packages'), ('COLCON', '1'), ('VTE_VERSION', '6800'), ('CMAKE_PREFIX_PATH', '/home/imtld.local/niranjan.kulkarni/git/install/mb6_basic:/home/imtld.local/niranjan.kulkarni/git/grpe_larm_mother/install/grpe_larm_mother:/home/imtld.local/niranjan.kulkarni/git/install/tbot_sim:/home/imtld.local/niranjan.kulkarni/git/install/grpe_larm_mother:/home/imtld.local/niranjan.kulkarni/ros_ws/install/tbot_sim:/opt/ros/iron')]), 'shell': False}
[3.349792] (-) TimerEvent: {}
[3.381971] (mb6_basic) JobEnded: {'identifier': 'mb6_basic', 'rc': 0}
[3.386163] (grpe_larm_mother) CommandEnded: {'returncode': 0}
[3.396746] (grpe_larm_mother) JobProgress: {'identifier': 'grpe_larm_mother', 'progress': 'install'}
[3.397604] (grpe_larm_mother) Command: {'cmd': ['/usr/bin/cmake', '--install', '/home/imtld.local/niranjan.kulkarni/git/build/grpe_larm_mother'], 'cwd': '/home/imtld.local/niranjan.kulkarni/git/build/grpe_larm_mother', 'env': OrderedDict([('ROS_WORSPACE', '/home/imtld.local/niranjan.kulkarni/ros_ws'), ('USER', 'niranjan.kulkarni'), ('XDG_SESSION_TYPE', 'wayland'), ('SHLVL', '1'), ('LD_LIBRARY_PATH', '/usr/lib/x86_64-linux-gnu/gazebo-11/plugins:/opt/ros/iron/opt/rviz_ogre_vendor/lib:/opt/ros/iron/lib/x86_64-linux-gnu:/opt/ros/iron/lib'), ('HOME', '/home/imtld.local/niranjan.kulkarni'), ('OLDPWD', '/home/imtld.local/niranjan.kulkarni/git/grpe_larm_mother'), ('DESKTOP_SESSION', 'ubuntu'), ('ROS_PYTHON_VERSION', '3'), ('GNOME_SHELL_SESSION_MODE', 'ubuntu'), ('GTK_MODULES', 'gail:atk-bridge'), ('DBUS_STARTER_BUS_TYPE', 'session'), ('SYSTEMD_EXEC_PID', '2399'), ('DBUS_SESSION_BUS_ADDRESS', 'unix:path=/run/user/876417573/bus,guid=4985e290d0dc091e554f6fb765a4dfe1'), ('COLORTERM', 'truecolor'), ('IM_CONFIG_PHASE', '1'), ('WAYLAND_DISPLAY', 'wayland-0'), ('COLCON_PREFIX_PATH', '/home/imtld.local/niranjan.kulkarni/git/install:/home/imtld.local/niranjan.kulkarni/git/grpe_larm_mother/install:/home/imtld.local/niranjan.kulkarni/ros_ws/install'), ('ROS_DISTRO', 'iron'), ('LOGNAME', 'niranjan.kulkarni'), ('_', '/usr/bin/colcon'), ('ROS_VERSION', '2'), ('XDG_SESSION_CLASS', 'user'), ('USERNAME', 'niranjan.kulkarni'), ('TERM', 'xterm-256color'), ('GNOME_DESKTOP_SESSION_ID', 'this-is-deprecated'), ('PATH', '/home/imtld.local/niranjan.kulkarni/bin:/opt/ros/iron/bin:/usr/local/sbin:/usr/local/bin:/usr/sbin:/usr/bin:/sbin:/bin:/usr/games:/usr/local/games:/snap/bin:/snap/bin'), ('SESSION_MANAGER', 'local/DEVELTER-U-10:@/tmp/.ICE-unix/2399,unix/DEVELTER-U-10:/tmp/.ICE-unix/2399'), ('XDG_MENU_PREFIX', 'gnome-'), ('GNOME_TERMINAL_SCREEN', '/org/gnome/Terminal/screen/d4c4d9a8_0e6f_4131_8495_638591042543'), ('GNOME_SETUP_DISPLAY', ':1'), ('XDG_RUNTIME_DIR', '/run/user/876417573'), ('ZEITGEIST_DATA_PATH', '/home/imtld.local/niranjan.kulkarni/.local/share/zeitgeist'), ('DISPLAY', ':0'), ('LANG', 'fr_FR.UTF-8'), ('XDG_CURRENT_DESKTOP', 'ubuntu:GNOME'), ('XMODIFIERS', '@im=ibus'), ('XDG_SESSION_DESKTOP', 'ubuntu'), ('XAUTHORITY', '/run/user/876417573/.mutter-Xwaylandauth.HAPNH2'), ('GNOME_TERMINAL_SERVICE', ':1.254'), ('SSH_AGENT_LAUNCHER', 'gnome-keyring'), ('SSH_AUTH_SOCK', '/run/user/876417573/keyring/ssh'), ('ROS_DOMAIN_ID', '107'), ('AMENT_PREFIX_PATH', '/home/imtld.local/niranjan.kulkarni/git/install/mb6_basic:/home/imtld.local/niranjan.kulkarni/git/grpe_larm_mother/install/grpe_larm_mother:/home/imtld.local/niranjan.kulkarni/git/install/tbot_sim:/home/imtld.local/niranjan.kulkarni/git/install/grpe_larm_mother:/home/imtld.local/niranjan.kulkarni/ros_ws/install/tbot_sim:/opt/ros/iron'), ('SHELL', '/bin/bash'), ('KRB5CCNAME', 'FILE:/tmp/krb5cc_876417573_MSWOBM'), ('QT_ACCESSIBILITY', '1'), ('GDMSESSION', 'ubuntu'), ('ROS_AUTOMATIC_DISCOVERY_RANGE', 'SUBNET'), ('QT_IM_MODULE', 'ibus'), ('PWD', '/home/imtld.local/niranjan.kulkarni/git/build/grpe_larm_mother'), ('XDG_CONFIG_DIRS', '/etc/xdg/xdg-ubuntu:/etc/xdg'), ('DBUS_STARTER_ADDRESS', 'unix:path=/run/user/876417573/bus,guid=4985e290d0dc091e554f6fb765a4dfe1'), ('XDG_DATA_DIRS', '/usr/share/ubuntu:/usr/local/share/:/usr/share/:/var/lib/snapd/desktop'), ('PYTHONPATH', '/opt/ros/iron/lib/python3.10/site-packages'), ('COLCON', '1'), ('VTE_VERSION', '6800'), ('CMAKE_PREFIX_PATH', '/home/imtld.local/niranjan.kulkarni/git/install/mb6_basic:/home/imtld.local/niranjan.kulkarni/git/grpe_larm_mother/install/grpe_larm_mother:/home/imtld.local/niranjan.kulkarni/git/install/tbot_sim:/home/imtld.local/niranjan.kulkarni/git/install/grpe_larm_mother:/home/imtld.local/niranjan.kulkarni/ros_ws/install/tbot_sim:/opt/ros/iron')]), 'shell': False}
[3.406210] (grpe_larm_mother) StdoutLine: {'line': b'-- Install configuration: ""\n'}
[3.406308] (grpe_larm_mother) StdoutLine: {'line': b'-- Installing: /home/imtld.local/niranjan.kulkarni/git/install/grpe_larm_mother/share/grpe_larm_mother//launch\n'}
[3.429487] (grpe_larm_mother) StdoutLine: {'line': b'-- Installing: /home/imtld.local/niranjan.kulkarni/git/install/grpe_larm_mother/share/grpe_larm_mother//launch/minimal_launch.yaml\n'}
[3.446747] (grpe_larm_mother) StdoutLine: {'line': b'-- Installing: /home/imtld.local/niranjan.kulkarni/git/install/grpe_larm_mother/share/grpe_larm_mother//launch/challenge1.yaml\n'}
[3.449960] (-) TimerEvent: {}
[3.474465] (grpe_larm_mother) StdoutLine: {'line': b'-- Installing: /home/imtld.local/niranjan.kulkarni/git/install/grpe_larm_mother/share/grpe_larm_mother//launch/simulation.yaml\n'}
[3.516276] (grpe_larm_mother) StdoutLine: {'line': b'-- Installing: /home/imtld.local/niranjan.kulkarni/git/install/grpe_larm_mother/share/grpe_larm_mother//scripts\n'}
[3.528177] (grpe_larm_mother) StdoutLine: {'line': b'-- Installing: /home/imtld.local/niranjan.kulkarni/git/install/grpe_larm_mother/share/grpe_larm_mother//scripts/__init__.py\n'}
[3.550170] (-) TimerEvent: {}
[3.569051] (grpe_larm_mother) StdoutLine: {'line': b'-- Installing: /home/imtld.local/niranjan.kulkarni/git/install/grpe_larm_mother/share/grpe_larm_mother//scripts/__pycache__\n'}
[3.576808] (grpe_larm_mother) StdoutLine: {'line': b'-- Installing: /home/imtld.local/niranjan.kulkarni/git/install/grpe_larm_mother/share/grpe_larm_mother//scripts/__pycache__/__init__.cpython-310.pyc\n'}
[3.598379] (grpe_larm_mother) StdoutLine: {'line': b'-- Installing: /home/imtld.local/niranjan.kulkarni/git/install/grpe_larm_mother/share/grpe_larm_mother//scripts/__pycache__/classifier.cpython-310.pyc\n'}
[3.624187] (grpe_larm_mother) StdoutLine: {'line': b'-- Installing: /home/imtld.local/niranjan.kulkarni/git/install/grpe_larm_mother/share/grpe_larm_mother//scripts/__pycache__/classifierCircle.cpython-310.pyc\n'}
[3.650398] (-) TimerEvent: {}
[3.655067] (grpe_larm_mother) StdoutLine: {'line': b'-- Installing: /home/imtld.local/niranjan.kulkarni/git/install/grpe_larm_mother/share/grpe_larm_mother//scripts/__pycache__/test_class.cpython-310-pytest-6.2.5.pyc\n'}
[3.682312] (grpe_larm_mother) StdoutLine: {'line': b'-- Installing: /home/imtld.local/niranjan.kulkarni/git/install/grpe_larm_mother/share/grpe_larm_mother//scripts/simulation.py\n'}
[3.697445] (grpe_larm_mother) StdoutLine: {'line': b'-- Installing: /home/imtld.local/niranjan.kulkarni/git/install/grpe_larm_mother/share/grpe_larm_mother//scripts/camera_driver.py\n'}
[3.720193] (grpe_larm_mother) StdoutLine: {'line': b'-- Installing: /home/imtld.local/niranjan.kulkarni/git/install/grpe_larm_mother/share/grpe_larm_mother//scripts/reactive_move.py\n'}
[3.737177] (grpe_larm_mother) StdoutLine: {'line': b'-- Installing: /home/imtld.local/niranjan.kulkarni/git/install/grpe_larm_mother/share/grpe_larm_mother//scripts/challenge-1.launch.py\n'}
[3.750635] (-) TimerEvent: {}
[3.765919] (grpe_larm_mother) StdoutLine: {'line': b'-- Installing: /home/imtld.local/niranjan.kulkarni/git/install/grpe_larm_mother/lib/grpe_larm_mother/reactive_move.py\n'}
[3.800107] (grpe_larm_mother) StdoutLine: {'line': b'-- Installing: /home/imtld.local/niranjan.kulkarni/git/install/grpe_larm_mother/lib/grpe_larm_mother/camera_driver.py\n'}
[3.830224] (grpe_larm_mother) StdoutLine: {'line': b'-- Installing: /home/imtld.local/niranjan.kulkarni/git/install/grpe_larm_mother/lib/grpe_larm_mother/challenge-1.launch.py\n'}
[3.850886] (-) TimerEvent: {}
[3.867931] (grpe_larm_mother) StdoutLine: {'line': b'-- Installing: /home/imtld.local/niranjan.kulkarni/git/install/grpe_larm_mother/share/ament_index/resource_index/package_run_dependencies/grpe_larm_mother\n'}
[3.900390] (grpe_larm_mother) StdoutLine: {'line': b'-- Installing: /home/imtld.local/niranjan.kulkarni/git/install/grpe_larm_mother/share/ament_index/resource_index/parent_prefix_path/grpe_larm_mother\n'}
[3.930746] (grpe_larm_mother) StdoutLine: {'line': b'-- Installing: /home/imtld.local/niranjan.kulkarni/git/install/grpe_larm_mother/share/grpe_larm_mother/environment/ament_prefix_path.sh\n'}
[3.951124] (-) TimerEvent: {}
[3.961406] (grpe_larm_mother) StdoutLine: {'line': b'-- Installing: /home/imtld.local/niranjan.kulkarni/git/install/grpe_larm_mother/share/grpe_larm_mother/environment/ament_prefix_path.dsv\n'}
[4.018189] (grpe_larm_mother) StdoutLine: {'line': b'-- Installing: /home/imtld.local/niranjan.kulkarni/git/install/grpe_larm_mother/share/grpe_larm_mother/environment/path.sh\n'}
[4.044179] (grpe_larm_mother) StdoutLine: {'line': b'-- Installing: /home/imtld.local/niranjan.kulkarni/git/install/grpe_larm_mother/share/grpe_larm_mother/environment/path.dsv\n'}
[4.051258] (-) TimerEvent: {}
[4.067231] (grpe_larm_mother) StdoutLine: {'line': b'-- Installing: /home/imtld.local/niranjan.kulkarni/git/install/grpe_larm_mother/share/grpe_larm_mother/local_setup.bash\n'}
[4.089376] (grpe_larm_mother) StdoutLine: {'line': b'-- Installing: /home/imtld.local/niranjan.kulkarni/git/install/grpe_larm_mother/share/grpe_larm_mother/local_setup.sh\n'}
[4.110652] (grpe_larm_mother) StdoutLine: {'line': b'-- Installing: /home/imtld.local/niranjan.kulkarni/git/install/grpe_larm_mother/share/grpe_larm_mother/local_setup.zsh\n'}
[4.131921] (grpe_larm_mother) StdoutLine: {'line': b'-- Installing: /home/imtld.local/niranjan.kulkarni/git/install/grpe_larm_mother/share/grpe_larm_mother/local_setup.dsv\n'}
[4.151495] (-) TimerEvent: {}
[4.154639] (grpe_larm_mother) StdoutLine: {'line': b'-- Installing: /home/imtld.local/niranjan.kulkarni/git/install/grpe_larm_mother/share/grpe_larm_mother/package.dsv\n'}
[4.184382] (grpe_larm_mother) StdoutLine: {'line': b'-- Installing: /home/imtld.local/niranjan.kulkarni/git/install/grpe_larm_mother/share/ament_index/resource_index/packages/grpe_larm_mother\n'}
[4.216088] (grpe_larm_mother) StdoutLine: {'line': b'-- Installing: /home/imtld.local/niranjan.kulkarni/git/install/grpe_larm_mother/share/grpe_larm_mother/cmake/grpe_larm_motherConfig.cmake\n'}
[4.232671] (grpe_larm_mother) StdoutLine: {'line': b'-- Installing: /home/imtld.local/niranjan.kulkarni/git/install/grpe_larm_mother/share/grpe_larm_mother/cmake/grpe_larm_motherConfig-version.cmake\n'}
[4.251569] (-) TimerEvent: {}
[4.301101] (grpe_larm_mother) StdoutLine: {'line': b'-- Installing: /home/imtld.local/niranjan.kulkarni/git/install/grpe_larm_mother/share/grpe_larm_mother/package.xml\n'}
[4.340084] (grpe_larm_mother) CommandEnded: {'returncode': 0}
[4.351652] (-) TimerEvent: {}
[4.451998] (-) TimerEvent: {}
[4.552294] (-) TimerEvent: {}
[4.591046] (grpe_larm_mother) JobEnded: {'identifier': 'grpe_larm_mother', 'rc': 0}
[4.609514] (-) EventReactorShutdown: {}
