[0.046s] Invoking command in '/home/imtld.local/niranjan.kulkarni/git/build/mb6_basic': CMAKE_PREFIX_PATH=${CMAKE_PREFIX_PATH}:/opt/ros/iron /usr/bin/cmake /home/imtld.local/niranjan.kulkarni/git/pkg-basic/mb6_basic -DCMAKE_INSTALL_PREFIX=/home/imtld.local/niranjan.kulkarni/git/install/mb6_basic
[0.186s] -- The C compiler identification is GNU 11.4.0
[0.344s] -- The CXX compiler identification is GNU 11.4.0
[0.363s] -- Detecting C compiler ABI info
[0.650s] -- Detecting C compiler ABI info - done
[0.690s] -- Check for working C compiler: /usr/bin/cc - skipped
[0.692s] -- Detecting C compile features
[0.696s] -- Detecting C compile features - done
[0.715s] -- Detecting CXX compiler ABI info
[1.000s] -- Detecting CXX compiler ABI info - done
[1.031s] -- Check for working CXX compiler: /usr/bin/c++ - skipped
[1.041s] -- Detecting CXX compile features
[1.042s] -- Detecting CXX compile features - done
[1.065s] -- Found ament_cmake: 2.0.3 (/opt/ros/iron/share/ament_cmake/cmake)
[1.210s] -- Found Python3: /usr/bin/python3.10 (found version "3.10.12") found components: Interpreter 
[1.444s] -- Found ament_lint_auto: 0.14.2 (/opt/ros/iron/share/ament_lint_auto/cmake)
[1.691s] -- Added test 'flake8' to check Python code syntax and style conventions
[1.693s] -- Configured 'flake8' exclude dirs and/or files: 
[1.699s] -- Added test 'lint_cmake' to check CMake code style
[1.707s] -- Added test 'pep257' to check Python code against some of the docstring style conventions in PEP 257
[1.726s] -- Added test 'xmllint' to check XML markup files
[1.791s] -- Configuring done
[2.014s] -- Generating done
[2.069s] -- Build files have been written to: /home/imtld.local/niranjan.kulkarni/git/build/mb6_basic
[2.073s] Invoked command in '/home/imtld.local/niranjan.kulkarni/git/build/mb6_basic' returned '0': CMAKE_PREFIX_PATH=${CMAKE_PREFIX_PATH}:/opt/ros/iron /usr/bin/cmake /home/imtld.local/niranjan.kulkarni/git/pkg-basic/mb6_basic -DCMAKE_INSTALL_PREFIX=/home/imtld.local/niranjan.kulkarni/git/install/mb6_basic
[2.086s] Invoking command in '/home/imtld.local/niranjan.kulkarni/git/build/mb6_basic': CMAKE_PREFIX_PATH=${CMAKE_PREFIX_PATH}:/opt/ros/iron /usr/bin/cmake --build /home/imtld.local/niranjan.kulkarni/git/build/mb6_basic -- -j12 -l12
[2.133s] Invoked command in '/home/imtld.local/niranjan.kulkarni/git/build/mb6_basic' returned '0': CMAKE_PREFIX_PATH=${CMAKE_PREFIX_PATH}:/opt/ros/iron /usr/bin/cmake --build /home/imtld.local/niranjan.kulkarni/git/build/mb6_basic -- -j12 -l12
[2.188s] Invoking command in '/home/imtld.local/niranjan.kulkarni/git/build/mb6_basic': CMAKE_PREFIX_PATH=${CMAKE_PREFIX_PATH}:/opt/ros/iron /usr/bin/cmake --install /home/imtld.local/niranjan.kulkarni/git/build/mb6_basic
[2.203s] -- Install configuration: ""
[2.205s] -- Installing: /home/imtld.local/niranjan.kulkarni/git/install/mb6_basic/share/mb6_basic//launch
[2.215s] -- Installing: /home/imtld.local/niranjan.kulkarni/git/install/mb6_basic/share/mb6_basic//launch/parasit_launch.yaml
[2.243s] -- Installing: /home/imtld.local/niranjan.kulkarni/git/install/mb6_basic/lib/mb6_basic/basic
[2.279s] -- Installing: /home/imtld.local/niranjan.kulkarni/git/install/mb6_basic/lib/mb6_basic/basic/__init__.py
[2.290s] -- Installing: /home/imtld.local/niranjan.kulkarni/git/install/mb6_basic/lib/mb6_basic/multiplexer
[2.321s] -- Installing: /home/imtld.local/niranjan.kulkarni/git/install/mb6_basic/lib/mb6_basic/parasit
[2.343s] -- Installing: /home/imtld.local/niranjan.kulkarni/git/install/mb6_basic/lib/mb6_basic/pulse_monitor
[2.390s] -- Installing: /home/imtld.local/niranjan.kulkarni/git/install/mb6_basic/share/ament_index/resource_index/package_run_dependencies/mb6_basic
[2.436s] -- Installing: /home/imtld.local/niranjan.kulkarni/git/install/mb6_basic/share/ament_index/resource_index/parent_prefix_path/mb6_basic
[2.463s] -- Installing: /home/imtld.local/niranjan.kulkarni/git/install/mb6_basic/share/mb6_basic/environment/ament_prefix_path.sh
[2.509s] -- Installing: /home/imtld.local/niranjan.kulkarni/git/install/mb6_basic/share/mb6_basic/environment/ament_prefix_path.dsv
[2.533s] -- Installing: /home/imtld.local/niranjan.kulkarni/git/install/mb6_basic/share/mb6_basic/environment/path.sh
[2.544s] -- Installing: /home/imtld.local/niranjan.kulkarni/git/install/mb6_basic/share/mb6_basic/environment/path.dsv
[2.561s] -- Installing: /home/imtld.local/niranjan.kulkarni/git/install/mb6_basic/share/mb6_basic/local_setup.bash
[2.609s] -- Installing: /home/imtld.local/niranjan.kulkarni/git/install/mb6_basic/share/mb6_basic/local_setup.sh
[2.631s] -- Installing: /home/imtld.local/niranjan.kulkarni/git/install/mb6_basic/share/mb6_basic/local_setup.zsh
[2.652s] -- Installing: /home/imtld.local/niranjan.kulkarni/git/install/mb6_basic/share/mb6_basic/local_setup.dsv
[2.682s] -- Installing: /home/imtld.local/niranjan.kulkarni/git/install/mb6_basic/share/mb6_basic/package.dsv
[2.710s] -- Installing: /home/imtld.local/niranjan.kulkarni/git/install/mb6_basic/share/ament_index/resource_index/packages/mb6_basic
[2.735s] -- Installing: /home/imtld.local/niranjan.kulkarni/git/install/mb6_basic/share/mb6_basic/cmake/mb6_basicConfig.cmake
[2.752s] -- Installing: /home/imtld.local/niranjan.kulkarni/git/install/mb6_basic/share/mb6_basic/cmake/mb6_basicConfig-version.cmake
[2.773s] -- Installing: /home/imtld.local/niranjan.kulkarni/git/install/mb6_basic/share/mb6_basic/package.xml
[2.822s] Invoked command in '/home/imtld.local/niranjan.kulkarni/git/build/mb6_basic' returned '0': CMAKE_PREFIX_PATH=${CMAKE_PREFIX_PATH}:/opt/ros/iron /usr/bin/cmake --install /home/imtld.local/niranjan.kulkarni/git/build/mb6_basic
