[0.313s] DEBUG:colcon:Command line arguments: ['/usr/bin/colcon', 'build']
[0.313s] DEBUG:colcon:Parsed command line arguments: Namespace(log_base=None, log_level=None, verb_name='build', build_base='build', install_base='install', merge_install=False, symlink_install=False, test_result_base=None, continue_on_error=False, executor='parallel', parallel_workers=12, event_handlers=None, ignore_user_meta=False, metas=['./colcon.meta'], base_paths=['.'], packages_ignore=None, packages_ignore_regex=None, paths=None, packages_up_to=None, packages_up_to_regex=None, packages_above=None, packages_above_and_dependencies=None, packages_above_depth=None, packages_select_by_dep=None, packages_skip_by_dep=None, packages_skip_up_to=None, packages_select_build_failed=False, packages_skip_build_finished=False, packages_select_test_failures=False, packages_skip_test_passed=False, packages_select=None, packages_skip=None, packages_select_regex=None, packages_skip_regex=None, packages_start=None, packages_end=None, allow_overriding=[], cmake_args=None, cmake_target=None, cmake_target_skip_unavailable=False, cmake_clean_cache=False, cmake_clean_first=False, cmake_force_configure=False, ament_cmake_args=None, catkin_cmake_args=None, catkin_skip_building_tests=False, verb_parser=<colcon_defaults.argument_parser.defaults.DefaultArgumentsDecorator object at 0x7f28df4ebcd0>, verb_extension=<colcon_core.verb.build.BuildVerb object at 0x7f28dfcb16c0>, main=<bound method BuildVerb.main of <colcon_core.verb.build.BuildVerb object at 0x7f28dfcb16c0>>)
[0.338s] Level 1:colcon.colcon_core.package_discovery:discover_packages(colcon_meta) check parameters
[0.338s] Level 1:colcon.colcon_core.package_discovery:discover_packages(recursive) check parameters
[0.338s] Level 1:colcon.colcon_core.package_discovery:discover_packages(ignore) check parameters
[0.338s] Level 1:colcon.colcon_core.package_discovery:discover_packages(path) check parameters
[0.338s] Level 1:colcon.colcon_core.package_discovery:discover_packages(colcon_meta) discover
[0.338s] Level 1:colcon.colcon_core.package_discovery:discover_packages(recursive) discover
[0.338s] INFO:colcon.colcon_core.package_discovery:Crawling recursively for packages in '/home/imtld.local/aristide.dossou-yovo/ros2_ws'
[0.338s] Level 1:colcon.colcon_core.package_identification:_identify(.) by extensions ['ignore', 'ignore_ament_install']
[0.338s] Level 1:colcon.colcon_core.package_identification:_identify(.) by extension 'ignore'
[0.338s] Level 1:colcon.colcon_core.package_identification:_identify(.) by extension 'ignore_ament_install'
[0.338s] Level 1:colcon.colcon_core.package_identification:_identify(.) by extensions ['colcon_pkg']
[0.338s] Level 1:colcon.colcon_core.package_identification:_identify(.) by extension 'colcon_pkg'
[0.339s] Level 1:colcon.colcon_core.package_identification:_identify(.) by extensions ['colcon_meta']
[0.339s] Level 1:colcon.colcon_core.package_identification:_identify(.) by extension 'colcon_meta'
[0.339s] Level 1:colcon.colcon_core.package_identification:_identify(.) by extensions ['ros']
[0.339s] Level 1:colcon.colcon_core.package_identification:_identify(.) by extension 'ros'
[0.348s] Level 1:colcon.colcon_core.package_identification:_identify(.) by extensions ['cmake', 'python']
[0.348s] Level 1:colcon.colcon_core.package_identification:_identify(.) by extension 'cmake'
[0.348s] Level 1:colcon.colcon_core.package_identification:_identify(.) by extension 'python'
[0.348s] Level 1:colcon.colcon_core.package_identification:_identify(.) by extensions ['python_setup_py']
[0.348s] Level 1:colcon.colcon_core.package_identification:_identify(.) by extension 'python_setup_py'
[0.349s] Level 1:colcon.colcon_core.package_identification:_identify(build) by extensions ['ignore', 'ignore_ament_install']
[0.349s] Level 1:colcon.colcon_core.package_identification:_identify(build) by extension 'ignore'
[0.349s] Level 1:colcon.colcon_core.package_identification:_identify(build) ignored
[0.349s] Level 1:colcon.colcon_core.package_identification:_identify(install) by extensions ['ignore', 'ignore_ament_install']
[0.349s] Level 1:colcon.colcon_core.package_identification:_identify(install) by extension 'ignore'
[0.350s] Level 1:colcon.colcon_core.package_identification:_identify(install) ignored
[0.351s] Level 1:colcon.colcon_core.package_identification:_identify(log) by extensions ['ignore', 'ignore_ament_install']
[0.351s] Level 1:colcon.colcon_core.package_identification:_identify(log) by extension 'ignore'
[0.351s] Level 1:colcon.colcon_core.package_identification:_identify(log) ignored
[0.351s] Level 1:colcon.colcon_core.package_identification:_identify(src) by extensions ['ignore', 'ignore_ament_install']
[0.352s] Level 1:colcon.colcon_core.package_identification:_identify(src) by extension 'ignore'
[0.352s] Level 1:colcon.colcon_core.package_identification:_identify(src) by extension 'ignore_ament_install'
[0.352s] Level 1:colcon.colcon_core.package_identification:_identify(src) by extensions ['colcon_pkg']
[0.352s] Level 1:colcon.colcon_core.package_identification:_identify(src) by extension 'colcon_pkg'
[0.352s] Level 1:colcon.colcon_core.package_identification:_identify(src) by extensions ['colcon_meta']
[0.352s] Level 1:colcon.colcon_core.package_identification:_identify(src) by extension 'colcon_meta'
[0.352s] Level 1:colcon.colcon_core.package_identification:_identify(src) by extensions ['ros']
[0.352s] Level 1:colcon.colcon_core.package_identification:_identify(src) by extension 'ros'
[0.352s] Level 1:colcon.colcon_core.package_identification:_identify(src) by extensions ['cmake', 'python']
[0.352s] Level 1:colcon.colcon_core.package_identification:_identify(src) by extension 'cmake'
[0.352s] Level 1:colcon.colcon_core.package_identification:_identify(src) by extension 'python'
[0.352s] Level 1:colcon.colcon_core.package_identification:_identify(src) by extensions ['python_setup_py']
[0.352s] Level 1:colcon.colcon_core.package_identification:_identify(src) by extension 'python_setup_py'
[0.353s] Level 1:colcon.colcon_core.package_identification:_identify(src/tuto_kickoff) by extensions ['ignore', 'ignore_ament_install']
[0.353s] Level 1:colcon.colcon_core.package_identification:_identify(src/tuto_kickoff) by extension 'ignore'
[0.353s] Level 1:colcon.colcon_core.package_identification:_identify(src/tuto_kickoff) by extension 'ignore_ament_install'
[0.353s] Level 1:colcon.colcon_core.package_identification:_identify(src/tuto_kickoff) by extensions ['colcon_pkg']
[0.353s] Level 1:colcon.colcon_core.package_identification:_identify(src/tuto_kickoff) by extension 'colcon_pkg'
[0.353s] Level 1:colcon.colcon_core.package_identification:_identify(src/tuto_kickoff) by extensions ['colcon_meta']
[0.353s] Level 1:colcon.colcon_core.package_identification:_identify(src/tuto_kickoff) by extension 'colcon_meta'
[0.353s] Level 1:colcon.colcon_core.package_identification:_identify(src/tuto_kickoff) by extensions ['ros']
[0.353s] Level 1:colcon.colcon_core.package_identification:_identify(src/tuto_kickoff) by extension 'ros'
[0.355s] DEBUG:colcon.colcon_core.package_identification:Package 'src/tuto_kickoff' with type 'ros.ament_cmake' and name 'tuto_kickoff'
[0.356s] Level 1:colcon.colcon_core.package_discovery:discover_packages(recursive) using defaults
[0.356s] Level 1:colcon.colcon_core.package_discovery:discover_packages(ignore) discover
[0.356s] Level 1:colcon.colcon_core.package_discovery:discover_packages(ignore) using defaults
[0.356s] Level 1:colcon.colcon_core.package_discovery:discover_packages(path) discover
[0.356s] Level 1:colcon.colcon_core.package_discovery:discover_packages(path) using defaults
[0.375s] Level 1:colcon.colcon_core.package_discovery:discover_packages(prefix_path) check parameters
[0.375s] Level 1:colcon.colcon_core.package_discovery:discover_packages(prefix_path) discover
[0.389s] DEBUG:colcon.colcon_installed_package_information.package_discovery:Found 1 installed packages in /home/imtld.local/aristide.dossou-yovo/ros2_ws/install
[0.392s] DEBUG:colcon.colcon_installed_package_information.package_discovery:Found 2 installed packages in /home/imtld.local/aristide.dossou-yovo/install
[0.395s] DEBUG:colcon.colcon_installed_package_information.package_discovery:Found 1 installed packages in /home/imtld.local/aristide.dossou-yovo/ros_ws/install
[0.396s] DEBUG:colcon.colcon_installed_package_information.package_discovery:Found 340 installed packages in /opt/ros/iron
[0.398s] Level 1:colcon.colcon_core.package_discovery:discover_packages(prefix_path) using defaults
[0.448s] Level 5:colcon.colcon_core.verb:set package 'tuto_kickoff' build argument 'cmake_args' from command line to 'None'
[0.449s] Level 5:colcon.colcon_core.verb:set package 'tuto_kickoff' build argument 'cmake_target' from command line to 'None'
[0.449s] Level 5:colcon.colcon_core.verb:set package 'tuto_kickoff' build argument 'cmake_target_skip_unavailable' from command line to 'False'
[0.449s] Level 5:colcon.colcon_core.verb:set package 'tuto_kickoff' build argument 'cmake_clean_cache' from command line to 'False'
[0.449s] Level 5:colcon.colcon_core.verb:set package 'tuto_kickoff' build argument 'cmake_clean_first' from command line to 'False'
[0.449s] Level 5:colcon.colcon_core.verb:set package 'tuto_kickoff' build argument 'cmake_force_configure' from command line to 'False'
[0.449s] Level 5:colcon.colcon_core.verb:set package 'tuto_kickoff' build argument 'ament_cmake_args' from command line to 'None'
[0.449s] Level 5:colcon.colcon_core.verb:set package 'tuto_kickoff' build argument 'catkin_cmake_args' from command line to 'None'
[0.449s] Level 5:colcon.colcon_core.verb:set package 'tuto_kickoff' build argument 'catkin_skip_building_tests' from command line to 'False'
[0.449s] DEBUG:colcon.colcon_core.verb:Building package 'tuto_kickoff' with the following arguments: {'ament_cmake_args': None, 'build_base': '/home/imtld.local/aristide.dossou-yovo/ros2_ws/build/tuto_kickoff', 'catkin_cmake_args': None, 'catkin_skip_building_tests': False, 'cmake_args': None, 'cmake_clean_cache': False, 'cmake_clean_first': False, 'cmake_force_configure': False, 'cmake_target': None, 'cmake_target_skip_unavailable': False, 'install_base': '/home/imtld.local/aristide.dossou-yovo/ros2_ws/install/tuto_kickoff', 'merge_install': False, 'path': '/home/imtld.local/aristide.dossou-yovo/ros2_ws/src/tuto_kickoff', 'symlink_install': False, 'test_result_base': None}
[0.449s] INFO:colcon.colcon_core.executor:Executing jobs using 'parallel' executor
[0.452s] DEBUG:colcon.colcon_parallel_executor.executor.parallel:run_until_complete
[0.452s] INFO:colcon.colcon_ros.task.ament_cmake.build:Building ROS package in '/home/imtld.local/aristide.dossou-yovo/ros2_ws/src/tuto_kickoff' with build type 'ament_cmake'
[0.452s] INFO:colcon.colcon_cmake.task.cmake.build:Building CMake package in '/home/imtld.local/aristide.dossou-yovo/ros2_ws/src/tuto_kickoff'
[0.455s] INFO:colcon.colcon_core.plugin_system:Skipping extension 'colcon_core.shell.bat': Not used on non-Windows systems
[0.456s] INFO:colcon.colcon_core.shell:Skip shell extension 'powershell' for command environment: Not usable outside of PowerShell
[0.456s] DEBUG:colcon.colcon_core.shell:Skip shell extension 'dsv' for command environment
[0.561s] DEBUG:colcon.colcon_core.event_handler.log_command:Invoking command in '/home/imtld.local/aristide.dossou-yovo/ros2_ws/build/tuto_kickoff': CMAKE_PREFIX_PATH=${CMAKE_PREFIX_PATH}:/opt/ros/iron /usr/bin/cmake --build /home/imtld.local/aristide.dossou-yovo/ros2_ws/build/tuto_kickoff -- -j12 -l12
[0.605s] DEBUG:colcon.colcon_core.event_handler.log_command:Invoked command in '/home/imtld.local/aristide.dossou-yovo/ros2_ws/build/tuto_kickoff' returned '0': CMAKE_PREFIX_PATH=${CMAKE_PREFIX_PATH}:/opt/ros/iron /usr/bin/cmake --build /home/imtld.local/aristide.dossou-yovo/ros2_ws/build/tuto_kickoff -- -j12 -l12
[0.748s] DEBUG:colcon.colcon_core.event_handler.log_command:Invoking command in '/home/imtld.local/aristide.dossou-yovo/ros2_ws/build/tuto_kickoff': CMAKE_PREFIX_PATH=${CMAKE_PREFIX_PATH}:/opt/ros/iron /usr/bin/cmake --install /home/imtld.local/aristide.dossou-yovo/ros2_ws/build/tuto_kickoff
[0.917s] Level 1:colcon.colcon_core.environment:create_environment_scripts_only(tuto_kickoff)
[0.921s] DEBUG:colcon.colcon_core.event_handler.log_command:Invoked command in '/home/imtld.local/aristide.dossou-yovo/ros2_ws/build/tuto_kickoff' returned '0': CMAKE_PREFIX_PATH=${CMAKE_PREFIX_PATH}:/opt/ros/iron /usr/bin/cmake --install /home/imtld.local/aristide.dossou-yovo/ros2_ws/build/tuto_kickoff
[0.936s] Level 1:colcon.colcon_core.environment:checking '/home/imtld.local/aristide.dossou-yovo/ros2_ws/install/tuto_kickoff' for CMake module files
[0.941s] Level 1:colcon.colcon_core.environment:checking '/home/imtld.local/aristide.dossou-yovo/ros2_ws/install/tuto_kickoff' for CMake config files
[0.946s] Level 1:colcon.colcon_core.shell:create_environment_hook('tuto_kickoff', 'cmake_prefix_path')
[0.951s] INFO:colcon.colcon_core.shell:Creating environment hook '/home/imtld.local/aristide.dossou-yovo/ros2_ws/install/tuto_kickoff/share/tuto_kickoff/hook/cmake_prefix_path.ps1'
[0.967s] INFO:colcon.colcon_core.shell:Creating environment descriptor '/home/imtld.local/aristide.dossou-yovo/ros2_ws/install/tuto_kickoff/share/tuto_kickoff/hook/cmake_prefix_path.dsv'
[0.994s] INFO:colcon.colcon_core.shell:Creating environment hook '/home/imtld.local/aristide.dossou-yovo/ros2_ws/install/tuto_kickoff/share/tuto_kickoff/hook/cmake_prefix_path.sh'
[1.024s] Level 1:colcon.colcon_core.environment:checking '/home/imtld.local/aristide.dossou-yovo/ros2_ws/install/tuto_kickoff/lib'
[1.026s] Level 1:colcon.colcon_core.environment:checking '/home/imtld.local/aristide.dossou-yovo/ros2_ws/install/tuto_kickoff/bin'
[1.026s] Level 1:colcon.colcon_core.environment:checking '/home/imtld.local/aristide.dossou-yovo/ros2_ws/install/tuto_kickoff/lib/pkgconfig/tuto_kickoff.pc'
[1.027s] Level 1:colcon.colcon_core.environment:checking '/home/imtld.local/aristide.dossou-yovo/ros2_ws/install/tuto_kickoff/lib/python3.10/site-packages'
[1.028s] Level 1:colcon.colcon_core.environment:checking '/home/imtld.local/aristide.dossou-yovo/ros2_ws/install/tuto_kickoff/bin'
[1.033s] INFO:colcon.colcon_core.shell:Creating package script '/home/imtld.local/aristide.dossou-yovo/ros2_ws/install/tuto_kickoff/share/tuto_kickoff/package.ps1'
[1.052s] INFO:colcon.colcon_core.shell:Creating package descriptor '/home/imtld.local/aristide.dossou-yovo/ros2_ws/install/tuto_kickoff/share/tuto_kickoff/package.dsv'
[1.059s] INFO:colcon.colcon_core.shell:Creating package script '/home/imtld.local/aristide.dossou-yovo/ros2_ws/install/tuto_kickoff/share/tuto_kickoff/package.sh'
[1.087s] INFO:colcon.colcon_core.shell:Creating package script '/home/imtld.local/aristide.dossou-yovo/ros2_ws/install/tuto_kickoff/share/tuto_kickoff/package.bash'
[1.095s] INFO:colcon.colcon_core.shell:Creating package script '/home/imtld.local/aristide.dossou-yovo/ros2_ws/install/tuto_kickoff/share/tuto_kickoff/package.zsh'
[1.102s] Level 1:colcon.colcon_core.environment:create_file_with_runtime_dependencies(/home/imtld.local/aristide.dossou-yovo/ros2_ws/install/tuto_kickoff/share/colcon-core/packages/tuto_kickoff)
[1.179s] Level 1:colcon.colcon_core.environment:create_environment_scripts_only(tuto_kickoff)
[1.182s] Level 1:colcon.colcon_core.environment:checking '/home/imtld.local/aristide.dossou-yovo/ros2_ws/install/tuto_kickoff' for CMake module files
[1.184s] Level 1:colcon.colcon_core.environment:checking '/home/imtld.local/aristide.dossou-yovo/ros2_ws/install/tuto_kickoff' for CMake config files
[1.187s] Level 1:colcon.colcon_core.shell:create_environment_hook('tuto_kickoff', 'cmake_prefix_path')
[1.190s] INFO:colcon.colcon_core.shell:Creating environment hook '/home/imtld.local/aristide.dossou-yovo/ros2_ws/install/tuto_kickoff/share/tuto_kickoff/hook/cmake_prefix_path.ps1'
[1.194s] INFO:colcon.colcon_core.shell:Creating environment descriptor '/home/imtld.local/aristide.dossou-yovo/ros2_ws/install/tuto_kickoff/share/tuto_kickoff/hook/cmake_prefix_path.dsv'
[1.198s] INFO:colcon.colcon_core.shell:Creating environment hook '/home/imtld.local/aristide.dossou-yovo/ros2_ws/install/tuto_kickoff/share/tuto_kickoff/hook/cmake_prefix_path.sh'
[1.204s] Level 1:colcon.colcon_core.environment:checking '/home/imtld.local/aristide.dossou-yovo/ros2_ws/install/tuto_kickoff/lib'
[1.204s] Level 1:colcon.colcon_core.environment:checking '/home/imtld.local/aristide.dossou-yovo/ros2_ws/install/tuto_kickoff/bin'
[1.205s] Level 1:colcon.colcon_core.environment:checking '/home/imtld.local/aristide.dossou-yovo/ros2_ws/install/tuto_kickoff/lib/pkgconfig/tuto_kickoff.pc'
[1.206s] Level 1:colcon.colcon_core.environment:checking '/home/imtld.local/aristide.dossou-yovo/ros2_ws/install/tuto_kickoff/lib/python3.10/site-packages'
[1.206s] Level 1:colcon.colcon_core.environment:checking '/home/imtld.local/aristide.dossou-yovo/ros2_ws/install/tuto_kickoff/bin'
[1.212s] INFO:colcon.colcon_core.shell:Creating package script '/home/imtld.local/aristide.dossou-yovo/ros2_ws/install/tuto_kickoff/share/tuto_kickoff/package.ps1'
[1.218s] INFO:colcon.colcon_core.shell:Creating package descriptor '/home/imtld.local/aristide.dossou-yovo/ros2_ws/install/tuto_kickoff/share/tuto_kickoff/package.dsv'
[1.224s] INFO:colcon.colcon_core.shell:Creating package script '/home/imtld.local/aristide.dossou-yovo/ros2_ws/install/tuto_kickoff/share/tuto_kickoff/package.sh'
[1.231s] INFO:colcon.colcon_core.shell:Creating package script '/home/imtld.local/aristide.dossou-yovo/ros2_ws/install/tuto_kickoff/share/tuto_kickoff/package.bash'
[1.236s] INFO:colcon.colcon_core.shell:Creating package script '/home/imtld.local/aristide.dossou-yovo/ros2_ws/install/tuto_kickoff/share/tuto_kickoff/package.zsh'
[1.241s] Level 1:colcon.colcon_core.environment:create_file_with_runtime_dependencies(/home/imtld.local/aristide.dossou-yovo/ros2_ws/install/tuto_kickoff/share/colcon-core/packages/tuto_kickoff)
[1.246s] DEBUG:colcon.colcon_parallel_executor.executor.parallel:closing loop
[1.247s] DEBUG:colcon.colcon_parallel_executor.executor.parallel:loop closed
[1.247s] DEBUG:colcon.colcon_parallel_executor.executor.parallel:run_until_complete finished with '0'
[1.247s] DEBUG:colcon.colcon_core.event_reactor:joining thread
[1.278s] INFO:colcon.colcon_core.plugin_system:Skipping extension 'colcon_notification.desktop_notification.terminal_notifier': Not used on non-Darwin systems
[1.279s] INFO:colcon.colcon_core.plugin_system:Skipping extension 'colcon_notification.desktop_notification.win32': Not used on non-Windows systems
[1.279s] INFO:colcon.colcon_notification.desktop_notification:Sending desktop notification using 'notify2'
[1.312s] DEBUG:colcon.colcon_core.event_reactor:joined thread
[1.317s] INFO:colcon.colcon_core.shell:Creating prefix script '/home/imtld.local/aristide.dossou-yovo/ros2_ws/install/local_setup.ps1'
[1.328s] INFO:colcon.colcon_core.shell:Creating prefix util module '/home/imtld.local/aristide.dossou-yovo/ros2_ws/install/_local_setup_util_ps1.py'
[1.344s] INFO:colcon.colcon_core.shell:Creating prefix chain script '/home/imtld.local/aristide.dossou-yovo/ros2_ws/install/setup.ps1'
[1.359s] INFO:colcon.colcon_core.shell:Creating prefix script '/home/imtld.local/aristide.dossou-yovo/ros2_ws/install/local_setup.sh'
[1.366s] INFO:colcon.colcon_core.shell:Creating prefix util module '/home/imtld.local/aristide.dossou-yovo/ros2_ws/install/_local_setup_util_sh.py'
[1.373s] INFO:colcon.colcon_core.shell:Creating prefix chain script '/home/imtld.local/aristide.dossou-yovo/ros2_ws/install/setup.sh'
[1.392s] INFO:colcon.colcon_core.shell:Creating prefix script '/home/imtld.local/aristide.dossou-yovo/ros2_ws/install/local_setup.bash'
[1.399s] INFO:colcon.colcon_core.shell:Creating prefix chain script '/home/imtld.local/aristide.dossou-yovo/ros2_ws/install/setup.bash'
[1.413s] INFO:colcon.colcon_core.shell:Creating prefix script '/home/imtld.local/aristide.dossou-yovo/ros2_ws/install/local_setup.zsh'
[1.419s] INFO:colcon.colcon_core.shell:Creating prefix chain script '/home/imtld.local/aristide.dossou-yovo/ros2_ws/install/setup.zsh'
